[0.111s] Invoking command in '/home/ubuntu/ros2_ws/build/tutorial_interfaces': CMAKE_PREFIX_PATH=${CMAKE_PREFIX_PATH}:/opt/ros/foxy /usr/bin/cmake /home/ubuntu/ros2_ws/src/tutorial_interfaces -DCMAKE_INSTALL_PREFIX=/home/ubuntu/ros2_ws/install/tutorial_interfaces
[0.238s] -- Found ament_cmake: 0.9.8 (/opt/ros/foxy/share/ament_cmake/cmake)
[0.424s] -- Using PYTHON_EXECUTABLE: /usr/bin/python3
[1.941s] -- Found std_msgs: 2.0.4 (/opt/ros/foxy/share/std_msgs/cmake)
[2.115s] -- Using all available rosidl_typesupport_c: rosidl_typesupport_fastrtps_c;rosidl_typesupport_introspection_c
[2.150s] -- Found rosidl_adapter: 1.2.1 (/opt/ros/foxy/share/rosidl_adapter/cmake)
[3.084s] -- Using all available rosidl_typesupport_cpp: rosidl_typesupport_fastrtps_cpp;rosidl_typesupport_introspection_cpp
[3.463s] -- Found rosidl_default_generators: 1.0.1 (/opt/ros/foxy/share/rosidl_default_generators/cmake)
[3.737s] -- Found PythonInterp: /usr/bin/python3 (found version "3.8.5") 
[5.745s] CMake Error at /opt/ros/foxy/share/rosidl_adapter/cmake/rosidl_adapt_interfaces.cmake:60 (message):
[5.747s]   execute_process(/usr/bin/python3 -m rosidl_adapter --package-name
[5.748s]   tutorial_interfaces --arguments-file
[5.750s]   /home/ubuntu/ros2_ws/build/tutorial_interfaces/rosidl_adapter__arguments__tutorial_interfaces.json
[5.751s]   --output-dir
[5.752s]   /home/ubuntu/ros2_ws/build/tutorial_interfaces/rosidl_adapter/tutorial_interfaces
[5.753s]   --output-file
[5.754s]   /home/ubuntu/ros2_ws/build/tutorial_interfaces/rosidl_adapter/tutorial_interfaces.idls)
[5.755s]   returned error code 1:
[5.756s] 
[5.757s]   Error processing 'std_msgs/Header Header' of
[5.759s]   'tutorial_interfaces/Int32Stamped': ''Header' is an invalid field name.  It
[5.760s]   should have the pattern '^(?!.*__)(?!.*_$)[a-z][a-z0-9_]*$''
[5.761s] 
[5.762s]   Traceback (most recent call last):
[5.763s] 
[5.765s]     File "/usr/lib/python3.8/runpy.py", line 194, in _run_module_as_main
[5.766s]       return _run_code(code, main_globals, None,
[5.767s]     File "/usr/lib/python3.8/runpy.py", line 87, in _run_code
[5.769s]       exec(code, run_globals)
[5.770s]     File "/opt/ros/foxy/lib/python3.8/site-packages/rosidl_adapter/__main__.py", line 19, in <module>
[5.771s]       sys.exit(main())
[5.772s]     File "/opt/ros/foxy/lib/python3.8/site-packages/rosidl_adapter/main.py", line 53, in main
[5.774s]       abs_idl_file = convert_to_idl(
[5.775s]     File "/opt/ros/foxy/lib/python3.8/site-packages/rosidl_adapter/__init__.py", line 19, in convert_to_idl
[5.778s]       return convert_msg_to_idl(
[5.779s]     File "/opt/ros/foxy/lib/python3.8/site-packages/rosidl_adapter/msg/__init__.py", line 28, in convert_msg_to_idl
[5.781s]       msg = parse_message_string(package_name, input_file.stem, content)
[5.783s]     File "/opt/ros/foxy/lib/python3.8/site-packages/rosidl_adapter/parser.py", line 515, in parse_message_string
[5.785s]       fields.append(Field(
[5.787s]     File "/opt/ros/foxy/lib/python3.8/site-packages/rosidl_adapter/parser.py", line 353, in __init__
[5.789s]       raise NameError(
[5.790s] 
[5.792s]   NameError: 'Header' is an invalid field name.  It should have the pattern
[5.794s]   '^(?!.*__)(?!.*_$)[a-z][a-z0-9_]*$'
[5.795s] 
[5.797s] Call Stack (most recent call first):
[5.799s]   /opt/ros/foxy/share/rosidl_cmake/cmake/rosidl_generate_interfaces.cmake:130 (rosidl_adapt_interfaces)
[5.801s]   CMakeLists.txt:13 (rosidl_generate_interfaces)
[5.802s] 
[5.804s] 
[5.805s] -- Configuring incomplete, errors occurred!
[5.807s] See also "/home/ubuntu/ros2_ws/build/tutorial_interfaces/CMakeFiles/CMakeOutput.log".
[5.817s] Invoked command in '/home/ubuntu/ros2_ws/build/tutorial_interfaces' returned '1': CMAKE_PREFIX_PATH=${CMAKE_PREFIX_PATH}:/opt/ros/foxy /usr/bin/cmake /home/ubuntu/ros2_ws/src/tutorial_interfaces -DCMAKE_INSTALL_PREFIX=/home/ubuntu/ros2_ws/install/tutorial_interfaces
