[3.426s] Invoking command in '/home/ubuntu/ros2_ws/src/raspimouse': PYTHONPATH=/home/ubuntu/ros2_ws/install/raspimouse/lib/python3.8/site-packages:${PYTHONPATH} /usr/bin/python3 setup.py egg_info --egg-base ../../build/raspimouse build --build-base /home/ubuntu/ros2_ws/build/raspimouse/build install --prefix /home/ubuntu/ros2_ws/install/raspimouse --record /home/ubuntu/ros2_ws/build/raspimouse/install.log --single-version-externally-managed
[6.288s] running egg_info
[6.298s] writing ../../build/raspimouse/raspimouse.egg-info/PKG-INFO
[6.301s] writing dependency_links to ../../build/raspimouse/raspimouse.egg-info/dependency_links.txt
[6.306s] writing entry points to ../../build/raspimouse/raspimouse.egg-info/entry_points.txt
[6.308s] writing requirements to ../../build/raspimouse/raspimouse.egg-info/requires.txt
[6.311s] writing top-level names to ../../build/raspimouse/raspimouse.egg-info/top_level.txt
[6.795s] reading manifest file '../../build/raspimouse/raspimouse.egg-info/SOURCES.txt'
[6.807s] writing manifest file '../../build/raspimouse/raspimouse.egg-info/SOURCES.txt'
[6.810s] running build
[6.812s] running build_py
[6.819s] copying raspimouse/move.py -> /home/ubuntu/ros2_ws/build/raspimouse/build/lib/raspimouse
[6.829s] running install
[6.843s] running install_lib
[6.867s] copying /home/ubuntu/ros2_ws/build/raspimouse/build/lib/raspimouse/move.py -> /home/ubuntu/ros2_ws/install/raspimouse/lib/python3.8/site-packages/raspimouse
[6.881s] byte-compiling /home/ubuntu/ros2_ws/install/raspimouse/lib/python3.8/site-packages/raspimouse/move.py to move.cpython-38.pyc
[6.911s] running install_data
[6.922s] running install_egg_info
[6.971s] removing '/home/ubuntu/ros2_ws/install/raspimouse/lib/python3.8/site-packages/raspimouse-0.0.0-py3.8.egg-info' (and everything under it)
[6.993s] Copying ../../build/raspimouse/raspimouse.egg-info to /home/ubuntu/ros2_ws/install/raspimouse/lib/python3.8/site-packages/raspimouse-0.0.0-py3.8.egg-info
[7.028s] running install_scripts
[7.309s] Installing buzzer script to /home/ubuntu/ros2_ws/install/raspimouse/lib/raspimouse
[7.311s] Installing buzzer2_sub_node script to /home/ubuntu/ros2_ws/install/raspimouse/lib/raspimouse
[7.314s] Installing buzzer3_sub_node script to /home/ubuntu/ros2_ws/install/raspimouse/lib/raspimouse
[7.316s] Installing buzzer4_sub_node script to /home/ubuntu/ros2_ws/install/raspimouse/lib/raspimouse
[7.325s] Installing buzzer_pub_node script to /home/ubuntu/ros2_ws/install/raspimouse/lib/raspimouse
[7.326s] Installing lightsensors script to /home/ubuntu/ros2_ws/install/raspimouse/lib/raspimouse
[7.339s] Installing lightsensors_sub script to /home/ubuntu/ros2_ws/install/raspimouse/lib/raspimouse
[7.341s] Installing motors script to /home/ubuntu/ros2_ws/install/raspimouse/lib/raspimouse
[7.342s] Installing motors1 script to /home/ubuntu/ros2_ws/install/raspimouse/lib/raspimouse
[7.346s] Installing motors2 script to /home/ubuntu/ros2_ws/install/raspimouse/lib/raspimouse
[7.348s] Installing move script to /home/ubuntu/ros2_ws/install/raspimouse/lib/raspimouse
[7.351s] writing list of installed files to '/home/ubuntu/ros2_ws/build/raspimouse/install.log'
[7.729s] Invoked command in '/home/ubuntu/ros2_ws/src/raspimouse' returned '0': PYTHONPATH=/home/ubuntu/ros2_ws/install/raspimouse/lib/python3.8/site-packages:${PYTHONPATH} /usr/bin/python3 setup.py egg_info --egg-base ../../build/raspimouse build --build-base /home/ubuntu/ros2_ws/build/raspimouse/build install --prefix /home/ubuntu/ros2_ws/install/raspimouse --record /home/ubuntu/ros2_ws/build/raspimouse/install.log --single-version-externally-managed
