[3.169s] DEBUG:colcon:Command line arguments: ['/usr/bin/colcon', 'build', '--packages-select', 'tutorial_topic']
[3.170s] DEBUG:colcon:Parsed command line arguments: Namespace(ament_cmake_args=None, base_paths=['.'], build_base='build', catkin_cmake_args=None, catkin_skip_building_tests=False, cmake_args=None, cmake_clean_cache=False, cmake_clean_first=False, cmake_force_configure=False, cmake_target=None, cmake_target_skip_unavailable=False, continue_on_error=False, event_handlers=None, executor='parallel', ignore_user_meta=False, install_base='install', log_base=None, log_level=None, main=<bound method BuildVerb.main of <colcon_core.verb.build.BuildVerb object at 0xffffa05212e0>>, merge_install=False, metas=['./colcon.meta'], packages_above=None, packages_above_and_dependencies=None, packages_above_depth=None, packages_end=None, packages_ignore=None, packages_ignore_regex=None, packages_select=['tutorial_topic'], packages_select_build_failed=False, packages_select_by_dep=None, packages_select_regex=None, packages_select_test_failures=False, packages_skip=None, packages_skip_build_finished=False, packages_skip_by_dep=None, packages_skip_regex=None, packages_skip_test_passed=False, packages_skip_up_to=None, packages_start=None, packages_up_to=None, packages_up_to_regex=None, parallel_workers=4, paths=None, symlink_install=False, test_result_base=None, verb_extension=<colcon_core.verb.build.BuildVerb object at 0xffffa05212e0>, verb_name='build', verb_parser=<colcon_defaults.argument_parser.defaults.DefaultArgumentsDecorator object at 0xffffa0521820>)
[3.254s] Level 1:colcon.colcon_core.package_discovery:discover_packages(colcon_meta) check parameters
[3.255s] Level 1:colcon.colcon_core.package_discovery:discover_packages(recursive) check parameters
[3.256s] Level 1:colcon.colcon_core.package_discovery:discover_packages(ignore) check parameters
[3.256s] Level 1:colcon.colcon_core.package_discovery:discover_packages(path) check parameters
[3.256s] Level 1:colcon.colcon_core.package_discovery:discover_packages(colcon_meta) discover
[3.257s] Level 1:colcon.colcon_core.package_discovery:discover_packages(recursive) discover
[3.258s] INFO:colcon.colcon_core.package_discovery:Crawling recursively for packages in '/home/ubuntu/ros2_ws'
[3.259s] Level 1:colcon.colcon_core.package_identification:_identify(.) by extensions ['ignore', 'ignore_ament_install']
[3.260s] Level 1:colcon.colcon_core.package_identification:_identify(.) by extension 'ignore'
[3.260s] Level 1:colcon.colcon_core.package_identification:_identify(.) by extension 'ignore_ament_install'
[3.261s] Level 1:colcon.colcon_core.package_identification:_identify(.) by extensions ['colcon_pkg']
[3.261s] Level 1:colcon.colcon_core.package_identification:_identify(.) by extension 'colcon_pkg'
[3.261s] Level 1:colcon.colcon_core.package_identification:_identify(.) by extensions ['colcon_meta']
[3.262s] Level 1:colcon.colcon_core.package_identification:_identify(.) by extension 'colcon_meta'
[3.262s] Level 1:colcon.colcon_core.package_identification:_identify(.) by extensions ['ros']
[3.262s] Level 1:colcon.colcon_core.package_identification:_identify(.) by extension 'ros'
[3.407s] Level 1:colcon.colcon_core.package_identification:_identify(.) by extensions ['cmake', 'python']
[3.408s] Level 1:colcon.colcon_core.package_identification:_identify(.) by extension 'cmake'
[3.408s] Level 1:colcon.colcon_core.package_identification:_identify(.) by extension 'python'
[3.408s] Level 1:colcon.colcon_core.package_identification:_identify(.) by extensions ['python_setup_py']
[3.409s] Level 1:colcon.colcon_core.package_identification:_identify(.) by extension 'python_setup_py'
[3.410s] Level 1:colcon.colcon_core.package_identification:_identify(build) by extensions ['ignore', 'ignore_ament_install']
[3.411s] Level 1:colcon.colcon_core.package_identification:_identify(build) by extension 'ignore'
[3.411s] Level 1:colcon.colcon_core.package_identification:_identify(build) ignored
[3.412s] Level 1:colcon.colcon_core.package_identification:_identify(install) by extensions ['ignore', 'ignore_ament_install']
[3.413s] Level 1:colcon.colcon_core.package_identification:_identify(install) by extension 'ignore'
[3.414s] Level 1:colcon.colcon_core.package_identification:_identify(install) ignored
[3.415s] Level 1:colcon.colcon_core.package_identification:_identify(log) by extensions ['ignore', 'ignore_ament_install']
[3.416s] Level 1:colcon.colcon_core.package_identification:_identify(log) by extension 'ignore'
[3.416s] Level 1:colcon.colcon_core.package_identification:_identify(log) ignored
[3.418s] Level 1:colcon.colcon_core.package_identification:_identify(src) by extensions ['ignore', 'ignore_ament_install']
[3.419s] Level 1:colcon.colcon_core.package_identification:_identify(src) by extension 'ignore'
[3.420s] Level 1:colcon.colcon_core.package_identification:_identify(src) by extension 'ignore_ament_install'
[3.420s] Level 1:colcon.colcon_core.package_identification:_identify(src) by extensions ['colcon_pkg']
[3.421s] Level 1:colcon.colcon_core.package_identification:_identify(src) by extension 'colcon_pkg'
[3.421s] Level 1:colcon.colcon_core.package_identification:_identify(src) by extensions ['colcon_meta']
[3.421s] Level 1:colcon.colcon_core.package_identification:_identify(src) by extension 'colcon_meta'
[3.422s] Level 1:colcon.colcon_core.package_identification:_identify(src) by extensions ['ros']
[3.422s] Level 1:colcon.colcon_core.package_identification:_identify(src) by extension 'ros'
[3.423s] Level 1:colcon.colcon_core.package_identification:_identify(src) by extensions ['cmake', 'python']
[3.423s] Level 1:colcon.colcon_core.package_identification:_identify(src) by extension 'cmake'
[3.424s] Level 1:colcon.colcon_core.package_identification:_identify(src) by extension 'python'
[3.424s] Level 1:colcon.colcon_core.package_identification:_identify(src) by extensions ['python_setup_py']
[3.424s] Level 1:colcon.colcon_core.package_identification:_identify(src) by extension 'python_setup_py'
[3.427s] Level 1:colcon.colcon_core.package_identification:_identify(src/tutorial_interfaces) by extensions ['ignore', 'ignore_ament_install']
[3.428s] Level 1:colcon.colcon_core.package_identification:_identify(src/tutorial_interfaces) by extension 'ignore'
[3.428s] Level 1:colcon.colcon_core.package_identification:_identify(src/tutorial_interfaces) by extension 'ignore_ament_install'
[3.429s] Level 1:colcon.colcon_core.package_identification:_identify(src/tutorial_interfaces) by extensions ['colcon_pkg']
[3.429s] Level 1:colcon.colcon_core.package_identification:_identify(src/tutorial_interfaces) by extension 'colcon_pkg'
[3.430s] Level 1:colcon.colcon_core.package_identification:_identify(src/tutorial_interfaces) by extensions ['colcon_meta']
[3.430s] Level 1:colcon.colcon_core.package_identification:_identify(src/tutorial_interfaces) by extension 'colcon_meta'
[3.430s] Level 1:colcon.colcon_core.package_identification:_identify(src/tutorial_interfaces) by extensions ['ros']
[3.431s] Level 1:colcon.colcon_core.package_identification:_identify(src/tutorial_interfaces) by extension 'ros'
[3.457s] DEBUG:colcon.colcon_core.package_identification:Package 'src/tutorial_interfaces' with type 'ros.ament_cmake' and name 'tutorial_interfaces'
[3.460s] Level 1:colcon.colcon_core.package_identification:_identify(src/tutorial_package) by extensions ['ignore', 'ignore_ament_install']
[3.461s] Level 1:colcon.colcon_core.package_identification:_identify(src/tutorial_package) by extension 'ignore'
[3.462s] Level 1:colcon.colcon_core.package_identification:_identify(src/tutorial_package) by extension 'ignore_ament_install'
[3.462s] Level 1:colcon.colcon_core.package_identification:_identify(src/tutorial_package) by extensions ['colcon_pkg']
[3.463s] Level 1:colcon.colcon_core.package_identification:_identify(src/tutorial_package) by extension 'colcon_pkg'
[3.463s] Level 1:colcon.colcon_core.package_identification:_identify(src/tutorial_package) by extensions ['colcon_meta']
[3.463s] Level 1:colcon.colcon_core.package_identification:_identify(src/tutorial_package) by extension 'colcon_meta'
[3.464s] Level 1:colcon.colcon_core.package_identification:_identify(src/tutorial_package) by extensions ['ros']
[3.464s] Level 1:colcon.colcon_core.package_identification:_identify(src/tutorial_package) by extension 'ros'
[3.471s] DEBUG:colcon.colcon_core.package_identification:Package 'src/tutorial_package' with type 'ros.ament_cmake' and name 'tutorial_package'
[3.480s] Level 1:colcon.colcon_core.package_identification:_identify(src/tutorial_topic) by extensions ['ignore', 'ignore_ament_install']
[3.481s] Level 1:colcon.colcon_core.package_identification:_identify(src/tutorial_topic) by extension 'ignore'
[3.482s] Level 1:colcon.colcon_core.package_identification:_identify(src/tutorial_topic) by extension 'ignore_ament_install'
[3.483s] Level 1:colcon.colcon_core.package_identification:_identify(src/tutorial_topic) by extensions ['colcon_pkg']
[3.483s] Level 1:colcon.colcon_core.package_identification:_identify(src/tutorial_topic) by extension 'colcon_pkg'
[3.484s] Level 1:colcon.colcon_core.package_identification:_identify(src/tutorial_topic) by extensions ['colcon_meta']
[3.484s] Level 1:colcon.colcon_core.package_identification:_identify(src/tutorial_topic) by extension 'colcon_meta'
[3.485s] Level 1:colcon.colcon_core.package_identification:_identify(src/tutorial_topic) by extensions ['ros']
[3.485s] Level 1:colcon.colcon_core.package_identification:_identify(src/tutorial_topic) by extension 'ros'
[3.496s] DEBUG:colcon.colcon_core.package_identification:Package 'src/tutorial_topic' with type 'ros.ament_cmake' and name 'tutorial_topic'
[3.497s] Level 1:colcon.colcon_core.package_discovery:discover_packages(recursive) using defaults
[3.498s] Level 1:colcon.colcon_core.package_discovery:discover_packages(ignore) discover
[3.498s] Level 1:colcon.colcon_core.package_discovery:discover_packages(ignore) using defaults
[3.498s] Level 1:colcon.colcon_core.package_discovery:discover_packages(path) discover
[3.498s] Level 1:colcon.colcon_core.package_discovery:discover_packages(path) using defaults
[3.675s] INFO:colcon.colcon_core.package_selection:Skipping not selected package 'tutorial_interfaces' in 'src/tutorial_interfaces'
[3.675s] INFO:colcon.colcon_core.package_selection:Skipping not selected package 'tutorial_package' in 'src/tutorial_package'
[3.699s] Level 5:colcon.colcon_core.verb:set package 'tutorial_topic' build argument 'cmake_args' from command line to 'None'
[3.699s] Level 5:colcon.colcon_core.verb:set package 'tutorial_topic' build argument 'cmake_target' from command line to 'None'
[3.699s] Level 5:colcon.colcon_core.verb:set package 'tutorial_topic' build argument 'cmake_target_skip_unavailable' from command line to 'False'
[3.699s] Level 5:colcon.colcon_core.verb:set package 'tutorial_topic' build argument 'cmake_clean_cache' from command line to 'False'
[3.700s] Level 5:colcon.colcon_core.verb:set package 'tutorial_topic' build argument 'cmake_clean_first' from command line to 'False'
[3.700s] Level 5:colcon.colcon_core.verb:set package 'tutorial_topic' build argument 'cmake_force_configure' from command line to 'False'
[3.700s] Level 5:colcon.colcon_core.verb:set package 'tutorial_topic' build argument 'ament_cmake_args' from command line to 'None'
[3.700s] Level 5:colcon.colcon_core.verb:set package 'tutorial_topic' build argument 'catkin_cmake_args' from command line to 'None'
[3.701s] Level 5:colcon.colcon_core.verb:set package 'tutorial_topic' build argument 'catkin_skip_building_tests' from command line to 'False'
[3.701s] DEBUG:colcon.colcon_core.verb:Building package 'tutorial_topic' with the following arguments: {'ament_cmake_args': None, 'build_base': '/home/ubuntu/ros2_ws/build/tutorial_topic', 'catkin_cmake_args': None, 'catkin_skip_building_tests': False, 'cmake_args': None, 'cmake_clean_cache': False, 'cmake_clean_first': False, 'cmake_force_configure': False, 'cmake_target': None, 'cmake_target_skip_unavailable': False, 'install_base': '/home/ubuntu/ros2_ws/install/tutorial_topic', 'merge_install': False, 'path': '/home/ubuntu/ros2_ws/src/tutorial_topic', 'symlink_install': False, 'test_result_base': None}
[3.703s] INFO:colcon.colcon_core.executor:Executing jobs using 'parallel' executor
[3.718s] DEBUG:colcon.colcon_parallel_executor.executor.parallel:run_until_complete
[3.720s] INFO:colcon.colcon_ros.task.ament_cmake.build:Building ROS package in '/home/ubuntu/ros2_ws/src/tutorial_topic' with build type 'ament_cmake'
[3.722s] INFO:colcon.colcon_cmake.task.cmake.build:Building CMake package in '/home/ubuntu/ros2_ws/src/tutorial_topic'
[3.775s] INFO:colcon.colcon_core.plugin_system:Skipping extension 'colcon_core.shell.bat': Not used on non-Windows systems
[3.777s] INFO:colcon.colcon_core.shell:Skip shell extension 'powershell' for command environment: Not usable outside of PowerShell
[3.778s] DEBUG:colcon.colcon_core.shell:Skip shell extension 'dsv' for command environment
[3.812s] DEBUG:colcon.colcon_core.shell:Ignoring prefix path '/opt/ros/foxy'
[4.175s] DEBUG:colcon.colcon_core.event_handler.log_command:Invoking command in '/home/ubuntu/ros2_ws/build/tutorial_topic': CMAKE_PREFIX_PATH=/home/ubuntu/ros2_ws/install/tutorial_interfaces:/home/ubuntu/ros2_ws/install/tutorial_topic:/home/ubuntu/ros2_ws/install/tutorial_package:/opt/ros/foxy /usr/bin/cmake --build /home/ubuntu/ros2_ws/build/tutorial_topic -- -j4 -l4
[412.114s] DEBUG:colcon.colcon_parallel_executor.executor.parallel:run_until_complete was interrupted
[412.175s] DEBUG:colcon.colcon_parallel_executor.executor.parallel:run_until_complete again
[412.267s] DEBUG:colcon.colcon_core.event_handler.log_command:Invoked command in '/home/ubuntu/ros2_ws/build/tutorial_topic' returned '-2': CMAKE_PREFIX_PATH=/home/ubuntu/ros2_ws/install/tutorial_interfaces:/home/ubuntu/ros2_ws/install/tutorial_topic:/home/ubuntu/ros2_ws/install/tutorial_package:/opt/ros/foxy /usr/bin/cmake --build /home/ubuntu/ros2_ws/build/tutorial_topic -- -j4 -l4
[415.435s] Level 1:colcon.colcon_core.environment:create_environment_scripts_only(tutorial_topic)
[415.554s] Level 1:colcon.colcon_core.environment:checking '/home/ubuntu/ros2_ws/install/tutorial_topic' for CMake module files
[415.567s] Level 1:colcon.colcon_core.environment:checking '/home/ubuntu/ros2_ws/install/tutorial_topic' for CMake config files
[415.569s] Level 1:colcon.colcon_core.shell:create_environment_hook('tutorial_topic', 'cmake_prefix_path')
[415.573s] INFO:colcon.colcon_core.shell:Creating environment hook '/home/ubuntu/ros2_ws/install/tutorial_topic/share/tutorial_topic/hook/cmake_prefix_path.ps1'
[415.592s] INFO:colcon.colcon_core.shell:Creating environment descriptor '/home/ubuntu/ros2_ws/install/tutorial_topic/share/tutorial_topic/hook/cmake_prefix_path.dsv'
[415.607s] INFO:colcon.colcon_core.shell:Creating environment hook '/home/ubuntu/ros2_ws/install/tutorial_topic/share/tutorial_topic/hook/cmake_prefix_path.sh'
[415.617s] Level 1:colcon.colcon_core.environment:checking '/home/ubuntu/ros2_ws/install/tutorial_topic/lib'
[415.619s] Level 1:colcon.colcon_core.environment:checking '/home/ubuntu/ros2_ws/install/tutorial_topic/bin'
[415.620s] Level 1:colcon.colcon_core.environment:checking '/home/ubuntu/ros2_ws/install/tutorial_topic/lib/pkgconfig/tutorial_topic.pc'
[415.621s] Level 1:colcon.colcon_core.environment:checking '/home/ubuntu/ros2_ws/install/tutorial_topic/lib/python3.8/site-packages'
[415.626s] INFO:colcon.colcon_core.shell:Creating package script '/home/ubuntu/ros2_ws/install/tutorial_topic/share/tutorial_topic/package.ps1'
[415.635s] INFO:colcon.colcon_core.shell:Creating package descriptor '/home/ubuntu/ros2_ws/install/tutorial_topic/share/tutorial_topic/package.dsv'
[415.642s] INFO:colcon.colcon_core.shell:Creating package script '/home/ubuntu/ros2_ws/install/tutorial_topic/share/tutorial_topic/package.sh'
[415.652s] INFO:colcon.colcon_core.shell:Creating package script '/home/ubuntu/ros2_ws/install/tutorial_topic/share/tutorial_topic/package.bash'
[415.665s] INFO:colcon.colcon_core.shell:Creating package script '/home/ubuntu/ros2_ws/install/tutorial_topic/share/tutorial_topic/package.zsh'
[415.677s] Level 1:colcon.colcon_core.environment:create_file_with_runtime_dependencies(/home/ubuntu/ros2_ws/install/tutorial_topic/share/colcon-core/packages/tutorial_topic)
[415.695s] DEBUG:colcon.colcon_parallel_executor.executor.parallel:run_until_complete finished
[415.696s] DEBUG:colcon.colcon_parallel_executor.executor.parallel:closing loop
[415.697s] DEBUG:colcon.colcon_parallel_executor.executor.parallel:loop closed
[415.698s] DEBUG:colcon.colcon_core.event_reactor:joining thread
[415.860s] INFO:colcon.colcon_core.plugin_system:Skipping extension 'colcon_notification.desktop_notification.notify_send': Could not find 'notify-send'
[415.861s] INFO:colcon.colcon_core.plugin_system:Skipping extension 'colcon_notification.desktop_notification.terminal_notifier': Not used on non-Darwin systems
[415.862s] INFO:colcon.colcon_core.plugin_system:Skipping extension 'colcon_notification.desktop_notification.win32': Not used on non-Windows systems
[415.863s] INFO:colcon.colcon_notification.desktop_notification:Sending desktop notification using 'notify2'
[416.165s] DEBUG:colcon.colcon_notification.desktop_notification.notify2:Failed to initialize notify2: org.freedesktop.DBus.Error.ServiceUnknown: The name org.freedesktop.Notifications was not provided by any .service files
[416.166s] DEBUG:colcon.colcon_core.event_reactor:joined thread
[416.170s] INFO:colcon.colcon_core.shell:Creating prefix script '/home/ubuntu/ros2_ws/install/local_setup.ps1'
[416.186s] INFO:colcon.colcon_core.shell:Creating prefix util module '/home/ubuntu/ros2_ws/install/_local_setup_util_ps1.py'
[416.204s] INFO:colcon.colcon_core.shell:Creating prefix chain script '/home/ubuntu/ros2_ws/install/setup.ps1'
[416.237s] INFO:colcon.colcon_core.shell:Creating prefix script '/home/ubuntu/ros2_ws/install/local_setup.sh'
[416.497s] INFO:colcon.colcon_core.shell:Creating prefix util module '/home/ubuntu/ros2_ws/install/_local_setup_util_sh.py'
[416.502s] INFO:colcon.colcon_core.shell:Creating prefix chain script '/home/ubuntu/ros2_ws/install/setup.sh'
[416.536s] INFO:colcon.colcon_core.shell:Creating prefix script '/home/ubuntu/ros2_ws/install/local_setup.bash'
[416.543s] INFO:colcon.colcon_core.shell:Creating prefix chain script '/home/ubuntu/ros2_ws/install/setup.bash'
[416.564s] INFO:colcon.colcon_core.shell:Creating prefix script '/home/ubuntu/ros2_ws/install/local_setup.zsh'
[416.571s] INFO:colcon.colcon_core.shell:Creating prefix chain script '/home/ubuntu/ros2_ws/install/setup.zsh'
