[3.367s] DEBUG:colcon:Command line arguments: ['/usr/bin/colcon', 'build']
[3.368s] DEBUG:colcon:Parsed command line arguments: Namespace(ament_cmake_args=None, base_paths=['.'], build_base='build', catkin_cmake_args=None, catkin_skip_building_tests=False, cmake_args=None, cmake_clean_cache=False, cmake_clean_first=False, cmake_force_configure=False, cmake_target=None, cmake_target_skip_unavailable=False, continue_on_error=False, event_handlers=None, executor='parallel', ignore_user_meta=False, install_base='install', log_base=None, log_level=None, main=<bound method BuildVerb.main of <colcon_core.verb.build.BuildVerb object at 0xffff95b6a820>>, merge_install=False, metas=['./colcon.meta'], packages_above=None, packages_above_and_dependencies=None, packages_above_depth=None, packages_end=None, packages_ignore=None, packages_ignore_regex=None, packages_select=None, packages_select_build_failed=False, packages_select_by_dep=None, packages_select_regex=None, packages_select_test_failures=False, packages_skip=None, packages_skip_build_finished=False, packages_skip_by_dep=None, packages_skip_regex=None, packages_skip_test_passed=False, packages_skip_up_to=None, packages_start=None, packages_up_to=None, packages_up_to_regex=None, parallel_workers=4, paths=None, symlink_install=False, test_result_base=None, verb_extension=<colcon_core.verb.build.BuildVerb object at 0xffff95b6a820>, verb_name='build', verb_parser=<colcon_defaults.argument_parser.defaults.DefaultArgumentsDecorator object at 0xffff95b6ad90>)
[3.452s] Level 1:colcon.colcon_core.package_discovery:discover_packages(colcon_meta) check parameters
[3.453s] Level 1:colcon.colcon_core.package_discovery:discover_packages(recursive) check parameters
[3.453s] Level 1:colcon.colcon_core.package_discovery:discover_packages(ignore) check parameters
[3.454s] Level 1:colcon.colcon_core.package_discovery:discover_packages(path) check parameters
[3.454s] Level 1:colcon.colcon_core.package_discovery:discover_packages(colcon_meta) discover
[3.454s] Level 1:colcon.colcon_core.package_discovery:discover_packages(recursive) discover
[3.455s] INFO:colcon.colcon_core.package_discovery:Crawling recursively for packages in '/home/ubuntu/ros2_ws'
[3.456s] Level 1:colcon.colcon_core.package_identification:_identify(.) by extensions ['ignore', 'ignore_ament_install']
[3.457s] Level 1:colcon.colcon_core.package_identification:_identify(.) by extension 'ignore'
[3.457s] Level 1:colcon.colcon_core.package_identification:_identify(.) by extension 'ignore_ament_install'
[3.458s] Level 1:colcon.colcon_core.package_identification:_identify(.) by extensions ['colcon_pkg']
[3.458s] Level 1:colcon.colcon_core.package_identification:_identify(.) by extension 'colcon_pkg'
[3.459s] Level 1:colcon.colcon_core.package_identification:_identify(.) by extensions ['colcon_meta']
[3.459s] Level 1:colcon.colcon_core.package_identification:_identify(.) by extension 'colcon_meta'
[3.459s] Level 1:colcon.colcon_core.package_identification:_identify(.) by extensions ['ros']
[3.460s] Level 1:colcon.colcon_core.package_identification:_identify(.) by extension 'ros'
[3.606s] Level 1:colcon.colcon_core.package_identification:_identify(.) by extensions ['cmake', 'python']
[3.606s] Level 1:colcon.colcon_core.package_identification:_identify(.) by extension 'cmake'
[3.607s] Level 1:colcon.colcon_core.package_identification:_identify(.) by extension 'python'
[3.607s] Level 1:colcon.colcon_core.package_identification:_identify(.) by extensions ['python_setup_py']
[3.608s] Level 1:colcon.colcon_core.package_identification:_identify(.) by extension 'python_setup_py'
[3.609s] Level 1:colcon.colcon_core.package_identification:_identify(build) by extensions ['ignore', 'ignore_ament_install']
[3.610s] Level 1:colcon.colcon_core.package_identification:_identify(build) by extension 'ignore'
[3.610s] Level 1:colcon.colcon_core.package_identification:_identify(build) ignored
[3.611s] Level 1:colcon.colcon_core.package_identification:_identify(install) by extensions ['ignore', 'ignore_ament_install']
[3.612s] Level 1:colcon.colcon_core.package_identification:_identify(install) by extension 'ignore'
[3.613s] Level 1:colcon.colcon_core.package_identification:_identify(install) ignored
[3.619s] Level 1:colcon.colcon_core.package_identification:_identify(log) by extensions ['ignore', 'ignore_ament_install']
[3.620s] Level 1:colcon.colcon_core.package_identification:_identify(log) by extension 'ignore'
[3.620s] Level 1:colcon.colcon_core.package_identification:_identify(log) ignored
[3.621s] Level 1:colcon.colcon_core.package_identification:_identify(src) by extensions ['ignore', 'ignore_ament_install']
[3.622s] Level 1:colcon.colcon_core.package_identification:_identify(src) by extension 'ignore'
[3.622s] Level 1:colcon.colcon_core.package_identification:_identify(src) by extension 'ignore_ament_install'
[3.623s] Level 1:colcon.colcon_core.package_identification:_identify(src) by extensions ['colcon_pkg']
[3.623s] Level 1:colcon.colcon_core.package_identification:_identify(src) by extension 'colcon_pkg'
[3.624s] Level 1:colcon.colcon_core.package_identification:_identify(src) by extensions ['colcon_meta']
[3.624s] Level 1:colcon.colcon_core.package_identification:_identify(src) by extension 'colcon_meta'
[3.624s] Level 1:colcon.colcon_core.package_identification:_identify(src) by extensions ['ros']
[3.625s] Level 1:colcon.colcon_core.package_identification:_identify(src) by extension 'ros'
[3.625s] Level 1:colcon.colcon_core.package_identification:_identify(src) by extensions ['cmake', 'python']
[3.626s] Level 1:colcon.colcon_core.package_identification:_identify(src) by extension 'cmake'
[3.626s] Level 1:colcon.colcon_core.package_identification:_identify(src) by extension 'python'
[3.627s] Level 1:colcon.colcon_core.package_identification:_identify(src) by extensions ['python_setup_py']
[3.627s] Level 1:colcon.colcon_core.package_identification:_identify(src) by extension 'python_setup_py'
[3.628s] Level 1:colcon.colcon_core.package_identification:_identify(src/build) by extensions ['ignore', 'ignore_ament_install']
[3.629s] Level 1:colcon.colcon_core.package_identification:_identify(src/build) by extension 'ignore'
[3.629s] Level 1:colcon.colcon_core.package_identification:_identify(src/build) ignored
[3.630s] Level 1:colcon.colcon_core.package_identification:_identify(src/install) by extensions ['ignore', 'ignore_ament_install']
[3.631s] Level 1:colcon.colcon_core.package_identification:_identify(src/install) by extension 'ignore'
[3.631s] Level 1:colcon.colcon_core.package_identification:_identify(src/install) ignored
[3.632s] Level 1:colcon.colcon_core.package_identification:_identify(src/log) by extensions ['ignore', 'ignore_ament_install']
[3.633s] Level 1:colcon.colcon_core.package_identification:_identify(src/log) by extension 'ignore'
[3.633s] Level 1:colcon.colcon_core.package_identification:_identify(src/log) ignored
[3.634s] Level 1:colcon.colcon_core.package_identification:_identify(src/raspimouse) by extensions ['ignore', 'ignore_ament_install']
[3.635s] Level 1:colcon.colcon_core.package_identification:_identify(src/raspimouse) by extension 'ignore'
[3.636s] Level 1:colcon.colcon_core.package_identification:_identify(src/raspimouse) by extension 'ignore_ament_install'
[3.636s] Level 1:colcon.colcon_core.package_identification:_identify(src/raspimouse) by extensions ['colcon_pkg']
[3.636s] Level 1:colcon.colcon_core.package_identification:_identify(src/raspimouse) by extension 'colcon_pkg'
[3.637s] Level 1:colcon.colcon_core.package_identification:_identify(src/raspimouse) by extensions ['colcon_meta']
[3.637s] Level 1:colcon.colcon_core.package_identification:_identify(src/raspimouse) by extension 'colcon_meta'
[3.638s] Level 1:colcon.colcon_core.package_identification:_identify(src/raspimouse) by extensions ['ros']
[3.638s] Level 1:colcon.colcon_core.package_identification:_identify(src/raspimouse) by extension 'ros'
[3.665s] DEBUG:colcon.colcon_core.package_identification:Package 'src/raspimouse' with type 'ros.ament_python' and name 'raspimouse_ros2'
[3.667s] Level 1:colcon.colcon_core.package_identification:_identify(src/raspimouse_msgs) by extensions ['ignore', 'ignore_ament_install']
[3.667s] Level 1:colcon.colcon_core.package_identification:_identify(src/raspimouse_msgs) by extension 'ignore'
[3.668s] Level 1:colcon.colcon_core.package_identification:_identify(src/raspimouse_msgs) by extension 'ignore_ament_install'
[3.669s] Level 1:colcon.colcon_core.package_identification:_identify(src/raspimouse_msgs) by extensions ['colcon_pkg']
[3.669s] Level 1:colcon.colcon_core.package_identification:_identify(src/raspimouse_msgs) by extension 'colcon_pkg'
[3.669s] Level 1:colcon.colcon_core.package_identification:_identify(src/raspimouse_msgs) by extensions ['colcon_meta']
[3.669s] Level 1:colcon.colcon_core.package_identification:_identify(src/raspimouse_msgs) by extension 'colcon_meta'
[3.670s] Level 1:colcon.colcon_core.package_identification:_identify(src/raspimouse_msgs) by extensions ['ros']
[3.670s] Level 1:colcon.colcon_core.package_identification:_identify(src/raspimouse_msgs) by extension 'ros'
[3.677s] DEBUG:colcon.colcon_core.package_identification:Package 'src/raspimouse_msgs' with type 'ros.ament_cmake' and name 'raspimouse_msgs'
[3.677s] Level 1:colcon.colcon_core.package_discovery:discover_packages(recursive) using defaults
[3.678s] Level 1:colcon.colcon_core.package_discovery:discover_packages(ignore) discover
[3.678s] Level 1:colcon.colcon_core.package_discovery:discover_packages(ignore) using defaults
[3.678s] Level 1:colcon.colcon_core.package_discovery:discover_packages(path) discover
[3.679s] Level 1:colcon.colcon_core.package_discovery:discover_packages(path) using defaults
[3.890s] Level 5:colcon.colcon_core.verb:set package 'raspimouse_msgs' build argument 'cmake_args' from command line to 'None'
[3.891s] Level 5:colcon.colcon_core.verb:set package 'raspimouse_msgs' build argument 'cmake_target' from command line to 'None'
[3.891s] Level 5:colcon.colcon_core.verb:set package 'raspimouse_msgs' build argument 'cmake_target_skip_unavailable' from command line to 'False'
[3.891s] Level 5:colcon.colcon_core.verb:set package 'raspimouse_msgs' build argument 'cmake_clean_cache' from command line to 'False'
[3.892s] Level 5:colcon.colcon_core.verb:set package 'raspimouse_msgs' build argument 'cmake_clean_first' from command line to 'False'
[3.892s] Level 5:colcon.colcon_core.verb:set package 'raspimouse_msgs' build argument 'cmake_force_configure' from command line to 'False'
[3.892s] Level 5:colcon.colcon_core.verb:set package 'raspimouse_msgs' build argument 'ament_cmake_args' from command line to 'None'
[3.892s] Level 5:colcon.colcon_core.verb:set package 'raspimouse_msgs' build argument 'catkin_cmake_args' from command line to 'None'
[3.892s] Level 5:colcon.colcon_core.verb:set package 'raspimouse_msgs' build argument 'catkin_skip_building_tests' from command line to 'False'
[3.893s] DEBUG:colcon.colcon_core.verb:Building package 'raspimouse_msgs' with the following arguments: {'ament_cmake_args': None, 'build_base': '/home/ubuntu/ros2_ws/build/raspimouse_msgs', 'catkin_cmake_args': None, 'catkin_skip_building_tests': False, 'cmake_args': None, 'cmake_clean_cache': False, 'cmake_clean_first': False, 'cmake_force_configure': False, 'cmake_target': None, 'cmake_target_skip_unavailable': False, 'install_base': '/home/ubuntu/ros2_ws/install/raspimouse_msgs', 'merge_install': False, 'path': '/home/ubuntu/ros2_ws/src/raspimouse_msgs', 'symlink_install': False, 'test_result_base': None}
[3.915s] Level 5:colcon.colcon_core.verb:set package 'raspimouse_ros2' build argument 'cmake_args' from command line to 'None'
[3.915s] Level 5:colcon.colcon_core.verb:set package 'raspimouse_ros2' build argument 'cmake_target' from command line to 'None'
[3.916s] Level 5:colcon.colcon_core.verb:set package 'raspimouse_ros2' build argument 'cmake_target_skip_unavailable' from command line to 'False'
[3.916s] Level 5:colcon.colcon_core.verb:set package 'raspimouse_ros2' build argument 'cmake_clean_cache' from command line to 'False'
[3.916s] Level 5:colcon.colcon_core.verb:set package 'raspimouse_ros2' build argument 'cmake_clean_first' from command line to 'False'
[3.916s] Level 5:colcon.colcon_core.verb:set package 'raspimouse_ros2' build argument 'cmake_force_configure' from command line to 'False'
[3.917s] Level 5:colcon.colcon_core.verb:set package 'raspimouse_ros2' build argument 'ament_cmake_args' from command line to 'None'
[3.917s] Level 5:colcon.colcon_core.verb:set package 'raspimouse_ros2' build argument 'catkin_cmake_args' from command line to 'None'
[3.917s] Level 5:colcon.colcon_core.verb:set package 'raspimouse_ros2' build argument 'catkin_skip_building_tests' from command line to 'False'
[3.917s] DEBUG:colcon.colcon_core.verb:Building package 'raspimouse_ros2' with the following arguments: {'ament_cmake_args': None, 'build_base': '/home/ubuntu/ros2_ws/build/raspimouse_ros2', 'catkin_cmake_args': None, 'catkin_skip_building_tests': False, 'cmake_args': None, 'cmake_clean_cache': False, 'cmake_clean_first': False, 'cmake_force_configure': False, 'cmake_target': None, 'cmake_target_skip_unavailable': False, 'install_base': '/home/ubuntu/ros2_ws/install/raspimouse_ros2', 'merge_install': False, 'path': '/home/ubuntu/ros2_ws/src/raspimouse', 'symlink_install': False, 'test_result_base': None}
[3.920s] INFO:colcon.colcon_core.executor:Executing jobs using 'parallel' executor
[3.935s] DEBUG:colcon.colcon_parallel_executor.executor.parallel:run_until_complete
[3.937s] INFO:colcon.colcon_ros.task.ament_cmake.build:Building ROS package in '/home/ubuntu/ros2_ws/src/raspimouse_msgs' with build type 'ament_cmake'
[3.938s] INFO:colcon.colcon_cmake.task.cmake.build:Building CMake package in '/home/ubuntu/ros2_ws/src/raspimouse_msgs'
[3.994s] INFO:colcon.colcon_core.plugin_system:Skipping extension 'colcon_core.shell.bat': Not used on non-Windows systems
[3.996s] INFO:colcon.colcon_core.shell:Skip shell extension 'powershell' for command environment: Not usable outside of PowerShell
[3.997s] DEBUG:colcon.colcon_core.shell:Skip shell extension 'dsv' for command environment
[4.035s] DEBUG:colcon.colcon_core.shell:Ignoring prefix path '/opt/ros/foxy'
[4.059s] INFO:colcon.colcon_ros.task.ament_python.build:Building ROS package in '/home/ubuntu/ros2_ws/src/raspimouse' with build type 'ament_python'
[4.061s] Level 1:colcon.colcon_core.shell:create_environment_hook('raspimouse_ros2', 'ament_prefix_path')
[4.067s] INFO:colcon.colcon_core.shell:Creating environment hook '/home/ubuntu/ros2_ws/install/raspimouse_ros2/share/raspimouse_ros2/hook/ament_prefix_path.ps1'
[4.076s] INFO:colcon.colcon_core.shell:Creating environment descriptor '/home/ubuntu/ros2_ws/install/raspimouse_ros2/share/raspimouse_ros2/hook/ament_prefix_path.dsv'
[4.082s] INFO:colcon.colcon_core.shell:Creating environment hook '/home/ubuntu/ros2_ws/install/raspimouse_ros2/share/raspimouse_ros2/hook/ament_prefix_path.sh'
[4.095s] INFO:colcon.colcon_core.shell:Skip shell extension 'powershell' for command environment: Not usable outside of PowerShell
[4.096s] DEBUG:colcon.colcon_core.shell:Skip shell extension 'dsv' for command environment
[4.116s] DEBUG:colcon.colcon_core.shell:Ignoring prefix path '/opt/ros/foxy'
[4.174s] DEBUG:colcon.colcon_core.event_handler.log_command:Invoking command in '/home/ubuntu/ros2_ws/build/raspimouse_msgs': CMAKE_PREFIX_PATH=${CMAKE_PREFIX_PATH}:/home/ubuntu/ros2_ws/install/raspimouse_ros2:/home/ubuntu/ros2_ws/install/raspimouse:/opt/ros/foxy /usr/bin/cmake --build /home/ubuntu/ros2_ws/build/raspimouse_msgs -- -j4 -l4
[6.437s] WARNING:colcon.colcon_ros.task.ament_python.build:Package 'raspimouse_ros2' doesn't explicitly install a marker in the package index (colcon-ros currently does it implicitly but that fallback will be removed in the future)
[6.439s] WARNING:colcon.colcon_ros.task.ament_python.build:Package 'raspimouse_ros2' doesn't explicitly install the 'package.xml' file (colcon-ros currently does it implicitly but that fallback will be removed in the future)
[6.442s] INFO:colcon.colcon_core.task.python.build:Building Python package in '/home/ubuntu/ros2_ws/src/raspimouse'
[6.448s] INFO:colcon.colcon_core.shell:Skip shell extension 'powershell' for command environment: Not usable outside of PowerShell
[6.449s] DEBUG:colcon.colcon_core.shell:Skip shell extension 'dsv' for command environment
[6.472s] DEBUG:colcon.colcon_core.shell:Ignoring prefix path '/opt/ros/foxy'
[6.528s] DEBUG:colcon.colcon_core.event_handler.log_command:Invoking command in '/home/ubuntu/ros2_ws/src/raspimouse': PYTHONPATH=/home/ubuntu/ros2_ws/install/raspimouse_ros2/lib/python3.8/site-packages:${PYTHONPATH} /usr/bin/python3 setup.py egg_info --egg-base ../../build/raspimouse_ros2 build --build-base /home/ubuntu/ros2_ws/build/raspimouse_ros2/build install --prefix /home/ubuntu/ros2_ws/install/raspimouse_ros2 --record /home/ubuntu/ros2_ws/build/raspimouse_ros2/install.log --single-version-externally-managed
[11.895s] DEBUG:colcon.colcon_core.event_handler.log_command:Invoked command in '/home/ubuntu/ros2_ws/src/raspimouse' returned '0': PYTHONPATH=/home/ubuntu/ros2_ws/install/raspimouse_ros2/lib/python3.8/site-packages:${PYTHONPATH} /usr/bin/python3 setup.py egg_info --egg-base ../../build/raspimouse_ros2 build --build-base /home/ubuntu/ros2_ws/build/raspimouse_ros2/build install --prefix /home/ubuntu/ros2_ws/install/raspimouse_ros2 --record /home/ubuntu/ros2_ws/build/raspimouse_ros2/install.log --single-version-externally-managed
[11.991s] Level 1:colcon.colcon_core.environment:checking '/home/ubuntu/ros2_ws/install/raspimouse_ros2' for CMake module files
[12.007s] Level 1:colcon.colcon_core.environment:checking '/home/ubuntu/ros2_ws/install/raspimouse_ros2' for CMake config files
[12.020s] Level 1:colcon.colcon_core.environment:checking '/home/ubuntu/ros2_ws/install/raspimouse_ros2/lib'
[12.023s] Level 1:colcon.colcon_core.environment:checking '/home/ubuntu/ros2_ws/install/raspimouse_ros2/bin'
[12.025s] Level 1:colcon.colcon_core.environment:checking '/home/ubuntu/ros2_ws/install/raspimouse_ros2/lib/pkgconfig/raspimouse_ros2.pc'
[12.026s] Level 1:colcon.colcon_core.environment:checking '/home/ubuntu/ros2_ws/install/raspimouse_ros2/lib/python3.8/site-packages'
[12.027s] Level 1:colcon.colcon_core.shell:create_environment_hook('raspimouse_ros2', 'pythonpath')
[12.035s] INFO:colcon.colcon_core.shell:Creating environment hook '/home/ubuntu/ros2_ws/install/raspimouse_ros2/share/raspimouse_ros2/hook/pythonpath.ps1'
[12.041s] INFO:colcon.colcon_core.shell:Creating environment descriptor '/home/ubuntu/ros2_ws/install/raspimouse_ros2/share/raspimouse_ros2/hook/pythonpath.dsv'
[12.046s] INFO:colcon.colcon_core.shell:Creating environment hook '/home/ubuntu/ros2_ws/install/raspimouse_ros2/share/raspimouse_ros2/hook/pythonpath.sh'
[12.051s] Level 1:colcon.colcon_core.environment:create_environment_scripts_only(raspimouse_ros2)
[12.059s] INFO:colcon.colcon_core.shell:Creating package script '/home/ubuntu/ros2_ws/install/raspimouse_ros2/share/raspimouse_ros2/package.ps1'
[12.083s] INFO:colcon.colcon_core.shell:Creating package descriptor '/home/ubuntu/ros2_ws/install/raspimouse_ros2/share/raspimouse_ros2/package.dsv'
[12.219s] INFO:colcon.colcon_core.shell:Creating package script '/home/ubuntu/ros2_ws/install/raspimouse_ros2/share/raspimouse_ros2/package.sh'
[12.239s] INFO:colcon.colcon_core.shell:Creating package script '/home/ubuntu/ros2_ws/install/raspimouse_ros2/share/raspimouse_ros2/package.bash'
[12.269s] INFO:colcon.colcon_core.shell:Creating package script '/home/ubuntu/ros2_ws/install/raspimouse_ros2/share/raspimouse_ros2/package.zsh'
[12.280s] Level 1:colcon.colcon_core.environment:create_file_with_runtime_dependencies(/home/ubuntu/ros2_ws/install/raspimouse_ros2/share/colcon-core/packages/raspimouse_ros2)
[87.717s] DEBUG:colcon.colcon_core.event_handler.log_command:Invoked command in '/home/ubuntu/ros2_ws/build/raspimouse_msgs' returned '0': CMAKE_PREFIX_PATH=${CMAKE_PREFIX_PATH}:/home/ubuntu/ros2_ws/install/raspimouse_ros2:/home/ubuntu/ros2_ws/install/raspimouse:/opt/ros/foxy /usr/bin/cmake --build /home/ubuntu/ros2_ws/build/raspimouse_msgs -- -j4 -l4
[89.426s] DEBUG:colcon.colcon_core.event_handler.log_command:Invoking command in '/home/ubuntu/ros2_ws/build/raspimouse_msgs': CMAKE_PREFIX_PATH=${CMAKE_PREFIX_PATH}:/home/ubuntu/ros2_ws/install/raspimouse_ros2:/home/ubuntu/ros2_ws/install/raspimouse:/opt/ros/foxy /usr/bin/cmake --install /home/ubuntu/ros2_ws/build/raspimouse_msgs
[90.628s] Level 1:colcon.colcon_core.environment:create_environment_scripts_only(raspimouse_msgs)
[90.638s] Level 1:colcon.colcon_core.environment:checking '/home/ubuntu/ros2_ws/install/raspimouse_msgs' for CMake module files
[90.642s] DEBUG:colcon.colcon_core.event_handler.log_command:Invoked command in '/home/ubuntu/ros2_ws/build/raspimouse_msgs' returned '0': CMAKE_PREFIX_PATH=${CMAKE_PREFIX_PATH}:/home/ubuntu/ros2_ws/install/raspimouse_ros2:/home/ubuntu/ros2_ws/install/raspimouse:/opt/ros/foxy /usr/bin/cmake --install /home/ubuntu/ros2_ws/build/raspimouse_msgs
[90.648s] Level 1:colcon.colcon_core.environment:checking '/home/ubuntu/ros2_ws/install/raspimouse_msgs' for CMake config files
[90.657s] Level 1:colcon.colcon_core.shell:create_environment_hook('raspimouse_msgs', 'cmake_prefix_path')
[90.661s] INFO:colcon.colcon_core.shell:Creating environment hook '/home/ubuntu/ros2_ws/install/raspimouse_msgs/share/raspimouse_msgs/hook/cmake_prefix_path.ps1'
[90.665s] INFO:colcon.colcon_core.shell:Creating environment descriptor '/home/ubuntu/ros2_ws/install/raspimouse_msgs/share/raspimouse_msgs/hook/cmake_prefix_path.dsv'
[90.668s] INFO:colcon.colcon_core.shell:Creating environment hook '/home/ubuntu/ros2_ws/install/raspimouse_msgs/share/raspimouse_msgs/hook/cmake_prefix_path.sh'
[90.672s] Level 1:colcon.colcon_core.environment:checking '/home/ubuntu/ros2_ws/install/raspimouse_msgs/lib'
[90.673s] Level 1:colcon.colcon_core.shell:create_environment_hook('raspimouse_msgs', 'ld_library_path_lib')
[90.677s] INFO:colcon.colcon_core.shell:Creating environment hook '/home/ubuntu/ros2_ws/install/raspimouse_msgs/share/raspimouse_msgs/hook/ld_library_path_lib.ps1'
[90.681s] INFO:colcon.colcon_core.shell:Creating environment descriptor '/home/ubuntu/ros2_ws/install/raspimouse_msgs/share/raspimouse_msgs/hook/ld_library_path_lib.dsv'
[90.683s] INFO:colcon.colcon_core.shell:Creating environment hook '/home/ubuntu/ros2_ws/install/raspimouse_msgs/share/raspimouse_msgs/hook/ld_library_path_lib.sh'
[90.686s] Level 1:colcon.colcon_core.environment:checking '/home/ubuntu/ros2_ws/install/raspimouse_msgs/bin'
[90.687s] Level 1:colcon.colcon_core.environment:checking '/home/ubuntu/ros2_ws/install/raspimouse_msgs/lib/pkgconfig/raspimouse_msgs.pc'
[90.688s] Level 1:colcon.colcon_core.environment:checking '/home/ubuntu/ros2_ws/install/raspimouse_msgs/lib/python3.8/site-packages'
[90.688s] Level 1:colcon.colcon_core.shell:create_environment_hook('raspimouse_msgs', 'pythonpath')
[90.692s] INFO:colcon.colcon_core.shell:Creating environment hook '/home/ubuntu/ros2_ws/install/raspimouse_msgs/share/raspimouse_msgs/hook/pythonpath.ps1'
[90.696s] INFO:colcon.colcon_core.shell:Creating environment descriptor '/home/ubuntu/ros2_ws/install/raspimouse_msgs/share/raspimouse_msgs/hook/pythonpath.dsv'
[90.698s] INFO:colcon.colcon_core.shell:Creating environment hook '/home/ubuntu/ros2_ws/install/raspimouse_msgs/share/raspimouse_msgs/hook/pythonpath.sh'
[90.708s] INFO:colcon.colcon_core.shell:Creating package script '/home/ubuntu/ros2_ws/install/raspimouse_msgs/share/raspimouse_msgs/package.ps1'
[90.712s] INFO:colcon.colcon_core.shell:Creating package descriptor '/home/ubuntu/ros2_ws/install/raspimouse_msgs/share/raspimouse_msgs/package.dsv'
[90.717s] INFO:colcon.colcon_core.shell:Creating package script '/home/ubuntu/ros2_ws/install/raspimouse_msgs/share/raspimouse_msgs/package.sh'
[90.720s] INFO:colcon.colcon_core.shell:Creating package script '/home/ubuntu/ros2_ws/install/raspimouse_msgs/share/raspimouse_msgs/package.bash'
[90.724s] INFO:colcon.colcon_core.shell:Creating package script '/home/ubuntu/ros2_ws/install/raspimouse_msgs/share/raspimouse_msgs/package.zsh'
[90.727s] Level 1:colcon.colcon_core.environment:create_file_with_runtime_dependencies(/home/ubuntu/ros2_ws/install/raspimouse_msgs/share/colcon-core/packages/raspimouse_msgs)
[92.343s] Level 1:colcon.colcon_core.environment:create_environment_scripts_only(raspimouse_msgs)
[92.350s] Level 1:colcon.colcon_core.environment:checking '/home/ubuntu/ros2_ws/install/raspimouse_msgs' for CMake module files
[92.358s] Level 1:colcon.colcon_core.environment:checking '/home/ubuntu/ros2_ws/install/raspimouse_msgs' for CMake config files
[92.365s] Level 1:colcon.colcon_core.shell:create_environment_hook('raspimouse_msgs', 'cmake_prefix_path')
[92.369s] INFO:colcon.colcon_core.shell:Creating environment hook '/home/ubuntu/ros2_ws/install/raspimouse_msgs/share/raspimouse_msgs/hook/cmake_prefix_path.ps1'
[92.373s] INFO:colcon.colcon_core.shell:Creating environment descriptor '/home/ubuntu/ros2_ws/install/raspimouse_msgs/share/raspimouse_msgs/hook/cmake_prefix_path.dsv'
[92.376s] INFO:colcon.colcon_core.shell:Creating environment hook '/home/ubuntu/ros2_ws/install/raspimouse_msgs/share/raspimouse_msgs/hook/cmake_prefix_path.sh'
[92.380s] Level 1:colcon.colcon_core.environment:checking '/home/ubuntu/ros2_ws/install/raspimouse_msgs/lib'
[92.381s] Level 1:colcon.colcon_core.shell:create_environment_hook('raspimouse_msgs', 'ld_library_path_lib')
[92.385s] INFO:colcon.colcon_core.shell:Creating environment hook '/home/ubuntu/ros2_ws/install/raspimouse_msgs/share/raspimouse_msgs/hook/ld_library_path_lib.ps1'
[92.388s] INFO:colcon.colcon_core.shell:Creating environment descriptor '/home/ubuntu/ros2_ws/install/raspimouse_msgs/share/raspimouse_msgs/hook/ld_library_path_lib.dsv'
[92.391s] INFO:colcon.colcon_core.shell:Creating environment hook '/home/ubuntu/ros2_ws/install/raspimouse_msgs/share/raspimouse_msgs/hook/ld_library_path_lib.sh'
[92.394s] Level 1:colcon.colcon_core.environment:checking '/home/ubuntu/ros2_ws/install/raspimouse_msgs/bin'
[92.395s] Level 1:colcon.colcon_core.environment:checking '/home/ubuntu/ros2_ws/install/raspimouse_msgs/lib/pkgconfig/raspimouse_msgs.pc'
[92.396s] Level 1:colcon.colcon_core.environment:checking '/home/ubuntu/ros2_ws/install/raspimouse_msgs/lib/python3.8/site-packages'
[92.396s] Level 1:colcon.colcon_core.shell:create_environment_hook('raspimouse_msgs', 'pythonpath')
[92.400s] INFO:colcon.colcon_core.shell:Creating environment hook '/home/ubuntu/ros2_ws/install/raspimouse_msgs/share/raspimouse_msgs/hook/pythonpath.ps1'
[92.403s] INFO:colcon.colcon_core.shell:Creating environment descriptor '/home/ubuntu/ros2_ws/install/raspimouse_msgs/share/raspimouse_msgs/hook/pythonpath.dsv'
[92.406s] INFO:colcon.colcon_core.shell:Creating environment hook '/home/ubuntu/ros2_ws/install/raspimouse_msgs/share/raspimouse_msgs/hook/pythonpath.sh'
[92.414s] INFO:colcon.colcon_core.shell:Creating package script '/home/ubuntu/ros2_ws/install/raspimouse_msgs/share/raspimouse_msgs/package.ps1'
[92.420s] INFO:colcon.colcon_core.shell:Creating package descriptor '/home/ubuntu/ros2_ws/install/raspimouse_msgs/share/raspimouse_msgs/package.dsv'
[92.425s] INFO:colcon.colcon_core.shell:Creating package script '/home/ubuntu/ros2_ws/install/raspimouse_msgs/share/raspimouse_msgs/package.sh'
[92.430s] INFO:colcon.colcon_core.shell:Creating package script '/home/ubuntu/ros2_ws/install/raspimouse_msgs/share/raspimouse_msgs/package.bash'
[92.433s] INFO:colcon.colcon_core.shell:Creating package script '/home/ubuntu/ros2_ws/install/raspimouse_msgs/share/raspimouse_msgs/package.zsh'
[92.437s] Level 1:colcon.colcon_core.environment:create_file_with_runtime_dependencies(/home/ubuntu/ros2_ws/install/raspimouse_msgs/share/colcon-core/packages/raspimouse_msgs)
[92.439s] DEBUG:colcon.colcon_parallel_executor.executor.parallel:closing loop
[92.441s] DEBUG:colcon.colcon_parallel_executor.executor.parallel:loop closed
[92.442s] DEBUG:colcon.colcon_parallel_executor.executor.parallel:run_until_complete finished with '0'
[92.443s] DEBUG:colcon.colcon_core.event_reactor:joining thread
[97.066s] INFO:colcon.colcon_core.plugin_system:Skipping extension 'colcon_notification.desktop_notification.notify_send': Could not find 'notify-send'
[97.067s] INFO:colcon.colcon_core.plugin_system:Skipping extension 'colcon_notification.desktop_notification.terminal_notifier': Not used on non-Darwin systems
[97.068s] INFO:colcon.colcon_core.plugin_system:Skipping extension 'colcon_notification.desktop_notification.win32': Not used on non-Windows systems
[97.068s] INFO:colcon.colcon_notification.desktop_notification:Sending desktop notification using 'notify2'
[97.137s] DEBUG:colcon.colcon_notification.desktop_notification.notify2:Failed to initialize notify2: org.freedesktop.DBus.Error.ServiceUnknown: The name org.freedesktop.Notifications was not provided by any .service files
[97.138s] DEBUG:colcon.colcon_core.event_reactor:joined thread
[97.143s] INFO:colcon.colcon_core.shell:Creating prefix script '/home/ubuntu/ros2_ws/install/local_setup.ps1'
[97.154s] INFO:colcon.colcon_core.shell:Creating prefix util module '/home/ubuntu/ros2_ws/install/_local_setup_util_ps1.py'
[97.464s] INFO:colcon.colcon_core.shell:Creating prefix chain script '/home/ubuntu/ros2_ws/install/setup.ps1'
[97.490s] INFO:colcon.colcon_core.shell:Creating prefix script '/home/ubuntu/ros2_ws/install/local_setup.sh'
[97.497s] INFO:colcon.colcon_core.shell:Creating prefix util module '/home/ubuntu/ros2_ws/install/_local_setup_util_sh.py'
[97.501s] INFO:colcon.colcon_core.shell:Creating prefix chain script '/home/ubuntu/ros2_ws/install/setup.sh'
[97.525s] INFO:colcon.colcon_core.shell:Creating prefix script '/home/ubuntu/ros2_ws/install/local_setup.bash'
[97.531s] INFO:colcon.colcon_core.shell:Creating prefix chain script '/home/ubuntu/ros2_ws/install/setup.bash'
[97.554s] INFO:colcon.colcon_core.shell:Creating prefix script '/home/ubuntu/ros2_ws/install/local_setup.zsh'
[97.560s] INFO:colcon.colcon_core.shell:Creating prefix chain script '/home/ubuntu/ros2_ws/install/setup.zsh'
