[3.129s] Invoking command in '/home/ubuntu/ros2_ws/src/raspimouse_run_corridor': AMENT_PREFIX_PATH=/home/ubuntu/ros2_ws/install/raspimouse:/home/ubuntu/ros2_ws/install/raspimouse_run_corridor:/home/ubuntu/ros2_ws/install/raspimouse_msgs:/home/ubuntu/ros2_ws/install/raspimouse_launch:/opt/ros/foxy PYTHONPATH=/home/ubuntu/ros2_ws/install/raspimouse_run_corridor/lib/python3.8/site-packages:/home/ubuntu/ros2_ws/install/raspimouse/lib/python3.8/site-packages:/home/ubuntu/ros2_ws/install/raspimouse_run_corridor/lib/python3.8/site-packages:/home/ubuntu/ros2_ws/install/raspimouse_msgs/lib/python3.8/site-packages:/opt/ros/foxy/lib/python3.8/site-packages /usr/bin/python3 setup.py egg_info --egg-base ../../build/raspimouse_run_corridor build --build-base /home/ubuntu/ros2_ws/build/raspimouse_run_corridor/build install --prefix /home/ubuntu/ros2_ws/install/raspimouse_run_corridor --record /home/ubuntu/ros2_ws/build/raspimouse_run_corridor/install.log --single-version-externally-managed
[6.828s] running egg_info
[6.833s] writing ../../build/raspimouse_run_corridor/raspimouse_run_corridor.egg-info/PKG-INFO
[6.836s] writing dependency_links to ../../build/raspimouse_run_corridor/raspimouse_run_corridor.egg-info/dependency_links.txt
[6.839s] writing entry points to ../../build/raspimouse_run_corridor/raspimouse_run_corridor.egg-info/entry_points.txt
[6.845s] writing requirements to ../../build/raspimouse_run_corridor/raspimouse_run_corridor.egg-info/requires.txt
[6.847s] writing top-level names to ../../build/raspimouse_run_corridor/raspimouse_run_corridor.egg-info/top_level.txt
[7.262s] reading manifest file '../../build/raspimouse_run_corridor/raspimouse_run_corridor.egg-info/SOURCES.txt'
[7.276s] writing manifest file '../../build/raspimouse_run_corridor/raspimouse_run_corridor.egg-info/SOURCES.txt'
[7.278s] running build
[7.280s] running build_py
[7.299s] copying raspimouse_run_corridor/wall_stop.py -> /home/ubuntu/ros2_ws/build/raspimouse_run_corridor/build/lib/raspimouse_run_corridor
[7.303s] running install
[7.324s] running install_lib
[7.356s] copying /home/ubuntu/ros2_ws/build/raspimouse_run_corridor/build/lib/raspimouse_run_corridor/wall_stop.py -> /home/ubuntu/ros2_ws/install/raspimouse_run_corridor/lib/python3.8/site-packages/raspimouse_run_corridor
[7.365s] byte-compiling /home/ubuntu/ros2_ws/install/raspimouse_run_corridor/lib/python3.8/site-packages/raspimouse_run_corridor/wall_stop.py to wall_stop.cpython-38.pyc
[7.567s] running install_data
[7.572s] running install_egg_info
[7.630s] removing '/home/ubuntu/ros2_ws/install/raspimouse_run_corridor/lib/python3.8/site-packages/raspimouse_run_corridor-0.0.1-py3.8.egg-info' (and everything under it)
[7.632s] Copying ../../build/raspimouse_run_corridor/raspimouse_run_corridor.egg-info to /home/ubuntu/ros2_ws/install/raspimouse_run_corridor/lib/python3.8/site-packages/raspimouse_run_corridor-0.0.1-py3.8.egg-info
[7.665s] running install_scripts
[7.916s] Installing wall_stop script to /home/ubuntu/ros2_ws/install/raspimouse_run_corridor/lib/raspimouse_run_corridor
[7.923s] writing list of installed files to '/home/ubuntu/ros2_ws/build/raspimouse_run_corridor/install.log'
[8.220s] Invoked command in '/home/ubuntu/ros2_ws/src/raspimouse_run_corridor' returned '0': AMENT_PREFIX_PATH=/home/ubuntu/ros2_ws/install/raspimouse:/home/ubuntu/ros2_ws/install/raspimouse_run_corridor:/home/ubuntu/ros2_ws/install/raspimouse_msgs:/home/ubuntu/ros2_ws/install/raspimouse_launch:/opt/ros/foxy PYTHONPATH=/home/ubuntu/ros2_ws/install/raspimouse_run_corridor/lib/python3.8/site-packages:/home/ubuntu/ros2_ws/install/raspimouse/lib/python3.8/site-packages:/home/ubuntu/ros2_ws/install/raspimouse_run_corridor/lib/python3.8/site-packages:/home/ubuntu/ros2_ws/install/raspimouse_msgs/lib/python3.8/site-packages:/opt/ros/foxy/lib/python3.8/site-packages /usr/bin/python3 setup.py egg_info --egg-base ../../build/raspimouse_run_corridor build --build-base /home/ubuntu/ros2_ws/build/raspimouse_run_corridor/build install --prefix /home/ubuntu/ros2_ws/install/raspimouse_run_corridor --record /home/ubuntu/ros2_ws/build/raspimouse_run_corridor/install.log --single-version-externally-managed
