[0.123s] Invoking command in '/home/ubuntu/ros2_ws/build/light_sensor_values': CMAKE_PREFIX_PATH=${CMAKE_PREFIX_PATH}:/home/ubuntu/ros2_ws/install/raspimouse:/opt/ros/foxy /usr/bin/cmake --build /home/ubuntu/ros2_ws/build/light_sensor_values -- -j4 -l4
[0.564s] [  2%] Built target light_sensor_values__cpp
[0.580s] [ 12%] Built target light_sensor_values__rosidl_generator_c
[0.781s] [ 23%] Built target light_sensor_values__rosidl_typesupport_cpp
[0.795s] [ 33%] Built target light_sensor_values__rosidl_typesupport_introspection_cpp
[0.811s] [ 43%] Built target light_sensor_values__rosidl_typesupport_introspection_c
[0.834s] [ 53%] Built target light_sensor_values__rosidl_typesupport_fastrtps_cpp
[0.983s] [ 64%] Built target light_sensor_values__rosidl_typesupport_c
[1.044s] [ 74%] Built target light_sensor_values__rosidl_typesupport_fastrtps_c
[1.207s] [ 74%] Built target light_sensor_values
[1.372s] [ 76%] Built target light_sensor_values__py
[1.576s] [ 84%] Built target light_sensor_values__python
[1.784s] [ 94%] Built target light_sensor_values__rosidl_typesupport_fastrtps_c__pyext
[1.786s] [ 94%] Built target light_sensor_values__rosidl_typesupport_introspection_c__pyext
[1.794s] [100%] Built target light_sensor_values__rosidl_typesupport_c__pyext
[1.887s] Invoked command in '/home/ubuntu/ros2_ws/build/light_sensor_values' returned '0': CMAKE_PREFIX_PATH=${CMAKE_PREFIX_PATH}:/home/ubuntu/ros2_ws/install/raspimouse:/opt/ros/foxy /usr/bin/cmake --build /home/ubuntu/ros2_ws/build/light_sensor_values -- -j4 -l4
[2.941s] Invoking command in '/home/ubuntu/ros2_ws/build/light_sensor_values': CMAKE_PREFIX_PATH=${CMAKE_PREFIX_PATH}:/home/ubuntu/ros2_ws/install/raspimouse:/opt/ros/foxy /usr/bin/cmake --install /home/ubuntu/ros2_ws/build/light_sensor_values
[3.011s] -- Install configuration: ""
[3.013s] -- Up-to-date: /home/ubuntu/ros2_ws/install/light_sensor_values/share/ament_index/resource_index/rosidl_interfaces/light_sensor_values
[3.014s] -- Up-to-date: /home/ubuntu/ros2_ws/install/light_sensor_values/include/light_sensor_values
[3.017s] -- Up-to-date: /home/ubuntu/ros2_ws/install/light_sensor_values/include/light_sensor_values/msg
[3.019s] -- Up-to-date: /home/ubuntu/ros2_ws/install/light_sensor_values/include/light_sensor_values/msg/light_sensor_values.h
[3.020s] -- Up-to-date: /home/ubuntu/ros2_ws/install/light_sensor_values/include/light_sensor_values/msg/detail
[3.022s] -- Up-to-date: /home/ubuntu/ros2_ws/install/light_sensor_values/include/light_sensor_values/msg/detail/light_sensor_values__type_support.h
[3.024s] -- Up-to-date: /home/ubuntu/ros2_ws/install/light_sensor_values/include/light_sensor_values/msg/detail/light_sensor_values__functions.h
[3.025s] -- Up-to-date: /home/ubuntu/ros2_ws/install/light_sensor_values/include/light_sensor_values/msg/detail/light_sensor_values__functions.c
[3.026s] -- Up-to-date: /home/ubuntu/ros2_ws/install/light_sensor_values/include/light_sensor_values/msg/detail/light_sensor_values__struct.h
[3.028s] -- Up-to-date: /home/ubuntu/ros2_ws/install/light_sensor_values/include/light_sensor_values/msg/rosidl_generator_c__visibility_control.h
[3.029s] -- Up-to-date: /home/ubuntu/ros2_ws/install/light_sensor_values/include/light_sensor_values/srv
[3.031s] -- Up-to-date: /home/ubuntu/ros2_ws/install/light_sensor_values/include/light_sensor_values/srv/detail
[3.033s] -- Up-to-date: /home/ubuntu/ros2_ws/install/light_sensor_values/include/light_sensor_values/srv/detail/light_sensor_values_servide__functions.c
[3.034s] -- Up-to-date: /home/ubuntu/ros2_ws/install/light_sensor_values/include/light_sensor_values/srv/detail/light_sensor_values_service__struct.h
[3.036s] -- Up-to-date: /home/ubuntu/ros2_ws/install/light_sensor_values/include/light_sensor_values/srv/detail/light_sensor_values_servide__functions.h
[3.037s] -- Up-to-date: /home/ubuntu/ros2_ws/install/light_sensor_values/include/light_sensor_values/srv/detail/light_sensor_values_service__functions.c
[3.039s] -- Up-to-date: /home/ubuntu/ros2_ws/install/light_sensor_values/include/light_sensor_values/srv/detail/light_sensor_values_service__functions.h
[3.040s] -- Up-to-date: /home/ubuntu/ros2_ws/install/light_sensor_values/include/light_sensor_values/srv/detail/light_sensor_values_servide__struct.h
[3.041s] -- Up-to-date: /home/ubuntu/ros2_ws/install/light_sensor_values/include/light_sensor_values/srv/detail/light_sensor_values_servide__type_support.h
[3.043s] -- Up-to-date: /home/ubuntu/ros2_ws/install/light_sensor_values/include/light_sensor_values/srv/detail/light_sensor_values_service__type_support.h
[3.044s] -- Up-to-date: /home/ubuntu/ros2_ws/install/light_sensor_values/include/light_sensor_values/srv/light_sensor_values_service.h
[3.046s] -- Up-to-date: /home/ubuntu/ros2_ws/install/light_sensor_values/include/light_sensor_values/srv/light_sensor_values_servide.h
[3.049s] -- Up-to-date: /home/ubuntu/ros2_ws/install/light_sensor_values/share/light_sensor_values/environment/library_path.sh
[3.050s] -- Up-to-date: /home/ubuntu/ros2_ws/install/light_sensor_values/share/light_sensor_values/environment/library_path.dsv
[3.052s] -- Up-to-date: /home/ubuntu/ros2_ws/install/light_sensor_values/lib/liblight_sensor_values__rosidl_generator_c.so
[3.053s] -- Up-to-date: /home/ubuntu/ros2_ws/install/light_sensor_values/include/light_sensor_values
[3.055s] -- Up-to-date: /home/ubuntu/ros2_ws/install/light_sensor_values/include/light_sensor_values/msg
[3.056s] -- Up-to-date: /home/ubuntu/ros2_ws/install/light_sensor_values/include/light_sensor_values/msg/detail
[3.058s] -- Up-to-date: /home/ubuntu/ros2_ws/install/light_sensor_values/include/light_sensor_values/msg/detail/light_sensor_values__rosidl_typesupport_fastrtps_c.h
[3.060s] -- Up-to-date: /home/ubuntu/ros2_ws/install/light_sensor_values/include/light_sensor_values/msg/rosidl_typesupport_fastrtps_c__visibility_control.h
[3.061s] -- Up-to-date: /home/ubuntu/ros2_ws/install/light_sensor_values/include/light_sensor_values/srv
[3.062s] -- Up-to-date: /home/ubuntu/ros2_ws/install/light_sensor_values/include/light_sensor_values/srv/detail
[3.064s] -- Up-to-date: /home/ubuntu/ros2_ws/install/light_sensor_values/include/light_sensor_values/srv/detail/light_sensor_values_servide__rosidl_typesupport_fastrtps_c.h
[3.065s] -- Up-to-date: /home/ubuntu/ros2_ws/install/light_sensor_values/include/light_sensor_values/srv/detail/light_sensor_values_service__rosidl_typesupport_fastrtps_c.h
[3.066s] -- Up-to-date: /home/ubuntu/ros2_ws/install/light_sensor_values/lib/liblight_sensor_values__rosidl_typesupport_fastrtps_c.so
[3.067s] -- Up-to-date: /home/ubuntu/ros2_ws/install/light_sensor_values/include/light_sensor_values
[3.069s] -- Up-to-date: /home/ubuntu/ros2_ws/install/light_sensor_values/include/light_sensor_values/msg
[3.070s] -- Up-to-date: /home/ubuntu/ros2_ws/install/light_sensor_values/include/light_sensor_values/msg/detail
[3.072s] -- Up-to-date: /home/ubuntu/ros2_ws/install/light_sensor_values/include/light_sensor_values/msg/detail/dds_fastrtps
[3.073s] -- Up-to-date: /home/ubuntu/ros2_ws/install/light_sensor_values/include/light_sensor_values/msg/detail/light_sensor_values__rosidl_typesupport_fastrtps_cpp.hpp
[3.075s] -- Up-to-date: /home/ubuntu/ros2_ws/install/light_sensor_values/include/light_sensor_values/msg/rosidl_typesupport_fastrtps_cpp__visibility_control.h
[3.077s] -- Up-to-date: /home/ubuntu/ros2_ws/install/light_sensor_values/include/light_sensor_values/srv
[3.079s] -- Up-to-date: /home/ubuntu/ros2_ws/install/light_sensor_values/include/light_sensor_values/srv/detail
[3.081s] -- Up-to-date: /home/ubuntu/ros2_ws/install/light_sensor_values/include/light_sensor_values/srv/detail/light_sensor_values_servide__rosidl_typesupport_fastrtps_cpp.hpp
[3.082s] -- Up-to-date: /home/ubuntu/ros2_ws/install/light_sensor_values/include/light_sensor_values/srv/detail/dds_fastrtps
[3.084s] -- Up-to-date: /home/ubuntu/ros2_ws/install/light_sensor_values/include/light_sensor_values/srv/detail/light_sensor_values_service__rosidl_typesupport_fastrtps_cpp.hpp
[3.086s] -- Up-to-date: /home/ubuntu/ros2_ws/install/light_sensor_values/lib/liblight_sensor_values__rosidl_typesupport_fastrtps_cpp.so
[3.088s] -- Up-to-date: /home/ubuntu/ros2_ws/install/light_sensor_values/include/light_sensor_values
[3.089s] -- Up-to-date: /home/ubuntu/ros2_ws/install/light_sensor_values/include/light_sensor_values/msg
[3.090s] -- Up-to-date: /home/ubuntu/ros2_ws/install/light_sensor_values/include/light_sensor_values/msg/detail
[3.091s] -- Up-to-date: /home/ubuntu/ros2_ws/install/light_sensor_values/include/light_sensor_values/msg/detail/light_sensor_values__rosidl_typesupport_introspection_c.h
[3.093s] -- Up-to-date: /home/ubuntu/ros2_ws/install/light_sensor_values/include/light_sensor_values/msg/detail/light_sensor_values__type_support.c
[3.094s] -- Up-to-date: /home/ubuntu/ros2_ws/install/light_sensor_values/include/light_sensor_values/msg/rosidl_typesupport_introspection_c__visibility_control.h
[3.095s] -- Up-to-date: /home/ubuntu/ros2_ws/install/light_sensor_values/include/light_sensor_values/srv
[3.096s] -- Up-to-date: /home/ubuntu/ros2_ws/install/light_sensor_values/include/light_sensor_values/srv/detail
[3.098s] -- Up-to-date: /home/ubuntu/ros2_ws/install/light_sensor_values/include/light_sensor_values/srv/detail/light_sensor_values_servide__rosidl_typesupport_introspection_c.h
[3.100s] -- Up-to-date: /home/ubuntu/ros2_ws/install/light_sensor_values/include/light_sensor_values/srv/detail/light_sensor_values_service__rosidl_typesupport_introspection_c.h
[3.101s] -- Up-to-date: /home/ubuntu/ros2_ws/install/light_sensor_values/include/light_sensor_values/srv/detail/light_sensor_values_service__type_support.c
[3.102s] -- Up-to-date: /home/ubuntu/ros2_ws/install/light_sensor_values/include/light_sensor_values/srv/detail/light_sensor_values_servide__type_support.c
[3.103s] -- Up-to-date: /home/ubuntu/ros2_ws/install/light_sensor_values/lib/liblight_sensor_values__rosidl_typesupport_introspection_c.so
[3.104s] -- Up-to-date: /home/ubuntu/ros2_ws/install/light_sensor_values/lib/liblight_sensor_values__rosidl_typesupport_c.so
[3.105s] -- Up-to-date: /home/ubuntu/ros2_ws/install/light_sensor_values/include/light_sensor_values
[3.106s] -- Up-to-date: /home/ubuntu/ros2_ws/install/light_sensor_values/include/light_sensor_values/msg
[3.108s] -- Up-to-date: /home/ubuntu/ros2_ws/install/light_sensor_values/include/light_sensor_values/msg/light_sensor_values.hpp
[3.109s] -- Up-to-date: /home/ubuntu/ros2_ws/install/light_sensor_values/include/light_sensor_values/msg/detail
[3.110s] -- Up-to-date: /home/ubuntu/ros2_ws/install/light_sensor_values/include/light_sensor_values/msg/detail/light_sensor_values__struct.hpp
[3.111s] -- Up-to-date: /home/ubuntu/ros2_ws/install/light_sensor_values/include/light_sensor_values/msg/detail/light_sensor_values__builder.hpp
[3.113s] -- Up-to-date: /home/ubuntu/ros2_ws/install/light_sensor_values/include/light_sensor_values/msg/detail/light_sensor_values__traits.hpp
[3.114s] -- Up-to-date: /home/ubuntu/ros2_ws/install/light_sensor_values/include/light_sensor_values/srv
[3.115s] -- Up-to-date: /home/ubuntu/ros2_ws/install/light_sensor_values/include/light_sensor_values/srv/detail
[3.116s] -- Up-to-date: /home/ubuntu/ros2_ws/install/light_sensor_values/include/light_sensor_values/srv/detail/light_sensor_values_servide__struct.hpp
[3.118s] -- Up-to-date: /home/ubuntu/ros2_ws/install/light_sensor_values/include/light_sensor_values/srv/detail/light_sensor_values_servide__builder.hpp
[3.119s] -- Up-to-date: /home/ubuntu/ros2_ws/install/light_sensor_values/include/light_sensor_values/srv/detail/light_sensor_values_servide__traits.hpp
[3.121s] -- Up-to-date: /home/ubuntu/ros2_ws/install/light_sensor_values/include/light_sensor_values/srv/detail/light_sensor_values_service__struct.hpp
[3.122s] -- Up-to-date: /home/ubuntu/ros2_ws/install/light_sensor_values/include/light_sensor_values/srv/detail/light_sensor_values_service__traits.hpp
[3.123s] -- Up-to-date: /home/ubuntu/ros2_ws/install/light_sensor_values/include/light_sensor_values/srv/detail/light_sensor_values_service__builder.hpp
[3.124s] -- Up-to-date: /home/ubuntu/ros2_ws/install/light_sensor_values/include/light_sensor_values/srv/light_sensor_values_service.hpp
[3.126s] -- Up-to-date: /home/ubuntu/ros2_ws/install/light_sensor_values/include/light_sensor_values/srv/light_sensor_values_servide.hpp
[3.127s] -- Up-to-date: /home/ubuntu/ros2_ws/install/light_sensor_values/include/light_sensor_values
[3.129s] -- Up-to-date: /home/ubuntu/ros2_ws/install/light_sensor_values/include/light_sensor_values/msg
[3.130s] -- Up-to-date: /home/ubuntu/ros2_ws/install/light_sensor_values/include/light_sensor_values/msg/detail
[3.132s] -- Up-to-date: /home/ubuntu/ros2_ws/install/light_sensor_values/include/light_sensor_values/msg/detail/light_sensor_values__rosidl_typesupport_introspection_cpp.hpp
[3.133s] -- Up-to-date: /home/ubuntu/ros2_ws/install/light_sensor_values/include/light_sensor_values/msg/detail/light_sensor_values__type_support.cpp
[3.134s] -- Up-to-date: /home/ubuntu/ros2_ws/install/light_sensor_values/include/light_sensor_values/srv
[3.135s] -- Up-to-date: /home/ubuntu/ros2_ws/install/light_sensor_values/include/light_sensor_values/srv/detail
[3.137s] -- Up-to-date: /home/ubuntu/ros2_ws/install/light_sensor_values/include/light_sensor_values/srv/detail/light_sensor_values_servide__type_support.cpp
[3.138s] -- Up-to-date: /home/ubuntu/ros2_ws/install/light_sensor_values/include/light_sensor_values/srv/detail/light_sensor_values_service__rosidl_typesupport_introspection_cpp.hpp
[3.139s] -- Up-to-date: /home/ubuntu/ros2_ws/install/light_sensor_values/include/light_sensor_values/srv/detail/light_sensor_values_service__type_support.cpp
[3.140s] -- Up-to-date: /home/ubuntu/ros2_ws/install/light_sensor_values/include/light_sensor_values/srv/detail/light_sensor_values_servide__rosidl_typesupport_introspection_cpp.hpp
[3.141s] -- Up-to-date: /home/ubuntu/ros2_ws/install/light_sensor_values/lib/liblight_sensor_values__rosidl_typesupport_introspection_cpp.so
[3.142s] -- Up-to-date: /home/ubuntu/ros2_ws/install/light_sensor_values/lib/liblight_sensor_values__rosidl_typesupport_cpp.so
[3.143s] -- Up-to-date: /home/ubuntu/ros2_ws/install/light_sensor_values/share/light_sensor_values/environment/pythonpath.sh
[3.144s] -- Up-to-date: /home/ubuntu/ros2_ws/install/light_sensor_values/share/light_sensor_values/environment/pythonpath.dsv
[3.145s] -- Up-to-date: /home/ubuntu/ros2_ws/install/light_sensor_values/lib/python3.8/site-packages/light_sensor_values/__init__.py
[3.439s] -- Up-to-date: /home/ubuntu/ros2_ws/install/light_sensor_values/lib/python3.8/site-packages/light_sensor_values/msg
[3.441s] -- Up-to-date: /home/ubuntu/ros2_ws/install/light_sensor_values/lib/python3.8/site-packages/light_sensor_values/msg/_light_sensor_values_s.c
[3.443s] -- Up-to-date: /home/ubuntu/ros2_ws/install/light_sensor_values/lib/python3.8/site-packages/light_sensor_values/msg/__init__.py
[3.444s] -- Up-to-date: /home/ubuntu/ros2_ws/install/light_sensor_values/lib/python3.8/site-packages/light_sensor_values/msg/_light_sensor_values.py
[3.446s] -- Up-to-date: /home/ubuntu/ros2_ws/install/light_sensor_values/lib/python3.8/site-packages/light_sensor_values/srv
[3.447s] -- Up-to-date: /home/ubuntu/ros2_ws/install/light_sensor_values/lib/python3.8/site-packages/light_sensor_values/srv/__init__.py
[3.448s] -- Up-to-date: /home/ubuntu/ros2_ws/install/light_sensor_values/lib/python3.8/site-packages/light_sensor_values/srv/_light_sensor_values_servide.py
[3.449s] -- Up-to-date: /home/ubuntu/ros2_ws/install/light_sensor_values/lib/python3.8/site-packages/light_sensor_values/srv/_light_sensor_values_service.py
[3.450s] -- Up-to-date: /home/ubuntu/ros2_ws/install/light_sensor_values/lib/python3.8/site-packages/light_sensor_values/srv/_light_sensor_values_servide_s.c
[3.452s] -- Up-to-date: /home/ubuntu/ros2_ws/install/light_sensor_values/lib/python3.8/site-packages/light_sensor_values/srv/_light_sensor_values_service_s.c
[3.453s] -- Up-to-date: /home/ubuntu/ros2_ws/install/light_sensor_values/lib/python3.8/site-packages/light_sensor_values/light_sensor_values_s__rosidl_typesupport_fastrtps_c.cpython-38-aarch64-linux-gnu.so
[3.455s] -- Up-to-date: /home/ubuntu/ros2_ws/install/light_sensor_values/lib/python3.8/site-packages/light_sensor_values/light_sensor_values_s__rosidl_typesupport_introspection_c.cpython-38-aarch64-linux-gnu.so
[3.461s] -- Up-to-date: /home/ubuntu/ros2_ws/install/light_sensor_values/lib/python3.8/site-packages/light_sensor_values/light_sensor_values_s__rosidl_typesupport_c.cpython-38-aarch64-linux-gnu.so
[3.466s] -- Up-to-date: /home/ubuntu/ros2_ws/install/light_sensor_values/lib/liblight_sensor_values__python.so
[3.470s] -- Up-to-date: /home/ubuntu/ros2_ws/install/light_sensor_values/share/light_sensor_values/msg/LightSensorValues.idl
[3.472s] -- Up-to-date: /home/ubuntu/ros2_ws/install/light_sensor_values/share/light_sensor_values/srv/LightSensorValuesService.idl
[3.473s] -- Up-to-date: /home/ubuntu/ros2_ws/install/light_sensor_values/share/light_sensor_values/msg/LightSensorValues.msg
[3.475s] -- Up-to-date: /home/ubuntu/ros2_ws/install/light_sensor_values/share/light_sensor_values/srv/LightSensorValuesService.srv
[3.477s] -- Up-to-date: /home/ubuntu/ros2_ws/install/light_sensor_values/share/light_sensor_values/srv/LightSensorValuesService_Request.msg
[3.479s] -- Up-to-date: /home/ubuntu/ros2_ws/install/light_sensor_values/share/light_sensor_values/srv/LightSensorValuesService_Response.msg
[3.481s] -- Up-to-date: /home/ubuntu/ros2_ws/install/light_sensor_values/share/ament_index/resource_index/package_run_dependencies/light_sensor_values
[3.482s] -- Up-to-date: /home/ubuntu/ros2_ws/install/light_sensor_values/share/ament_index/resource_index/parent_prefix_path/light_sensor_values
[3.484s] -- Up-to-date: /home/ubuntu/ros2_ws/install/light_sensor_values/share/light_sensor_values/environment/ament_prefix_path.sh
[3.485s] -- Up-to-date: /home/ubuntu/ros2_ws/install/light_sensor_values/share/light_sensor_values/environment/ament_prefix_path.dsv
[3.486s] -- Up-to-date: /home/ubuntu/ros2_ws/install/light_sensor_values/share/light_sensor_values/environment/path.sh
[3.488s] -- Up-to-date: /home/ubuntu/ros2_ws/install/light_sensor_values/share/light_sensor_values/environment/path.dsv
[3.490s] -- Up-to-date: /home/ubuntu/ros2_ws/install/light_sensor_values/share/light_sensor_values/local_setup.bash
[3.491s] -- Up-to-date: /home/ubuntu/ros2_ws/install/light_sensor_values/share/light_sensor_values/local_setup.sh
[3.493s] -- Up-to-date: /home/ubuntu/ros2_ws/install/light_sensor_values/share/light_sensor_values/local_setup.zsh
[3.494s] -- Up-to-date: /home/ubuntu/ros2_ws/install/light_sensor_values/share/light_sensor_values/local_setup.dsv
[3.496s] -- Installing: /home/ubuntu/ros2_ws/install/light_sensor_values/share/light_sensor_values/package.dsv
[3.498s] -- Up-to-date: /home/ubuntu/ros2_ws/install/light_sensor_values/share/ament_index/resource_index/packages/light_sensor_values
[3.499s] -- Up-to-date: /home/ubuntu/ros2_ws/install/light_sensor_values/share/light_sensor_values/cmake/light_sensor_values__rosidl_generator_cExport.cmake
[3.500s] -- Up-to-date: /home/ubuntu/ros2_ws/install/light_sensor_values/share/light_sensor_values/cmake/light_sensor_values__rosidl_generator_cExport-noconfig.cmake
[3.501s] -- Up-to-date: /home/ubuntu/ros2_ws/install/light_sensor_values/share/light_sensor_values/cmake/light_sensor_values__rosidl_typesupport_introspection_cExport.cmake
[3.504s] -- Up-to-date: /home/ubuntu/ros2_ws/install/light_sensor_values/share/light_sensor_values/cmake/light_sensor_values__rosidl_typesupport_introspection_cExport-noconfig.cmake
[3.505s] -- Up-to-date: /home/ubuntu/ros2_ws/install/light_sensor_values/share/light_sensor_values/cmake/light_sensor_values__rosidl_typesupport_cExport.cmake
[3.506s] -- Up-to-date: /home/ubuntu/ros2_ws/install/light_sensor_values/share/light_sensor_values/cmake/light_sensor_values__rosidl_typesupport_cExport-noconfig.cmake
[3.508s] -- Up-to-date: /home/ubuntu/ros2_ws/install/light_sensor_values/share/light_sensor_values/cmake/light_sensor_values__rosidl_generator_cppExport.cmake
[3.510s] -- Up-to-date: /home/ubuntu/ros2_ws/install/light_sensor_values/share/light_sensor_values/cmake/light_sensor_values__rosidl_typesupport_introspection_cppExport.cmake
[3.512s] -- Up-to-date: /home/ubuntu/ros2_ws/install/light_sensor_values/share/light_sensor_values/cmake/light_sensor_values__rosidl_typesupport_introspection_cppExport-noconfig.cmake
[3.513s] -- Up-to-date: /home/ubuntu/ros2_ws/install/light_sensor_values/share/light_sensor_values/cmake/light_sensor_values__rosidl_typesupport_cppExport.cmake
[3.516s] -- Up-to-date: /home/ubuntu/ros2_ws/install/light_sensor_values/share/light_sensor_values/cmake/light_sensor_values__rosidl_typesupport_cppExport-noconfig.cmake
[3.517s] -- Up-to-date: /home/ubuntu/ros2_ws/install/light_sensor_values/share/light_sensor_values/cmake/rosidl_cmake-extras.cmake
[3.519s] -- Up-to-date: /home/ubuntu/ros2_ws/install/light_sensor_values/share/light_sensor_values/cmake/ament_cmake_export_dependencies-extras.cmake
[3.521s] -- Up-to-date: /home/ubuntu/ros2_ws/install/light_sensor_values/share/light_sensor_values/cmake/ament_cmake_export_libraries-extras.cmake
[3.522s] -- Up-to-date: /home/ubuntu/ros2_ws/install/light_sensor_values/share/light_sensor_values/cmake/ament_cmake_export_targets-extras.cmake
[3.523s] -- Up-to-date: /home/ubuntu/ros2_ws/install/light_sensor_values/share/light_sensor_values/cmake/ament_cmake_export_include_directories-extras.cmake
[3.524s] -- Up-to-date: /home/ubuntu/ros2_ws/install/light_sensor_values/share/light_sensor_values/cmake/rosidl_cmake_export_typesupport_libraries-extras.cmake
[3.526s] -- Up-to-date: /home/ubuntu/ros2_ws/install/light_sensor_values/share/light_sensor_values/cmake/rosidl_cmake_export_typesupport_targets-extras.cmake
[3.527s] -- Up-to-date: /home/ubuntu/ros2_ws/install/light_sensor_values/share/light_sensor_values/cmake/light_sensor_valuesConfig.cmake
[3.528s] -- Up-to-date: /home/ubuntu/ros2_ws/install/light_sensor_values/share/light_sensor_values/cmake/light_sensor_valuesConfig-version.cmake
[3.530s] -- Up-to-date: /home/ubuntu/ros2_ws/install/light_sensor_values/share/light_sensor_values/package.xml
[3.557s] Invoked command in '/home/ubuntu/ros2_ws/build/light_sensor_values' returned '0': CMAKE_PREFIX_PATH=${CMAKE_PREFIX_PATH}:/home/ubuntu/ros2_ws/install/raspimouse:/opt/ros/foxy /usr/bin/cmake --install /home/ubuntu/ros2_ws/build/light_sensor_values
