[2.469s] Invoking command in '/home/ubuntu/ros2_ws/build/raspimouse_msgs': CMAKE_PREFIX_PATH=${CMAKE_PREFIX_PATH}:/home/ubuntu/ros2_ws/install/raspimouse:/opt/ros/foxy /usr/bin/cmake --build /home/ubuntu/ros2_ws/build/raspimouse_msgs -- -j4 -l4
[3.288s] [  1%] Built target raspimouse_msgs__cpp
[3.403s] [ 12%] Built target raspimouse_msgs__rosidl_generator_c
[4.153s] [ 23%] Built target raspimouse_msgs__rosidl_typesupport_cpp
[4.162s] [ 34%] Built target raspimouse_msgs__rosidl_typesupport_fastrtps_cpp
[4.189s] [ 45%] Built target raspimouse_msgs__rosidl_typesupport_introspection_cpp
[4.202s] [ 56%] Built target raspimouse_msgs__rosidl_typesupport_introspection_c
[4.637s] [ 67%] Built target raspimouse_msgs__rosidl_typesupport_c
[4.854s] [ 78%] Built target raspimouse_msgs__rosidl_typesupport_fastrtps_c
[5.142s] [ 78%] Built target raspimouse_msgs
[5.425s] [ 80%] Built target raspimouse_msgs__py
[5.724s] [ 89%] Built target raspimouse_msgs__python
[6.105s] [ 92%] Built target raspimouse_msgs__rosidl_typesupport_fastrtps_c__pyext
[6.144s] [ 96%] Built target raspimouse_msgs__rosidl_typesupport_c__pyext
[6.217s] [100%] Built target raspimouse_msgs__rosidl_typesupport_introspection_c__pyext
[6.361s] Invoked command in '/home/ubuntu/ros2_ws/build/raspimouse_msgs' returned '0': CMAKE_PREFIX_PATH=${CMAKE_PREFIX_PATH}:/home/ubuntu/ros2_ws/install/raspimouse:/opt/ros/foxy /usr/bin/cmake --build /home/ubuntu/ros2_ws/build/raspimouse_msgs -- -j4 -l4
[8.391s] Invoking command in '/home/ubuntu/ros2_ws/build/raspimouse_msgs': CMAKE_PREFIX_PATH=${CMAKE_PREFIX_PATH}:/home/ubuntu/ros2_ws/install/raspimouse:/opt/ros/foxy /usr/bin/cmake --install /home/ubuntu/ros2_ws/build/raspimouse_msgs
[8.477s] -- Install configuration: ""
[8.487s] -- Up-to-date: /home/ubuntu/ros2_ws/install/raspimouse_msgs/share/ament_index/resource_index/rosidl_interfaces/raspimouse_msgs
[8.490s] -- Up-to-date: /home/ubuntu/ros2_ws/install/raspimouse_msgs/include/raspimouse_msgs
[8.496s] -- Up-to-date: /home/ubuntu/ros2_ws/install/raspimouse_msgs/include/raspimouse_msgs/msg
[8.509s] -- Up-to-date: /home/ubuntu/ros2_ws/install/raspimouse_msgs/include/raspimouse_msgs/msg/motor_freqs.h
[8.511s] -- Up-to-date: /home/ubuntu/ros2_ws/install/raspimouse_msgs/include/raspimouse_msgs/msg/detail
[8.516s] -- Up-to-date: /home/ubuntu/ros2_ws/install/raspimouse_msgs/include/raspimouse_msgs/msg/detail/light_sensors__functions.c
[8.522s] -- Up-to-date: /home/ubuntu/ros2_ws/install/raspimouse_msgs/include/raspimouse_msgs/msg/detail/light_sensors__struct.h
[8.525s] -- Up-to-date: /home/ubuntu/ros2_ws/install/raspimouse_msgs/include/raspimouse_msgs/msg/detail/motor_freqs__struct.h
[8.527s] -- Up-to-date: /home/ubuntu/ros2_ws/install/raspimouse_msgs/include/raspimouse_msgs/msg/detail/motor_freqs__functions.c
[8.528s] -- Up-to-date: /home/ubuntu/ros2_ws/install/raspimouse_msgs/include/raspimouse_msgs/msg/detail/light_sensors__functions.h
[8.530s] -- Up-to-date: /home/ubuntu/ros2_ws/install/raspimouse_msgs/include/raspimouse_msgs/msg/detail/motor_freqs__type_support.h
[8.534s] -- Up-to-date: /home/ubuntu/ros2_ws/install/raspimouse_msgs/include/raspimouse_msgs/msg/detail/light_sensors__type_support.h
[8.542s] -- Up-to-date: /home/ubuntu/ros2_ws/install/raspimouse_msgs/include/raspimouse_msgs/msg/detail/motor_freqs__functions.h
[8.546s] -- Up-to-date: /home/ubuntu/ros2_ws/install/raspimouse_msgs/include/raspimouse_msgs/msg/rosidl_generator_c__visibility_control.h
[8.553s] -- Up-to-date: /home/ubuntu/ros2_ws/install/raspimouse_msgs/include/raspimouse_msgs/msg/light_sensors.h
[8.562s] -- Up-to-date: /home/ubuntu/ros2_ws/install/raspimouse_msgs/include/raspimouse_msgs/srv
[8.566s] -- Up-to-date: /home/ubuntu/ros2_ws/install/raspimouse_msgs/include/raspimouse_msgs/srv/detail
[8.568s] -- Up-to-date: /home/ubuntu/ros2_ws/install/raspimouse_msgs/include/raspimouse_msgs/srv/detail/light_sensors_service__functions.h
[8.570s] -- Up-to-date: /home/ubuntu/ros2_ws/install/raspimouse_msgs/include/raspimouse_msgs/srv/detail/light_sensors_service__type_support.h
[8.575s] -- Up-to-date: /home/ubuntu/ros2_ws/install/raspimouse_msgs/include/raspimouse_msgs/srv/detail/motor_freqs_service__struct.h
[8.578s] -- Up-to-date: /home/ubuntu/ros2_ws/install/raspimouse_msgs/include/raspimouse_msgs/srv/detail/motor_freqs_service__functions.c
[8.580s] -- Up-to-date: /home/ubuntu/ros2_ws/install/raspimouse_msgs/include/raspimouse_msgs/srv/detail/motor_freqs_service__type_support.h
[8.581s] -- Up-to-date: /home/ubuntu/ros2_ws/install/raspimouse_msgs/include/raspimouse_msgs/srv/detail/motor_freqs_service__functions.h
[8.583s] -- Up-to-date: /home/ubuntu/ros2_ws/install/raspimouse_msgs/include/raspimouse_msgs/srv/detail/light_sensors_service__struct.h
[8.585s] -- Up-to-date: /home/ubuntu/ros2_ws/install/raspimouse_msgs/include/raspimouse_msgs/srv/detail/light_sensors_service__functions.c
[8.586s] -- Up-to-date: /home/ubuntu/ros2_ws/install/raspimouse_msgs/include/raspimouse_msgs/srv/motor_freqs_service.h
[8.588s] -- Up-to-date: /home/ubuntu/ros2_ws/install/raspimouse_msgs/include/raspimouse_msgs/srv/light_sensors_service.h
[8.590s] -- Up-to-date: /home/ubuntu/ros2_ws/install/raspimouse_msgs/share/raspimouse_msgs/environment/library_path.sh
[8.592s] -- Up-to-date: /home/ubuntu/ros2_ws/install/raspimouse_msgs/share/raspimouse_msgs/environment/library_path.dsv
[8.593s] -- Up-to-date: /home/ubuntu/ros2_ws/install/raspimouse_msgs/lib/libraspimouse_msgs__rosidl_generator_c.so
[8.595s] -- Up-to-date: /home/ubuntu/ros2_ws/install/raspimouse_msgs/include/raspimouse_msgs
[8.597s] -- Up-to-date: /home/ubuntu/ros2_ws/install/raspimouse_msgs/include/raspimouse_msgs/msg
[8.599s] -- Up-to-date: /home/ubuntu/ros2_ws/install/raspimouse_msgs/include/raspimouse_msgs/msg/detail
[8.600s] -- Up-to-date: /home/ubuntu/ros2_ws/install/raspimouse_msgs/include/raspimouse_msgs/msg/detail/light_sensors__rosidl_typesupport_fastrtps_c.h
[8.603s] -- Up-to-date: /home/ubuntu/ros2_ws/install/raspimouse_msgs/include/raspimouse_msgs/msg/detail/motor_freqs__rosidl_typesupport_fastrtps_c.h
[8.606s] -- Up-to-date: /home/ubuntu/ros2_ws/install/raspimouse_msgs/include/raspimouse_msgs/msg/rosidl_typesupport_fastrtps_c__visibility_control.h
[8.609s] -- Up-to-date: /home/ubuntu/ros2_ws/install/raspimouse_msgs/include/raspimouse_msgs/srv
[8.611s] -- Up-to-date: /home/ubuntu/ros2_ws/install/raspimouse_msgs/include/raspimouse_msgs/srv/detail
[8.613s] -- Up-to-date: /home/ubuntu/ros2_ws/install/raspimouse_msgs/include/raspimouse_msgs/srv/detail/motor_freqs_service__rosidl_typesupport_fastrtps_c.h
[8.615s] -- Up-to-date: /home/ubuntu/ros2_ws/install/raspimouse_msgs/include/raspimouse_msgs/srv/detail/light_sensors_service__rosidl_typesupport_fastrtps_c.h
[8.616s] -- Up-to-date: /home/ubuntu/ros2_ws/install/raspimouse_msgs/lib/libraspimouse_msgs__rosidl_typesupport_fastrtps_c.so
[8.618s] -- Up-to-date: /home/ubuntu/ros2_ws/install/raspimouse_msgs/include/raspimouse_msgs
[8.620s] -- Up-to-date: /home/ubuntu/ros2_ws/install/raspimouse_msgs/include/raspimouse_msgs/msg
[8.621s] -- Up-to-date: /home/ubuntu/ros2_ws/install/raspimouse_msgs/include/raspimouse_msgs/msg/detail
[8.623s] -- Up-to-date: /home/ubuntu/ros2_ws/install/raspimouse_msgs/include/raspimouse_msgs/msg/detail/light_sensors__rosidl_typesupport_fastrtps_cpp.hpp
[8.625s] -- Up-to-date: /home/ubuntu/ros2_ws/install/raspimouse_msgs/include/raspimouse_msgs/msg/detail/dds_fastrtps
[8.626s] -- Up-to-date: /home/ubuntu/ros2_ws/install/raspimouse_msgs/include/raspimouse_msgs/msg/detail/motor_freqs__rosidl_typesupport_fastrtps_cpp.hpp
[8.627s] -- Up-to-date: /home/ubuntu/ros2_ws/install/raspimouse_msgs/include/raspimouse_msgs/msg/rosidl_typesupport_fastrtps_cpp__visibility_control.h
[8.629s] -- Up-to-date: /home/ubuntu/ros2_ws/install/raspimouse_msgs/include/raspimouse_msgs/srv
[8.630s] -- Up-to-date: /home/ubuntu/ros2_ws/install/raspimouse_msgs/include/raspimouse_msgs/srv/detail
[8.632s] -- Up-to-date: /home/ubuntu/ros2_ws/install/raspimouse_msgs/include/raspimouse_msgs/srv/detail/dds_fastrtps
[8.633s] -- Up-to-date: /home/ubuntu/ros2_ws/install/raspimouse_msgs/include/raspimouse_msgs/srv/detail/light_sensors_service__rosidl_typesupport_fastrtps_cpp.hpp
[8.635s] -- Up-to-date: /home/ubuntu/ros2_ws/install/raspimouse_msgs/include/raspimouse_msgs/srv/detail/motor_freqs_service__rosidl_typesupport_fastrtps_cpp.hpp
[8.637s] -- Up-to-date: /home/ubuntu/ros2_ws/install/raspimouse_msgs/lib/libraspimouse_msgs__rosidl_typesupport_fastrtps_cpp.so
[8.639s] -- Up-to-date: /home/ubuntu/ros2_ws/install/raspimouse_msgs/include/raspimouse_msgs
[8.640s] -- Up-to-date: /home/ubuntu/ros2_ws/install/raspimouse_msgs/include/raspimouse_msgs/msg
[8.642s] -- Up-to-date: /home/ubuntu/ros2_ws/install/raspimouse_msgs/include/raspimouse_msgs/msg/detail
[8.644s] -- Up-to-date: /home/ubuntu/ros2_ws/install/raspimouse_msgs/include/raspimouse_msgs/msg/detail/light_sensors__type_support.c
[8.645s] -- Up-to-date: /home/ubuntu/ros2_ws/install/raspimouse_msgs/include/raspimouse_msgs/msg/detail/light_sensors__rosidl_typesupport_introspection_c.h
[8.647s] -- Up-to-date: /home/ubuntu/ros2_ws/install/raspimouse_msgs/include/raspimouse_msgs/msg/detail/motor_freqs__rosidl_typesupport_introspection_c.h
[8.651s] -- Up-to-date: /home/ubuntu/ros2_ws/install/raspimouse_msgs/include/raspimouse_msgs/msg/detail/motor_freqs__type_support.c
[8.653s] -- Up-to-date: /home/ubuntu/ros2_ws/install/raspimouse_msgs/include/raspimouse_msgs/msg/rosidl_typesupport_introspection_c__visibility_control.h
[8.655s] -- Up-to-date: /home/ubuntu/ros2_ws/install/raspimouse_msgs/include/raspimouse_msgs/srv
[8.662s] -- Up-to-date: /home/ubuntu/ros2_ws/install/raspimouse_msgs/include/raspimouse_msgs/srv/detail
[8.664s] -- Up-to-date: /home/ubuntu/ros2_ws/install/raspimouse_msgs/include/raspimouse_msgs/srv/detail/light_sensors_service__rosidl_typesupport_introspection_c.h
[8.668s] -- Up-to-date: /home/ubuntu/ros2_ws/install/raspimouse_msgs/include/raspimouse_msgs/srv/detail/motor_freqs_service__rosidl_typesupport_introspection_c.h
[8.671s] -- Up-to-date: /home/ubuntu/ros2_ws/install/raspimouse_msgs/include/raspimouse_msgs/srv/detail/motor_freqs_service__type_support.c
[8.672s] -- Up-to-date: /home/ubuntu/ros2_ws/install/raspimouse_msgs/include/raspimouse_msgs/srv/detail/light_sensors_service__type_support.c
[8.674s] -- Up-to-date: /home/ubuntu/ros2_ws/install/raspimouse_msgs/lib/libraspimouse_msgs__rosidl_typesupport_introspection_c.so
[8.677s] -- Up-to-date: /home/ubuntu/ros2_ws/install/raspimouse_msgs/lib/libraspimouse_msgs__rosidl_typesupport_c.so
[8.679s] -- Up-to-date: /home/ubuntu/ros2_ws/install/raspimouse_msgs/include/raspimouse_msgs
[8.682s] -- Up-to-date: /home/ubuntu/ros2_ws/install/raspimouse_msgs/include/raspimouse_msgs/msg
[8.684s] -- Up-to-date: /home/ubuntu/ros2_ws/install/raspimouse_msgs/include/raspimouse_msgs/msg/detail
[8.686s] -- Up-to-date: /home/ubuntu/ros2_ws/install/raspimouse_msgs/include/raspimouse_msgs/msg/detail/light_sensors__struct.hpp
[8.689s] -- Up-to-date: /home/ubuntu/ros2_ws/install/raspimouse_msgs/include/raspimouse_msgs/msg/detail/light_sensors__builder.hpp
[8.692s] -- Up-to-date: /home/ubuntu/ros2_ws/install/raspimouse_msgs/include/raspimouse_msgs/msg/detail/motor_freqs__struct.hpp
[8.694s] -- Up-to-date: /home/ubuntu/ros2_ws/install/raspimouse_msgs/include/raspimouse_msgs/msg/detail/motor_freqs__traits.hpp
[8.697s] -- Up-to-date: /home/ubuntu/ros2_ws/install/raspimouse_msgs/include/raspimouse_msgs/msg/detail/motor_freqs__builder.hpp
[8.699s] -- Up-to-date: /home/ubuntu/ros2_ws/install/raspimouse_msgs/include/raspimouse_msgs/msg/detail/light_sensors__traits.hpp
[8.701s] -- Up-to-date: /home/ubuntu/ros2_ws/install/raspimouse_msgs/include/raspimouse_msgs/msg/light_sensors.hpp
[8.702s] -- Up-to-date: /home/ubuntu/ros2_ws/install/raspimouse_msgs/include/raspimouse_msgs/msg/motor_freqs.hpp
[8.704s] -- Up-to-date: /home/ubuntu/ros2_ws/install/raspimouse_msgs/include/raspimouse_msgs/srv
[8.705s] -- Up-to-date: /home/ubuntu/ros2_ws/install/raspimouse_msgs/include/raspimouse_msgs/srv/detail
[8.708s] -- Up-to-date: /home/ubuntu/ros2_ws/install/raspimouse_msgs/include/raspimouse_msgs/srv/detail/motor_freqs_service__traits.hpp
[8.709s] -- Up-to-date: /home/ubuntu/ros2_ws/install/raspimouse_msgs/include/raspimouse_msgs/srv/detail/motor_freqs_service__struct.hpp
[8.711s] -- Up-to-date: /home/ubuntu/ros2_ws/install/raspimouse_msgs/include/raspimouse_msgs/srv/detail/light_sensors_service__struct.hpp
[8.713s] -- Up-to-date: /home/ubuntu/ros2_ws/install/raspimouse_msgs/include/raspimouse_msgs/srv/detail/light_sensors_service__builder.hpp
[8.714s] -- Up-to-date: /home/ubuntu/ros2_ws/install/raspimouse_msgs/include/raspimouse_msgs/srv/detail/light_sensors_service__traits.hpp
[8.716s] -- Up-to-date: /home/ubuntu/ros2_ws/install/raspimouse_msgs/include/raspimouse_msgs/srv/detail/motor_freqs_service__builder.hpp
[8.717s] -- Up-to-date: /home/ubuntu/ros2_ws/install/raspimouse_msgs/include/raspimouse_msgs/srv/light_sensors_service.hpp
[8.719s] -- Up-to-date: /home/ubuntu/ros2_ws/install/raspimouse_msgs/include/raspimouse_msgs/srv/motor_freqs_service.hpp
[8.721s] -- Up-to-date: /home/ubuntu/ros2_ws/install/raspimouse_msgs/include/raspimouse_msgs
[8.728s] -- Up-to-date: /home/ubuntu/ros2_ws/install/raspimouse_msgs/include/raspimouse_msgs/msg
[8.732s] -- Up-to-date: /home/ubuntu/ros2_ws/install/raspimouse_msgs/include/raspimouse_msgs/msg/detail
[8.734s] -- Up-to-date: /home/ubuntu/ros2_ws/install/raspimouse_msgs/include/raspimouse_msgs/msg/detail/motor_freqs__type_support.cpp
[8.736s] -- Up-to-date: /home/ubuntu/ros2_ws/install/raspimouse_msgs/include/raspimouse_msgs/msg/detail/light_sensors__type_support.cpp
[8.740s] -- Up-to-date: /home/ubuntu/ros2_ws/install/raspimouse_msgs/include/raspimouse_msgs/msg/detail/light_sensors__rosidl_typesupport_introspection_cpp.hpp
[8.742s] -- Up-to-date: /home/ubuntu/ros2_ws/install/raspimouse_msgs/include/raspimouse_msgs/msg/detail/motor_freqs__rosidl_typesupport_introspection_cpp.hpp
[8.743s] -- Up-to-date: /home/ubuntu/ros2_ws/install/raspimouse_msgs/include/raspimouse_msgs/srv
[8.745s] -- Up-to-date: /home/ubuntu/ros2_ws/install/raspimouse_msgs/include/raspimouse_msgs/srv/detail
[8.747s] -- Up-to-date: /home/ubuntu/ros2_ws/install/raspimouse_msgs/include/raspimouse_msgs/srv/detail/light_sensors_service__rosidl_typesupport_introspection_cpp.hpp
[8.749s] -- Up-to-date: /home/ubuntu/ros2_ws/install/raspimouse_msgs/include/raspimouse_msgs/srv/detail/motor_freqs_service__rosidl_typesupport_introspection_cpp.hpp
[8.753s] -- Up-to-date: /home/ubuntu/ros2_ws/install/raspimouse_msgs/include/raspimouse_msgs/srv/detail/motor_freqs_service__type_support.cpp
[8.762s] -- Up-to-date: /home/ubuntu/ros2_ws/install/raspimouse_msgs/include/raspimouse_msgs/srv/detail/light_sensors_service__type_support.cpp
[8.764s] -- Up-to-date: /home/ubuntu/ros2_ws/install/raspimouse_msgs/lib/libraspimouse_msgs__rosidl_typesupport_introspection_cpp.so
[8.767s] -- Up-to-date: /home/ubuntu/ros2_ws/install/raspimouse_msgs/lib/libraspimouse_msgs__rosidl_typesupport_cpp.so
[8.769s] -- Up-to-date: /home/ubuntu/ros2_ws/install/raspimouse_msgs/share/raspimouse_msgs/environment/pythonpath.sh
[8.772s] -- Up-to-date: /home/ubuntu/ros2_ws/install/raspimouse_msgs/share/raspimouse_msgs/environment/pythonpath.dsv
[8.776s] -- Up-to-date: /home/ubuntu/ros2_ws/install/raspimouse_msgs/lib/python3.8/site-packages/raspimouse_msgs/__init__.py
[8.992s] -- Up-to-date: /home/ubuntu/ros2_ws/install/raspimouse_msgs/lib/python3.8/site-packages/raspimouse_msgs/msg
[8.993s] -- Up-to-date: /home/ubuntu/ros2_ws/install/raspimouse_msgs/lib/python3.8/site-packages/raspimouse_msgs/msg/_light_sensors.py
[8.994s] -- Up-to-date: /home/ubuntu/ros2_ws/install/raspimouse_msgs/lib/python3.8/site-packages/raspimouse_msgs/msg/__init__.py
[8.995s] -- Up-to-date: /home/ubuntu/ros2_ws/install/raspimouse_msgs/lib/python3.8/site-packages/raspimouse_msgs/msg/_motor_freqs.py
[8.996s] -- Up-to-date: /home/ubuntu/ros2_ws/install/raspimouse_msgs/lib/python3.8/site-packages/raspimouse_msgs/msg/_motor_freqs_s.c
[8.999s] -- Up-to-date: /home/ubuntu/ros2_ws/install/raspimouse_msgs/lib/python3.8/site-packages/raspimouse_msgs/msg/_light_sensors_s.c
[9.001s] -- Up-to-date: /home/ubuntu/ros2_ws/install/raspimouse_msgs/lib/python3.8/site-packages/raspimouse_msgs/srv
[9.003s] -- Up-to-date: /home/ubuntu/ros2_ws/install/raspimouse_msgs/lib/python3.8/site-packages/raspimouse_msgs/srv/__init__.py
[9.005s] -- Up-to-date: /home/ubuntu/ros2_ws/install/raspimouse_msgs/lib/python3.8/site-packages/raspimouse_msgs/srv/_light_sensors_service_s.c
[9.007s] -- Up-to-date: /home/ubuntu/ros2_ws/install/raspimouse_msgs/lib/python3.8/site-packages/raspimouse_msgs/srv/_motor_freqs_service.py
[9.008s] -- Up-to-date: /home/ubuntu/ros2_ws/install/raspimouse_msgs/lib/python3.8/site-packages/raspimouse_msgs/srv/_light_sensors_service.py
[9.011s] -- Up-to-date: /home/ubuntu/ros2_ws/install/raspimouse_msgs/lib/python3.8/site-packages/raspimouse_msgs/srv/_motor_freqs_service_s.c
[9.012s] -- Up-to-date: /home/ubuntu/ros2_ws/install/raspimouse_msgs/lib/python3.8/site-packages/raspimouse_msgs/raspimouse_msgs_s__rosidl_typesupport_fastrtps_c.cpython-38-aarch64-linux-gnu.so
[9.016s] -- Up-to-date: /home/ubuntu/ros2_ws/install/raspimouse_msgs/lib/python3.8/site-packages/raspimouse_msgs/raspimouse_msgs_s__rosidl_typesupport_introspection_c.cpython-38-aarch64-linux-gnu.so
[9.020s] -- Up-to-date: /home/ubuntu/ros2_ws/install/raspimouse_msgs/lib/python3.8/site-packages/raspimouse_msgs/raspimouse_msgs_s__rosidl_typesupport_c.cpython-38-aarch64-linux-gnu.so
[9.024s] -- Up-to-date: /home/ubuntu/ros2_ws/install/raspimouse_msgs/lib/libraspimouse_msgs__python.so
[9.028s] -- Up-to-date: /home/ubuntu/ros2_ws/install/raspimouse_msgs/share/raspimouse_msgs/msg/LightSensors.idl
[9.032s] -- Up-to-date: /home/ubuntu/ros2_ws/install/raspimouse_msgs/share/raspimouse_msgs/srv/LightSensorsService.idl
[9.038s] -- Up-to-date: /home/ubuntu/ros2_ws/install/raspimouse_msgs/share/raspimouse_msgs/msg/MotorFreqs.idl
[9.042s] -- Up-to-date: /home/ubuntu/ros2_ws/install/raspimouse_msgs/share/raspimouse_msgs/srv/MotorFreqsService.idl
[9.044s] -- Up-to-date: /home/ubuntu/ros2_ws/install/raspimouse_msgs/share/raspimouse_msgs/msg/LightSensors.msg
[9.046s] -- Up-to-date: /home/ubuntu/ros2_ws/install/raspimouse_msgs/share/raspimouse_msgs/srv/LightSensorsService.srv
[9.050s] -- Up-to-date: /home/ubuntu/ros2_ws/install/raspimouse_msgs/share/raspimouse_msgs/srv/LightSensorsService_Request.msg
[9.052s] -- Up-to-date: /home/ubuntu/ros2_ws/install/raspimouse_msgs/share/raspimouse_msgs/srv/LightSensorsService_Response.msg
[9.055s] -- Up-to-date: /home/ubuntu/ros2_ws/install/raspimouse_msgs/share/raspimouse_msgs/msg/MotorFreqs.msg
[9.060s] -- Up-to-date: /home/ubuntu/ros2_ws/install/raspimouse_msgs/share/raspimouse_msgs/srv/MotorFreqsService.srv
[9.066s] -- Up-to-date: /home/ubuntu/ros2_ws/install/raspimouse_msgs/share/raspimouse_msgs/srv/MotorFreqsService_Request.msg
[9.068s] -- Up-to-date: /home/ubuntu/ros2_ws/install/raspimouse_msgs/share/raspimouse_msgs/srv/MotorFreqsService_Response.msg
[9.071s] -- Up-to-date: /home/ubuntu/ros2_ws/install/raspimouse_msgs/share/ament_index/resource_index/package_run_dependencies/raspimouse_msgs
[9.073s] -- Up-to-date: /home/ubuntu/ros2_ws/install/raspimouse_msgs/share/ament_index/resource_index/parent_prefix_path/raspimouse_msgs
[9.076s] -- Up-to-date: /home/ubuntu/ros2_ws/install/raspimouse_msgs/share/raspimouse_msgs/environment/ament_prefix_path.sh
[9.079s] -- Up-to-date: /home/ubuntu/ros2_ws/install/raspimouse_msgs/share/raspimouse_msgs/environment/ament_prefix_path.dsv
[9.081s] -- Up-to-date: /home/ubuntu/ros2_ws/install/raspimouse_msgs/share/raspimouse_msgs/environment/path.sh
[9.084s] -- Up-to-date: /home/ubuntu/ros2_ws/install/raspimouse_msgs/share/raspimouse_msgs/environment/path.dsv
[9.087s] -- Up-to-date: /home/ubuntu/ros2_ws/install/raspimouse_msgs/share/raspimouse_msgs/local_setup.bash
[9.089s] -- Up-to-date: /home/ubuntu/ros2_ws/install/raspimouse_msgs/share/raspimouse_msgs/local_setup.sh
[9.092s] -- Up-to-date: /home/ubuntu/ros2_ws/install/raspimouse_msgs/share/raspimouse_msgs/local_setup.zsh
[9.096s] -- Up-to-date: /home/ubuntu/ros2_ws/install/raspimouse_msgs/share/raspimouse_msgs/local_setup.dsv
[9.098s] -- Installing: /home/ubuntu/ros2_ws/install/raspimouse_msgs/share/raspimouse_msgs/package.dsv
[9.101s] -- Up-to-date: /home/ubuntu/ros2_ws/install/raspimouse_msgs/share/ament_index/resource_index/packages/raspimouse_msgs
[9.104s] -- Up-to-date: /home/ubuntu/ros2_ws/install/raspimouse_msgs/share/raspimouse_msgs/cmake/raspimouse_msgs__rosidl_generator_cExport.cmake
[9.106s] -- Up-to-date: /home/ubuntu/ros2_ws/install/raspimouse_msgs/share/raspimouse_msgs/cmake/raspimouse_msgs__rosidl_generator_cExport-noconfig.cmake
[9.108s] -- Up-to-date: /home/ubuntu/ros2_ws/install/raspimouse_msgs/share/raspimouse_msgs/cmake/raspimouse_msgs__rosidl_typesupport_introspection_cExport.cmake
[9.112s] -- Up-to-date: /home/ubuntu/ros2_ws/install/raspimouse_msgs/share/raspimouse_msgs/cmake/raspimouse_msgs__rosidl_typesupport_introspection_cExport-noconfig.cmake
[9.125s] -- Up-to-date: /home/ubuntu/ros2_ws/install/raspimouse_msgs/share/raspimouse_msgs/cmake/raspimouse_msgs__rosidl_typesupport_cExport.cmake
[9.134s] -- Up-to-date: /home/ubuntu/ros2_ws/install/raspimouse_msgs/share/raspimouse_msgs/cmake/raspimouse_msgs__rosidl_typesupport_cExport-noconfig.cmake
[9.136s] -- Up-to-date: /home/ubuntu/ros2_ws/install/raspimouse_msgs/share/raspimouse_msgs/cmake/raspimouse_msgs__rosidl_generator_cppExport.cmake
[9.139s] -- Up-to-date: /home/ubuntu/ros2_ws/install/raspimouse_msgs/share/raspimouse_msgs/cmake/raspimouse_msgs__rosidl_typesupport_introspection_cppExport.cmake
[9.143s] -- Up-to-date: /home/ubuntu/ros2_ws/install/raspimouse_msgs/share/raspimouse_msgs/cmake/raspimouse_msgs__rosidl_typesupport_introspection_cppExport-noconfig.cmake
[9.147s] -- Up-to-date: /home/ubuntu/ros2_ws/install/raspimouse_msgs/share/raspimouse_msgs/cmake/raspimouse_msgs__rosidl_typesupport_cppExport.cmake
[9.149s] -- Up-to-date: /home/ubuntu/ros2_ws/install/raspimouse_msgs/share/raspimouse_msgs/cmake/raspimouse_msgs__rosidl_typesupport_cppExport-noconfig.cmake
[9.151s] -- Up-to-date: /home/ubuntu/ros2_ws/install/raspimouse_msgs/share/raspimouse_msgs/cmake/rosidl_cmake-extras.cmake
[9.153s] -- Up-to-date: /home/ubuntu/ros2_ws/install/raspimouse_msgs/share/raspimouse_msgs/cmake/ament_cmake_export_dependencies-extras.cmake
[9.155s] -- Up-to-date: /home/ubuntu/ros2_ws/install/raspimouse_msgs/share/raspimouse_msgs/cmake/ament_cmake_export_libraries-extras.cmake
[9.157s] -- Up-to-date: /home/ubuntu/ros2_ws/install/raspimouse_msgs/share/raspimouse_msgs/cmake/ament_cmake_export_targets-extras.cmake
[9.160s] -- Up-to-date: /home/ubuntu/ros2_ws/install/raspimouse_msgs/share/raspimouse_msgs/cmake/ament_cmake_export_include_directories-extras.cmake
[9.162s] -- Up-to-date: /home/ubuntu/ros2_ws/install/raspimouse_msgs/share/raspimouse_msgs/cmake/rosidl_cmake_export_typesupport_libraries-extras.cmake
[9.164s] -- Up-to-date: /home/ubuntu/ros2_ws/install/raspimouse_msgs/share/raspimouse_msgs/cmake/rosidl_cmake_export_typesupport_targets-extras.cmake
[9.166s] -- Up-to-date: /home/ubuntu/ros2_ws/install/raspimouse_msgs/share/raspimouse_msgs/cmake/raspimouse_msgsConfig.cmake
[9.168s] -- Up-to-date: /home/ubuntu/ros2_ws/install/raspimouse_msgs/share/raspimouse_msgs/cmake/raspimouse_msgsConfig-version.cmake
[9.170s] -- Up-to-date: /home/ubuntu/ros2_ws/install/raspimouse_msgs/share/raspimouse_msgs/package.xml
[9.173s] Invoked command in '/home/ubuntu/ros2_ws/build/raspimouse_msgs' returned '0': CMAKE_PREFIX_PATH=${CMAKE_PREFIX_PATH}:/home/ubuntu/ros2_ws/install/raspimouse:/opt/ros/foxy /usr/bin/cmake --install /home/ubuntu/ros2_ws/build/raspimouse_msgs
