[0.107s] Invoking command in '/home/ubuntu/ros2_ws/build/tutorial_interfaces': CMAKE_PREFIX_PATH=${CMAKE_PREFIX_PATH}:/opt/ros/foxy /usr/bin/cmake /home/ubuntu/ros2_ws/src/tutorial_interfaces -DCMAKE_INSTALL_PREFIX=/home/ubuntu/ros2_ws/install/tutorial_interfaces
[0.234s] -- Found ament_cmake: 0.9.8 (/opt/ros/foxy/share/ament_cmake/cmake)
[0.420s] -- Found PythonInterp: /usr/bin/python3 (found suitable version "3.8.5", minimum required is "3") 
[0.422s] -- Using PYTHON_EXECUTABLE: /usr/bin/python3
[1.930s] -- Found std_msgs: 2.0.4 (/opt/ros/foxy/share/std_msgs/cmake)
[2.105s] -- Using all available rosidl_typesupport_c: rosidl_typesupport_fastrtps_c;rosidl_typesupport_introspection_c
[2.137s] -- Found rosidl_adapter: 1.2.1 (/opt/ros/foxy/share/rosidl_adapter/cmake)
[3.064s] -- Using all available rosidl_typesupport_cpp: rosidl_typesupport_fastrtps_cpp;rosidl_typesupport_introspection_cpp
[3.438s] -- Found rosidl_default_generators: 1.0.1 (/opt/ros/foxy/share/rosidl_default_generators/cmake)
[3.705s] -- Found PythonInterp: /usr/bin/python3 (found version "3.8.5") 
[5.732s] -- Found ament_cmake_ros: 0.9.2 (/opt/ros/foxy/share/ament_cmake_ros/cmake)
[7.380s] -- Using all available rosidl_typesupport_c: rosidl_typesupport_fastrtps_c;rosidl_typesupport_introspection_c
[8.031s] -- Using all available rosidl_typesupport_cpp: rosidl_typesupport_fastrtps_cpp;rosidl_typesupport_introspection_cpp
[8.242s] -- Found PythonInterp: /usr/bin/python3 (found suitable version "3.8.5", minimum required is "3.5") 
[8.268s] -- Found python_cmake_module: 0.8.1 (/opt/ros/foxy/share/python_cmake_module/cmake)
[8.489s] -- Found PythonLibs: /usr/lib/aarch64-linux-gnu/libpython3.8.so (found suitable version "3.8.5", minimum required is "3.5") 
[8.491s] -- Using PYTHON_EXECUTABLE: /usr/bin/python3
[8.492s] -- Using PYTHON_INCLUDE_DIRS: /usr/include/python3.8
[8.493s] -- Using PYTHON_LIBRARIES: /usr/lib/aarch64-linux-gnu/libpython3.8.so
[8.674s] -- Found PythonExtra: .so  
[9.379s] -- Configuring done
[10.292s] -- Generating done
[10.323s] -- Build files have been written to: /home/ubuntu/ros2_ws/build/tutorial_interfaces
[10.378s] Invoked command in '/home/ubuntu/ros2_ws/build/tutorial_interfaces' returned '0': CMAKE_PREFIX_PATH=${CMAKE_PREFIX_PATH}:/opt/ros/foxy /usr/bin/cmake /home/ubuntu/ros2_ws/src/tutorial_interfaces -DCMAKE_INSTALL_PREFIX=/home/ubuntu/ros2_ws/install/tutorial_interfaces
[10.400s] Invoking command in '/home/ubuntu/ros2_ws/build/tutorial_interfaces': CMAKE_PREFIX_PATH=${CMAKE_PREFIX_PATH}:/opt/ros/foxy /usr/bin/cmake --build /home/ubuntu/ros2_ws/build/tutorial_interfaces -- -j4 -l4
[10.837s] [35m[1mScanning dependencies of target tutorial_interfaces__cpp[0m
[10.883s] [  3%] [34m[1mGenerating C code for ROS interfaces[0m
[10.948s] [  6%] [34m[1mGenerating C++ code for ROS interfaces[0m
[13.470s] [  6%] Built target tutorial_interfaces__cpp
[13.571s] [  9%] [34m[1mGenerating C++ type support dispatch for ROS interfaces[0m
[13.614s] [ 12%] [34m[1mGenerating C++ type support for eProsima Fast-RTPS[0m
[13.625s] [ 16%] [34m[1mGenerating C++ introspection for ROS interfaces[0m
[13.627s] [35m[1mScanning dependencies of target tutorial_interfaces__rosidl_generator_c[0m
[13.900s] [ 19%] [32mBuilding C object CMakeFiles/tutorial_interfaces__rosidl_generator_c.dir/rosidl_generator_c/tutorial_interfaces/msg/detail/int32_stamped__functions.c.o[0m
[15.047s] [ 22%] [32m[1mLinking C shared library libtutorial_interfaces__rosidl_generator_c.so[0m
[17.336s] [35m[1mScanning dependencies of target tutorial_interfaces__rosidl_typesupport_cpp[0m
[18.551s] [35m[1mScanning dependencies of target tutorial_interfaces__rosidl_typesupport_introspection_cpp[0m
[18.601s] [35m[1mScanning dependencies of target tutorial_interfaces__rosidl_typesupport_fastrtps_cpp[0m
[19.388s] [ 29%] [32mBuilding CXX object CMakeFiles/tutorial_interfaces__rosidl_typesupport_introspection_cpp.dir/rosidl_typesupport_introspection_cpp/tutorial_interfaces/msg/detail/int32_stamped__type_support.cpp.o[0m
[19.389s] [ 29%] [32mBuilding CXX object CMakeFiles/tutorial_interfaces__rosidl_typesupport_cpp.dir/rosidl_typesupport_cpp/tutorial_interfaces/msg/int32_stamped__type_support.cpp.o[0m
[19.452s] [ 32%] [32mBuilding CXX object CMakeFiles/tutorial_interfaces__rosidl_typesupport_fastrtps_cpp.dir/rosidl_typesupport_fastrtps_cpp/tutorial_interfaces/msg/detail/dds_fastrtps/int32_stamped__type_support.cpp.o[0m
[20.468s] [ 32%] Built target tutorial_interfaces__rosidl_generator_c
[20.547s] [ 35%] [34m[1mGenerating C introspection for ROS interfaces[0m
[28.321s] [ 38%] [32m[1mLinking CXX shared library libtutorial_interfaces__rosidl_typesupport_introspection_cpp.so[0m
[28.327s] [ 41%] [32m[1mLinking CXX shared library libtutorial_interfaces__rosidl_typesupport_cpp.so[0m
[28.503s] [35m[1mScanning dependencies of target tutorial_interfaces__rosidl_typesupport_introspection_c[0m
[29.416s] [ 45%] [32m[1mLinking CXX shared library libtutorial_interfaces__rosidl_typesupport_fastrtps_cpp.so[0m
[29.451s] [ 48%] [32mBuilding C object CMakeFiles/tutorial_interfaces__rosidl_typesupport_introspection_c.dir/rosidl_typesupport_introspection_c/tutorial_interfaces/msg/detail/int32_stamped__type_support.c.o[0m
[29.705s] [ 48%] Built target tutorial_interfaces__rosidl_typesupport_cpp
[29.953s] [ 48%] Built target tutorial_interfaces__rosidl_typesupport_introspection_cpp
[30.741s] [ 51%] [34m[1mGenerating C type support dispatch for ROS interfaces[0m
[31.063s] [ 54%] [32m[1mLinking C shared library libtutorial_interfaces__rosidl_typesupport_introspection_c.so[0m
[31.483s] [ 54%] Built target tutorial_interfaces__rosidl_typesupport_introspection_c
[31.876s] [ 54%] Built target tutorial_interfaces__rosidl_typesupport_fastrtps_cpp
[31.980s] [ 58%] [34m[1mGenerating C type support for eProsima Fast-RTPS[0m
[33.692s] [35m[1mScanning dependencies of target tutorial_interfaces__rosidl_typesupport_c[0m
[33.803s] [ 61%] [32mBuilding CXX object CMakeFiles/tutorial_interfaces__rosidl_typesupport_c.dir/rosidl_typesupport_c/tutorial_interfaces/msg/int32_stamped__type_support.cpp.o[0m
[34.326s] [ 64%] [32m[1mLinking CXX shared library libtutorial_interfaces__rosidl_typesupport_c.so[0m
[34.673s] [35m[1mScanning dependencies of target tutorial_interfaces__rosidl_typesupport_fastrtps_c[0m
[34.709s] [ 64%] Built target tutorial_interfaces__rosidl_typesupport_c
[35.120s] [ 67%] [32mBuilding CXX object CMakeFiles/tutorial_interfaces__rosidl_typesupport_fastrtps_c.dir/rosidl_typesupport_fastrtps_c/tutorial_interfaces/msg/detail/int32_stamped__type_support_c.cpp.o[0m
[38.934s] [ 70%] [32m[1mLinking CXX shared library libtutorial_interfaces__rosidl_typesupport_fastrtps_c.so[0m
[39.814s] [ 70%] Built target tutorial_interfaces__rosidl_typesupport_fastrtps_c
[40.176s] [35m[1mScanning dependencies of target tutorial_interfaces[0m
[40.266s] [ 70%] Built target tutorial_interfaces
[40.350s] [35m[1mScanning dependencies of target tutorial_interfaces__py[0m
[40.444s] [ 74%] [34m[1mGenerating Python code for ROS interfaces[0m
[45.436s] [ 74%] Built target tutorial_interfaces__py
[45.524s] [35m[1mScanning dependencies of target tutorial_interfaces__python[0m
[45.880s] [ 77%] [32mBuilding C object CMakeFiles/tutorial_interfaces__python.dir/rosidl_generator_py/tutorial_interfaces/msg/_int32_stamped_s.c.o[0m
[46.842s] [ 80%] [32m[1mLinking C shared library rosidl_generator_py/tutorial_interfaces/libtutorial_interfaces__python.so[0m
[47.297s] [ 80%] Built target tutorial_interfaces__python
[47.645s] [35m[1mScanning dependencies of target tutorial_interfaces__rosidl_typesupport_c__pyext[0m
[47.651s] [35m[1mScanning dependencies of target tutorial_interfaces__rosidl_typesupport_introspection_c__pyext[0m
[47.658s] [35m[1mScanning dependencies of target tutorial_interfaces__rosidl_typesupport_fastrtps_c__pyext[0m
[47.934s] [ 87%] [32mBuilding C object CMakeFiles/tutorial_interfaces__rosidl_typesupport_introspection_c__pyext.dir/rosidl_generator_py/tutorial_interfaces/_tutorial_interfaces_s.ep.rosidl_typesupport_introspection_c.c.o[0m
[47.937s] [ 87%] [32mBuilding C object CMakeFiles/tutorial_interfaces__rosidl_typesupport_c__pyext.dir/rosidl_generator_py/tutorial_interfaces/_tutorial_interfaces_s.ep.rosidl_typesupport_c.c.o[0m
[47.971s] [ 90%] [32mBuilding C object CMakeFiles/tutorial_interfaces__rosidl_typesupport_fastrtps_c__pyext.dir/rosidl_generator_py/tutorial_interfaces/_tutorial_interfaces_s.ep.rosidl_typesupport_fastrtps_c.c.o[0m
[48.864s] [ 93%] [32m[1mLinking C shared library rosidl_generator_py/tutorial_interfaces/tutorial_interfaces_s__rosidl_typesupport_introspection_c.cpython-38-aarch64-linux-gnu.so[0m
[48.876s] [ 96%] [32m[1mLinking C shared library rosidl_generator_py/tutorial_interfaces/tutorial_interfaces_s__rosidl_typesupport_c.cpython-38-aarch64-linux-gnu.so[0m
[49.110s] [100%] [32m[1mLinking CXX shared library rosidl_generator_py/tutorial_interfaces/tutorial_interfaces_s__rosidl_typesupport_fastrtps_c.cpython-38-aarch64-linux-gnu.so[0m
[49.581s] [100%] Built target tutorial_interfaces__rosidl_typesupport_c__pyext
[49.585s] [100%] Built target tutorial_interfaces__rosidl_typesupport_introspection_c__pyext
[49.995s] [100%] Built target tutorial_interfaces__rosidl_typesupport_fastrtps_c__pyext
[52.209s] Invoked command in '/home/ubuntu/ros2_ws/build/tutorial_interfaces' returned '0': CMAKE_PREFIX_PATH=${CMAKE_PREFIX_PATH}:/opt/ros/foxy /usr/bin/cmake --build /home/ubuntu/ros2_ws/build/tutorial_interfaces -- -j4 -l4
[52.688s] Invoking command in '/home/ubuntu/ros2_ws/build/tutorial_interfaces': CMAKE_PREFIX_PATH=${CMAKE_PREFIX_PATH}:/opt/ros/foxy /usr/bin/cmake --install /home/ubuntu/ros2_ws/build/tutorial_interfaces
[52.769s] -- Install configuration: ""
[52.779s] -- Installing: /home/ubuntu/ros2_ws/install/tutorial_interfaces/share/ament_index/resource_index/rosidl_interfaces/tutorial_interfaces
[52.783s] -- Installing: /home/ubuntu/ros2_ws/install/tutorial_interfaces/include/tutorial_interfaces
[52.786s] -- Installing: /home/ubuntu/ros2_ws/install/tutorial_interfaces/include/tutorial_interfaces/msg
[52.789s] -- Installing: /home/ubuntu/ros2_ws/install/tutorial_interfaces/include/tutorial_interfaces/msg/detail
[52.791s] -- Installing: /home/ubuntu/ros2_ws/install/tutorial_interfaces/include/tutorial_interfaces/msg/detail/int32_stamped__struct.h
[52.795s] -- Installing: /home/ubuntu/ros2_ws/install/tutorial_interfaces/include/tutorial_interfaces/msg/detail/int32_stamped__functions.c
[52.798s] -- Installing: /home/ubuntu/ros2_ws/install/tutorial_interfaces/include/tutorial_interfaces/msg/detail/int32_stamped__functions.h
[52.802s] -- Installing: /home/ubuntu/ros2_ws/install/tutorial_interfaces/include/tutorial_interfaces/msg/detail/int32_stamped__type_support.h
[52.805s] -- Installing: /home/ubuntu/ros2_ws/install/tutorial_interfaces/include/tutorial_interfaces/msg/rosidl_generator_c__visibility_control.h
[52.810s] -- Installing: /home/ubuntu/ros2_ws/install/tutorial_interfaces/include/tutorial_interfaces/msg/int32_stamped.h
[52.815s] -- Installing: /home/ubuntu/ros2_ws/install/tutorial_interfaces/share/tutorial_interfaces/environment/library_path.sh
[52.821s] -- Installing: /home/ubuntu/ros2_ws/install/tutorial_interfaces/share/tutorial_interfaces/environment/library_path.dsv
[52.830s] -- Installing: /home/ubuntu/ros2_ws/install/tutorial_interfaces/lib/libtutorial_interfaces__rosidl_generator_c.so
[52.836s] -- Set runtime path of "/home/ubuntu/ros2_ws/install/tutorial_interfaces/lib/libtutorial_interfaces__rosidl_generator_c.so" to ""
[52.840s] -- Up-to-date: /home/ubuntu/ros2_ws/install/tutorial_interfaces/include/tutorial_interfaces
[52.844s] -- Up-to-date: /home/ubuntu/ros2_ws/install/tutorial_interfaces/include/tutorial_interfaces/msg
[52.848s] -- Up-to-date: /home/ubuntu/ros2_ws/install/tutorial_interfaces/include/tutorial_interfaces/msg/detail
[52.850s] -- Installing: /home/ubuntu/ros2_ws/install/tutorial_interfaces/include/tutorial_interfaces/msg/detail/int32_stamped__rosidl_typesupport_fastrtps_c.h
[52.854s] -- Installing: /home/ubuntu/ros2_ws/install/tutorial_interfaces/include/tutorial_interfaces/msg/rosidl_typesupport_fastrtps_c__visibility_control.h
[52.856s] -- Installing: /home/ubuntu/ros2_ws/install/tutorial_interfaces/lib/libtutorial_interfaces__rosidl_typesupport_fastrtps_c.so
[52.858s] -- Set runtime path of "/home/ubuntu/ros2_ws/install/tutorial_interfaces/lib/libtutorial_interfaces__rosidl_typesupport_fastrtps_c.so" to ""
[52.860s] -- Up-to-date: /home/ubuntu/ros2_ws/install/tutorial_interfaces/include/tutorial_interfaces
[52.862s] -- Up-to-date: /home/ubuntu/ros2_ws/install/tutorial_interfaces/include/tutorial_interfaces/msg
[52.864s] -- Up-to-date: /home/ubuntu/ros2_ws/install/tutorial_interfaces/include/tutorial_interfaces/msg/detail
[52.866s] -- Installing: /home/ubuntu/ros2_ws/install/tutorial_interfaces/include/tutorial_interfaces/msg/detail/int32_stamped__rosidl_typesupport_fastrtps_cpp.hpp
[52.867s] -- Installing: /home/ubuntu/ros2_ws/install/tutorial_interfaces/include/tutorial_interfaces/msg/detail/dds_fastrtps
[52.869s] -- Installing: /home/ubuntu/ros2_ws/install/tutorial_interfaces/include/tutorial_interfaces/msg/rosidl_typesupport_fastrtps_cpp__visibility_control.h
[52.871s] -- Installing: /home/ubuntu/ros2_ws/install/tutorial_interfaces/lib/libtutorial_interfaces__rosidl_typesupport_fastrtps_cpp.so
[52.874s] -- Set runtime path of "/home/ubuntu/ros2_ws/install/tutorial_interfaces/lib/libtutorial_interfaces__rosidl_typesupport_fastrtps_cpp.so" to ""
[52.877s] -- Up-to-date: /home/ubuntu/ros2_ws/install/tutorial_interfaces/include/tutorial_interfaces
[52.879s] -- Up-to-date: /home/ubuntu/ros2_ws/install/tutorial_interfaces/include/tutorial_interfaces/msg
[52.881s] -- Up-to-date: /home/ubuntu/ros2_ws/install/tutorial_interfaces/include/tutorial_interfaces/msg/detail
[52.884s] -- Installing: /home/ubuntu/ros2_ws/install/tutorial_interfaces/include/tutorial_interfaces/msg/detail/int32_stamped__rosidl_typesupport_introspection_c.h
[52.886s] -- Installing: /home/ubuntu/ros2_ws/install/tutorial_interfaces/include/tutorial_interfaces/msg/detail/int32_stamped__type_support.c
[52.889s] -- Installing: /home/ubuntu/ros2_ws/install/tutorial_interfaces/include/tutorial_interfaces/msg/rosidl_typesupport_introspection_c__visibility_control.h
[52.892s] -- Installing: /home/ubuntu/ros2_ws/install/tutorial_interfaces/lib/libtutorial_interfaces__rosidl_typesupport_introspection_c.so
[52.896s] -- Set runtime path of "/home/ubuntu/ros2_ws/install/tutorial_interfaces/lib/libtutorial_interfaces__rosidl_typesupport_introspection_c.so" to ""
[52.899s] -- Installing: /home/ubuntu/ros2_ws/install/tutorial_interfaces/lib/libtutorial_interfaces__rosidl_typesupport_c.so
[52.904s] -- Set runtime path of "/home/ubuntu/ros2_ws/install/tutorial_interfaces/lib/libtutorial_interfaces__rosidl_typesupport_c.so" to ""
[52.907s] -- Up-to-date: /home/ubuntu/ros2_ws/install/tutorial_interfaces/include/tutorial_interfaces
[52.910s] -- Up-to-date: /home/ubuntu/ros2_ws/install/tutorial_interfaces/include/tutorial_interfaces/msg
[52.914s] -- Installing: /home/ubuntu/ros2_ws/install/tutorial_interfaces/include/tutorial_interfaces/msg/int32_stamped.hpp
[52.917s] -- Up-to-date: /home/ubuntu/ros2_ws/install/tutorial_interfaces/include/tutorial_interfaces/msg/detail
[52.919s] -- Installing: /home/ubuntu/ros2_ws/install/tutorial_interfaces/include/tutorial_interfaces/msg/detail/int32_stamped__traits.hpp
[52.921s] -- Installing: /home/ubuntu/ros2_ws/install/tutorial_interfaces/include/tutorial_interfaces/msg/detail/int32_stamped__struct.hpp
[52.925s] -- Installing: /home/ubuntu/ros2_ws/install/tutorial_interfaces/include/tutorial_interfaces/msg/detail/int32_stamped__builder.hpp
[52.927s] -- Up-to-date: /home/ubuntu/ros2_ws/install/tutorial_interfaces/include/tutorial_interfaces
[52.929s] -- Up-to-date: /home/ubuntu/ros2_ws/install/tutorial_interfaces/include/tutorial_interfaces/msg
[52.931s] -- Up-to-date: /home/ubuntu/ros2_ws/install/tutorial_interfaces/include/tutorial_interfaces/msg/detail
[52.936s] -- Installing: /home/ubuntu/ros2_ws/install/tutorial_interfaces/include/tutorial_interfaces/msg/detail/int32_stamped__type_support.cpp
[52.939s] -- Installing: /home/ubuntu/ros2_ws/install/tutorial_interfaces/include/tutorial_interfaces/msg/detail/int32_stamped__rosidl_typesupport_introspection_cpp.hpp
[52.945s] -- Installing: /home/ubuntu/ros2_ws/install/tutorial_interfaces/lib/libtutorial_interfaces__rosidl_typesupport_introspection_cpp.so
[52.951s] -- Set runtime path of "/home/ubuntu/ros2_ws/install/tutorial_interfaces/lib/libtutorial_interfaces__rosidl_typesupport_introspection_cpp.so" to ""
[52.956s] -- Installing: /home/ubuntu/ros2_ws/install/tutorial_interfaces/lib/libtutorial_interfaces__rosidl_typesupport_cpp.so
[52.957s] -- Set runtime path of "/home/ubuntu/ros2_ws/install/tutorial_interfaces/lib/libtutorial_interfaces__rosidl_typesupport_cpp.so" to ""
[52.964s] -- Installing: /home/ubuntu/ros2_ws/install/tutorial_interfaces/share/tutorial_interfaces/environment/pythonpath.sh
[52.965s] -- Installing: /home/ubuntu/ros2_ws/install/tutorial_interfaces/share/tutorial_interfaces/environment/pythonpath.dsv
[52.967s] -- Installing: /home/ubuntu/ros2_ws/install/tutorial_interfaces/lib/python3.8/site-packages/tutorial_interfaces/__init__.py
[53.321s] Compiling '/home/ubuntu/ros2_ws/install/tutorial_interfaces/lib/python3.8/site-packages/tutorial_interfaces/__init__.py'...
[53.381s] -- Installing: /home/ubuntu/ros2_ws/install/tutorial_interfaces/lib/python3.8/site-packages/tutorial_interfaces/msg
[53.384s] -- Installing: /home/ubuntu/ros2_ws/install/tutorial_interfaces/lib/python3.8/site-packages/tutorial_interfaces/msg/_int32_stamped.py
[53.386s] -- Installing: /home/ubuntu/ros2_ws/install/tutorial_interfaces/lib/python3.8/site-packages/tutorial_interfaces/msg/__init__.py
[53.388s] -- Installing: /home/ubuntu/ros2_ws/install/tutorial_interfaces/lib/python3.8/site-packages/tutorial_interfaces/msg/_int32_stamped_s.c
[53.391s] -- Installing: /home/ubuntu/ros2_ws/install/tutorial_interfaces/lib/python3.8/site-packages/tutorial_interfaces/tutorial_interfaces_s__rosidl_typesupport_fastrtps_c.cpython-38-aarch64-linux-gnu.so
[53.399s] -- Set runtime path of "/home/ubuntu/ros2_ws/install/tutorial_interfaces/lib/python3.8/site-packages/tutorial_interfaces/tutorial_interfaces_s__rosidl_typesupport_fastrtps_c.cpython-38-aarch64-linux-gnu.so" to ""
[53.402s] -- Installing: /home/ubuntu/ros2_ws/install/tutorial_interfaces/lib/python3.8/site-packages/tutorial_interfaces/tutorial_interfaces_s__rosidl_typesupport_introspection_c.cpython-38-aarch64-linux-gnu.so
[53.410s] -- Set runtime path of "/home/ubuntu/ros2_ws/install/tutorial_interfaces/lib/python3.8/site-packages/tutorial_interfaces/tutorial_interfaces_s__rosidl_typesupport_introspection_c.cpython-38-aarch64-linux-gnu.so" to ""
[53.412s] -- Installing: /home/ubuntu/ros2_ws/install/tutorial_interfaces/lib/python3.8/site-packages/tutorial_interfaces/tutorial_interfaces_s__rosidl_typesupport_c.cpython-38-aarch64-linux-gnu.so
[53.419s] -- Set runtime path of "/home/ubuntu/ros2_ws/install/tutorial_interfaces/lib/python3.8/site-packages/tutorial_interfaces/tutorial_interfaces_s__rosidl_typesupport_c.cpython-38-aarch64-linux-gnu.so" to ""
[53.421s] -- Installing: /home/ubuntu/ros2_ws/install/tutorial_interfaces/lib/libtutorial_interfaces__python.so
[53.426s] -- Set runtime path of "/home/ubuntu/ros2_ws/install/tutorial_interfaces/lib/libtutorial_interfaces__python.so" to ""
[53.427s] -- Installing: /home/ubuntu/ros2_ws/install/tutorial_interfaces/share/tutorial_interfaces/msg/Int32Stamped.idl
[53.430s] -- Installing: /home/ubuntu/ros2_ws/install/tutorial_interfaces/share/tutorial_interfaces/msg/Int32Stamped.msg
[53.433s] -- Installing: /home/ubuntu/ros2_ws/install/tutorial_interfaces/share/ament_index/resource_index/package_run_dependencies/tutorial_interfaces
[53.448s] -- Installing: /home/ubuntu/ros2_ws/install/tutorial_interfaces/share/ament_index/resource_index/parent_prefix_path/tutorial_interfaces
[53.456s] -- Installing: /home/ubuntu/ros2_ws/install/tutorial_interfaces/share/tutorial_interfaces/environment/ament_prefix_path.sh
[53.461s] -- Installing: /home/ubuntu/ros2_ws/install/tutorial_interfaces/share/tutorial_interfaces/environment/ament_prefix_path.dsv
[53.465s] -- Installing: /home/ubuntu/ros2_ws/install/tutorial_interfaces/share/tutorial_interfaces/environment/path.sh
[53.470s] -- Installing: /home/ubuntu/ros2_ws/install/tutorial_interfaces/share/tutorial_interfaces/environment/path.dsv
[53.473s] -- Installing: /home/ubuntu/ros2_ws/install/tutorial_interfaces/share/tutorial_interfaces/local_setup.bash
[53.477s] -- Installing: /home/ubuntu/ros2_ws/install/tutorial_interfaces/share/tutorial_interfaces/local_setup.sh
[53.480s] -- Installing: /home/ubuntu/ros2_ws/install/tutorial_interfaces/share/tutorial_interfaces/local_setup.zsh
[53.487s] -- Installing: /home/ubuntu/ros2_ws/install/tutorial_interfaces/share/tutorial_interfaces/local_setup.dsv
[53.489s] -- Installing: /home/ubuntu/ros2_ws/install/tutorial_interfaces/share/tutorial_interfaces/package.dsv
[53.495s] -- Installing: /home/ubuntu/ros2_ws/install/tutorial_interfaces/share/ament_index/resource_index/packages/tutorial_interfaces
[53.498s] -- Installing: /home/ubuntu/ros2_ws/install/tutorial_interfaces/share/tutorial_interfaces/cmake/tutorial_interfaces__rosidl_generator_cExport.cmake
[53.503s] -- Installing: /home/ubuntu/ros2_ws/install/tutorial_interfaces/share/tutorial_interfaces/cmake/tutorial_interfaces__rosidl_generator_cExport-noconfig.cmake
[53.508s] -- Installing: /home/ubuntu/ros2_ws/install/tutorial_interfaces/share/tutorial_interfaces/cmake/tutorial_interfaces__rosidl_typesupport_introspection_cExport.cmake
[53.511s] -- Installing: /home/ubuntu/ros2_ws/install/tutorial_interfaces/share/tutorial_interfaces/cmake/tutorial_interfaces__rosidl_typesupport_introspection_cExport-noconfig.cmake
[53.517s] -- Installing: /home/ubuntu/ros2_ws/install/tutorial_interfaces/share/tutorial_interfaces/cmake/tutorial_interfaces__rosidl_typesupport_cExport.cmake
[53.521s] -- Installing: /home/ubuntu/ros2_ws/install/tutorial_interfaces/share/tutorial_interfaces/cmake/tutorial_interfaces__rosidl_typesupport_cExport-noconfig.cmake
[53.525s] -- Installing: /home/ubuntu/ros2_ws/install/tutorial_interfaces/share/tutorial_interfaces/cmake/tutorial_interfaces__rosidl_generator_cppExport.cmake
[53.530s] -- Installing: /home/ubuntu/ros2_ws/install/tutorial_interfaces/share/tutorial_interfaces/cmake/tutorial_interfaces__rosidl_typesupport_introspection_cppExport.cmake
[53.535s] -- Installing: /home/ubuntu/ros2_ws/install/tutorial_interfaces/share/tutorial_interfaces/cmake/tutorial_interfaces__rosidl_typesupport_introspection_cppExport-noconfig.cmake
[53.541s] -- Installing: /home/ubuntu/ros2_ws/install/tutorial_interfaces/share/tutorial_interfaces/cmake/tutorial_interfaces__rosidl_typesupport_cppExport.cmake
[53.546s] -- Installing: /home/ubuntu/ros2_ws/install/tutorial_interfaces/share/tutorial_interfaces/cmake/tutorial_interfaces__rosidl_typesupport_cppExport-noconfig.cmake
[53.551s] -- Installing: /home/ubuntu/ros2_ws/install/tutorial_interfaces/share/tutorial_interfaces/cmake/rosidl_cmake-extras.cmake
[53.556s] -- Installing: /home/ubuntu/ros2_ws/install/tutorial_interfaces/share/tutorial_interfaces/cmake/ament_cmake_export_dependencies-extras.cmake
[53.559s] -- Installing: /home/ubuntu/ros2_ws/install/tutorial_interfaces/share/tutorial_interfaces/cmake/ament_cmake_export_libraries-extras.cmake
[53.563s] -- Installing: /home/ubuntu/ros2_ws/install/tutorial_interfaces/share/tutorial_interfaces/cmake/ament_cmake_export_targets-extras.cmake
[53.567s] -- Installing: /home/ubuntu/ros2_ws/install/tutorial_interfaces/share/tutorial_interfaces/cmake/ament_cmake_export_include_directories-extras.cmake
[53.571s] -- Installing: /home/ubuntu/ros2_ws/install/tutorial_interfaces/share/tutorial_interfaces/cmake/rosidl_cmake_export_typesupport_libraries-extras.cmake
[53.576s] -- Installing: /home/ubuntu/ros2_ws/install/tutorial_interfaces/share/tutorial_interfaces/cmake/rosidl_cmake_export_typesupport_targets-extras.cmake
[53.583s] -- Installing: /home/ubuntu/ros2_ws/install/tutorial_interfaces/share/tutorial_interfaces/cmake/tutorial_interfacesConfig.cmake
[53.587s] -- Installing: /home/ubuntu/ros2_ws/install/tutorial_interfaces/share/tutorial_interfaces/cmake/tutorial_interfacesConfig-version.cmake
[53.591s] -- Installing: /home/ubuntu/ros2_ws/install/tutorial_interfaces/share/tutorial_interfaces/package.xml
[53.635s] Invoked command in '/home/ubuntu/ros2_ws/build/tutorial_interfaces' returned '0': CMAKE_PREFIX_PATH=${CMAKE_PREFIX_PATH}:/opt/ros/foxy /usr/bin/cmake --install /home/ubuntu/ros2_ws/build/tutorial_interfaces
