[0.320s] Invoking command in '/home/ubuntu/ros2_ws/build/raspimouse_launch': AMENT_PREFIX_PATH=/home/ubuntu/ros2_ws/install/raspimouse:/home/ubuntu/ros2_ws/install/raspimouse_run_corridor:/home/ubuntu/ros2_ws/install/raspimouse_msgs:/home/ubuntu/ros2_ws/install/raspimouse_launch:/opt/ros/foxy CMAKE_PREFIX_PATH=${CMAKE_PREFIX_PATH}:/home/ubuntu/ros2_ws/install/raspimouse_run_corridor:/home/ubuntu/ros2_ws/install/raspimouse:/opt/ros/foxy PYTHONPATH=/home/ubuntu/ros2_ws/install/raspimouse/lib/python3.8/site-packages:/home/ubuntu/ros2_ws/install/raspimouse_run_corridor/lib/python3.8/site-packages:/home/ubuntu/ros2_ws/install/raspimouse_msgs/lib/python3.8/site-packages:/opt/ros/foxy/lib/python3.8/site-packages /usr/bin/cmake --build /home/ubuntu/ros2_ws/build/raspimouse_launch -- -j4 -l4
[3.369s] Invoked command in '/home/ubuntu/ros2_ws/build/raspimouse_launch' returned '0': AMENT_PREFIX_PATH=/home/ubuntu/ros2_ws/install/raspimouse:/home/ubuntu/ros2_ws/install/raspimouse_run_corridor:/home/ubuntu/ros2_ws/install/raspimouse_msgs:/home/ubuntu/ros2_ws/install/raspimouse_launch:/opt/ros/foxy CMAKE_PREFIX_PATH=${CMAKE_PREFIX_PATH}:/home/ubuntu/ros2_ws/install/raspimouse_run_corridor:/home/ubuntu/ros2_ws/install/raspimouse:/opt/ros/foxy PYTHONPATH=/home/ubuntu/ros2_ws/install/raspimouse/lib/python3.8/site-packages:/home/ubuntu/ros2_ws/install/raspimouse_run_corridor/lib/python3.8/site-packages:/home/ubuntu/ros2_ws/install/raspimouse_msgs/lib/python3.8/site-packages:/opt/ros/foxy/lib/python3.8/site-packages /usr/bin/cmake --build /home/ubuntu/ros2_ws/build/raspimouse_launch -- -j4 -l4
[3.972s] Invoking command in '/home/ubuntu/ros2_ws/build/raspimouse_launch': AMENT_PREFIX_PATH=/home/ubuntu/ros2_ws/install/raspimouse:/home/ubuntu/ros2_ws/install/raspimouse_run_corridor:/home/ubuntu/ros2_ws/install/raspimouse_msgs:/home/ubuntu/ros2_ws/install/raspimouse_launch:/opt/ros/foxy CMAKE_PREFIX_PATH=${CMAKE_PREFIX_PATH}:/home/ubuntu/ros2_ws/install/raspimouse_run_corridor:/home/ubuntu/ros2_ws/install/raspimouse:/opt/ros/foxy PYTHONPATH=/home/ubuntu/ros2_ws/install/raspimouse/lib/python3.8/site-packages:/home/ubuntu/ros2_ws/install/raspimouse_run_corridor/lib/python3.8/site-packages:/home/ubuntu/ros2_ws/install/raspimouse_msgs/lib/python3.8/site-packages:/opt/ros/foxy/lib/python3.8/site-packages /usr/bin/cmake --install /home/ubuntu/ros2_ws/build/raspimouse_launch
[4.097s] -- Install configuration: ""
[4.100s] -- Up-to-date: /home/ubuntu/ros2_ws/install/raspimouse_launch/share/raspimouse_launch//launch
[4.102s] -- Up-to-date: /home/ubuntu/ros2_ws/install/raspimouse_launch/share/raspimouse_launch//launch/raspimouse_launch.py
[4.112s] -- Up-to-date: /home/ubuntu/ros2_ws/install/raspimouse_launch/share/ament_index/resource_index/package_run_dependencies/raspimouse_launch
[4.114s] -- Up-to-date: /home/ubuntu/ros2_ws/install/raspimouse_launch/share/ament_index/resource_index/parent_prefix_path/raspimouse_launch
[4.117s] -- Up-to-date: /home/ubuntu/ros2_ws/install/raspimouse_launch/share/raspimouse_launch/environment/ament_prefix_path.sh
[4.119s] -- Up-to-date: /home/ubuntu/ros2_ws/install/raspimouse_launch/share/raspimouse_launch/environment/ament_prefix_path.dsv
[4.121s] -- Up-to-date: /home/ubuntu/ros2_ws/install/raspimouse_launch/share/raspimouse_launch/environment/path.sh
[4.123s] -- Up-to-date: /home/ubuntu/ros2_ws/install/raspimouse_launch/share/raspimouse_launch/environment/path.dsv
[4.134s] -- Up-to-date: /home/ubuntu/ros2_ws/install/raspimouse_launch/share/raspimouse_launch/local_setup.bash
[4.139s] -- Up-to-date: /home/ubuntu/ros2_ws/install/raspimouse_launch/share/raspimouse_launch/local_setup.sh
[4.145s] -- Up-to-date: /home/ubuntu/ros2_ws/install/raspimouse_launch/share/raspimouse_launch/local_setup.zsh
[4.153s] -- Up-to-date: /home/ubuntu/ros2_ws/install/raspimouse_launch/share/raspimouse_launch/local_setup.dsv
[4.154s] -- Installing: /home/ubuntu/ros2_ws/install/raspimouse_launch/share/raspimouse_launch/package.dsv
[4.156s] -- Up-to-date: /home/ubuntu/ros2_ws/install/raspimouse_launch/share/ament_index/resource_index/packages/raspimouse_launch
[4.166s] -- Up-to-date: /home/ubuntu/ros2_ws/install/raspimouse_launch/share/raspimouse_launch/cmake/raspimouse_launchConfig.cmake
[4.168s] -- Up-to-date: /home/ubuntu/ros2_ws/install/raspimouse_launch/share/raspimouse_launch/cmake/raspimouse_launchConfig-version.cmake
[4.190s] -- Up-to-date: /home/ubuntu/ros2_ws/install/raspimouse_launch/share/raspimouse_launch/package.xml
[4.193s] Invoked command in '/home/ubuntu/ros2_ws/build/raspimouse_launch' returned '0': AMENT_PREFIX_PATH=/home/ubuntu/ros2_ws/install/raspimouse:/home/ubuntu/ros2_ws/install/raspimouse_run_corridor:/home/ubuntu/ros2_ws/install/raspimouse_msgs:/home/ubuntu/ros2_ws/install/raspimouse_launch:/opt/ros/foxy CMAKE_PREFIX_PATH=${CMAKE_PREFIX_PATH}:/home/ubuntu/ros2_ws/install/raspimouse_run_corridor:/home/ubuntu/ros2_ws/install/raspimouse:/opt/ros/foxy PYTHONPATH=/home/ubuntu/ros2_ws/install/raspimouse/lib/python3.8/site-packages:/home/ubuntu/ros2_ws/install/raspimouse_run_corridor/lib/python3.8/site-packages:/home/ubuntu/ros2_ws/install/raspimouse_msgs/lib/python3.8/site-packages:/opt/ros/foxy/lib/python3.8/site-packages /usr/bin/cmake --install /home/ubuntu/ros2_ws/build/raspimouse_launch
