[3.022s] DEBUG:colcon:Command line arguments: ['/usr/bin/colcon', 'build']
[3.023s] DEBUG:colcon:Parsed command line arguments: Namespace(ament_cmake_args=None, base_paths=['.'], build_base='build', catkin_cmake_args=None, catkin_skip_building_tests=False, cmake_args=None, cmake_clean_cache=False, cmake_clean_first=False, cmake_force_configure=False, cmake_target=None, cmake_target_skip_unavailable=False, continue_on_error=False, event_handlers=None, executor='parallel', ignore_user_meta=False, install_base='install', log_base=None, log_level=None, main=<bound method BuildVerb.main of <colcon_core.verb.build.BuildVerb object at 0xffff9e1a4a90>>, merge_install=False, metas=['./colcon.meta'], packages_above=None, packages_above_and_dependencies=None, packages_above_depth=None, packages_end=None, packages_ignore=None, packages_ignore_regex=None, packages_select=None, packages_select_build_failed=False, packages_select_by_dep=None, packages_select_regex=None, packages_select_test_failures=False, packages_skip=None, packages_skip_build_finished=False, packages_skip_by_dep=None, packages_skip_regex=None, packages_skip_test_passed=False, packages_skip_up_to=None, packages_start=None, packages_up_to=None, packages_up_to_regex=None, parallel_workers=4, paths=None, symlink_install=False, test_result_base=None, verb_extension=<colcon_core.verb.build.BuildVerb object at 0xffff9e1a4a90>, verb_name='build', verb_parser=<colcon_defaults.argument_parser.defaults.DefaultArgumentsDecorator object at 0xffff9e1b0040>)
[3.101s] Level 1:colcon.colcon_core.package_discovery:discover_packages(colcon_meta) check parameters
[3.102s] Level 1:colcon.colcon_core.package_discovery:discover_packages(recursive) check parameters
[3.103s] Level 1:colcon.colcon_core.package_discovery:discover_packages(ignore) check parameters
[3.104s] Level 1:colcon.colcon_core.package_discovery:discover_packages(path) check parameters
[3.104s] Level 1:colcon.colcon_core.package_discovery:discover_packages(colcon_meta) discover
[3.105s] Level 1:colcon.colcon_core.package_discovery:discover_packages(recursive) discover
[3.106s] INFO:colcon.colcon_core.package_discovery:Crawling recursively for packages in '/home/ubuntu/ros2_ws'
[3.107s] Level 1:colcon.colcon_core.package_identification:_identify(.) by extensions ['ignore', 'ignore_ament_install']
[3.108s] Level 1:colcon.colcon_core.package_identification:_identify(.) by extension 'ignore'
[3.109s] Level 1:colcon.colcon_core.package_identification:_identify(.) by extension 'ignore_ament_install'
[3.111s] Level 1:colcon.colcon_core.package_identification:_identify(.) by extensions ['colcon_pkg']
[3.112s] Level 1:colcon.colcon_core.package_identification:_identify(.) by extension 'colcon_pkg'
[3.113s] Level 1:colcon.colcon_core.package_identification:_identify(.) by extensions ['colcon_meta']
[3.114s] Level 1:colcon.colcon_core.package_identification:_identify(.) by extension 'colcon_meta'
[3.115s] Level 1:colcon.colcon_core.package_identification:_identify(.) by extensions ['ros']
[3.116s] Level 1:colcon.colcon_core.package_identification:_identify(.) by extension 'ros'
[3.263s] Level 1:colcon.colcon_core.package_identification:_identify(.) by extensions ['cmake', 'python']
[3.264s] Level 1:colcon.colcon_core.package_identification:_identify(.) by extension 'cmake'
[3.264s] Level 1:colcon.colcon_core.package_identification:_identify(.) by extension 'python'
[3.265s] Level 1:colcon.colcon_core.package_identification:_identify(.) by extensions ['python_setup_py']
[3.266s] Level 1:colcon.colcon_core.package_identification:_identify(.) by extension 'python_setup_py'
[3.268s] Level 1:colcon.colcon_core.package_identification:_identify(build) by extensions ['ignore', 'ignore_ament_install']
[3.269s] Level 1:colcon.colcon_core.package_identification:_identify(build) by extension 'ignore'
[3.270s] Level 1:colcon.colcon_core.package_identification:_identify(build) ignored
[3.271s] Level 1:colcon.colcon_core.package_identification:_identify(install) by extensions ['ignore', 'ignore_ament_install']
[3.273s] Level 1:colcon.colcon_core.package_identification:_identify(install) by extension 'ignore'
[3.273s] Level 1:colcon.colcon_core.package_identification:_identify(install) ignored
[3.277s] Level 1:colcon.colcon_core.package_identification:_identify(log) by extensions ['ignore', 'ignore_ament_install']
[3.278s] Level 1:colcon.colcon_core.package_identification:_identify(log) by extension 'ignore'
[3.279s] Level 1:colcon.colcon_core.package_identification:_identify(log) ignored
[3.280s] Level 1:colcon.colcon_core.package_identification:_identify(src) by extensions ['ignore', 'ignore_ament_install']
[3.281s] Level 1:colcon.colcon_core.package_identification:_identify(src) by extension 'ignore'
[3.282s] Level 1:colcon.colcon_core.package_identification:_identify(src) by extension 'ignore_ament_install'
[3.283s] Level 1:colcon.colcon_core.package_identification:_identify(src) by extensions ['colcon_pkg']
[3.284s] Level 1:colcon.colcon_core.package_identification:_identify(src) by extension 'colcon_pkg'
[3.285s] Level 1:colcon.colcon_core.package_identification:_identify(src) by extensions ['colcon_meta']
[3.285s] Level 1:colcon.colcon_core.package_identification:_identify(src) by extension 'colcon_meta'
[3.286s] Level 1:colcon.colcon_core.package_identification:_identify(src) by extensions ['ros']
[3.287s] Level 1:colcon.colcon_core.package_identification:_identify(src) by extension 'ros'
[3.288s] Level 1:colcon.colcon_core.package_identification:_identify(src) by extensions ['cmake', 'python']
[3.289s] Level 1:colcon.colcon_core.package_identification:_identify(src) by extension 'cmake'
[3.289s] Level 1:colcon.colcon_core.package_identification:_identify(src) by extension 'python'
[3.290s] Level 1:colcon.colcon_core.package_identification:_identify(src) by extensions ['python_setup_py']
[3.291s] Level 1:colcon.colcon_core.package_identification:_identify(src) by extension 'python_setup_py'
[3.292s] Level 1:colcon.colcon_core.package_identification:_identify(src/build) by extensions ['ignore', 'ignore_ament_install']
[3.294s] Level 1:colcon.colcon_core.package_identification:_identify(src/build) by extension 'ignore'
[3.294s] Level 1:colcon.colcon_core.package_identification:_identify(src/build) ignored
[3.296s] Level 1:colcon.colcon_core.package_identification:_identify(src/install) by extensions ['ignore', 'ignore_ament_install']
[3.297s] Level 1:colcon.colcon_core.package_identification:_identify(src/install) by extension 'ignore'
[3.298s] Level 1:colcon.colcon_core.package_identification:_identify(src/install) ignored
[3.299s] Level 1:colcon.colcon_core.package_identification:_identify(src/log) by extensions ['ignore', 'ignore_ament_install']
[3.301s] Level 1:colcon.colcon_core.package_identification:_identify(src/log) by extension 'ignore'
[3.302s] Level 1:colcon.colcon_core.package_identification:_identify(src/log) ignored
[3.303s] Level 1:colcon.colcon_core.package_identification:_identify(src/raspimouse) by extensions ['ignore', 'ignore_ament_install']
[3.304s] Level 1:colcon.colcon_core.package_identification:_identify(src/raspimouse) by extension 'ignore'
[3.305s] Level 1:colcon.colcon_core.package_identification:_identify(src/raspimouse) by extension 'ignore_ament_install'
[3.306s] Level 1:colcon.colcon_core.package_identification:_identify(src/raspimouse) by extensions ['colcon_pkg']
[3.307s] Level 1:colcon.colcon_core.package_identification:_identify(src/raspimouse) by extension 'colcon_pkg'
[3.308s] Level 1:colcon.colcon_core.package_identification:_identify(src/raspimouse) by extensions ['colcon_meta']
[3.308s] Level 1:colcon.colcon_core.package_identification:_identify(src/raspimouse) by extension 'colcon_meta'
[3.309s] Level 1:colcon.colcon_core.package_identification:_identify(src/raspimouse) by extensions ['ros']
[3.310s] Level 1:colcon.colcon_core.package_identification:_identify(src/raspimouse) by extension 'ros'
[3.340s] DEBUG:colcon.colcon_core.package_identification:Package 'src/raspimouse' with type 'ros.ament_python' and name 'raspimouse'
[3.342s] Level 1:colcon.colcon_core.package_identification:_identify(src/raspimouse_launch) by extensions ['ignore', 'ignore_ament_install']
[3.343s] Level 1:colcon.colcon_core.package_identification:_identify(src/raspimouse_launch) by extension 'ignore'
[3.344s] Level 1:colcon.colcon_core.package_identification:_identify(src/raspimouse_launch) by extension 'ignore_ament_install'
[3.345s] Level 1:colcon.colcon_core.package_identification:_identify(src/raspimouse_launch) by extensions ['colcon_pkg']
[3.346s] Level 1:colcon.colcon_core.package_identification:_identify(src/raspimouse_launch) by extension 'colcon_pkg'
[3.347s] Level 1:colcon.colcon_core.package_identification:_identify(src/raspimouse_launch) by extensions ['colcon_meta']
[3.347s] Level 1:colcon.colcon_core.package_identification:_identify(src/raspimouse_launch) by extension 'colcon_meta'
[3.348s] Level 1:colcon.colcon_core.package_identification:_identify(src/raspimouse_launch) by extensions ['ros']
[3.349s] Level 1:colcon.colcon_core.package_identification:_identify(src/raspimouse_launch) by extension 'ros'
[3.356s] DEBUG:colcon.colcon_core.package_identification:Package 'src/raspimouse_launch' with type 'ros.ament_cmake' and name 'raspimouse_launch'
[3.358s] Level 1:colcon.colcon_core.package_identification:_identify(src/raspimouse_msgs) by extensions ['ignore', 'ignore_ament_install']
[3.359s] Level 1:colcon.colcon_core.package_identification:_identify(src/raspimouse_msgs) by extension 'ignore'
[3.360s] Level 1:colcon.colcon_core.package_identification:_identify(src/raspimouse_msgs) by extension 'ignore_ament_install'
[3.361s] Level 1:colcon.colcon_core.package_identification:_identify(src/raspimouse_msgs) by extensions ['colcon_pkg']
[3.362s] Level 1:colcon.colcon_core.package_identification:_identify(src/raspimouse_msgs) by extension 'colcon_pkg'
[3.363s] Level 1:colcon.colcon_core.package_identification:_identify(src/raspimouse_msgs) by extensions ['colcon_meta']
[3.364s] Level 1:colcon.colcon_core.package_identification:_identify(src/raspimouse_msgs) by extension 'colcon_meta'
[3.365s] Level 1:colcon.colcon_core.package_identification:_identify(src/raspimouse_msgs) by extensions ['ros']
[3.366s] Level 1:colcon.colcon_core.package_identification:_identify(src/raspimouse_msgs) by extension 'ros'
[3.375s] DEBUG:colcon.colcon_core.package_identification:Package 'src/raspimouse_msgs' with type 'ros.ament_cmake' and name 'raspimouse_msgs'
[3.376s] Level 1:colcon.colcon_core.package_identification:_identify(src/raspimouse_run_corridor) by extensions ['ignore', 'ignore_ament_install']
[3.377s] Level 1:colcon.colcon_core.package_identification:_identify(src/raspimouse_run_corridor) by extension 'ignore'
[3.378s] Level 1:colcon.colcon_core.package_identification:_identify(src/raspimouse_run_corridor) by extension 'ignore_ament_install'
[3.379s] Level 1:colcon.colcon_core.package_identification:_identify(src/raspimouse_run_corridor) by extensions ['colcon_pkg']
[3.380s] Level 1:colcon.colcon_core.package_identification:_identify(src/raspimouse_run_corridor) by extension 'colcon_pkg'
[3.381s] Level 1:colcon.colcon_core.package_identification:_identify(src/raspimouse_run_corridor) by extensions ['colcon_meta']
[3.381s] Level 1:colcon.colcon_core.package_identification:_identify(src/raspimouse_run_corridor) by extension 'colcon_meta'
[3.382s] Level 1:colcon.colcon_core.package_identification:_identify(src/raspimouse_run_corridor) by extensions ['ros']
[3.383s] Level 1:colcon.colcon_core.package_identification:_identify(src/raspimouse_run_corridor) by extension 'ros'
[3.391s] DEBUG:colcon.colcon_core.package_identification:Package 'src/raspimouse_run_corridor' with type 'ros.ament_python' and name 'raspimouse_run_corridor'
[3.391s] Level 1:colcon.colcon_core.package_discovery:discover_packages(recursive) using defaults
[3.392s] Level 1:colcon.colcon_core.package_discovery:discover_packages(ignore) discover
[3.392s] Level 1:colcon.colcon_core.package_discovery:discover_packages(ignore) using defaults
[3.393s] Level 1:colcon.colcon_core.package_discovery:discover_packages(path) discover
[3.393s] Level 1:colcon.colcon_core.package_discovery:discover_packages(path) using defaults
[3.621s] Level 5:colcon.colcon_core.verb:set package 'raspimouse' build argument 'cmake_args' from command line to 'None'
[3.622s] Level 5:colcon.colcon_core.verb:set package 'raspimouse' build argument 'cmake_target' from command line to 'None'
[3.623s] Level 5:colcon.colcon_core.verb:set package 'raspimouse' build argument 'cmake_target_skip_unavailable' from command line to 'False'
[3.623s] Level 5:colcon.colcon_core.verb:set package 'raspimouse' build argument 'cmake_clean_cache' from command line to 'False'
[3.624s] Level 5:colcon.colcon_core.verb:set package 'raspimouse' build argument 'cmake_clean_first' from command line to 'False'
[3.624s] Level 5:colcon.colcon_core.verb:set package 'raspimouse' build argument 'cmake_force_configure' from command line to 'False'
[3.625s] Level 5:colcon.colcon_core.verb:set package 'raspimouse' build argument 'ament_cmake_args' from command line to 'None'
[3.625s] Level 5:colcon.colcon_core.verb:set package 'raspimouse' build argument 'catkin_cmake_args' from command line to 'None'
[3.626s] Level 5:colcon.colcon_core.verb:set package 'raspimouse' build argument 'catkin_skip_building_tests' from command line to 'False'
[3.627s] DEBUG:colcon.colcon_core.verb:Building package 'raspimouse' with the following arguments: {'ament_cmake_args': None, 'build_base': '/home/ubuntu/ros2_ws/build/raspimouse', 'catkin_cmake_args': None, 'catkin_skip_building_tests': False, 'cmake_args': None, 'cmake_clean_cache': False, 'cmake_clean_first': False, 'cmake_force_configure': False, 'cmake_target': None, 'cmake_target_skip_unavailable': False, 'install_base': '/home/ubuntu/ros2_ws/install/raspimouse', 'merge_install': False, 'path': '/home/ubuntu/ros2_ws/src/raspimouse', 'symlink_install': False, 'test_result_base': None}
[3.654s] Level 5:colcon.colcon_core.verb:set package 'raspimouse_msgs' build argument 'cmake_args' from command line to 'None'
[3.655s] Level 5:colcon.colcon_core.verb:set package 'raspimouse_msgs' build argument 'cmake_target' from command line to 'None'
[3.656s] Level 5:colcon.colcon_core.verb:set package 'raspimouse_msgs' build argument 'cmake_target_skip_unavailable' from command line to 'False'
[3.657s] Level 5:colcon.colcon_core.verb:set package 'raspimouse_msgs' build argument 'cmake_clean_cache' from command line to 'False'
[3.658s] Level 5:colcon.colcon_core.verb:set package 'raspimouse_msgs' build argument 'cmake_clean_first' from command line to 'False'
[3.658s] Level 5:colcon.colcon_core.verb:set package 'raspimouse_msgs' build argument 'cmake_force_configure' from command line to 'False'
[3.659s] Level 5:colcon.colcon_core.verb:set package 'raspimouse_msgs' build argument 'ament_cmake_args' from command line to 'None'
[3.660s] Level 5:colcon.colcon_core.verb:set package 'raspimouse_msgs' build argument 'catkin_cmake_args' from command line to 'None'
[3.661s] Level 5:colcon.colcon_core.verb:set package 'raspimouse_msgs' build argument 'catkin_skip_building_tests' from command line to 'False'
[3.661s] DEBUG:colcon.colcon_core.verb:Building package 'raspimouse_msgs' with the following arguments: {'ament_cmake_args': None, 'build_base': '/home/ubuntu/ros2_ws/build/raspimouse_msgs', 'catkin_cmake_args': None, 'catkin_skip_building_tests': False, 'cmake_args': None, 'cmake_clean_cache': False, 'cmake_clean_first': False, 'cmake_force_configure': False, 'cmake_target': None, 'cmake_target_skip_unavailable': False, 'install_base': '/home/ubuntu/ros2_ws/install/raspimouse_msgs', 'merge_install': False, 'path': '/home/ubuntu/ros2_ws/src/raspimouse_msgs', 'symlink_install': False, 'test_result_base': None}
[3.688s] Level 5:colcon.colcon_core.verb:set package 'raspimouse_launch' build argument 'cmake_args' from command line to 'None'
[3.689s] Level 5:colcon.colcon_core.verb:set package 'raspimouse_launch' build argument 'cmake_target' from command line to 'None'
[3.690s] Level 5:colcon.colcon_core.verb:set package 'raspimouse_launch' build argument 'cmake_target_skip_unavailable' from command line to 'False'
[3.691s] Level 5:colcon.colcon_core.verb:set package 'raspimouse_launch' build argument 'cmake_clean_cache' from command line to 'False'
[3.691s] Level 5:colcon.colcon_core.verb:set package 'raspimouse_launch' build argument 'cmake_clean_first' from command line to 'False'
[3.692s] Level 5:colcon.colcon_core.verb:set package 'raspimouse_launch' build argument 'cmake_force_configure' from command line to 'False'
[3.693s] Level 5:colcon.colcon_core.verb:set package 'raspimouse_launch' build argument 'ament_cmake_args' from command line to 'None'
[3.694s] Level 5:colcon.colcon_core.verb:set package 'raspimouse_launch' build argument 'catkin_cmake_args' from command line to 'None'
[3.694s] Level 5:colcon.colcon_core.verb:set package 'raspimouse_launch' build argument 'catkin_skip_building_tests' from command line to 'False'
[3.695s] DEBUG:colcon.colcon_core.verb:Building package 'raspimouse_launch' with the following arguments: {'ament_cmake_args': None, 'build_base': '/home/ubuntu/ros2_ws/build/raspimouse_launch', 'catkin_cmake_args': None, 'catkin_skip_building_tests': False, 'cmake_args': None, 'cmake_clean_cache': False, 'cmake_clean_first': False, 'cmake_force_configure': False, 'cmake_target': None, 'cmake_target_skip_unavailable': False, 'install_base': '/home/ubuntu/ros2_ws/install/raspimouse_launch', 'merge_install': False, 'path': '/home/ubuntu/ros2_ws/src/raspimouse_launch', 'symlink_install': False, 'test_result_base': None}
[3.719s] Level 5:colcon.colcon_core.verb:set package 'raspimouse_run_corridor' build argument 'cmake_args' from command line to 'None'
[3.720s] Level 5:colcon.colcon_core.verb:set package 'raspimouse_run_corridor' build argument 'cmake_target' from command line to 'None'
[3.720s] Level 5:colcon.colcon_core.verb:set package 'raspimouse_run_corridor' build argument 'cmake_target_skip_unavailable' from command line to 'False'
[3.721s] Level 5:colcon.colcon_core.verb:set package 'raspimouse_run_corridor' build argument 'cmake_clean_cache' from command line to 'False'
[3.721s] Level 5:colcon.colcon_core.verb:set package 'raspimouse_run_corridor' build argument 'cmake_clean_first' from command line to 'False'
[3.722s] Level 5:colcon.colcon_core.verb:set package 'raspimouse_run_corridor' build argument 'cmake_force_configure' from command line to 'False'
[3.722s] Level 5:colcon.colcon_core.verb:set package 'raspimouse_run_corridor' build argument 'ament_cmake_args' from command line to 'None'
[3.723s] Level 5:colcon.colcon_core.verb:set package 'raspimouse_run_corridor' build argument 'catkin_cmake_args' from command line to 'None'
[3.723s] Level 5:colcon.colcon_core.verb:set package 'raspimouse_run_corridor' build argument 'catkin_skip_building_tests' from command line to 'False'
[3.724s] DEBUG:colcon.colcon_core.verb:Building package 'raspimouse_run_corridor' with the following arguments: {'ament_cmake_args': None, 'build_base': '/home/ubuntu/ros2_ws/build/raspimouse_run_corridor', 'catkin_cmake_args': None, 'catkin_skip_building_tests': False, 'cmake_args': None, 'cmake_clean_cache': False, 'cmake_clean_first': False, 'cmake_force_configure': False, 'cmake_target': None, 'cmake_target_skip_unavailable': False, 'install_base': '/home/ubuntu/ros2_ws/install/raspimouse_run_corridor', 'merge_install': False, 'path': '/home/ubuntu/ros2_ws/src/raspimouse_run_corridor', 'symlink_install': False, 'test_result_base': None}
[3.728s] INFO:colcon.colcon_core.executor:Executing jobs using 'parallel' executor
[3.747s] DEBUG:colcon.colcon_parallel_executor.executor.parallel:run_until_complete
[3.751s] INFO:colcon.colcon_ros.task.ament_python.build:Building ROS package in '/home/ubuntu/ros2_ws/src/raspimouse' with build type 'ament_python'
[3.753s] Level 1:colcon.colcon_core.shell:create_environment_hook('raspimouse', 'ament_prefix_path')
[3.802s] INFO:colcon.colcon_core.plugin_system:Skipping extension 'colcon_core.shell.bat': Not used on non-Windows systems
[3.806s] INFO:colcon.colcon_core.shell:Creating environment hook '/home/ubuntu/ros2_ws/install/raspimouse/share/raspimouse/hook/ament_prefix_path.ps1'
[3.815s] INFO:colcon.colcon_core.shell:Creating environment descriptor '/home/ubuntu/ros2_ws/install/raspimouse/share/raspimouse/hook/ament_prefix_path.dsv'
[3.827s] INFO:colcon.colcon_core.shell:Creating environment hook '/home/ubuntu/ros2_ws/install/raspimouse/share/raspimouse/hook/ament_prefix_path.sh'
[3.840s] INFO:colcon.colcon_core.shell:Skip shell extension 'powershell' for command environment: Not usable outside of PowerShell
[3.841s] DEBUG:colcon.colcon_core.shell:Skip shell extension 'dsv' for command environment
[4.138s] DEBUG:colcon.colcon_core.shell:Ignoring prefix path '/opt/ros/foxy'
[4.162s] INFO:colcon.colcon_ros.task.ament_cmake.build:Building ROS package in '/home/ubuntu/ros2_ws/src/raspimouse_msgs' with build type 'ament_cmake'
[4.164s] INFO:colcon.colcon_cmake.task.cmake.build:Building CMake package in '/home/ubuntu/ros2_ws/src/raspimouse_msgs'
[4.172s] INFO:colcon.colcon_core.shell:Skip shell extension 'powershell' for command environment: Not usable outside of PowerShell
[4.172s] DEBUG:colcon.colcon_core.shell:Skip shell extension 'dsv' for command environment
[4.192s] DEBUG:colcon.colcon_core.shell:Ignoring prefix path '/opt/ros/foxy'
[6.056s] INFO:colcon.colcon_core.task.python.build:Building Python package in '/home/ubuntu/ros2_ws/src/raspimouse'
[6.062s] INFO:colcon.colcon_core.shell:Skip shell extension 'powershell' for command environment: Not usable outside of PowerShell
[6.063s] DEBUG:colcon.colcon_core.shell:Skip shell extension 'dsv' for command environment
[6.081s] DEBUG:colcon.colcon_core.shell:Ignoring prefix path '/opt/ros/foxy'
[6.135s] DEBUG:colcon.colcon_core.event_handler.log_command:Invoking command in '/home/ubuntu/ros2_ws/build/raspimouse_msgs': CMAKE_PREFIX_PATH=${CMAKE_PREFIX_PATH}:/home/ubuntu/ros2_ws/install/raspimouse_run_corridor:/home/ubuntu/ros2_ws/install/raspimouse:/opt/ros/foxy /usr/bin/cmake --build /home/ubuntu/ros2_ws/build/raspimouse_msgs -- -j4 -l4
[6.486s] DEBUG:colcon.colcon_core.event_handler.log_command:Invoking command in '/home/ubuntu/ros2_ws/src/raspimouse': PYTHONPATH=/home/ubuntu/ros2_ws/install/raspimouse/lib/python3.8/site-packages:${PYTHONPATH} /usr/bin/python3 setup.py egg_info --egg-base ../../build/raspimouse build --build-base /home/ubuntu/ros2_ws/build/raspimouse/build install --prefix /home/ubuntu/ros2_ws/install/raspimouse --record /home/ubuntu/ros2_ws/build/raspimouse/install.log --single-version-externally-managed
[9.155s] DEBUG:colcon.colcon_core.event_handler.log_command:Invoked command in '/home/ubuntu/ros2_ws/build/raspimouse_msgs' returned '0': CMAKE_PREFIX_PATH=${CMAKE_PREFIX_PATH}:/home/ubuntu/ros2_ws/install/raspimouse_run_corridor:/home/ubuntu/ros2_ws/install/raspimouse:/opt/ros/foxy /usr/bin/cmake --build /home/ubuntu/ros2_ws/build/raspimouse_msgs -- -j4 -l4
[9.894s] DEBUG:colcon.colcon_core.event_handler.log_command:Invoked command in '/home/ubuntu/ros2_ws/src/raspimouse' returned '0': PYTHONPATH=/home/ubuntu/ros2_ws/install/raspimouse/lib/python3.8/site-packages:${PYTHONPATH} /usr/bin/python3 setup.py egg_info --egg-base ../../build/raspimouse build --build-base /home/ubuntu/ros2_ws/build/raspimouse/build install --prefix /home/ubuntu/ros2_ws/install/raspimouse --record /home/ubuntu/ros2_ws/build/raspimouse/install.log --single-version-externally-managed
[9.965s] Level 1:colcon.colcon_core.environment:checking '/home/ubuntu/ros2_ws/install/raspimouse' for CMake module files
[9.977s] Level 1:colcon.colcon_core.environment:checking '/home/ubuntu/ros2_ws/install/raspimouse' for CMake config files
[9.987s] Level 1:colcon.colcon_core.environment:checking '/home/ubuntu/ros2_ws/install/raspimouse/lib'
[9.990s] Level 1:colcon.colcon_core.environment:checking '/home/ubuntu/ros2_ws/install/raspimouse/bin'
[9.991s] Level 1:colcon.colcon_core.environment:checking '/home/ubuntu/ros2_ws/install/raspimouse/lib/pkgconfig/raspimouse.pc'
[9.993s] Level 1:colcon.colcon_core.environment:checking '/home/ubuntu/ros2_ws/install/raspimouse/lib/python3.8/site-packages'
[9.996s] Level 1:colcon.colcon_core.shell:create_environment_hook('raspimouse', 'pythonpath')
[10.005s] INFO:colcon.colcon_core.shell:Creating environment hook '/home/ubuntu/ros2_ws/install/raspimouse/share/raspimouse/hook/pythonpath.ps1'
[10.012s] INFO:colcon.colcon_core.shell:Creating environment descriptor '/home/ubuntu/ros2_ws/install/raspimouse/share/raspimouse/hook/pythonpath.dsv'
[10.017s] INFO:colcon.colcon_core.shell:Creating environment hook '/home/ubuntu/ros2_ws/install/raspimouse/share/raspimouse/hook/pythonpath.sh'
[10.024s] Level 1:colcon.colcon_core.environment:create_environment_scripts_only(raspimouse)
[10.034s] INFO:colcon.colcon_core.shell:Creating package script '/home/ubuntu/ros2_ws/install/raspimouse/share/raspimouse/package.ps1'
[10.047s] INFO:colcon.colcon_core.shell:Creating package descriptor '/home/ubuntu/ros2_ws/install/raspimouse/share/raspimouse/package.dsv'
[10.056s] INFO:colcon.colcon_core.shell:Creating package script '/home/ubuntu/ros2_ws/install/raspimouse/share/raspimouse/package.sh'
[10.068s] INFO:colcon.colcon_core.shell:Creating package script '/home/ubuntu/ros2_ws/install/raspimouse/share/raspimouse/package.bash'
[10.079s] INFO:colcon.colcon_core.shell:Creating package script '/home/ubuntu/ros2_ws/install/raspimouse/share/raspimouse/package.zsh'
[10.089s] Level 1:colcon.colcon_core.environment:create_file_with_runtime_dependencies(/home/ubuntu/ros2_ws/install/raspimouse/share/colcon-core/packages/raspimouse)
[10.101s] INFO:colcon.colcon_ros.task.ament_cmake.build:Building ROS package in '/home/ubuntu/ros2_ws/src/raspimouse_launch' with build type 'ament_cmake'
[10.104s] INFO:colcon.colcon_cmake.task.cmake.build:Building CMake package in '/home/ubuntu/ros2_ws/src/raspimouse_launch'
[10.114s] INFO:colcon.colcon_core.shell:Skip shell extension 'powershell' for command environment: Not usable outside of PowerShell
[10.115s] DEBUG:colcon.colcon_core.shell:Skip shell extension 'dsv' for command environment
[10.146s] DEBUG:colcon.colcon_core.shell:Ignoring prefix path '/opt/ros/foxy'
[10.171s] INFO:colcon.colcon_ros.task.ament_python.build:Building ROS package in '/home/ubuntu/ros2_ws/src/raspimouse_run_corridor' with build type 'ament_python'
[10.174s] Level 1:colcon.colcon_core.shell:create_environment_hook('raspimouse_run_corridor', 'ament_prefix_path')
[10.185s] INFO:colcon.colcon_core.shell:Creating environment hook '/home/ubuntu/ros2_ws/install/raspimouse_run_corridor/share/raspimouse_run_corridor/hook/ament_prefix_path.ps1'
[10.191s] INFO:colcon.colcon_core.shell:Creating environment descriptor '/home/ubuntu/ros2_ws/install/raspimouse_run_corridor/share/raspimouse_run_corridor/hook/ament_prefix_path.dsv'
[10.197s] INFO:colcon.colcon_core.shell:Creating environment hook '/home/ubuntu/ros2_ws/install/raspimouse_run_corridor/share/raspimouse_run_corridor/hook/ament_prefix_path.sh'
[10.213s] INFO:colcon.colcon_core.shell:Skip shell extension 'powershell' for command environment: Not usable outside of PowerShell
[10.215s] DEBUG:colcon.colcon_core.shell:Skip shell extension 'dsv' for command environment
[10.242s] DEBUG:colcon.colcon_core.shell:Ignoring prefix path '/opt/ros/foxy'
[10.356s] DEBUG:colcon.colcon_core.event_handler.log_command:Invoking command in '/home/ubuntu/ros2_ws/build/raspimouse_launch': AMENT_PREFIX_PATH=/home/ubuntu/ros2_ws/install/raspimouse:/home/ubuntu/ros2_ws/install/raspimouse_run_corridor:/home/ubuntu/ros2_ws/install/raspimouse_msgs:/home/ubuntu/ros2_ws/install/raspimouse_launch:/opt/ros/foxy CMAKE_PREFIX_PATH=${CMAKE_PREFIX_PATH}:/home/ubuntu/ros2_ws/install/raspimouse_run_corridor:/home/ubuntu/ros2_ws/install/raspimouse:/opt/ros/foxy PYTHONPATH=/home/ubuntu/ros2_ws/install/raspimouse/lib/python3.8/site-packages:/home/ubuntu/ros2_ws/install/raspimouse_run_corridor/lib/python3.8/site-packages:/home/ubuntu/ros2_ws/install/raspimouse_msgs/lib/python3.8/site-packages:/opt/ros/foxy/lib/python3.8/site-packages /usr/bin/cmake --build /home/ubuntu/ros2_ws/build/raspimouse_launch -- -j4 -l4
[13.131s] INFO:colcon.colcon_core.task.python.build:Building Python package in '/home/ubuntu/ros2_ws/src/raspimouse_run_corridor'
[13.145s] INFO:colcon.colcon_core.shell:Skip shell extension 'powershell' for command environment: Not usable outside of PowerShell
[13.151s] DEBUG:colcon.colcon_core.shell:Skip shell extension 'dsv' for command environment
[13.196s] DEBUG:colcon.colcon_core.shell:Ignoring prefix path '/opt/ros/foxy'
[13.394s] DEBUG:colcon.colcon_core.event_handler.log_command:Invoking command in '/home/ubuntu/ros2_ws/build/raspimouse_msgs': CMAKE_PREFIX_PATH=${CMAKE_PREFIX_PATH}:/home/ubuntu/ros2_ws/install/raspimouse_run_corridor:/home/ubuntu/ros2_ws/install/raspimouse:/opt/ros/foxy /usr/bin/cmake --install /home/ubuntu/ros2_ws/build/raspimouse_msgs
[13.443s] DEBUG:colcon.colcon_core.event_handler.log_command:Invoked command in '/home/ubuntu/ros2_ws/build/raspimouse_launch' returned '0': AMENT_PREFIX_PATH=/home/ubuntu/ros2_ws/install/raspimouse:/home/ubuntu/ros2_ws/install/raspimouse_run_corridor:/home/ubuntu/ros2_ws/install/raspimouse_msgs:/home/ubuntu/ros2_ws/install/raspimouse_launch:/opt/ros/foxy CMAKE_PREFIX_PATH=${CMAKE_PREFIX_PATH}:/home/ubuntu/ros2_ws/install/raspimouse_run_corridor:/home/ubuntu/ros2_ws/install/raspimouse:/opt/ros/foxy PYTHONPATH=/home/ubuntu/ros2_ws/install/raspimouse/lib/python3.8/site-packages:/home/ubuntu/ros2_ws/install/raspimouse_run_corridor/lib/python3.8/site-packages:/home/ubuntu/ros2_ws/install/raspimouse_msgs/lib/python3.8/site-packages:/opt/ros/foxy/lib/python3.8/site-packages /usr/bin/cmake --build /home/ubuntu/ros2_ws/build/raspimouse_launch -- -j4 -l4
[13.561s] DEBUG:colcon.colcon_core.event_handler.log_command:Invoking command in '/home/ubuntu/ros2_ws/src/raspimouse_run_corridor': AMENT_PREFIX_PATH=/home/ubuntu/ros2_ws/install/raspimouse:/home/ubuntu/ros2_ws/install/raspimouse_run_corridor:/home/ubuntu/ros2_ws/install/raspimouse_msgs:/home/ubuntu/ros2_ws/install/raspimouse_launch:/opt/ros/foxy PYTHONPATH=/home/ubuntu/ros2_ws/install/raspimouse_run_corridor/lib/python3.8/site-packages:/home/ubuntu/ros2_ws/install/raspimouse/lib/python3.8/site-packages:/home/ubuntu/ros2_ws/install/raspimouse_run_corridor/lib/python3.8/site-packages:/home/ubuntu/ros2_ws/install/raspimouse_msgs/lib/python3.8/site-packages:/opt/ros/foxy/lib/python3.8/site-packages /usr/bin/python3 setup.py egg_info --egg-base ../../build/raspimouse_run_corridor build --build-base /home/ubuntu/ros2_ws/build/raspimouse_run_corridor/build install --prefix /home/ubuntu/ros2_ws/install/raspimouse_run_corridor --record /home/ubuntu/ros2_ws/build/raspimouse_run_corridor/install.log --single-version-externally-managed
[14.453s] Level 1:colcon.colcon_core.environment:create_environment_scripts_only(raspimouse_launch)
[14.490s] Level 1:colcon.colcon_core.environment:checking '/home/ubuntu/ros2_ws/install/raspimouse_launch' for CMake module files
[14.496s] DEBUG:colcon.colcon_core.event_handler.log_command:Invoking command in '/home/ubuntu/ros2_ws/build/raspimouse_launch': AMENT_PREFIX_PATH=/home/ubuntu/ros2_ws/install/raspimouse:/home/ubuntu/ros2_ws/install/raspimouse_run_corridor:/home/ubuntu/ros2_ws/install/raspimouse_msgs:/home/ubuntu/ros2_ws/install/raspimouse_launch:/opt/ros/foxy CMAKE_PREFIX_PATH=${CMAKE_PREFIX_PATH}:/home/ubuntu/ros2_ws/install/raspimouse_run_corridor:/home/ubuntu/ros2_ws/install/raspimouse:/opt/ros/foxy PYTHONPATH=/home/ubuntu/ros2_ws/install/raspimouse/lib/python3.8/site-packages:/home/ubuntu/ros2_ws/install/raspimouse_run_corridor/lib/python3.8/site-packages:/home/ubuntu/ros2_ws/install/raspimouse_msgs/lib/python3.8/site-packages:/opt/ros/foxy/lib/python3.8/site-packages /usr/bin/cmake --install /home/ubuntu/ros2_ws/build/raspimouse_launch
[14.508s] Level 1:colcon.colcon_core.environment:checking '/home/ubuntu/ros2_ws/install/raspimouse_launch' for CMake config files
[14.519s] Level 1:colcon.colcon_core.shell:create_environment_hook('raspimouse_launch', 'cmake_prefix_path')
[14.530s] INFO:colcon.colcon_core.shell:Creating environment hook '/home/ubuntu/ros2_ws/install/raspimouse_launch/share/raspimouse_launch/hook/cmake_prefix_path.ps1'
[14.547s] INFO:colcon.colcon_core.shell:Creating environment descriptor '/home/ubuntu/ros2_ws/install/raspimouse_launch/share/raspimouse_launch/hook/cmake_prefix_path.dsv'
[14.571s] INFO:colcon.colcon_core.shell:Creating environment hook '/home/ubuntu/ros2_ws/install/raspimouse_launch/share/raspimouse_launch/hook/cmake_prefix_path.sh'
[14.584s] DEBUG:colcon.colcon_core.event_handler.log_command:Invoked command in '/home/ubuntu/ros2_ws/build/raspimouse_launch' returned '0': AMENT_PREFIX_PATH=/home/ubuntu/ros2_ws/install/raspimouse:/home/ubuntu/ros2_ws/install/raspimouse_run_corridor:/home/ubuntu/ros2_ws/install/raspimouse_msgs:/home/ubuntu/ros2_ws/install/raspimouse_launch:/opt/ros/foxy CMAKE_PREFIX_PATH=${CMAKE_PREFIX_PATH}:/home/ubuntu/ros2_ws/install/raspimouse_run_corridor:/home/ubuntu/ros2_ws/install/raspimouse:/opt/ros/foxy PYTHONPATH=/home/ubuntu/ros2_ws/install/raspimouse/lib/python3.8/site-packages:/home/ubuntu/ros2_ws/install/raspimouse_run_corridor/lib/python3.8/site-packages:/home/ubuntu/ros2_ws/install/raspimouse_msgs/lib/python3.8/site-packages:/opt/ros/foxy/lib/python3.8/site-packages /usr/bin/cmake --install /home/ubuntu/ros2_ws/build/raspimouse_launch
[14.588s] Level 1:colcon.colcon_core.environment:checking '/home/ubuntu/ros2_ws/install/raspimouse_launch/bin'
[14.589s] Level 1:colcon.colcon_core.environment:checking '/home/ubuntu/ros2_ws/install/raspimouse_launch/lib/pkgconfig/raspimouse_launch.pc'
[14.591s] Level 1:colcon.colcon_core.environment:checking '/home/ubuntu/ros2_ws/install/raspimouse_launch/lib/python3.8/site-packages'
[14.607s] INFO:colcon.colcon_core.shell:Creating package script '/home/ubuntu/ros2_ws/install/raspimouse_launch/share/raspimouse_launch/package.ps1'
[14.622s] INFO:colcon.colcon_core.shell:Creating package descriptor '/home/ubuntu/ros2_ws/install/raspimouse_launch/share/raspimouse_launch/package.dsv'
[14.630s] INFO:colcon.colcon_core.shell:Creating package script '/home/ubuntu/ros2_ws/install/raspimouse_launch/share/raspimouse_launch/package.sh'
[14.646s] INFO:colcon.colcon_core.shell:Creating package script '/home/ubuntu/ros2_ws/install/raspimouse_launch/share/raspimouse_launch/package.bash'
[14.651s] INFO:colcon.colcon_core.shell:Creating package script '/home/ubuntu/ros2_ws/install/raspimouse_launch/share/raspimouse_launch/package.zsh'
[14.670s] Level 1:colcon.colcon_core.environment:create_file_with_runtime_dependencies(/home/ubuntu/ros2_ws/install/raspimouse_launch/share/colcon-core/packages/raspimouse_launch)
[15.372s] Level 1:colcon.colcon_core.environment:create_environment_scripts_only(raspimouse_msgs)
[15.377s] DEBUG:colcon.colcon_core.event_handler.log_command:Invoked command in '/home/ubuntu/ros2_ws/build/raspimouse_msgs' returned '0': CMAKE_PREFIX_PATH=${CMAKE_PREFIX_PATH}:/home/ubuntu/ros2_ws/install/raspimouse_run_corridor:/home/ubuntu/ros2_ws/install/raspimouse:/opt/ros/foxy /usr/bin/cmake --install /home/ubuntu/ros2_ws/build/raspimouse_msgs
[15.387s] Level 1:colcon.colcon_core.environment:checking '/home/ubuntu/ros2_ws/install/raspimouse_msgs' for CMake module files
[15.398s] Level 1:colcon.colcon_core.environment:checking '/home/ubuntu/ros2_ws/install/raspimouse_msgs' for CMake config files
[15.408s] Level 1:colcon.colcon_core.shell:create_environment_hook('raspimouse_msgs', 'cmake_prefix_path')
[15.415s] INFO:colcon.colcon_core.shell:Creating environment hook '/home/ubuntu/ros2_ws/install/raspimouse_msgs/share/raspimouse_msgs/hook/cmake_prefix_path.ps1'
[15.420s] INFO:colcon.colcon_core.shell:Creating environment descriptor '/home/ubuntu/ros2_ws/install/raspimouse_msgs/share/raspimouse_msgs/hook/cmake_prefix_path.dsv'
[15.425s] INFO:colcon.colcon_core.shell:Creating environment hook '/home/ubuntu/ros2_ws/install/raspimouse_msgs/share/raspimouse_msgs/hook/cmake_prefix_path.sh'
[15.432s] Level 1:colcon.colcon_core.environment:checking '/home/ubuntu/ros2_ws/install/raspimouse_msgs/lib'
[15.434s] Level 1:colcon.colcon_core.shell:create_environment_hook('raspimouse_msgs', 'ld_library_path_lib')
[15.443s] INFO:colcon.colcon_core.shell:Creating environment hook '/home/ubuntu/ros2_ws/install/raspimouse_msgs/share/raspimouse_msgs/hook/ld_library_path_lib.ps1'
[15.449s] INFO:colcon.colcon_core.shell:Creating environment descriptor '/home/ubuntu/ros2_ws/install/raspimouse_msgs/share/raspimouse_msgs/hook/ld_library_path_lib.dsv'
[15.454s] INFO:colcon.colcon_core.shell:Creating environment hook '/home/ubuntu/ros2_ws/install/raspimouse_msgs/share/raspimouse_msgs/hook/ld_library_path_lib.sh'
[15.459s] Level 1:colcon.colcon_core.environment:checking '/home/ubuntu/ros2_ws/install/raspimouse_msgs/bin'
[15.460s] Level 1:colcon.colcon_core.environment:checking '/home/ubuntu/ros2_ws/install/raspimouse_msgs/lib/pkgconfig/raspimouse_msgs.pc'
[15.462s] Level 1:colcon.colcon_core.environment:checking '/home/ubuntu/ros2_ws/install/raspimouse_msgs/lib/python3.8/site-packages'
[15.463s] Level 1:colcon.colcon_core.shell:create_environment_hook('raspimouse_msgs', 'pythonpath')
[15.470s] INFO:colcon.colcon_core.shell:Creating environment hook '/home/ubuntu/ros2_ws/install/raspimouse_msgs/share/raspimouse_msgs/hook/pythonpath.ps1'
[15.476s] INFO:colcon.colcon_core.shell:Creating environment descriptor '/home/ubuntu/ros2_ws/install/raspimouse_msgs/share/raspimouse_msgs/hook/pythonpath.dsv'
[15.482s] INFO:colcon.colcon_core.shell:Creating environment hook '/home/ubuntu/ros2_ws/install/raspimouse_msgs/share/raspimouse_msgs/hook/pythonpath.sh'
[15.496s] INFO:colcon.colcon_core.shell:Creating package script '/home/ubuntu/ros2_ws/install/raspimouse_msgs/share/raspimouse_msgs/package.ps1'
[15.516s] INFO:colcon.colcon_core.shell:Creating package descriptor '/home/ubuntu/ros2_ws/install/raspimouse_msgs/share/raspimouse_msgs/package.dsv'
[15.523s] INFO:colcon.colcon_core.shell:Creating package script '/home/ubuntu/ros2_ws/install/raspimouse_msgs/share/raspimouse_msgs/package.sh'
[15.531s] INFO:colcon.colcon_core.shell:Creating package script '/home/ubuntu/ros2_ws/install/raspimouse_msgs/share/raspimouse_msgs/package.bash'
[15.535s] INFO:colcon.colcon_core.shell:Creating package script '/home/ubuntu/ros2_ws/install/raspimouse_msgs/share/raspimouse_msgs/package.zsh'
[15.540s] Level 1:colcon.colcon_core.environment:create_file_with_runtime_dependencies(/home/ubuntu/ros2_ws/install/raspimouse_msgs/share/colcon-core/packages/raspimouse_msgs)
[15.584s] Level 1:colcon.colcon_core.environment:create_environment_scripts_only(raspimouse_launch)
[15.596s] Level 1:colcon.colcon_core.environment:checking '/home/ubuntu/ros2_ws/install/raspimouse_launch' for CMake module files
[15.603s] Level 1:colcon.colcon_core.environment:checking '/home/ubuntu/ros2_ws/install/raspimouse_launch' for CMake config files
[15.607s] Level 1:colcon.colcon_core.shell:create_environment_hook('raspimouse_launch', 'cmake_prefix_path')
[15.614s] INFO:colcon.colcon_core.shell:Creating environment hook '/home/ubuntu/ros2_ws/install/raspimouse_launch/share/raspimouse_launch/hook/cmake_prefix_path.ps1'
[15.619s] INFO:colcon.colcon_core.shell:Creating environment descriptor '/home/ubuntu/ros2_ws/install/raspimouse_launch/share/raspimouse_launch/hook/cmake_prefix_path.dsv'
[15.624s] INFO:colcon.colcon_core.shell:Creating environment hook '/home/ubuntu/ros2_ws/install/raspimouse_launch/share/raspimouse_launch/hook/cmake_prefix_path.sh'
[15.631s] Level 1:colcon.colcon_core.environment:checking '/home/ubuntu/ros2_ws/install/raspimouse_launch/bin'
[15.633s] Level 1:colcon.colcon_core.environment:checking '/home/ubuntu/ros2_ws/install/raspimouse_launch/lib/pkgconfig/raspimouse_launch.pc'
[15.634s] Level 1:colcon.colcon_core.environment:checking '/home/ubuntu/ros2_ws/install/raspimouse_launch/lib/python3.8/site-packages'
[15.642s] INFO:colcon.colcon_core.shell:Creating package script '/home/ubuntu/ros2_ws/install/raspimouse_launch/share/raspimouse_launch/package.ps1'
[15.652s] INFO:colcon.colcon_core.shell:Creating package descriptor '/home/ubuntu/ros2_ws/install/raspimouse_launch/share/raspimouse_launch/package.dsv'
[15.659s] INFO:colcon.colcon_core.shell:Creating package script '/home/ubuntu/ros2_ws/install/raspimouse_launch/share/raspimouse_launch/package.sh'
[15.664s] INFO:colcon.colcon_core.shell:Creating package script '/home/ubuntu/ros2_ws/install/raspimouse_launch/share/raspimouse_launch/package.bash'
[15.671s] INFO:colcon.colcon_core.shell:Creating package script '/home/ubuntu/ros2_ws/install/raspimouse_launch/share/raspimouse_launch/package.zsh'
[15.677s] Level 1:colcon.colcon_core.environment:create_file_with_runtime_dependencies(/home/ubuntu/ros2_ws/install/raspimouse_launch/share/colcon-core/packages/raspimouse_launch)
[17.670s] Level 1:colcon.colcon_core.environment:create_environment_scripts_only(raspimouse_msgs)
[17.691s] Level 1:colcon.colcon_core.environment:checking '/home/ubuntu/ros2_ws/install/raspimouse_msgs' for CMake module files
[17.705s] Level 1:colcon.colcon_core.environment:checking '/home/ubuntu/ros2_ws/install/raspimouse_msgs' for CMake config files
[17.725s] Level 1:colcon.colcon_core.shell:create_environment_hook('raspimouse_msgs', 'cmake_prefix_path')
[17.732s] INFO:colcon.colcon_core.shell:Creating environment hook '/home/ubuntu/ros2_ws/install/raspimouse_msgs/share/raspimouse_msgs/hook/cmake_prefix_path.ps1'
[17.742s] INFO:colcon.colcon_core.shell:Creating environment descriptor '/home/ubuntu/ros2_ws/install/raspimouse_msgs/share/raspimouse_msgs/hook/cmake_prefix_path.dsv'
[17.748s] INFO:colcon.colcon_core.shell:Creating environment hook '/home/ubuntu/ros2_ws/install/raspimouse_msgs/share/raspimouse_msgs/hook/cmake_prefix_path.sh'
[17.755s] Level 1:colcon.colcon_core.environment:checking '/home/ubuntu/ros2_ws/install/raspimouse_msgs/lib'
[17.758s] Level 1:colcon.colcon_core.shell:create_environment_hook('raspimouse_msgs', 'ld_library_path_lib')
[17.767s] INFO:colcon.colcon_core.shell:Creating environment hook '/home/ubuntu/ros2_ws/install/raspimouse_msgs/share/raspimouse_msgs/hook/ld_library_path_lib.ps1'
[17.774s] INFO:colcon.colcon_core.shell:Creating environment descriptor '/home/ubuntu/ros2_ws/install/raspimouse_msgs/share/raspimouse_msgs/hook/ld_library_path_lib.dsv'
[17.781s] INFO:colcon.colcon_core.shell:Creating environment hook '/home/ubuntu/ros2_ws/install/raspimouse_msgs/share/raspimouse_msgs/hook/ld_library_path_lib.sh'
[17.793s] Level 1:colcon.colcon_core.environment:checking '/home/ubuntu/ros2_ws/install/raspimouse_msgs/bin'
[17.794s] Level 1:colcon.colcon_core.environment:checking '/home/ubuntu/ros2_ws/install/raspimouse_msgs/lib/pkgconfig/raspimouse_msgs.pc'
[17.795s] Level 1:colcon.colcon_core.environment:checking '/home/ubuntu/ros2_ws/install/raspimouse_msgs/lib/python3.8/site-packages'
[17.796s] Level 1:colcon.colcon_core.shell:create_environment_hook('raspimouse_msgs', 'pythonpath')
[17.803s] INFO:colcon.colcon_core.shell:Creating environment hook '/home/ubuntu/ros2_ws/install/raspimouse_msgs/share/raspimouse_msgs/hook/pythonpath.ps1'
[17.809s] INFO:colcon.colcon_core.shell:Creating environment descriptor '/home/ubuntu/ros2_ws/install/raspimouse_msgs/share/raspimouse_msgs/hook/pythonpath.dsv'
[17.814s] INFO:colcon.colcon_core.shell:Creating environment hook '/home/ubuntu/ros2_ws/install/raspimouse_msgs/share/raspimouse_msgs/hook/pythonpath.sh'
[17.830s] INFO:colcon.colcon_core.shell:Creating package script '/home/ubuntu/ros2_ws/install/raspimouse_msgs/share/raspimouse_msgs/package.ps1'
[17.840s] INFO:colcon.colcon_core.shell:Creating package descriptor '/home/ubuntu/ros2_ws/install/raspimouse_msgs/share/raspimouse_msgs/package.dsv'
[17.848s] INFO:colcon.colcon_core.shell:Creating package script '/home/ubuntu/ros2_ws/install/raspimouse_msgs/share/raspimouse_msgs/package.sh'
[17.854s] INFO:colcon.colcon_core.shell:Creating package script '/home/ubuntu/ros2_ws/install/raspimouse_msgs/share/raspimouse_msgs/package.bash'
[17.859s] INFO:colcon.colcon_core.shell:Creating package script '/home/ubuntu/ros2_ws/install/raspimouse_msgs/share/raspimouse_msgs/package.zsh'
[17.865s] Level 1:colcon.colcon_core.environment:create_file_with_runtime_dependencies(/home/ubuntu/ros2_ws/install/raspimouse_msgs/share/colcon-core/packages/raspimouse_msgs)
[18.496s] Level 1:colcon.colcon_core.environment:checking '/home/ubuntu/ros2_ws/install/raspimouse_run_corridor' for CMake module files
[18.503s] DEBUG:colcon.colcon_core.event_handler.log_command:Invoked command in '/home/ubuntu/ros2_ws/src/raspimouse_run_corridor' returned '0': AMENT_PREFIX_PATH=/home/ubuntu/ros2_ws/install/raspimouse:/home/ubuntu/ros2_ws/install/raspimouse_run_corridor:/home/ubuntu/ros2_ws/install/raspimouse_msgs:/home/ubuntu/ros2_ws/install/raspimouse_launch:/opt/ros/foxy PYTHONPATH=/home/ubuntu/ros2_ws/install/raspimouse_run_corridor/lib/python3.8/site-packages:/home/ubuntu/ros2_ws/install/raspimouse/lib/python3.8/site-packages:/home/ubuntu/ros2_ws/install/raspimouse_run_corridor/lib/python3.8/site-packages:/home/ubuntu/ros2_ws/install/raspimouse_msgs/lib/python3.8/site-packages:/opt/ros/foxy/lib/python3.8/site-packages /usr/bin/python3 setup.py egg_info --egg-base ../../build/raspimouse_run_corridor build --build-base /home/ubuntu/ros2_ws/build/raspimouse_run_corridor/build install --prefix /home/ubuntu/ros2_ws/install/raspimouse_run_corridor --record /home/ubuntu/ros2_ws/build/raspimouse_run_corridor/install.log --single-version-externally-managed
[18.509s] Level 1:colcon.colcon_core.environment:checking '/home/ubuntu/ros2_ws/install/raspimouse_run_corridor' for CMake config files
[18.519s] Level 1:colcon.colcon_core.environment:checking '/home/ubuntu/ros2_ws/install/raspimouse_run_corridor/lib'
[18.520s] Level 1:colcon.colcon_core.environment:checking '/home/ubuntu/ros2_ws/install/raspimouse_run_corridor/bin'
[18.522s] Level 1:colcon.colcon_core.environment:checking '/home/ubuntu/ros2_ws/install/raspimouse_run_corridor/lib/pkgconfig/raspimouse_run_corridor.pc'
[18.523s] Level 1:colcon.colcon_core.environment:checking '/home/ubuntu/ros2_ws/install/raspimouse_run_corridor/lib/python3.8/site-packages'
[18.524s] Level 1:colcon.colcon_core.shell:create_environment_hook('raspimouse_run_corridor', 'pythonpath')
[18.531s] INFO:colcon.colcon_core.shell:Creating environment hook '/home/ubuntu/ros2_ws/install/raspimouse_run_corridor/share/raspimouse_run_corridor/hook/pythonpath.ps1'
[18.539s] INFO:colcon.colcon_core.shell:Creating environment descriptor '/home/ubuntu/ros2_ws/install/raspimouse_run_corridor/share/raspimouse_run_corridor/hook/pythonpath.dsv'
[18.545s] INFO:colcon.colcon_core.shell:Creating environment hook '/home/ubuntu/ros2_ws/install/raspimouse_run_corridor/share/raspimouse_run_corridor/hook/pythonpath.sh'
[18.551s] Level 1:colcon.colcon_core.environment:create_environment_scripts_only(raspimouse_run_corridor)
[18.558s] INFO:colcon.colcon_core.shell:Creating package script '/home/ubuntu/ros2_ws/install/raspimouse_run_corridor/share/raspimouse_run_corridor/package.ps1'
[18.564s] INFO:colcon.colcon_core.shell:Creating package descriptor '/home/ubuntu/ros2_ws/install/raspimouse_run_corridor/share/raspimouse_run_corridor/package.dsv'
[18.571s] INFO:colcon.colcon_core.shell:Creating package script '/home/ubuntu/ros2_ws/install/raspimouse_run_corridor/share/raspimouse_run_corridor/package.sh'
[18.577s] INFO:colcon.colcon_core.shell:Creating package script '/home/ubuntu/ros2_ws/install/raspimouse_run_corridor/share/raspimouse_run_corridor/package.bash'
[18.582s] INFO:colcon.colcon_core.shell:Creating package script '/home/ubuntu/ros2_ws/install/raspimouse_run_corridor/share/raspimouse_run_corridor/package.zsh'
[18.587s] Level 1:colcon.colcon_core.environment:create_file_with_runtime_dependencies(/home/ubuntu/ros2_ws/install/raspimouse_run_corridor/share/colcon-core/packages/raspimouse_run_corridor)
[18.596s] DEBUG:colcon.colcon_parallel_executor.executor.parallel:closing loop
[18.599s] DEBUG:colcon.colcon_parallel_executor.executor.parallel:loop closed
[18.600s] DEBUG:colcon.colcon_parallel_executor.executor.parallel:run_until_complete finished with '0'
[18.602s] DEBUG:colcon.colcon_core.event_reactor:joining thread
[18.747s] INFO:colcon.colcon_core.plugin_system:Skipping extension 'colcon_notification.desktop_notification.notify_send': Could not find 'notify-send'
[18.760s] INFO:colcon.colcon_core.plugin_system:Skipping extension 'colcon_notification.desktop_notification.terminal_notifier': Not used on non-Darwin systems
[18.762s] INFO:colcon.colcon_core.plugin_system:Skipping extension 'colcon_notification.desktop_notification.win32': Not used on non-Windows systems
[18.764s] INFO:colcon.colcon_notification.desktop_notification:Sending desktop notification using 'notify2'
[18.790s] DEBUG:colcon.colcon_notification.desktop_notification.notify2:Failed to initialize notify2: org.freedesktop.DBus.Error.ServiceUnknown: The name org.freedesktop.Notifications was not provided by any .service files
[18.792s] DEBUG:colcon.colcon_core.event_reactor:joined thread
[18.801s] INFO:colcon.colcon_core.shell:Creating prefix script '/home/ubuntu/ros2_ws/install/local_setup.ps1'
[18.829s] INFO:colcon.colcon_core.shell:Creating prefix util module '/home/ubuntu/ros2_ws/install/_local_setup_util_ps1.py'
[18.871s] INFO:colcon.colcon_core.shell:Creating prefix chain script '/home/ubuntu/ros2_ws/install/setup.ps1'
[18.936s] INFO:colcon.colcon_core.shell:Creating prefix script '/home/ubuntu/ros2_ws/install/local_setup.sh'
[18.960s] INFO:colcon.colcon_core.shell:Creating prefix util module '/home/ubuntu/ros2_ws/install/_local_setup_util_sh.py'
[18.981s] INFO:colcon.colcon_core.shell:Creating prefix chain script '/home/ubuntu/ros2_ws/install/setup.sh'
[19.033s] INFO:colcon.colcon_core.shell:Creating prefix script '/home/ubuntu/ros2_ws/install/local_setup.bash'
[19.048s] INFO:colcon.colcon_core.shell:Creating prefix chain script '/home/ubuntu/ros2_ws/install/setup.bash'
[19.098s] INFO:colcon.colcon_core.shell:Creating prefix script '/home/ubuntu/ros2_ws/install/local_setup.zsh'
[19.114s] INFO:colcon.colcon_core.shell:Creating prefix chain script '/home/ubuntu/ros2_ws/install/setup.zsh'
