[0.103s] Invoking command in '/home/ubuntu/ros2_ws/src/build/raspimouse_msgs': CMAKE_PREFIX_PATH=${CMAKE_PREFIX_PATH}:/home/ubuntu/ros2_ws/install/raspimouse:/opt/ros/foxy /usr/bin/cmake /home/ubuntu/ros2_ws/src/raspimouse_msgs -DCMAKE_INSTALL_PREFIX=/home/ubuntu/ros2_ws/src/install/raspimouse_msgs
[0.593s] -- The C compiler identification is GNU 9.3.0
[1.041s] -- The CXX compiler identification is GNU 9.3.0
[1.077s] -- Check for working C compiler: /usr/bin/cc
[1.625s] -- Check for working C compiler: /usr/bin/cc -- works
[1.632s] -- Detecting C compiler ABI info
[2.189s] -- Detecting C compiler ABI info - done
[2.279s] -- Detecting C compile features
[2.282s] -- Detecting C compile features - done
[2.301s] -- Check for working CXX compiler: /usr/bin/c++
[5.149s] -- Check for working CXX compiler: /usr/bin/c++ -- works
[5.157s] -- Detecting CXX compiler ABI info
[5.869s] -- Detecting CXX compiler ABI info - done
[5.962s] -- Detecting CXX compile features
[5.966s] -- Detecting CXX compile features - done
[6.001s] -- Found ament_cmake: 0.9.9 (/opt/ros/foxy/share/ament_cmake/cmake)
[6.238s] -- Found PythonInterp: /usr/bin/python3 (found suitable version "3.8.10", minimum required is "3") 
[6.239s] -- Using PYTHON_EXECUTABLE: /usr/bin/python3
[8.033s] -- Found rosidl_default_generators: 1.0.1 (/opt/ros/foxy/share/rosidl_default_generators/cmake)
[8.081s] -- Using all available rosidl_typesupport_c: rosidl_typesupport_fastrtps_c;rosidl_typesupport_introspection_c
[8.180s] -- Found rosidl_adapter: 1.2.1 (/opt/ros/foxy/share/rosidl_adapter/cmake)
[9.007s] -- Found OpenSSL: /usr/lib/aarch64-linux-gnu/libcrypto.so (found version "1.1.1f")  
[9.213s] -- Found FastRTPS: /opt/ros/foxy/include  
[9.956s] -- Using all available rosidl_typesupport_cpp: rosidl_typesupport_fastrtps_cpp;rosidl_typesupport_introspection_cpp
[10.420s] -- Found PythonInterp: /usr/bin/python3 (found version "3.8.10") 
[12.160s] CMake Error at /opt/ros/foxy/share/rosidl_adapter/cmake/rosidl_adapt_interfaces.cmake:60 (message):
[12.161s]   execute_process(/usr/bin/python3 -m rosidl_adapter --package-name
[12.162s]   raspimouse_msgs --arguments-file
[12.162s]   /home/ubuntu/ros2_ws/src/build/raspimouse_msgs/rosidl_adapter__arguments__raspimouse_msgs.json
[12.163s]   --output-dir
[12.163s]   /home/ubuntu/ros2_ws/src/build/raspimouse_msgs/rosidl_adapter/raspimouse_msgs
[12.164s]   --output-file
[12.165s]   /home/ubuntu/ros2_ws/src/build/raspimouse_msgs/rosidl_adapter/raspimouse_msgs.idls)
[12.165s]   returned error code 1:
[12.166s] 
[12.167s]   Traceback (most recent call last):
[12.167s] 
[12.168s]     File "/usr/lib/python3.8/runpy.py", line 194, in _run_module_as_main
[12.169s]       return _run_code(code, main_globals, None,
[12.169s]     File "/usr/lib/python3.8/runpy.py", line 87, in _run_code
[12.170s]       exec(code, run_globals)
[12.171s]     File "/opt/ros/foxy/lib/python3.8/site-packages/rosidl_adapter/__main__.py", line 19, in <module>
[12.171s]       sys.exit(main())
[12.172s]     File "/opt/ros/foxy/lib/python3.8/site-packages/rosidl_adapter/main.py", line 53, in main
[12.172s]       abs_idl_file = convert_to_idl(
[12.173s]     File "/opt/ros/foxy/lib/python3.8/site-packages/rosidl_adapter/__init__.py", line 24, in convert_to_idl
[12.174s]       return convert_srv_to_idl(
[12.174s]     File "/opt/ros/foxy/lib/python3.8/site-packages/rosidl_adapter/srv/__init__.py", line 28, in convert_srv_to_idl
[12.175s]       srv = parse_service_string(package_name, input_file.stem, content)
[12.176s]     File "/opt/ros/foxy/lib/python3.8/site-packages/rosidl_adapter/parser.py", line 843, in parse_service_string
[12.176s]       raise InvalidServiceSpecification(
[12.177s] 
[12.177s]   rosidl_adapter.parser.InvalidServiceSpecification: Could not find separator
[12.178s]   '---' between request and response
[12.179s] 
[12.179s] Call Stack (most recent call first):
[12.181s]   /opt/ros/foxy/share/rosidl_cmake/cmake/rosidl_generate_interfaces.cmake:130 (rosidl_adapt_interfaces)
[12.181s]   CMakeLists.txt:24 (rosidl_generate_interfaces)
[12.182s] 
[12.184s] 
[12.185s] -- Configuring incomplete, errors occurred!
[12.186s] See also "/home/ubuntu/ros2_ws/src/build/raspimouse_msgs/CMakeFiles/CMakeOutput.log".
[12.226s] Invoked command in '/home/ubuntu/ros2_ws/src/build/raspimouse_msgs' returned '1': CMAKE_PREFIX_PATH=${CMAKE_PREFIX_PATH}:/home/ubuntu/ros2_ws/install/raspimouse:/opt/ros/foxy /usr/bin/cmake /home/ubuntu/ros2_ws/src/raspimouse_msgs -DCMAKE_INSTALL_PREFIX=/home/ubuntu/ros2_ws/src/install/raspimouse_msgs
