-- Found ament_cmake: 0.9.9 (/opt/ros/foxy/share/ament_cmake/cmake)
-- Found PythonInterp: /usr/bin/python3 (found suitable version "3.8.10", minimum required is "3") 
-- Using PYTHON_EXECUTABLE: /usr/bin/python3
-- Found std_msgs: 2.0.4 (/opt/ros/foxy/share/std_msgs/cmake)
-- Using all available rosidl_typesupport_c: rosidl_typesupport_fastrtps_c;rosidl_typesupport_introspection_c
-- Found rosidl_adapter: 1.2.1 (/opt/ros/foxy/share/rosidl_adapter/cmake)
-- Using all available rosidl_typesupport_cpp: rosidl_typesupport_fastrtps_cpp;rosidl_typesupport_introspection_cpp
-- Found rosidl_default_generators: 1.0.1 (/opt/ros/foxy/share/rosidl_default_generators/cmake)
-- Found PythonInterp: /usr/bin/python3 (found version "3.8.10") 
-- Found ament_cmake_ros: 0.9.2 (/opt/ros/foxy/share/ament_cmake_ros/cmake)
-- Using all available rosidl_typesupport_c: rosidl_typesupport_fastrtps_c;rosidl_typesupport_introspection_c
-- Using all available rosidl_typesupport_cpp: rosidl_typesupport_fastrtps_cpp;rosidl_typesupport_introspection_cpp
-- Found PythonInterp: /usr/bin/python3 (found suitable version "3.8.10", minimum required is "3.5") 
-- Found python_cmake_module: 0.8.1 (/opt/ros/foxy/share/python_cmake_module/cmake)
-- Found PythonLibs: /usr/lib/aarch64-linux-gnu/libpython3.8.so (found suitable version "3.8.10", minimum required is "3.5") 
-- Using PYTHON_EXECUTABLE: /usr/bin/python3
-- Using PYTHON_INCLUDE_DIRS: /usr/include/python3.8
-- Using PYTHON_LIBRARIES: /usr/lib/aarch64-linux-gnu/libpython3.8.so
-- Configuring done
-- Generating done
-- Build files have been written to: /home/ubuntu/ros2_ws/build/tutorial_interfaces
[  3%] [34m[1mGenerating C code for ROS interfaces[0m
[  6%] [34m[1mGenerating C++ code for ROS interfaces[0m
[  6%] Built target tutorial_interfaces__cpp
[  9%] [34m[1mGenerating C++ type support dispatch for ROS interfaces[0m
[35m[1mScanning dependencies of target tutorial_interfaces__rosidl_generator_c[0m
[ 12%] [34m[1mGenerating C++ introspection for ROS interfaces[0m
[ 16%] [34m[1mGenerating C++ type support for eProsima Fast-RTPS[0m
[ 19%] [32mBuilding C object CMakeFiles/tutorial_interfaces__rosidl_generator_c.dir/rosidl_generator_c/tutorial_interfaces/msg/detail/int32_stamped__functions.c.o[0m
[ 22%] [32m[1mLinking C shared library libtutorial_interfaces__rosidl_generator_c.so[0m
[35m[1mScanning dependencies of target tutorial_interfaces__rosidl_typesupport_cpp[0m
[ 22%] Built target tutorial_interfaces__rosidl_generator_c
[35m[1mScanning dependencies of target tutorial_interfaces__rosidl_typesupport_introspection_cpp[0m
[35m[1mScanning dependencies of target tutorial_interfaces__rosidl_typesupport_fastrtps_cpp[0m
[ 25%] [34m[1mGenerating C introspection for ROS interfaces[0m
[ 29%] [32mBuilding CXX object CMakeFiles/tutorial_interfaces__rosidl_typesupport_cpp.dir/rosidl_typesupport_cpp/tutorial_interfaces/msg/int32_stamped__type_support.cpp.o[0m
[ 32%] [32mBuilding CXX object CMakeFiles/tutorial_interfaces__rosidl_typesupport_introspection_cpp.dir/rosidl_typesupport_introspection_cpp/tutorial_interfaces/msg/detail/int32_stamped__type_support.cpp.o[0m
[ 35%] [32mBuilding CXX object CMakeFiles/tutorial_interfaces__rosidl_typesupport_fastrtps_cpp.dir/rosidl_typesupport_fastrtps_cpp/tutorial_interfaces/msg/detail/dds_fastrtps/int32_stamped__type_support.cpp.o[0m

make[2]: *** [CMakeFiles/tutorial_interfaces__rosidl_typesupport_fastrtps_cpp.dir/build.make:110: CMakeFiles/tutorial_interfaces__rosidl_typesupport_fastrtps_cpp.dir/rosidl_typesupport_fastrtps_cpp/tutorial_interfaces/msg/detail/dds_fastrtps/int32_stamped__type_support.cpp.o] Interrupt
make[2]: *** [CMakeFiles/tutorial_interfaces__rosidl_typesupport_cpp.dir/build.make:105: CMakeFiles/tutorial_interfaces__rosidl_typesupport_cpp.dir/rosidl_typesupport_cpp/tutorial_interfaces/msg/int32_stamped__type_support.cpp.o] Interrupt
make[2]: *** [CMakeFiles/tutorial_interfaces__rosidl_typesupport_introspection_cpp.dir/build.make:110: CMakeFiles/tutorial_interfaces__rosidl_typesupport_introspection_cpp.dir/rosidl_typesupport_introspection_cpp/tutorial_interfaces/msg/detail/int32_stamped__type_support.cpp.o] Interrupt
make[1]: *** [CMakeFiles/Makefile2:496: CMakeFiles/tutorial_interfaces__rosidl_typesupport_cpp.dir/all] Interrupt
make: *** [Makefile:141: all] Interrupt
Exception ignored in: <function Interpreter.__del__ at 0xffff8919be50>
Traceback (most recent call last):
  File "/usr/lib/python3/dist-packages/em.py", line 2094, in __del__
  File "/usr/lib/python3/dist-packages/em.py", line 2157, in shutdown
  File "/usr/lib/python3/dist-packages/em.py", line 2646, in finalize
  File "/usr/lib/python3/dist-packages/em.py", line 2200, in push
AttributeError: '_io.TextIOWrapper' object has no attribute 'push'
make[2]: *** [CMakeFiles/tutorial_interfaces__rosidl_typesupport_introspection_c.dir/build.make:102: rosidl_typesupport_introspection_c/tutorial_interfaces/msg/detail/int32_stamped__rosidl_typesupport_introspection_c.h] Interrupt
