[4.727s] Invoking command in '/home/ubuntu/ros2_ws/src/raspimouse': PYTHONPATH=/home/ubuntu/ros2_ws/install/raspimouse/lib/python3.8/site-packages:${PYTHONPATH} /usr/bin/python3 setup.py egg_info --egg-base ../../build/raspimouse build --build-base /home/ubuntu/ros2_ws/build/raspimouse/build install --prefix /home/ubuntu/ros2_ws/install/raspimouse --record /home/ubuntu/ros2_ws/build/raspimouse/install.log --single-version-externally-managed
[7.784s] running egg_info
[7.798s] writing ../../build/raspimouse/raspimouse.egg-info/PKG-INFO
[7.801s] writing dependency_links to ../../build/raspimouse/raspimouse.egg-info/dependency_links.txt
[7.805s] writing entry points to ../../build/raspimouse/raspimouse.egg-info/entry_points.txt
[7.808s] writing requirements to ../../build/raspimouse/raspimouse.egg-info/requires.txt
[7.810s] writing top-level names to ../../build/raspimouse/raspimouse.egg-info/top_level.txt
[8.669s] reading manifest file '../../build/raspimouse/raspimouse.egg-info/SOURCES.txt'
[8.688s] writing manifest file '../../build/raspimouse/raspimouse.egg-info/SOURCES.txt'
[8.693s] running build
[8.696s] running build_py
[8.708s] copying raspimouse/move.py -> /home/ubuntu/ros2_ws/build/raspimouse/build/lib/raspimouse
[8.848s] running install
[8.877s] running install_lib
[8.939s] copying /home/ubuntu/ros2_ws/build/raspimouse/build/lib/raspimouse/move.py -> /home/ubuntu/ros2_ws/install/raspimouse/lib/python3.8/site-packages/raspimouse
[8.969s] byte-compiling /home/ubuntu/ros2_ws/install/raspimouse/lib/python3.8/site-packages/raspimouse/move.py to move.cpython-38.pyc
[9.012s] running install_data
[9.037s] running install_egg_info
[9.084s] removing '/home/ubuntu/ros2_ws/install/raspimouse/lib/python3.8/site-packages/raspimouse-0.0.0-py3.8.egg-info' (and everything under it)
[9.106s] Copying ../../build/raspimouse/raspimouse.egg-info to /home/ubuntu/ros2_ws/install/raspimouse/lib/python3.8/site-packages/raspimouse-0.0.0-py3.8.egg-info
[9.142s] running install_scripts
[9.468s] Installing buzzer script to /home/ubuntu/ros2_ws/install/raspimouse/lib/raspimouse
[9.471s] Installing buzzer2_sub_node script to /home/ubuntu/ros2_ws/install/raspimouse/lib/raspimouse
[9.474s] Installing buzzer3_sub_node script to /home/ubuntu/ros2_ws/install/raspimouse/lib/raspimouse
[9.476s] Installing buzzer4_sub_node script to /home/ubuntu/ros2_ws/install/raspimouse/lib/raspimouse
[9.479s] Installing buzzer_pub_node script to /home/ubuntu/ros2_ws/install/raspimouse/lib/raspimouse
[9.489s] Installing lightsensors script to /home/ubuntu/ros2_ws/install/raspimouse/lib/raspimouse
[9.491s] Installing lightsensors_sub script to /home/ubuntu/ros2_ws/install/raspimouse/lib/raspimouse
[9.493s] Installing motors script to /home/ubuntu/ros2_ws/install/raspimouse/lib/raspimouse
[9.501s] Installing motors1 script to /home/ubuntu/ros2_ws/install/raspimouse/lib/raspimouse
[9.503s] Installing motors2 script to /home/ubuntu/ros2_ws/install/raspimouse/lib/raspimouse
[9.505s] Installing move script to /home/ubuntu/ros2_ws/install/raspimouse/lib/raspimouse
[9.520s] writing list of installed files to '/home/ubuntu/ros2_ws/build/raspimouse/install.log'
[9.796s] Invoked command in '/home/ubuntu/ros2_ws/src/raspimouse' returned '0': PYTHONPATH=/home/ubuntu/ros2_ws/install/raspimouse/lib/python3.8/site-packages:${PYTHONPATH} /usr/bin/python3 setup.py egg_info --egg-base ../../build/raspimouse build --build-base /home/ubuntu/ros2_ws/build/raspimouse/build install --prefix /home/ubuntu/ros2_ws/install/raspimouse --record /home/ubuntu/ros2_ws/build/raspimouse/install.log --single-version-externally-managed
