[2.054s] Invoking command in '/home/ubuntu/ros2_ws/src/raspimouse': PYTHONPATH=/home/ubuntu/ros2_ws/install/raspimouse/lib/python3.8/site-packages:${PYTHONPATH} /usr/bin/python3 setup.py egg_info --egg-base ../../build/raspimouse build --build-base /home/ubuntu/ros2_ws/build/raspimouse/build install --prefix /home/ubuntu/ros2_ws/install/raspimouse --record /home/ubuntu/ros2_ws/build/raspimouse/install.log --single-version-externally-managed
[4.078s] running egg_info
[4.083s] writing ../../build/raspimouse/raspimouse.egg-info/PKG-INFO
[4.085s] writing dependency_links to ../../build/raspimouse/raspimouse.egg-info/dependency_links.txt
[4.089s] writing entry points to ../../build/raspimouse/raspimouse.egg-info/entry_points.txt
[4.091s] writing requirements to ../../build/raspimouse/raspimouse.egg-info/requires.txt
[4.092s] writing top-level names to ../../build/raspimouse/raspimouse.egg-info/top_level.txt
[4.438s] reading manifest file '../../build/raspimouse/raspimouse.egg-info/SOURCES.txt'
[4.448s] writing manifest file '../../build/raspimouse/raspimouse.egg-info/SOURCES.txt'
[4.450s] running build
[4.451s] running build_py
[4.455s] copying raspimouse/motors.py -> /home/ubuntu/ros2_ws/build/raspimouse/build/lib/raspimouse
[4.459s] running install
[4.465s] running install_lib
[4.479s] copying /home/ubuntu/ros2_ws/build/raspimouse/build/lib/raspimouse/motors.py -> /home/ubuntu/ros2_ws/install/raspimouse/lib/python3.8/site-packages/raspimouse
[4.489s] byte-compiling /home/ubuntu/ros2_ws/install/raspimouse/lib/python3.8/site-packages/raspimouse/motors.py to motors.cpython-38.pyc
[4.507s] running install_data
[4.511s] running install_egg_info
[4.524s] removing '/home/ubuntu/ros2_ws/install/raspimouse/lib/python3.8/site-packages/raspimouse-0.0.0-py3.8.egg-info' (and everything under it)
[4.527s] Copying ../../build/raspimouse/raspimouse.egg-info to /home/ubuntu/ros2_ws/install/raspimouse/lib/python3.8/site-packages/raspimouse-0.0.0-py3.8.egg-info
[4.538s] running install_scripts
[4.686s] Installing buzzer2_sub_node script to /home/ubuntu/ros2_ws/install/raspimouse/lib/raspimouse
[4.688s] Installing buzzer3_sub_node script to /home/ubuntu/ros2_ws/install/raspimouse/lib/raspimouse
[4.689s] Installing buzzer_node script to /home/ubuntu/ros2_ws/install/raspimouse/lib/raspimouse
[4.691s] Installing lightsensor_sub script to /home/ubuntu/ros2_ws/install/raspimouse/lib/raspimouse
[4.695s] Installing lightsensors script to /home/ubuntu/ros2_ws/install/raspimouse/lib/raspimouse
[4.696s] Installing motors script to /home/ubuntu/ros2_ws/install/raspimouse/lib/raspimouse
[4.698s] Installing motors1 script to /home/ubuntu/ros2_ws/install/raspimouse/lib/raspimouse
[4.700s] Installing motors2 script to /home/ubuntu/ros2_ws/install/raspimouse/lib/raspimouse
[4.701s] writing list of installed files to '/home/ubuntu/ros2_ws/build/raspimouse/install.log'
[4.914s] Invoked command in '/home/ubuntu/ros2_ws/src/raspimouse' returned '0': PYTHONPATH=/home/ubuntu/ros2_ws/install/raspimouse/lib/python3.8/site-packages:${PYTHONPATH} /usr/bin/python3 setup.py egg_info --egg-base ../../build/raspimouse build --build-base /home/ubuntu/ros2_ws/build/raspimouse/build install --prefix /home/ubuntu/ros2_ws/install/raspimouse --record /home/ubuntu/ros2_ws/build/raspimouse/install.log --single-version-externally-managed
