[2.536s] Invoking command in '/home/ubuntu/ros2_ws/src/raspimouse': PYTHONPATH=/home/ubuntu/ros2_ws/install/raspimouse/lib/python3.8/site-packages:${PYTHONPATH} /usr/bin/python3 setup.py egg_info --egg-base ../../build/raspimouse build --build-base /home/ubuntu/ros2_ws/build/raspimouse/build install --prefix /home/ubuntu/ros2_ws/install/raspimouse --record /home/ubuntu/ros2_ws/build/raspimouse/install.log --single-version-externally-managed
[5.568s] running egg_info
[5.575s] writing ../../build/raspimouse/raspimouse.egg-info/PKG-INFO
[5.579s] writing dependency_links to ../../build/raspimouse/raspimouse.egg-info/dependency_links.txt
[5.585s] writing entry points to ../../build/raspimouse/raspimouse.egg-info/entry_points.txt
[5.587s] writing requirements to ../../build/raspimouse/raspimouse.egg-info/requires.txt
[5.592s] writing top-level names to ../../build/raspimouse/raspimouse.egg-info/top_level.txt
[6.198s] reading manifest file '../../build/raspimouse/raspimouse.egg-info/SOURCES.txt'
[6.217s] writing manifest file '../../build/raspimouse/raspimouse.egg-info/SOURCES.txt'
[6.218s] running build
[6.220s] running build_py
[6.233s] running install
[6.244s] running install_lib
[6.304s] running install_data
[6.325s] running install_egg_info
[6.371s] removing '/home/ubuntu/ros2_ws/install/raspimouse/lib/python3.8/site-packages/raspimouse-0.0.0-py3.8.egg-info' (and everything under it)
[6.388s] Copying ../../build/raspimouse/raspimouse.egg-info to /home/ubuntu/ros2_ws/install/raspimouse/lib/python3.8/site-packages/raspimouse-0.0.0-py3.8.egg-info
[6.423s] running install_scripts
[8.668s] Installing buzzer script to /home/ubuntu/ros2_ws/install/raspimouse/lib/raspimouse
[8.671s] Installing buzzer2_sub_node script to /home/ubuntu/ros2_ws/install/raspimouse/lib/raspimouse
[8.676s] Installing buzzer3_sub_node script to /home/ubuntu/ros2_ws/install/raspimouse/lib/raspimouse
[8.678s] Installing buzzer4_sub_node script to /home/ubuntu/ros2_ws/install/raspimouse/lib/raspimouse
[8.684s] Installing buzzer_pub_node script to /home/ubuntu/ros2_ws/install/raspimouse/lib/raspimouse
[8.702s] Installing lightsensors script to /home/ubuntu/ros2_ws/install/raspimouse/lib/raspimouse
[8.704s] Installing lightsensors_sub script to /home/ubuntu/ros2_ws/install/raspimouse/lib/raspimouse
[8.706s] Installing motors script to /home/ubuntu/ros2_ws/install/raspimouse/lib/raspimouse
[8.708s] Installing motors1 script to /home/ubuntu/ros2_ws/install/raspimouse/lib/raspimouse
[8.710s] Installing motors2 script to /home/ubuntu/ros2_ws/install/raspimouse/lib/raspimouse
[8.712s] Installing move script to /home/ubuntu/ros2_ws/install/raspimouse/lib/raspimouse
[8.714s] writing list of installed files to '/home/ubuntu/ros2_ws/build/raspimouse/install.log'
[9.031s] Invoked command in '/home/ubuntu/ros2_ws/src/raspimouse' returned '0': PYTHONPATH=/home/ubuntu/ros2_ws/install/raspimouse/lib/python3.8/site-packages:${PYTHONPATH} /usr/bin/python3 setup.py egg_info --egg-base ../../build/raspimouse build --build-base /home/ubuntu/ros2_ws/build/raspimouse/build install --prefix /home/ubuntu/ros2_ws/install/raspimouse --record /home/ubuntu/ros2_ws/build/raspimouse/install.log --single-version-externally-managed
