[1.893s] Invoking command in '/home/ubuntu/ros2_ws/build/raspimouse_msgs': CMAKE_PREFIX_PATH=${CMAKE_PREFIX_PATH}:/home/ubuntu/ros2_ws/install/raspimouse:/opt/ros/foxy /usr/bin/cmake --build /home/ubuntu/ros2_ws/build/raspimouse_msgs -- -j4 -l4
[2.526s] [  5%] Built target raspimouse_msgs__cpp
[2.528s] [ 12%] Built target raspimouse_msgs__rosidl_generator_c
[2.744s] [ 23%] Built target raspimouse_msgs__rosidl_typesupport_cpp
[2.756s] [ 34%] Built target raspimouse_msgs__rosidl_typesupport_introspection_cpp
[2.785s] [ 45%] Built target raspimouse_msgs__rosidl_typesupport_fastrtps_cpp
[2.967s] [ 56%] Built target raspimouse_msgs__rosidl_typesupport_c
[2.976s] [ 67%] Built target raspimouse_msgs__rosidl_typesupport_introspection_c
[3.033s] [ 78%] Built target raspimouse_msgs__rosidl_typesupport_fastrtps_c
[3.209s] [ 78%] Built target raspimouse_msgs
[3.390s] [ 80%] Built target raspimouse_msgs__py
[3.622s] [ 89%] Built target raspimouse_msgs__python
[3.869s] [ 96%] Built target raspimouse_msgs__rosidl_typesupport_c__pyext
[3.871s] [ 96%] Built target raspimouse_msgs__rosidl_typesupport_fastrtps_c__pyext
[3.889s] [100%] Built target raspimouse_msgs__rosidl_typesupport_introspection_c__pyext
[3.983s] Invoked command in '/home/ubuntu/ros2_ws/build/raspimouse_msgs' returned '0': CMAKE_PREFIX_PATH=${CMAKE_PREFIX_PATH}:/home/ubuntu/ros2_ws/install/raspimouse:/opt/ros/foxy /usr/bin/cmake --build /home/ubuntu/ros2_ws/build/raspimouse_msgs -- -j4 -l4
[5.098s] Invoking command in '/home/ubuntu/ros2_ws/build/raspimouse_msgs': CMAKE_PREFIX_PATH=${CMAKE_PREFIX_PATH}:/home/ubuntu/ros2_ws/install/raspimouse:/opt/ros/foxy /usr/bin/cmake --install /home/ubuntu/ros2_ws/build/raspimouse_msgs
[5.183s] -- Install configuration: ""
[5.185s] -- Up-to-date: /home/ubuntu/ros2_ws/install/raspimouse_msgs/share/ament_index/resource_index/rosidl_interfaces/raspimouse_msgs
[5.186s] -- Up-to-date: /home/ubuntu/ros2_ws/install/raspimouse_msgs/include/raspimouse_msgs
[5.188s] -- Up-to-date: /home/ubuntu/ros2_ws/install/raspimouse_msgs/include/raspimouse_msgs/msg
[5.190s] -- Up-to-date: /home/ubuntu/ros2_ws/install/raspimouse_msgs/include/raspimouse_msgs/msg/motor_freqs.h
[5.192s] -- Up-to-date: /home/ubuntu/ros2_ws/install/raspimouse_msgs/include/raspimouse_msgs/msg/detail
[5.193s] -- Up-to-date: /home/ubuntu/ros2_ws/install/raspimouse_msgs/include/raspimouse_msgs/msg/detail/light_sensors__functions.c
[5.195s] -- Up-to-date: /home/ubuntu/ros2_ws/install/raspimouse_msgs/include/raspimouse_msgs/msg/detail/light_sensors__struct.h
[5.197s] -- Up-to-date: /home/ubuntu/ros2_ws/install/raspimouse_msgs/include/raspimouse_msgs/msg/detail/motor_freqs__struct.h
[5.199s] -- Up-to-date: /home/ubuntu/ros2_ws/install/raspimouse_msgs/include/raspimouse_msgs/msg/detail/motor_freqs__functions.c
[5.201s] -- Up-to-date: /home/ubuntu/ros2_ws/install/raspimouse_msgs/include/raspimouse_msgs/msg/detail/light_sensors__functions.h
[5.202s] -- Up-to-date: /home/ubuntu/ros2_ws/install/raspimouse_msgs/include/raspimouse_msgs/msg/detail/motor_freqs__type_support.h
[5.204s] -- Up-to-date: /home/ubuntu/ros2_ws/install/raspimouse_msgs/include/raspimouse_msgs/msg/detail/light_sensors__type_support.h
[5.205s] -- Up-to-date: /home/ubuntu/ros2_ws/install/raspimouse_msgs/include/raspimouse_msgs/msg/detail/motor_freqs__functions.h
[5.206s] -- Up-to-date: /home/ubuntu/ros2_ws/install/raspimouse_msgs/include/raspimouse_msgs/msg/rosidl_generator_c__visibility_control.h
[5.207s] -- Up-to-date: /home/ubuntu/ros2_ws/install/raspimouse_msgs/include/raspimouse_msgs/msg/light_sensors.h
[5.208s] -- Up-to-date: /home/ubuntu/ros2_ws/install/raspimouse_msgs/include/raspimouse_msgs/srv
[5.210s] -- Up-to-date: /home/ubuntu/ros2_ws/install/raspimouse_msgs/include/raspimouse_msgs/srv/detail
[5.212s] -- Up-to-date: /home/ubuntu/ros2_ws/install/raspimouse_msgs/include/raspimouse_msgs/srv/detail/light_sensors_service__functions.h
[5.213s] -- Up-to-date: /home/ubuntu/ros2_ws/install/raspimouse_msgs/include/raspimouse_msgs/srv/detail/light_sensors_service__type_support.h
[5.215s] -- Up-to-date: /home/ubuntu/ros2_ws/install/raspimouse_msgs/include/raspimouse_msgs/srv/detail/motor_freqs_service__struct.h
[5.216s] -- Up-to-date: /home/ubuntu/ros2_ws/install/raspimouse_msgs/include/raspimouse_msgs/srv/detail/motor_freqs_service__functions.c
[5.219s] -- Up-to-date: /home/ubuntu/ros2_ws/install/raspimouse_msgs/include/raspimouse_msgs/srv/detail/motor_freqs_service__type_support.h
[5.220s] -- Up-to-date: /home/ubuntu/ros2_ws/install/raspimouse_msgs/include/raspimouse_msgs/srv/detail/motor_freqs_service__functions.h
[5.222s] -- Up-to-date: /home/ubuntu/ros2_ws/install/raspimouse_msgs/include/raspimouse_msgs/srv/detail/light_sensors_service__struct.h
[5.225s] -- Up-to-date: /home/ubuntu/ros2_ws/install/raspimouse_msgs/include/raspimouse_msgs/srv/detail/light_sensors_service__functions.c
[5.227s] -- Up-to-date: /home/ubuntu/ros2_ws/install/raspimouse_msgs/include/raspimouse_msgs/srv/motor_freqs_service.h
[5.229s] -- Up-to-date: /home/ubuntu/ros2_ws/install/raspimouse_msgs/include/raspimouse_msgs/srv/light_sensors_service.h
[5.230s] -- Up-to-date: /home/ubuntu/ros2_ws/install/raspimouse_msgs/share/raspimouse_msgs/environment/library_path.sh
[5.232s] -- Up-to-date: /home/ubuntu/ros2_ws/install/raspimouse_msgs/share/raspimouse_msgs/environment/library_path.dsv
[5.233s] -- Up-to-date: /home/ubuntu/ros2_ws/install/raspimouse_msgs/lib/libraspimouse_msgs__rosidl_generator_c.so
[5.234s] -- Up-to-date: /home/ubuntu/ros2_ws/install/raspimouse_msgs/include/raspimouse_msgs
[5.235s] -- Up-to-date: /home/ubuntu/ros2_ws/install/raspimouse_msgs/include/raspimouse_msgs/msg
[5.236s] -- Up-to-date: /home/ubuntu/ros2_ws/install/raspimouse_msgs/include/raspimouse_msgs/msg/detail
[5.237s] -- Up-to-date: /home/ubuntu/ros2_ws/install/raspimouse_msgs/include/raspimouse_msgs/msg/detail/light_sensors__rosidl_typesupport_fastrtps_c.h
[5.239s] -- Up-to-date: /home/ubuntu/ros2_ws/install/raspimouse_msgs/include/raspimouse_msgs/msg/detail/motor_freqs__rosidl_typesupport_fastrtps_c.h
[5.240s] -- Up-to-date: /home/ubuntu/ros2_ws/install/raspimouse_msgs/include/raspimouse_msgs/msg/rosidl_typesupport_fastrtps_c__visibility_control.h
[5.241s] -- Up-to-date: /home/ubuntu/ros2_ws/install/raspimouse_msgs/include/raspimouse_msgs/srv
[5.243s] -- Up-to-date: /home/ubuntu/ros2_ws/install/raspimouse_msgs/include/raspimouse_msgs/srv/detail
[5.245s] -- Up-to-date: /home/ubuntu/ros2_ws/install/raspimouse_msgs/include/raspimouse_msgs/srv/detail/motor_freqs_service__rosidl_typesupport_fastrtps_c.h
[5.246s] -- Up-to-date: /home/ubuntu/ros2_ws/install/raspimouse_msgs/include/raspimouse_msgs/srv/detail/light_sensors_service__rosidl_typesupport_fastrtps_c.h
[5.248s] -- Up-to-date: /home/ubuntu/ros2_ws/install/raspimouse_msgs/lib/libraspimouse_msgs__rosidl_typesupport_fastrtps_c.so
[5.250s] -- Up-to-date: /home/ubuntu/ros2_ws/install/raspimouse_msgs/include/raspimouse_msgs
[5.251s] -- Up-to-date: /home/ubuntu/ros2_ws/install/raspimouse_msgs/include/raspimouse_msgs/msg
[5.252s] -- Up-to-date: /home/ubuntu/ros2_ws/install/raspimouse_msgs/include/raspimouse_msgs/msg/detail
[5.253s] -- Up-to-date: /home/ubuntu/ros2_ws/install/raspimouse_msgs/include/raspimouse_msgs/msg/detail/light_sensors__rosidl_typesupport_fastrtps_cpp.hpp
[5.254s] -- Up-to-date: /home/ubuntu/ros2_ws/install/raspimouse_msgs/include/raspimouse_msgs/msg/detail/dds_fastrtps
[5.255s] -- Up-to-date: /home/ubuntu/ros2_ws/install/raspimouse_msgs/include/raspimouse_msgs/msg/detail/motor_freqs__rosidl_typesupport_fastrtps_cpp.hpp
[5.257s] -- Up-to-date: /home/ubuntu/ros2_ws/install/raspimouse_msgs/include/raspimouse_msgs/msg/rosidl_typesupport_fastrtps_cpp__visibility_control.h
[5.258s] -- Up-to-date: /home/ubuntu/ros2_ws/install/raspimouse_msgs/include/raspimouse_msgs/srv
[5.259s] -- Up-to-date: /home/ubuntu/ros2_ws/install/raspimouse_msgs/include/raspimouse_msgs/srv/detail
[5.261s] -- Up-to-date: /home/ubuntu/ros2_ws/install/raspimouse_msgs/include/raspimouse_msgs/srv/detail/dds_fastrtps
[5.262s] -- Up-to-date: /home/ubuntu/ros2_ws/install/raspimouse_msgs/include/raspimouse_msgs/srv/detail/light_sensors_service__rosidl_typesupport_fastrtps_cpp.hpp
[5.263s] -- Up-to-date: /home/ubuntu/ros2_ws/install/raspimouse_msgs/include/raspimouse_msgs/srv/detail/motor_freqs_service__rosidl_typesupport_fastrtps_cpp.hpp
[5.264s] -- Up-to-date: /home/ubuntu/ros2_ws/install/raspimouse_msgs/lib/libraspimouse_msgs__rosidl_typesupport_fastrtps_cpp.so
[5.266s] -- Up-to-date: /home/ubuntu/ros2_ws/install/raspimouse_msgs/include/raspimouse_msgs
[5.268s] -- Up-to-date: /home/ubuntu/ros2_ws/install/raspimouse_msgs/include/raspimouse_msgs/msg
[5.270s] -- Up-to-date: /home/ubuntu/ros2_ws/install/raspimouse_msgs/include/raspimouse_msgs/msg/detail
[5.271s] -- Up-to-date: /home/ubuntu/ros2_ws/install/raspimouse_msgs/include/raspimouse_msgs/msg/detail/light_sensors__type_support.c
[5.273s] -- Up-to-date: /home/ubuntu/ros2_ws/install/raspimouse_msgs/include/raspimouse_msgs/msg/detail/light_sensors__rosidl_typesupport_introspection_c.h
[5.275s] -- Up-to-date: /home/ubuntu/ros2_ws/install/raspimouse_msgs/include/raspimouse_msgs/msg/detail/motor_freqs__rosidl_typesupport_introspection_c.h
[5.277s] -- Up-to-date: /home/ubuntu/ros2_ws/install/raspimouse_msgs/include/raspimouse_msgs/msg/detail/motor_freqs__type_support.c
[5.279s] -- Up-to-date: /home/ubuntu/ros2_ws/install/raspimouse_msgs/include/raspimouse_msgs/msg/rosidl_typesupport_introspection_c__visibility_control.h
[5.281s] -- Up-to-date: /home/ubuntu/ros2_ws/install/raspimouse_msgs/include/raspimouse_msgs/srv
[5.283s] -- Up-to-date: /home/ubuntu/ros2_ws/install/raspimouse_msgs/include/raspimouse_msgs/srv/detail
[5.285s] -- Up-to-date: /home/ubuntu/ros2_ws/install/raspimouse_msgs/include/raspimouse_msgs/srv/detail/light_sensors_service__rosidl_typesupport_introspection_c.h
[5.286s] -- Up-to-date: /home/ubuntu/ros2_ws/install/raspimouse_msgs/include/raspimouse_msgs/srv/detail/motor_freqs_service__rosidl_typesupport_introspection_c.h
[5.288s] -- Up-to-date: /home/ubuntu/ros2_ws/install/raspimouse_msgs/include/raspimouse_msgs/srv/detail/motor_freqs_service__type_support.c
[5.289s] -- Up-to-date: /home/ubuntu/ros2_ws/install/raspimouse_msgs/include/raspimouse_msgs/srv/detail/light_sensors_service__type_support.c
[5.290s] -- Up-to-date: /home/ubuntu/ros2_ws/install/raspimouse_msgs/lib/libraspimouse_msgs__rosidl_typesupport_introspection_c.so
[5.291s] -- Up-to-date: /home/ubuntu/ros2_ws/install/raspimouse_msgs/lib/libraspimouse_msgs__rosidl_typesupport_c.so
[5.292s] -- Up-to-date: /home/ubuntu/ros2_ws/install/raspimouse_msgs/include/raspimouse_msgs
[5.293s] -- Up-to-date: /home/ubuntu/ros2_ws/install/raspimouse_msgs/include/raspimouse_msgs/msg
[5.294s] -- Up-to-date: /home/ubuntu/ros2_ws/install/raspimouse_msgs/include/raspimouse_msgs/msg/detail
[5.296s] -- Up-to-date: /home/ubuntu/ros2_ws/install/raspimouse_msgs/include/raspimouse_msgs/msg/detail/light_sensors__struct.hpp
[5.297s] -- Up-to-date: /home/ubuntu/ros2_ws/install/raspimouse_msgs/include/raspimouse_msgs/msg/detail/light_sensors__builder.hpp
[5.298s] -- Up-to-date: /home/ubuntu/ros2_ws/install/raspimouse_msgs/include/raspimouse_msgs/msg/detail/motor_freqs__struct.hpp
[5.299s] -- Up-to-date: /home/ubuntu/ros2_ws/install/raspimouse_msgs/include/raspimouse_msgs/msg/detail/motor_freqs__traits.hpp
[5.300s] -- Up-to-date: /home/ubuntu/ros2_ws/install/raspimouse_msgs/include/raspimouse_msgs/msg/detail/motor_freqs__builder.hpp
[5.301s] -- Up-to-date: /home/ubuntu/ros2_ws/install/raspimouse_msgs/include/raspimouse_msgs/msg/detail/light_sensors__traits.hpp
[5.302s] -- Up-to-date: /home/ubuntu/ros2_ws/install/raspimouse_msgs/include/raspimouse_msgs/msg/light_sensors.hpp
[5.304s] -- Up-to-date: /home/ubuntu/ros2_ws/install/raspimouse_msgs/include/raspimouse_msgs/msg/motor_freqs.hpp
[5.305s] -- Up-to-date: /home/ubuntu/ros2_ws/install/raspimouse_msgs/include/raspimouse_msgs/srv
[5.306s] -- Up-to-date: /home/ubuntu/ros2_ws/install/raspimouse_msgs/include/raspimouse_msgs/srv/detail
[5.308s] -- Up-to-date: /home/ubuntu/ros2_ws/install/raspimouse_msgs/include/raspimouse_msgs/srv/detail/motor_freqs_service__traits.hpp
[5.309s] -- Up-to-date: /home/ubuntu/ros2_ws/install/raspimouse_msgs/include/raspimouse_msgs/srv/detail/motor_freqs_service__struct.hpp
[5.311s] -- Up-to-date: /home/ubuntu/ros2_ws/install/raspimouse_msgs/include/raspimouse_msgs/srv/detail/light_sensors_service__struct.hpp
[5.313s] -- Up-to-date: /home/ubuntu/ros2_ws/install/raspimouse_msgs/include/raspimouse_msgs/srv/detail/light_sensors_service__builder.hpp
[5.314s] -- Up-to-date: /home/ubuntu/ros2_ws/install/raspimouse_msgs/include/raspimouse_msgs/srv/detail/light_sensors_service__traits.hpp
[5.315s] -- Up-to-date: /home/ubuntu/ros2_ws/install/raspimouse_msgs/include/raspimouse_msgs/srv/detail/motor_freqs_service__builder.hpp
[5.316s] -- Up-to-date: /home/ubuntu/ros2_ws/install/raspimouse_msgs/include/raspimouse_msgs/srv/light_sensors_service.hpp
[5.317s] -- Up-to-date: /home/ubuntu/ros2_ws/install/raspimouse_msgs/include/raspimouse_msgs/srv/motor_freqs_service.hpp
[5.319s] -- Up-to-date: /home/ubuntu/ros2_ws/install/raspimouse_msgs/include/raspimouse_msgs
[5.320s] -- Up-to-date: /home/ubuntu/ros2_ws/install/raspimouse_msgs/include/raspimouse_msgs/msg
[5.322s] -- Up-to-date: /home/ubuntu/ros2_ws/install/raspimouse_msgs/include/raspimouse_msgs/msg/detail
[5.323s] -- Up-to-date: /home/ubuntu/ros2_ws/install/raspimouse_msgs/include/raspimouse_msgs/msg/detail/motor_freqs__type_support.cpp
[5.324s] -- Up-to-date: /home/ubuntu/ros2_ws/install/raspimouse_msgs/include/raspimouse_msgs/msg/detail/light_sensors__type_support.cpp
[5.326s] -- Up-to-date: /home/ubuntu/ros2_ws/install/raspimouse_msgs/include/raspimouse_msgs/msg/detail/light_sensors__rosidl_typesupport_introspection_cpp.hpp
[5.327s] -- Up-to-date: /home/ubuntu/ros2_ws/install/raspimouse_msgs/include/raspimouse_msgs/msg/detail/motor_freqs__rosidl_typesupport_introspection_cpp.hpp
[5.328s] -- Up-to-date: /home/ubuntu/ros2_ws/install/raspimouse_msgs/include/raspimouse_msgs/srv
[5.330s] -- Up-to-date: /home/ubuntu/ros2_ws/install/raspimouse_msgs/include/raspimouse_msgs/srv/detail
[5.331s] -- Up-to-date: /home/ubuntu/ros2_ws/install/raspimouse_msgs/include/raspimouse_msgs/srv/detail/light_sensors_service__rosidl_typesupport_introspection_cpp.hpp
[5.332s] -- Up-to-date: /home/ubuntu/ros2_ws/install/raspimouse_msgs/include/raspimouse_msgs/srv/detail/motor_freqs_service__rosidl_typesupport_introspection_cpp.hpp
[5.334s] -- Up-to-date: /home/ubuntu/ros2_ws/install/raspimouse_msgs/include/raspimouse_msgs/srv/detail/motor_freqs_service__type_support.cpp
[5.335s] -- Up-to-date: /home/ubuntu/ros2_ws/install/raspimouse_msgs/include/raspimouse_msgs/srv/detail/light_sensors_service__type_support.cpp
[5.336s] -- Up-to-date: /home/ubuntu/ros2_ws/install/raspimouse_msgs/lib/libraspimouse_msgs__rosidl_typesupport_introspection_cpp.so
[5.338s] -- Up-to-date: /home/ubuntu/ros2_ws/install/raspimouse_msgs/lib/libraspimouse_msgs__rosidl_typesupport_cpp.so
[5.339s] -- Up-to-date: /home/ubuntu/ros2_ws/install/raspimouse_msgs/share/raspimouse_msgs/environment/pythonpath.sh
[5.340s] -- Up-to-date: /home/ubuntu/ros2_ws/install/raspimouse_msgs/share/raspimouse_msgs/environment/pythonpath.dsv
[5.341s] -- Up-to-date: /home/ubuntu/ros2_ws/install/raspimouse_msgs/lib/python3.8/site-packages/raspimouse_msgs/__init__.py
[5.651s] -- Up-to-date: /home/ubuntu/ros2_ws/install/raspimouse_msgs/lib/python3.8/site-packages/raspimouse_msgs/msg
[5.652s] -- Up-to-date: /home/ubuntu/ros2_ws/install/raspimouse_msgs/lib/python3.8/site-packages/raspimouse_msgs/msg/_light_sensors.py
[5.654s] -- Up-to-date: /home/ubuntu/ros2_ws/install/raspimouse_msgs/lib/python3.8/site-packages/raspimouse_msgs/msg/__init__.py
[5.655s] -- Up-to-date: /home/ubuntu/ros2_ws/install/raspimouse_msgs/lib/python3.8/site-packages/raspimouse_msgs/msg/_motor_freqs.py
[5.656s] -- Up-to-date: /home/ubuntu/ros2_ws/install/raspimouse_msgs/lib/python3.8/site-packages/raspimouse_msgs/msg/_motor_freqs_s.c
[5.657s] -- Up-to-date: /home/ubuntu/ros2_ws/install/raspimouse_msgs/lib/python3.8/site-packages/raspimouse_msgs/msg/_light_sensors_s.c
[5.658s] -- Up-to-date: /home/ubuntu/ros2_ws/install/raspimouse_msgs/lib/python3.8/site-packages/raspimouse_msgs/srv
[5.659s] -- Up-to-date: /home/ubuntu/ros2_ws/install/raspimouse_msgs/lib/python3.8/site-packages/raspimouse_msgs/srv/__init__.py
[5.660s] -- Up-to-date: /home/ubuntu/ros2_ws/install/raspimouse_msgs/lib/python3.8/site-packages/raspimouse_msgs/srv/_light_sensors_service_s.c
[5.661s] -- Up-to-date: /home/ubuntu/ros2_ws/install/raspimouse_msgs/lib/python3.8/site-packages/raspimouse_msgs/srv/_motor_freqs_service.py
[5.662s] -- Up-to-date: /home/ubuntu/ros2_ws/install/raspimouse_msgs/lib/python3.8/site-packages/raspimouse_msgs/srv/_light_sensors_service.py
[5.663s] -- Up-to-date: /home/ubuntu/ros2_ws/install/raspimouse_msgs/lib/python3.8/site-packages/raspimouse_msgs/srv/_motor_freqs_service_s.c
[5.664s] -- Up-to-date: /home/ubuntu/ros2_ws/install/raspimouse_msgs/lib/python3.8/site-packages/raspimouse_msgs/raspimouse_msgs_s__rosidl_typesupport_fastrtps_c.cpython-38-aarch64-linux-gnu.so
[5.670s] -- Up-to-date: /home/ubuntu/ros2_ws/install/raspimouse_msgs/lib/python3.8/site-packages/raspimouse_msgs/raspimouse_msgs_s__rosidl_typesupport_introspection_c.cpython-38-aarch64-linux-gnu.so
[5.676s] -- Up-to-date: /home/ubuntu/ros2_ws/install/raspimouse_msgs/lib/python3.8/site-packages/raspimouse_msgs/raspimouse_msgs_s__rosidl_typesupport_c.cpython-38-aarch64-linux-gnu.so
[5.681s] -- Up-to-date: /home/ubuntu/ros2_ws/install/raspimouse_msgs/lib/libraspimouse_msgs__python.so
[5.684s] -- Up-to-date: /home/ubuntu/ros2_ws/install/raspimouse_msgs/share/raspimouse_msgs/msg/LightSensors.idl
[5.686s] -- Up-to-date: /home/ubuntu/ros2_ws/install/raspimouse_msgs/share/raspimouse_msgs/srv/LightSensorsService.idl
[5.687s] -- Up-to-date: /home/ubuntu/ros2_ws/install/raspimouse_msgs/share/raspimouse_msgs/msg/MotorFreqs.idl
[5.688s] -- Up-to-date: /home/ubuntu/ros2_ws/install/raspimouse_msgs/share/raspimouse_msgs/srv/MotorFreqsService.idl
[5.689s] -- Up-to-date: /home/ubuntu/ros2_ws/install/raspimouse_msgs/share/raspimouse_msgs/msg/LightSensors.msg
[5.691s] -- Up-to-date: /home/ubuntu/ros2_ws/install/raspimouse_msgs/share/raspimouse_msgs/srv/LightSensorsService.srv
[5.692s] -- Up-to-date: /home/ubuntu/ros2_ws/install/raspimouse_msgs/share/raspimouse_msgs/srv/LightSensorsService_Request.msg
[5.693s] -- Up-to-date: /home/ubuntu/ros2_ws/install/raspimouse_msgs/share/raspimouse_msgs/srv/LightSensorsService_Response.msg
[5.695s] -- Up-to-date: /home/ubuntu/ros2_ws/install/raspimouse_msgs/share/raspimouse_msgs/msg/MotorFreqs.msg
[5.696s] -- Up-to-date: /home/ubuntu/ros2_ws/install/raspimouse_msgs/share/raspimouse_msgs/srv/MotorFreqsService.srv
[5.697s] -- Up-to-date: /home/ubuntu/ros2_ws/install/raspimouse_msgs/share/raspimouse_msgs/srv/MotorFreqsService_Request.msg
[5.698s] -- Up-to-date: /home/ubuntu/ros2_ws/install/raspimouse_msgs/share/raspimouse_msgs/srv/MotorFreqsService_Response.msg
[5.699s] -- Up-to-date: /home/ubuntu/ros2_ws/install/raspimouse_msgs/share/ament_index/resource_index/package_run_dependencies/raspimouse_msgs
[5.701s] -- Up-to-date: /home/ubuntu/ros2_ws/install/raspimouse_msgs/share/ament_index/resource_index/parent_prefix_path/raspimouse_msgs
[5.702s] -- Up-to-date: /home/ubuntu/ros2_ws/install/raspimouse_msgs/share/raspimouse_msgs/environment/ament_prefix_path.sh
[5.703s] -- Up-to-date: /home/ubuntu/ros2_ws/install/raspimouse_msgs/share/raspimouse_msgs/environment/ament_prefix_path.dsv
[5.704s] -- Up-to-date: /home/ubuntu/ros2_ws/install/raspimouse_msgs/share/raspimouse_msgs/environment/path.sh
[5.705s] -- Up-to-date: /home/ubuntu/ros2_ws/install/raspimouse_msgs/share/raspimouse_msgs/environment/path.dsv
[5.706s] -- Up-to-date: /home/ubuntu/ros2_ws/install/raspimouse_msgs/share/raspimouse_msgs/local_setup.bash
[5.707s] -- Up-to-date: /home/ubuntu/ros2_ws/install/raspimouse_msgs/share/raspimouse_msgs/local_setup.sh
[5.708s] -- Up-to-date: /home/ubuntu/ros2_ws/install/raspimouse_msgs/share/raspimouse_msgs/local_setup.zsh
[5.709s] -- Up-to-date: /home/ubuntu/ros2_ws/install/raspimouse_msgs/share/raspimouse_msgs/local_setup.dsv
[5.710s] -- Installing: /home/ubuntu/ros2_ws/install/raspimouse_msgs/share/raspimouse_msgs/package.dsv
[5.711s] -- Up-to-date: /home/ubuntu/ros2_ws/install/raspimouse_msgs/share/ament_index/resource_index/packages/raspimouse_msgs
[5.713s] -- Up-to-date: /home/ubuntu/ros2_ws/install/raspimouse_msgs/share/raspimouse_msgs/cmake/raspimouse_msgs__rosidl_generator_cExport.cmake
[5.715s] -- Up-to-date: /home/ubuntu/ros2_ws/install/raspimouse_msgs/share/raspimouse_msgs/cmake/raspimouse_msgs__rosidl_generator_cExport-noconfig.cmake
[5.720s] -- Up-to-date: /home/ubuntu/ros2_ws/install/raspimouse_msgs/share/raspimouse_msgs/cmake/raspimouse_msgs__rosidl_typesupport_introspection_cExport.cmake
[5.722s] -- Up-to-date: /home/ubuntu/ros2_ws/install/raspimouse_msgs/share/raspimouse_msgs/cmake/raspimouse_msgs__rosidl_typesupport_introspection_cExport-noconfig.cmake
[5.726s] -- Up-to-date: /home/ubuntu/ros2_ws/install/raspimouse_msgs/share/raspimouse_msgs/cmake/raspimouse_msgs__rosidl_typesupport_cExport.cmake
[5.727s] -- Up-to-date: /home/ubuntu/ros2_ws/install/raspimouse_msgs/share/raspimouse_msgs/cmake/raspimouse_msgs__rosidl_typesupport_cExport-noconfig.cmake
[5.732s] -- Up-to-date: /home/ubuntu/ros2_ws/install/raspimouse_msgs/share/raspimouse_msgs/cmake/raspimouse_msgs__rosidl_generator_cppExport.cmake
[5.737s] -- Up-to-date: /home/ubuntu/ros2_ws/install/raspimouse_msgs/share/raspimouse_msgs/cmake/raspimouse_msgs__rosidl_typesupport_introspection_cppExport.cmake
[5.738s] -- Up-to-date: /home/ubuntu/ros2_ws/install/raspimouse_msgs/share/raspimouse_msgs/cmake/raspimouse_msgs__rosidl_typesupport_introspection_cppExport-noconfig.cmake
[5.743s] -- Up-to-date: /home/ubuntu/ros2_ws/install/raspimouse_msgs/share/raspimouse_msgs/cmake/raspimouse_msgs__rosidl_typesupport_cppExport.cmake
[5.744s] -- Up-to-date: /home/ubuntu/ros2_ws/install/raspimouse_msgs/share/raspimouse_msgs/cmake/raspimouse_msgs__rosidl_typesupport_cppExport-noconfig.cmake
[5.746s] -- Up-to-date: /home/ubuntu/ros2_ws/install/raspimouse_msgs/share/raspimouse_msgs/cmake/rosidl_cmake-extras.cmake
[5.747s] -- Up-to-date: /home/ubuntu/ros2_ws/install/raspimouse_msgs/share/raspimouse_msgs/cmake/ament_cmake_export_dependencies-extras.cmake
[5.749s] -- Up-to-date: /home/ubuntu/ros2_ws/install/raspimouse_msgs/share/raspimouse_msgs/cmake/ament_cmake_export_libraries-extras.cmake
[5.750s] -- Up-to-date: /home/ubuntu/ros2_ws/install/raspimouse_msgs/share/raspimouse_msgs/cmake/ament_cmake_export_targets-extras.cmake
[5.752s] -- Up-to-date: /home/ubuntu/ros2_ws/install/raspimouse_msgs/share/raspimouse_msgs/cmake/ament_cmake_export_include_directories-extras.cmake
[5.753s] -- Up-to-date: /home/ubuntu/ros2_ws/install/raspimouse_msgs/share/raspimouse_msgs/cmake/rosidl_cmake_export_typesupport_libraries-extras.cmake
[5.754s] -- Up-to-date: /home/ubuntu/ros2_ws/install/raspimouse_msgs/share/raspimouse_msgs/cmake/rosidl_cmake_export_typesupport_targets-extras.cmake
[5.755s] -- Up-to-date: /home/ubuntu/ros2_ws/install/raspimouse_msgs/share/raspimouse_msgs/cmake/raspimouse_msgsConfig.cmake
[5.756s] -- Up-to-date: /home/ubuntu/ros2_ws/install/raspimouse_msgs/share/raspimouse_msgs/cmake/raspimouse_msgsConfig-version.cmake
[5.757s] -- Up-to-date: /home/ubuntu/ros2_ws/install/raspimouse_msgs/share/raspimouse_msgs/package.xml
[5.775s] Invoked command in '/home/ubuntu/ros2_ws/build/raspimouse_msgs' returned '0': CMAKE_PREFIX_PATH=${CMAKE_PREFIX_PATH}:/home/ubuntu/ros2_ws/install/raspimouse:/opt/ros/foxy /usr/bin/cmake --install /home/ubuntu/ros2_ws/build/raspimouse_msgs
