[3.920s] DEBUG:colcon:Command line arguments: ['/usr/bin/colcon', 'build']
[3.921s] DEBUG:colcon:Parsed command line arguments: Namespace(ament_cmake_args=None, base_paths=['.'], build_base='build', catkin_cmake_args=None, catkin_skip_building_tests=False, cmake_args=None, cmake_clean_cache=False, cmake_clean_first=False, cmake_force_configure=False, cmake_target=None, cmake_target_skip_unavailable=False, continue_on_error=False, event_handlers=None, executor='parallel', ignore_user_meta=False, install_base='install', log_base=None, log_level=None, main=<bound method BuildVerb.main of <colcon_core.verb.build.BuildVerb object at 0xffff8fa285e0>>, merge_install=False, metas=['./colcon.meta'], packages_above=None, packages_above_and_dependencies=None, packages_above_depth=None, packages_end=None, packages_ignore=None, packages_ignore_regex=None, packages_select=None, packages_select_build_failed=False, packages_select_by_dep=None, packages_select_regex=None, packages_select_test_failures=False, packages_skip=None, packages_skip_build_finished=False, packages_skip_by_dep=None, packages_skip_regex=None, packages_skip_test_passed=False, packages_skip_up_to=None, packages_start=None, packages_up_to=None, packages_up_to_regex=None, parallel_workers=4, paths=None, symlink_install=False, test_result_base=None, verb_extension=<colcon_core.verb.build.BuildVerb object at 0xffff8fa285e0>, verb_name='build', verb_parser=<colcon_defaults.argument_parser.defaults.DefaultArgumentsDecorator object at 0xffff8fa28b20>)
[4.031s] Level 1:colcon.colcon_core.package_discovery:discover_packages(colcon_meta) check parameters
[4.032s] Level 1:colcon.colcon_core.package_discovery:discover_packages(recursive) check parameters
[4.033s] Level 1:colcon.colcon_core.package_discovery:discover_packages(ignore) check parameters
[4.033s] Level 1:colcon.colcon_core.package_discovery:discover_packages(path) check parameters
[4.034s] Level 1:colcon.colcon_core.package_discovery:discover_packages(colcon_meta) discover
[4.035s] Level 1:colcon.colcon_core.package_discovery:discover_packages(recursive) discover
[4.035s] INFO:colcon.colcon_core.package_discovery:Crawling recursively for packages in '/home/ubuntu/ros2_ws'
[4.036s] Level 1:colcon.colcon_core.package_identification:_identify(.) by extensions ['ignore', 'ignore_ament_install']
[4.038s] Level 1:colcon.colcon_core.package_identification:_identify(.) by extension 'ignore'
[4.039s] Level 1:colcon.colcon_core.package_identification:_identify(.) by extension 'ignore_ament_install'
[4.040s] Level 1:colcon.colcon_core.package_identification:_identify(.) by extensions ['colcon_pkg']
[4.040s] Level 1:colcon.colcon_core.package_identification:_identify(.) by extension 'colcon_pkg'
[4.041s] Level 1:colcon.colcon_core.package_identification:_identify(.) by extensions ['colcon_meta']
[4.042s] Level 1:colcon.colcon_core.package_identification:_identify(.) by extension 'colcon_meta'
[4.043s] Level 1:colcon.colcon_core.package_identification:_identify(.) by extensions ['ros']
[4.044s] Level 1:colcon.colcon_core.package_identification:_identify(.) by extension 'ros'
[4.213s] Level 1:colcon.colcon_core.package_identification:_identify(.) by extensions ['cmake', 'python']
[4.214s] Level 1:colcon.colcon_core.package_identification:_identify(.) by extension 'cmake'
[4.215s] Level 1:colcon.colcon_core.package_identification:_identify(.) by extension 'python'
[4.216s] Level 1:colcon.colcon_core.package_identification:_identify(.) by extensions ['python_setup_py']
[4.216s] Level 1:colcon.colcon_core.package_identification:_identify(.) by extension 'python_setup_py'
[4.218s] Level 1:colcon.colcon_core.package_identification:_identify(build) by extensions ['ignore', 'ignore_ament_install']
[4.219s] Level 1:colcon.colcon_core.package_identification:_identify(build) by extension 'ignore'
[4.220s] Level 1:colcon.colcon_core.package_identification:_identify(build) ignored
[4.223s] Level 1:colcon.colcon_core.package_identification:_identify(install) by extensions ['ignore', 'ignore_ament_install']
[4.224s] Level 1:colcon.colcon_core.package_identification:_identify(install) by extension 'ignore'
[4.225s] Level 1:colcon.colcon_core.package_identification:_identify(install) ignored
[4.230s] Level 1:colcon.colcon_core.package_identification:_identify(log) by extensions ['ignore', 'ignore_ament_install']
[4.231s] Level 1:colcon.colcon_core.package_identification:_identify(log) by extension 'ignore'
[4.232s] Level 1:colcon.colcon_core.package_identification:_identify(log) ignored
[4.234s] Level 1:colcon.colcon_core.package_identification:_identify(src) by extensions ['ignore', 'ignore_ament_install']
[4.235s] Level 1:colcon.colcon_core.package_identification:_identify(src) by extension 'ignore'
[4.236s] Level 1:colcon.colcon_core.package_identification:_identify(src) by extension 'ignore_ament_install'
[4.238s] Level 1:colcon.colcon_core.package_identification:_identify(src) by extensions ['colcon_pkg']
[4.239s] Level 1:colcon.colcon_core.package_identification:_identify(src) by extension 'colcon_pkg'
[4.240s] Level 1:colcon.colcon_core.package_identification:_identify(src) by extensions ['colcon_meta']
[4.240s] Level 1:colcon.colcon_core.package_identification:_identify(src) by extension 'colcon_meta'
[4.241s] Level 1:colcon.colcon_core.package_identification:_identify(src) by extensions ['ros']
[4.242s] Level 1:colcon.colcon_core.package_identification:_identify(src) by extension 'ros'
[4.243s] Level 1:colcon.colcon_core.package_identification:_identify(src) by extensions ['cmake', 'python']
[4.244s] Level 1:colcon.colcon_core.package_identification:_identify(src) by extension 'cmake'
[4.245s] Level 1:colcon.colcon_core.package_identification:_identify(src) by extension 'python'
[4.246s] Level 1:colcon.colcon_core.package_identification:_identify(src) by extensions ['python_setup_py']
[4.246s] Level 1:colcon.colcon_core.package_identification:_identify(src) by extension 'python_setup_py'
[4.250s] Level 1:colcon.colcon_core.package_identification:_identify(src/light_sensor_values) by extensions ['ignore', 'ignore_ament_install']
[4.252s] Level 1:colcon.colcon_core.package_identification:_identify(src/light_sensor_values) by extension 'ignore'
[4.253s] Level 1:colcon.colcon_core.package_identification:_identify(src/light_sensor_values) by extension 'ignore_ament_install'
[4.254s] Level 1:colcon.colcon_core.package_identification:_identify(src/light_sensor_values) by extensions ['colcon_pkg']
[4.255s] Level 1:colcon.colcon_core.package_identification:_identify(src/light_sensor_values) by extension 'colcon_pkg'
[4.256s] Level 1:colcon.colcon_core.package_identification:_identify(src/light_sensor_values) by extensions ['colcon_meta']
[4.257s] Level 1:colcon.colcon_core.package_identification:_identify(src/light_sensor_values) by extension 'colcon_meta'
[4.257s] Level 1:colcon.colcon_core.package_identification:_identify(src/light_sensor_values) by extensions ['ros']
[4.258s] Level 1:colcon.colcon_core.package_identification:_identify(src/light_sensor_values) by extension 'ros'
[4.290s] DEBUG:colcon.colcon_core.package_identification:Package 'src/light_sensor_values' with type 'ros.ament_cmake' and name 'light_sensor_values'
[4.291s] Level 1:colcon.colcon_core.package_identification:_identify(src/raspimouse) by extensions ['ignore', 'ignore_ament_install']
[4.293s] Level 1:colcon.colcon_core.package_identification:_identify(src/raspimouse) by extension 'ignore'
[4.294s] Level 1:colcon.colcon_core.package_identification:_identify(src/raspimouse) by extension 'ignore_ament_install'
[4.295s] Level 1:colcon.colcon_core.package_identification:_identify(src/raspimouse) by extensions ['colcon_pkg']
[4.295s] Level 1:colcon.colcon_core.package_identification:_identify(src/raspimouse) by extension 'colcon_pkg'
[4.297s] Level 1:colcon.colcon_core.package_identification:_identify(src/raspimouse) by extensions ['colcon_meta']
[4.297s] Level 1:colcon.colcon_core.package_identification:_identify(src/raspimouse) by extension 'colcon_meta'
[4.298s] Level 1:colcon.colcon_core.package_identification:_identify(src/raspimouse) by extensions ['ros']
[4.299s] Level 1:colcon.colcon_core.package_identification:_identify(src/raspimouse) by extension 'ros'
[4.307s] DEBUG:colcon.colcon_core.package_identification:Package 'src/raspimouse' with type 'ros.ament_python' and name 'raspimouse'
[4.308s] Level 1:colcon.colcon_core.package_discovery:discover_packages(recursive) using defaults
[4.309s] Level 1:colcon.colcon_core.package_discovery:discover_packages(ignore) discover
[4.309s] Level 1:colcon.colcon_core.package_discovery:discover_packages(ignore) using defaults
[4.310s] Level 1:colcon.colcon_core.package_discovery:discover_packages(path) discover
[4.310s] Level 1:colcon.colcon_core.package_discovery:discover_packages(path) using defaults
[4.558s] Level 5:colcon.colcon_core.verb:set package 'light_sensor_values' build argument 'cmake_args' from command line to 'None'
[4.559s] Level 5:colcon.colcon_core.verb:set package 'light_sensor_values' build argument 'cmake_target' from command line to 'None'
[4.559s] Level 5:colcon.colcon_core.verb:set package 'light_sensor_values' build argument 'cmake_target_skip_unavailable' from command line to 'False'
[4.560s] Level 5:colcon.colcon_core.verb:set package 'light_sensor_values' build argument 'cmake_clean_cache' from command line to 'False'
[4.560s] Level 5:colcon.colcon_core.verb:set package 'light_sensor_values' build argument 'cmake_clean_first' from command line to 'False'
[4.561s] Level 5:colcon.colcon_core.verb:set package 'light_sensor_values' build argument 'cmake_force_configure' from command line to 'False'
[4.561s] Level 5:colcon.colcon_core.verb:set package 'light_sensor_values' build argument 'ament_cmake_args' from command line to 'None'
[4.562s] Level 5:colcon.colcon_core.verb:set package 'light_sensor_values' build argument 'catkin_cmake_args' from command line to 'None'
[4.562s] Level 5:colcon.colcon_core.verb:set package 'light_sensor_values' build argument 'catkin_skip_building_tests' from command line to 'False'
[4.563s] DEBUG:colcon.colcon_core.verb:Building package 'light_sensor_values' with the following arguments: {'ament_cmake_args': None, 'build_base': '/home/ubuntu/ros2_ws/build/light_sensor_values', 'catkin_cmake_args': None, 'catkin_skip_building_tests': False, 'cmake_args': None, 'cmake_clean_cache': False, 'cmake_clean_first': False, 'cmake_force_configure': False, 'cmake_target': None, 'cmake_target_skip_unavailable': False, 'install_base': '/home/ubuntu/ros2_ws/install/light_sensor_values', 'merge_install': False, 'path': '/home/ubuntu/ros2_ws/src/light_sensor_values', 'symlink_install': False, 'test_result_base': None}
[4.586s] Level 5:colcon.colcon_core.verb:set package 'raspimouse' build argument 'cmake_args' from command line to 'None'
[4.587s] Level 5:colcon.colcon_core.verb:set package 'raspimouse' build argument 'cmake_target' from command line to 'None'
[4.587s] Level 5:colcon.colcon_core.verb:set package 'raspimouse' build argument 'cmake_target_skip_unavailable' from command line to 'False'
[4.588s] Level 5:colcon.colcon_core.verb:set package 'raspimouse' build argument 'cmake_clean_cache' from command line to 'False'
[4.588s] Level 5:colcon.colcon_core.verb:set package 'raspimouse' build argument 'cmake_clean_first' from command line to 'False'
[4.589s] Level 5:colcon.colcon_core.verb:set package 'raspimouse' build argument 'cmake_force_configure' from command line to 'False'
[4.590s] Level 5:colcon.colcon_core.verb:set package 'raspimouse' build argument 'ament_cmake_args' from command line to 'None'
[4.590s] Level 5:colcon.colcon_core.verb:set package 'raspimouse' build argument 'catkin_cmake_args' from command line to 'None'
[4.590s] Level 5:colcon.colcon_core.verb:set package 'raspimouse' build argument 'catkin_skip_building_tests' from command line to 'False'
[4.591s] DEBUG:colcon.colcon_core.verb:Building package 'raspimouse' with the following arguments: {'ament_cmake_args': None, 'build_base': '/home/ubuntu/ros2_ws/build/raspimouse', 'catkin_cmake_args': None, 'catkin_skip_building_tests': False, 'cmake_args': None, 'cmake_clean_cache': False, 'cmake_clean_first': False, 'cmake_force_configure': False, 'cmake_target': None, 'cmake_target_skip_unavailable': False, 'install_base': '/home/ubuntu/ros2_ws/install/raspimouse', 'merge_install': False, 'path': '/home/ubuntu/ros2_ws/src/raspimouse', 'symlink_install': False, 'test_result_base': None}
[4.594s] INFO:colcon.colcon_core.executor:Executing jobs using 'parallel' executor
[4.610s] DEBUG:colcon.colcon_parallel_executor.executor.parallel:run_until_complete
[4.614s] INFO:colcon.colcon_ros.task.ament_cmake.build:Building ROS package in '/home/ubuntu/ros2_ws/src/light_sensor_values' with build type 'ament_cmake'
[4.616s] INFO:colcon.colcon_cmake.task.cmake.build:Building CMake package in '/home/ubuntu/ros2_ws/src/light_sensor_values'
[4.676s] INFO:colcon.colcon_core.plugin_system:Skipping extension 'colcon_core.shell.bat': Not used on non-Windows systems
[4.679s] INFO:colcon.colcon_core.shell:Skip shell extension 'powershell' for command environment: Not usable outside of PowerShell
[4.680s] DEBUG:colcon.colcon_core.shell:Skip shell extension 'dsv' for command environment
[4.750s] DEBUG:colcon.colcon_core.shell:Ignoring prefix path '/opt/ros/foxy'
[4.862s] DEBUG:colcon.colcon_core.event_handler.log_command:Invoking command in '/home/ubuntu/ros2_ws/build/light_sensor_values': CMAKE_PREFIX_PATH=${CMAKE_PREFIX_PATH}:/home/ubuntu/ros2_ws/install/raspimouse:/opt/ros/foxy /usr/bin/cmake --build /home/ubuntu/ros2_ws/build/light_sensor_values -- -j4 -l4
[8.765s] DEBUG:colcon.colcon_core.event_handler.log_command:Invoked command in '/home/ubuntu/ros2_ws/build/light_sensor_values' returned '0': CMAKE_PREFIX_PATH=${CMAKE_PREFIX_PATH}:/home/ubuntu/ros2_ws/install/raspimouse:/opt/ros/foxy /usr/bin/cmake --build /home/ubuntu/ros2_ws/build/light_sensor_values -- -j4 -l4
[9.359s] DEBUG:colcon.colcon_core.event_handler.log_command:Invoking command in '/home/ubuntu/ros2_ws/build/light_sensor_values': CMAKE_PREFIX_PATH=${CMAKE_PREFIX_PATH}:/home/ubuntu/ros2_ws/install/raspimouse:/opt/ros/foxy /usr/bin/cmake --install /home/ubuntu/ros2_ws/build/light_sensor_values
[10.523s] Level 1:colcon.colcon_core.environment:create_environment_scripts_only(light_sensor_values)
[10.531s] DEBUG:colcon.colcon_core.event_handler.log_command:Invoked command in '/home/ubuntu/ros2_ws/build/light_sensor_values' returned '0': CMAKE_PREFIX_PATH=${CMAKE_PREFIX_PATH}:/home/ubuntu/ros2_ws/install/raspimouse:/opt/ros/foxy /usr/bin/cmake --install /home/ubuntu/ros2_ws/build/light_sensor_values
[10.625s] Level 1:colcon.colcon_core.environment:checking '/home/ubuntu/ros2_ws/install/light_sensor_values' for CMake module files
[10.636s] Level 1:colcon.colcon_core.environment:checking '/home/ubuntu/ros2_ws/install/light_sensor_values' for CMake config files
[10.652s] Level 1:colcon.colcon_core.shell:create_environment_hook('light_sensor_values', 'cmake_prefix_path')
[10.658s] INFO:colcon.colcon_core.shell:Creating environment hook '/home/ubuntu/ros2_ws/install/light_sensor_values/share/light_sensor_values/hook/cmake_prefix_path.ps1'
[10.673s] INFO:colcon.colcon_core.shell:Creating environment descriptor '/home/ubuntu/ros2_ws/install/light_sensor_values/share/light_sensor_values/hook/cmake_prefix_path.dsv'
[10.935s] INFO:colcon.colcon_core.shell:Creating environment hook '/home/ubuntu/ros2_ws/install/light_sensor_values/share/light_sensor_values/hook/cmake_prefix_path.sh'
[10.950s] Level 1:colcon.colcon_core.environment:checking '/home/ubuntu/ros2_ws/install/light_sensor_values/lib'
[10.953s] Level 1:colcon.colcon_core.shell:create_environment_hook('light_sensor_values', 'ld_library_path_lib')
[10.959s] INFO:colcon.colcon_core.shell:Creating environment hook '/home/ubuntu/ros2_ws/install/light_sensor_values/share/light_sensor_values/hook/ld_library_path_lib.ps1'
[10.964s] INFO:colcon.colcon_core.shell:Creating environment descriptor '/home/ubuntu/ros2_ws/install/light_sensor_values/share/light_sensor_values/hook/ld_library_path_lib.dsv'
[10.968s] INFO:colcon.colcon_core.shell:Creating environment hook '/home/ubuntu/ros2_ws/install/light_sensor_values/share/light_sensor_values/hook/ld_library_path_lib.sh'
[10.973s] Level 1:colcon.colcon_core.environment:checking '/home/ubuntu/ros2_ws/install/light_sensor_values/bin'
[10.975s] Level 1:colcon.colcon_core.environment:checking '/home/ubuntu/ros2_ws/install/light_sensor_values/lib/pkgconfig/light_sensor_values.pc'
[10.976s] Level 1:colcon.colcon_core.environment:checking '/home/ubuntu/ros2_ws/install/light_sensor_values/lib/python3.8/site-packages'
[10.977s] Level 1:colcon.colcon_core.shell:create_environment_hook('light_sensor_values', 'pythonpath')
[10.984s] INFO:colcon.colcon_core.shell:Creating environment hook '/home/ubuntu/ros2_ws/install/light_sensor_values/share/light_sensor_values/hook/pythonpath.ps1'
[10.989s] INFO:colcon.colcon_core.shell:Creating environment descriptor '/home/ubuntu/ros2_ws/install/light_sensor_values/share/light_sensor_values/hook/pythonpath.dsv'
[10.993s] INFO:colcon.colcon_core.shell:Creating environment hook '/home/ubuntu/ros2_ws/install/light_sensor_values/share/light_sensor_values/hook/pythonpath.sh'
[11.005s] INFO:colcon.colcon_core.shell:Creating package script '/home/ubuntu/ros2_ws/install/light_sensor_values/share/light_sensor_values/package.ps1'
[11.016s] INFO:colcon.colcon_core.shell:Creating package descriptor '/home/ubuntu/ros2_ws/install/light_sensor_values/share/light_sensor_values/package.dsv'
[11.028s] INFO:colcon.colcon_core.shell:Creating package script '/home/ubuntu/ros2_ws/install/light_sensor_values/share/light_sensor_values/package.sh'
[11.040s] INFO:colcon.colcon_core.shell:Creating package script '/home/ubuntu/ros2_ws/install/light_sensor_values/share/light_sensor_values/package.bash'
[11.052s] INFO:colcon.colcon_core.shell:Creating package script '/home/ubuntu/ros2_ws/install/light_sensor_values/share/light_sensor_values/package.zsh'
[11.066s] Level 1:colcon.colcon_core.environment:create_file_with_runtime_dependencies(/home/ubuntu/ros2_ws/install/light_sensor_values/share/colcon-core/packages/light_sensor_values)
[11.587s] Level 1:colcon.colcon_core.environment:create_environment_scripts_only(light_sensor_values)
[11.596s] Level 1:colcon.colcon_core.environment:checking '/home/ubuntu/ros2_ws/install/light_sensor_values' for CMake module files
[11.604s] Level 1:colcon.colcon_core.environment:checking '/home/ubuntu/ros2_ws/install/light_sensor_values' for CMake config files
[11.610s] Level 1:colcon.colcon_core.shell:create_environment_hook('light_sensor_values', 'cmake_prefix_path')
[11.616s] INFO:colcon.colcon_core.shell:Creating environment hook '/home/ubuntu/ros2_ws/install/light_sensor_values/share/light_sensor_values/hook/cmake_prefix_path.ps1'
[11.621s] INFO:colcon.colcon_core.shell:Creating environment descriptor '/home/ubuntu/ros2_ws/install/light_sensor_values/share/light_sensor_values/hook/cmake_prefix_path.dsv'
[11.625s] INFO:colcon.colcon_core.shell:Creating environment hook '/home/ubuntu/ros2_ws/install/light_sensor_values/share/light_sensor_values/hook/cmake_prefix_path.sh'
[11.633s] Level 1:colcon.colcon_core.environment:checking '/home/ubuntu/ros2_ws/install/light_sensor_values/lib'
[11.634s] Level 1:colcon.colcon_core.shell:create_environment_hook('light_sensor_values', 'ld_library_path_lib')
[11.640s] INFO:colcon.colcon_core.shell:Creating environment hook '/home/ubuntu/ros2_ws/install/light_sensor_values/share/light_sensor_values/hook/ld_library_path_lib.ps1'
[11.645s] INFO:colcon.colcon_core.shell:Creating environment descriptor '/home/ubuntu/ros2_ws/install/light_sensor_values/share/light_sensor_values/hook/ld_library_path_lib.dsv'
[11.650s] INFO:colcon.colcon_core.shell:Creating environment hook '/home/ubuntu/ros2_ws/install/light_sensor_values/share/light_sensor_values/hook/ld_library_path_lib.sh'
[11.655s] Level 1:colcon.colcon_core.environment:checking '/home/ubuntu/ros2_ws/install/light_sensor_values/bin'
[11.656s] Level 1:colcon.colcon_core.environment:checking '/home/ubuntu/ros2_ws/install/light_sensor_values/lib/pkgconfig/light_sensor_values.pc'
[11.657s] Level 1:colcon.colcon_core.environment:checking '/home/ubuntu/ros2_ws/install/light_sensor_values/lib/python3.8/site-packages'
[11.658s] Level 1:colcon.colcon_core.shell:create_environment_hook('light_sensor_values', 'pythonpath')
[11.665s] INFO:colcon.colcon_core.shell:Creating environment hook '/home/ubuntu/ros2_ws/install/light_sensor_values/share/light_sensor_values/hook/pythonpath.ps1'
[11.673s] INFO:colcon.colcon_core.shell:Creating environment descriptor '/home/ubuntu/ros2_ws/install/light_sensor_values/share/light_sensor_values/hook/pythonpath.dsv'
[11.677s] INFO:colcon.colcon_core.shell:Creating environment hook '/home/ubuntu/ros2_ws/install/light_sensor_values/share/light_sensor_values/hook/pythonpath.sh'
[11.689s] INFO:colcon.colcon_core.shell:Creating package script '/home/ubuntu/ros2_ws/install/light_sensor_values/share/light_sensor_values/package.ps1'
[11.696s] INFO:colcon.colcon_core.shell:Creating package descriptor '/home/ubuntu/ros2_ws/install/light_sensor_values/share/light_sensor_values/package.dsv'
[11.703s] INFO:colcon.colcon_core.shell:Creating package script '/home/ubuntu/ros2_ws/install/light_sensor_values/share/light_sensor_values/package.sh'
[11.710s] INFO:colcon.colcon_core.shell:Creating package script '/home/ubuntu/ros2_ws/install/light_sensor_values/share/light_sensor_values/package.bash'
[11.715s] INFO:colcon.colcon_core.shell:Creating package script '/home/ubuntu/ros2_ws/install/light_sensor_values/share/light_sensor_values/package.zsh'
[11.719s] Level 1:colcon.colcon_core.environment:create_file_with_runtime_dependencies(/home/ubuntu/ros2_ws/install/light_sensor_values/share/colcon-core/packages/light_sensor_values)
[11.723s] INFO:colcon.colcon_ros.task.ament_python.build:Building ROS package in '/home/ubuntu/ros2_ws/src/raspimouse' with build type 'ament_python'
[11.724s] Level 1:colcon.colcon_core.shell:create_environment_hook('raspimouse', 'ament_prefix_path')
[11.731s] INFO:colcon.colcon_core.shell:Creating environment hook '/home/ubuntu/ros2_ws/install/raspimouse/share/raspimouse/hook/ament_prefix_path.ps1'
[11.767s] INFO:colcon.colcon_core.shell:Creating environment descriptor '/home/ubuntu/ros2_ws/install/raspimouse/share/raspimouse/hook/ament_prefix_path.dsv'
[11.773s] INFO:colcon.colcon_core.shell:Creating environment hook '/home/ubuntu/ros2_ws/install/raspimouse/share/raspimouse/hook/ament_prefix_path.sh'
[11.785s] INFO:colcon.colcon_core.shell:Skip shell extension 'powershell' for command environment: Not usable outside of PowerShell
[11.786s] DEBUG:colcon.colcon_core.shell:Skip shell extension 'dsv' for command environment
[11.809s] DEBUG:colcon.colcon_core.shell:Ignoring prefix path '/opt/ros/foxy'
[15.700s] INFO:colcon.colcon_core.task.python.build:Building Python package in '/home/ubuntu/ros2_ws/src/raspimouse'
[15.708s] INFO:colcon.colcon_core.shell:Skip shell extension 'powershell' for command environment: Not usable outside of PowerShell
[15.708s] DEBUG:colcon.colcon_core.shell:Skip shell extension 'dsv' for command environment
[15.744s] DEBUG:colcon.colcon_core.shell:Ignoring prefix path '/opt/ros/foxy'
[16.226s] DEBUG:colcon.colcon_core.event_handler.log_command:Invoking command in '/home/ubuntu/ros2_ws/src/raspimouse': CMAKE_PREFIX_PATH=/home/ubuntu/ros2_ws/install/light_sensor_values:/home/ubuntu/ros2_ws/install/tutorial_topic:/home/ubuntu/ros2_ws/install/tutorial_package:/home/ubuntu/ros2_ws/install/tutorial_interfaces LD_LIBRARY_PATH=/home/ubuntu/ros2_ws/install/light_sensor_values/lib:/home/ubuntu/ros2_ws/install/tutorial_interfaces/lib:/opt/ros/foxy/opt/yaml_cpp_vendor/lib:/opt/ros/foxy/lib/aarch64-linux-gnu:/opt/ros/foxy/lib PYTHONPATH=/home/ubuntu/ros2_ws/install/raspimouse/lib/python3.8/site-packages:/home/ubuntu/ros2_ws/install/light_sensor_values/lib/python3.8/site-packages:/home/ubuntu/ros2_ws/install/tutorial_interfaces/lib/python3.8/site-packages:/home/ubuntu/ros2_ws/install/raspimouse/lib/python3.8/site-packages:/opt/ros/foxy/lib/python3.8/site-packages /usr/bin/python3 setup.py egg_info --egg-base ../../build/raspimouse build --build-base /home/ubuntu/ros2_ws/build/raspimouse/build install --prefix /home/ubuntu/ros2_ws/install/raspimouse --record /home/ubuntu/ros2_ws/build/raspimouse/install.log --single-version-externally-managed
[20.141s] Level 1:colcon.colcon_core.environment:checking '/home/ubuntu/ros2_ws/install/raspimouse' for CMake module files
[20.147s] DEBUG:colcon.colcon_core.event_handler.log_command:Invoked command in '/home/ubuntu/ros2_ws/src/raspimouse' returned '0': CMAKE_PREFIX_PATH=/home/ubuntu/ros2_ws/install/light_sensor_values:/home/ubuntu/ros2_ws/install/tutorial_topic:/home/ubuntu/ros2_ws/install/tutorial_package:/home/ubuntu/ros2_ws/install/tutorial_interfaces LD_LIBRARY_PATH=/home/ubuntu/ros2_ws/install/light_sensor_values/lib:/home/ubuntu/ros2_ws/install/tutorial_interfaces/lib:/opt/ros/foxy/opt/yaml_cpp_vendor/lib:/opt/ros/foxy/lib/aarch64-linux-gnu:/opt/ros/foxy/lib PYTHONPATH=/home/ubuntu/ros2_ws/install/raspimouse/lib/python3.8/site-packages:/home/ubuntu/ros2_ws/install/light_sensor_values/lib/python3.8/site-packages:/home/ubuntu/ros2_ws/install/tutorial_interfaces/lib/python3.8/site-packages:/home/ubuntu/ros2_ws/install/raspimouse/lib/python3.8/site-packages:/opt/ros/foxy/lib/python3.8/site-packages /usr/bin/python3 setup.py egg_info --egg-base ../../build/raspimouse build --build-base /home/ubuntu/ros2_ws/build/raspimouse/build install --prefix /home/ubuntu/ros2_ws/install/raspimouse --record /home/ubuntu/ros2_ws/build/raspimouse/install.log --single-version-externally-managed
[20.155s] Level 1:colcon.colcon_core.environment:checking '/home/ubuntu/ros2_ws/install/raspimouse' for CMake config files
[20.164s] Level 1:colcon.colcon_core.environment:checking '/home/ubuntu/ros2_ws/install/raspimouse/lib'
[20.166s] Level 1:colcon.colcon_core.environment:checking '/home/ubuntu/ros2_ws/install/raspimouse/bin'
[20.167s] Level 1:colcon.colcon_core.environment:checking '/home/ubuntu/ros2_ws/install/raspimouse/lib/pkgconfig/raspimouse.pc'
[20.168s] Level 1:colcon.colcon_core.environment:checking '/home/ubuntu/ros2_ws/install/raspimouse/lib/python3.8/site-packages'
[20.169s] Level 1:colcon.colcon_core.shell:create_environment_hook('raspimouse', 'pythonpath')
[20.176s] INFO:colcon.colcon_core.shell:Creating environment hook '/home/ubuntu/ros2_ws/install/raspimouse/share/raspimouse/hook/pythonpath.ps1'
[20.186s] INFO:colcon.colcon_core.shell:Creating environment descriptor '/home/ubuntu/ros2_ws/install/raspimouse/share/raspimouse/hook/pythonpath.dsv'
[20.493s] INFO:colcon.colcon_core.shell:Creating environment hook '/home/ubuntu/ros2_ws/install/raspimouse/share/raspimouse/hook/pythonpath.sh'
[20.501s] Level 1:colcon.colcon_core.environment:create_environment_scripts_only(raspimouse)
[20.509s] INFO:colcon.colcon_core.shell:Creating package script '/home/ubuntu/ros2_ws/install/raspimouse/share/raspimouse/package.ps1'
[20.517s] INFO:colcon.colcon_core.shell:Creating package descriptor '/home/ubuntu/ros2_ws/install/raspimouse/share/raspimouse/package.dsv'
[20.525s] INFO:colcon.colcon_core.shell:Creating package script '/home/ubuntu/ros2_ws/install/raspimouse/share/raspimouse/package.sh'
[20.533s] INFO:colcon.colcon_core.shell:Creating package script '/home/ubuntu/ros2_ws/install/raspimouse/share/raspimouse/package.bash'
[20.545s] INFO:colcon.colcon_core.shell:Creating package script '/home/ubuntu/ros2_ws/install/raspimouse/share/raspimouse/package.zsh'
[20.555s] Level 1:colcon.colcon_core.environment:create_file_with_runtime_dependencies(/home/ubuntu/ros2_ws/install/raspimouse/share/colcon-core/packages/raspimouse)
[20.561s] DEBUG:colcon.colcon_parallel_executor.executor.parallel:closing loop
[20.568s] DEBUG:colcon.colcon_parallel_executor.executor.parallel:loop closed
[20.569s] DEBUG:colcon.colcon_parallel_executor.executor.parallel:run_until_complete finished with '0'
[20.571s] DEBUG:colcon.colcon_core.event_reactor:joining thread
[20.770s] INFO:colcon.colcon_core.plugin_system:Skipping extension 'colcon_notification.desktop_notification.notify_send': Could not find 'notify-send'
[20.772s] INFO:colcon.colcon_core.plugin_system:Skipping extension 'colcon_notification.desktop_notification.terminal_notifier': Not used on non-Darwin systems
[20.790s] INFO:colcon.colcon_core.plugin_system:Skipping extension 'colcon_notification.desktop_notification.win32': Not used on non-Windows systems
[20.791s] INFO:colcon.colcon_notification.desktop_notification:Sending desktop notification using 'notify2'
[20.878s] DEBUG:colcon.colcon_notification.desktop_notification.notify2:Failed to initialize notify2: org.freedesktop.DBus.Error.ServiceUnknown: The name org.freedesktop.Notifications was not provided by any .service files
[20.879s] DEBUG:colcon.colcon_core.event_reactor:joined thread
[20.888s] INFO:colcon.colcon_core.shell:Creating prefix script '/home/ubuntu/ros2_ws/install/local_setup.ps1'
[20.916s] INFO:colcon.colcon_core.shell:Creating prefix util module '/home/ubuntu/ros2_ws/install/_local_setup_util_ps1.py'
[20.934s] INFO:colcon.colcon_core.shell:Creating prefix chain script '/home/ubuntu/ros2_ws/install/setup.ps1'
[20.962s] INFO:colcon.colcon_core.shell:Creating prefix script '/home/ubuntu/ros2_ws/install/local_setup.sh'
[20.971s] INFO:colcon.colcon_core.shell:Creating prefix util module '/home/ubuntu/ros2_ws/install/_local_setup_util_sh.py'
[20.976s] INFO:colcon.colcon_core.shell:Creating prefix chain script '/home/ubuntu/ros2_ws/install/setup.sh'
[21.505s] INFO:colcon.colcon_core.shell:Creating prefix script '/home/ubuntu/ros2_ws/install/local_setup.bash'
[21.944s] INFO:colcon.colcon_core.shell:Creating prefix chain script '/home/ubuntu/ros2_ws/install/setup.bash'
[22.607s] INFO:colcon.colcon_core.shell:Creating prefix script '/home/ubuntu/ros2_ws/install/local_setup.zsh'
[23.273s] INFO:colcon.colcon_core.shell:Creating prefix chain script '/home/ubuntu/ros2_ws/install/setup.zsh'
