[3.344s] Invoking command in '/home/ubuntu/ros2_ws/src/raspimouse': PYTHONPATH=/home/ubuntu/ros2_ws/install/raspimouse/lib/python3.8/site-packages:${PYTHONPATH} /usr/bin/python3 setup.py egg_info --egg-base ../../build/raspimouse build --build-base /home/ubuntu/ros2_ws/build/raspimouse/build install --prefix /home/ubuntu/ros2_ws/install/raspimouse --record /home/ubuntu/ros2_ws/build/raspimouse/install.log --single-version-externally-managed
[6.298s] running egg_info
[6.324s] writing ../../build/raspimouse/raspimouse.egg-info/PKG-INFO
[6.330s] writing dependency_links to ../../build/raspimouse/raspimouse.egg-info/dependency_links.txt
[6.333s] writing entry points to ../../build/raspimouse/raspimouse.egg-info/entry_points.txt
[6.336s] writing requirements to ../../build/raspimouse/raspimouse.egg-info/requires.txt
[6.338s] writing top-level names to ../../build/raspimouse/raspimouse.egg-info/top_level.txt
[7.104s] reading manifest file '../../build/raspimouse/raspimouse.egg-info/SOURCES.txt'
[7.133s] writing manifest file '../../build/raspimouse/raspimouse.egg-info/SOURCES.txt'
[7.136s] running build
[7.137s] running build_py
[7.144s] copying raspimouse/move.py -> /home/ubuntu/ros2_ws/build/raspimouse/build/lib/raspimouse
[7.152s] running install
[7.162s] running install_lib
[7.183s] copying /home/ubuntu/ros2_ws/build/raspimouse/build/lib/raspimouse/move.py -> /home/ubuntu/ros2_ws/install/raspimouse/lib/python3.8/site-packages/raspimouse
[7.196s] byte-compiling /home/ubuntu/ros2_ws/install/raspimouse/lib/python3.8/site-packages/raspimouse/move.py to move.cpython-38.pyc
[7.227s] running install_data
[7.246s] running install_egg_info
[7.272s] removing '/home/ubuntu/ros2_ws/install/raspimouse/lib/python3.8/site-packages/raspimouse-0.0.0-py3.8.egg-info' (and everything under it)
[7.280s] Copying ../../build/raspimouse/raspimouse.egg-info to /home/ubuntu/ros2_ws/install/raspimouse/lib/python3.8/site-packages/raspimouse-0.0.0-py3.8.egg-info
[7.307s] running install_scripts
[7.543s] Installing buzzer script to /home/ubuntu/ros2_ws/install/raspimouse/lib/raspimouse
[7.545s] Installing buzzer2_sub_node script to /home/ubuntu/ros2_ws/install/raspimouse/lib/raspimouse
[7.550s] Installing buzzer3_sub_node script to /home/ubuntu/ros2_ws/install/raspimouse/lib/raspimouse
[7.556s] Installing buzzer4_sub_node script to /home/ubuntu/ros2_ws/install/raspimouse/lib/raspimouse
[7.560s] Installing buzzer_pub_node script to /home/ubuntu/ros2_ws/install/raspimouse/lib/raspimouse
[7.568s] Installing lightsensors script to /home/ubuntu/ros2_ws/install/raspimouse/lib/raspimouse
[7.570s] Installing lightsensors_sub script to /home/ubuntu/ros2_ws/install/raspimouse/lib/raspimouse
[7.572s] Installing motors script to /home/ubuntu/ros2_ws/install/raspimouse/lib/raspimouse
[7.574s] Installing motors1 script to /home/ubuntu/ros2_ws/install/raspimouse/lib/raspimouse
[7.595s] Installing motors2 script to /home/ubuntu/ros2_ws/install/raspimouse/lib/raspimouse
[7.597s] Installing move script to /home/ubuntu/ros2_ws/install/raspimouse/lib/raspimouse
[7.598s] writing list of installed files to '/home/ubuntu/ros2_ws/build/raspimouse/install.log'
[7.850s] Invoked command in '/home/ubuntu/ros2_ws/src/raspimouse' returned '0': PYTHONPATH=/home/ubuntu/ros2_ws/install/raspimouse/lib/python3.8/site-packages:${PYTHONPATH} /usr/bin/python3 setup.py egg_info --egg-base ../../build/raspimouse build --build-base /home/ubuntu/ros2_ws/build/raspimouse/build install --prefix /home/ubuntu/ros2_ws/install/raspimouse --record /home/ubuntu/ros2_ws/build/raspimouse/install.log --single-version-externally-managed
