[0.273s] Invoking command in '/home/ubuntu/ros2_ws/build/raspimouse_launch': AMENT_PREFIX_PATH=/home/ubuntu/ros2_ws/install/raspimouse:/home/ubuntu/ros2_ws/install/raspimouse_run_corridor:/home/ubuntu/ros2_ws/install/raspimouse_msgs:/home/ubuntu/ros2_ws/install/raspimouse_launch:/opt/ros/foxy CMAKE_PREFIX_PATH=${CMAKE_PREFIX_PATH}:/home/ubuntu/ros2_ws/install/raspimouse_run_corridor:/home/ubuntu/ros2_ws/install/raspimouse:/opt/ros/foxy PYTHONPATH=/home/ubuntu/ros2_ws/install/raspimouse/lib/python3.8/site-packages:/home/ubuntu/ros2_ws/install/raspimouse_run_corridor/lib/python3.8/site-packages:/home/ubuntu/ros2_ws/install/raspimouse_msgs/lib/python3.8/site-packages:/opt/ros/foxy/lib/python3.8/site-packages /usr/bin/cmake --build /home/ubuntu/ros2_ws/build/raspimouse_launch -- -j4 -l4
[3.125s] Invoked command in '/home/ubuntu/ros2_ws/build/raspimouse_launch' returned '0': AMENT_PREFIX_PATH=/home/ubuntu/ros2_ws/install/raspimouse:/home/ubuntu/ros2_ws/install/raspimouse_run_corridor:/home/ubuntu/ros2_ws/install/raspimouse_msgs:/home/ubuntu/ros2_ws/install/raspimouse_launch:/opt/ros/foxy CMAKE_PREFIX_PATH=${CMAKE_PREFIX_PATH}:/home/ubuntu/ros2_ws/install/raspimouse_run_corridor:/home/ubuntu/ros2_ws/install/raspimouse:/opt/ros/foxy PYTHONPATH=/home/ubuntu/ros2_ws/install/raspimouse/lib/python3.8/site-packages:/home/ubuntu/ros2_ws/install/raspimouse_run_corridor/lib/python3.8/site-packages:/home/ubuntu/ros2_ws/install/raspimouse_msgs/lib/python3.8/site-packages:/opt/ros/foxy/lib/python3.8/site-packages /usr/bin/cmake --build /home/ubuntu/ros2_ws/build/raspimouse_launch -- -j4 -l4
[3.397s] Invoking command in '/home/ubuntu/ros2_ws/build/raspimouse_launch': AMENT_PREFIX_PATH=/home/ubuntu/ros2_ws/install/raspimouse:/home/ubuntu/ros2_ws/install/raspimouse_run_corridor:/home/ubuntu/ros2_ws/install/raspimouse_msgs:/home/ubuntu/ros2_ws/install/raspimouse_launch:/opt/ros/foxy CMAKE_PREFIX_PATH=${CMAKE_PREFIX_PATH}:/home/ubuntu/ros2_ws/install/raspimouse_run_corridor:/home/ubuntu/ros2_ws/install/raspimouse:/opt/ros/foxy PYTHONPATH=/home/ubuntu/ros2_ws/install/raspimouse/lib/python3.8/site-packages:/home/ubuntu/ros2_ws/install/raspimouse_run_corridor/lib/python3.8/site-packages:/home/ubuntu/ros2_ws/install/raspimouse_msgs/lib/python3.8/site-packages:/opt/ros/foxy/lib/python3.8/site-packages /usr/bin/cmake --install /home/ubuntu/ros2_ws/build/raspimouse_launch
[3.922s] -- Install configuration: ""
[3.929s] -- Up-to-date: /home/ubuntu/ros2_ws/install/raspimouse_launch/share/raspimouse_launch//launch
[3.933s] -- Up-to-date: /home/ubuntu/ros2_ws/install/raspimouse_launch/share/raspimouse_launch//launch/raspimouse_launch.py
[3.972s] -- Up-to-date: /home/ubuntu/ros2_ws/install/raspimouse_launch/share/ament_index/resource_index/package_run_dependencies/raspimouse_launch
[3.976s] -- Up-to-date: /home/ubuntu/ros2_ws/install/raspimouse_launch/share/ament_index/resource_index/parent_prefix_path/raspimouse_launch
[3.977s] -- Up-to-date: /home/ubuntu/ros2_ws/install/raspimouse_launch/share/raspimouse_launch/environment/ament_prefix_path.sh
[3.997s] -- Up-to-date: /home/ubuntu/ros2_ws/install/raspimouse_launch/share/raspimouse_launch/environment/ament_prefix_path.dsv
[4.000s] -- Up-to-date: /home/ubuntu/ros2_ws/install/raspimouse_launch/share/raspimouse_launch/environment/path.sh
[4.003s] -- Up-to-date: /home/ubuntu/ros2_ws/install/raspimouse_launch/share/raspimouse_launch/environment/path.dsv
[4.005s] -- Up-to-date: /home/ubuntu/ros2_ws/install/raspimouse_launch/share/raspimouse_launch/local_setup.bash
[4.007s] -- Up-to-date: /home/ubuntu/ros2_ws/install/raspimouse_launch/share/raspimouse_launch/local_setup.sh
[4.008s] -- Up-to-date: /home/ubuntu/ros2_ws/install/raspimouse_launch/share/raspimouse_launch/local_setup.zsh
[4.028s] -- Up-to-date: /home/ubuntu/ros2_ws/install/raspimouse_launch/share/raspimouse_launch/local_setup.dsv
[4.058s] -- Installing: /home/ubuntu/ros2_ws/install/raspimouse_launch/share/raspimouse_launch/package.dsv
[4.078s] -- Up-to-date: /home/ubuntu/ros2_ws/install/raspimouse_launch/share/ament_index/resource_index/packages/raspimouse_launch
[4.085s] -- Up-to-date: /home/ubuntu/ros2_ws/install/raspimouse_launch/share/raspimouse_launch/cmake/raspimouse_launchConfig.cmake
[4.102s] -- Up-to-date: /home/ubuntu/ros2_ws/install/raspimouse_launch/share/raspimouse_launch/cmake/raspimouse_launchConfig-version.cmake
[4.106s] -- Up-to-date: /home/ubuntu/ros2_ws/install/raspimouse_launch/share/raspimouse_launch/package.xml
[4.144s] Invoked command in '/home/ubuntu/ros2_ws/build/raspimouse_launch' returned '0': AMENT_PREFIX_PATH=/home/ubuntu/ros2_ws/install/raspimouse:/home/ubuntu/ros2_ws/install/raspimouse_run_corridor:/home/ubuntu/ros2_ws/install/raspimouse_msgs:/home/ubuntu/ros2_ws/install/raspimouse_launch:/opt/ros/foxy CMAKE_PREFIX_PATH=${CMAKE_PREFIX_PATH}:/home/ubuntu/ros2_ws/install/raspimouse_run_corridor:/home/ubuntu/ros2_ws/install/raspimouse:/opt/ros/foxy PYTHONPATH=/home/ubuntu/ros2_ws/install/raspimouse/lib/python3.8/site-packages:/home/ubuntu/ros2_ws/install/raspimouse_run_corridor/lib/python3.8/site-packages:/home/ubuntu/ros2_ws/install/raspimouse_msgs/lib/python3.8/site-packages:/opt/ros/foxy/lib/python3.8/site-packages /usr/bin/cmake --install /home/ubuntu/ros2_ws/build/raspimouse_launch
