[01m[K/home/ubuntu/ros2_ws/src/tutorial_topic/src/subscriber_custom.cpp:5:7:[m[K [01;31m[Kerror: [m[K‘[01m[Ktutorial_interfaces[m[K’ has not been declared
    5 | using [01;31m[Ktutorial_interfaces[m[K::msg::Int32Stamped;
      |       [01;31m[K^~~~~~~~~~~~~~~~~~~[m[K
[01m[K/home/ubuntu/ros2_ws/src/tutorial_topic/src/subscriber_custom.cpp:10:31:[m[K [01;31m[Kerror: [m[K‘[01m[KInt32Stamped[m[K’ does not name a type
   10 | void onNumberSubscribed(const [01;31m[KInt32Stamped[m[K::SharedPtr msg){
      |                               [01;31m[K^~~~~~~~~~~~[m[K
[01m[K/home/ubuntu/ros2_ws/src/tutorial_topic/src/subscriber_custom.cpp:10:55:[m[K [01;31m[Kerror: [m[Kexpected unqualified-id before ‘[01m[Kmsg[m[K’
   10 | void onNumberSubscribed(const Int32Stamped::SharedPtr [01;31m[Kmsg[m[K){
      |                                                       [01;31m[K^~~[m[K
[01m[K/home/ubuntu/ros2_ws/src/tutorial_topic/src/subscriber_custom.cpp:10:54:[m[K [01;31m[Kerror: [m[Kexpected ‘[01m[K)[m[K’ before ‘[01m[Kmsg[m[K’
   10 | void onNumberSubscribed[34m[K([m[Kconst Int32Stamped::SharedPtr[01;31m[K [m[K[32m[Kmsg[m[K){
      |                        [34m[K~[m[K                             [01;31m[K^[m[K[32m[K~~~[m[K
      |                                                      [32m[K)[m[K
[01m[K/home/ubuntu/ros2_ws/src/tutorial_topic/src/subscriber_custom.cpp:10:55:[m[K [01;31m[Kerror: [m[Kexpected initializer before ‘[01m[Kmsg[m[K’
   10 | void onNumberSubscribed(const Int32Stamped::SharedPtr [01;31m[Kmsg[m[K){
      |                                                       [01;31m[K^~~[m[K
[01m[K/home/ubuntu/ros2_ws/src/tutorial_topic/src/subscriber_custom.cpp:[m[K In function ‘[01m[Kint main(int, char**)[m[K’:
[01m[K/home/ubuntu/ros2_ws/src/tutorial_topic/src/subscriber_custom.cpp:21:44:[m[K [01;31m[Kerror: [m[K‘[01m[KInt32Stamped[m[K’ was not declared in this scope
   21 |     auto sub = g_node->create_subscription<[01;31m[KInt32Stamped[m[K>("number", 10, onNumberSubscribed);
      |                                            [01;31m[K^~~~~~~~~~~~[m[K
[01m[K/home/ubuntu/ros2_ws/src/tutorial_topic/src/subscriber_custom.cpp:21:72:[m[K [01;31m[Kerror: [m[K‘[01m[KonNumberSubscribed[m[K’ was not declared in this scope
   21 |     auto sub = g_node->create_subscription<Int32Stamped>("number", 10, [01;31m[KonNumberSubscribed[m[K);
      |                                                                        [01;31m[K^~~~~~~~~~~~~~~~~~[m[K
make[2]: *** [CMakeFiles/subscriber_custom.dir/build.make:63: CMakeFiles/subscriber_custom.dir/src/subscriber_custom.cpp.o] Error 1
make[1]: *** [CMakeFiles/Makefile2:84: CMakeFiles/subscriber_custom.dir/all] Error 2
make: *** [Makefile:141: all] Error 2
