[5.109s] DEBUG:colcon:Command line arguments: ['/usr/bin/colcon', 'build']
[5.111s] DEBUG:colcon:Parsed command line arguments: Namespace(ament_cmake_args=None, base_paths=['.'], build_base='build', catkin_cmake_args=None, catkin_skip_building_tests=False, cmake_args=None, cmake_clean_cache=False, cmake_clean_first=False, cmake_force_configure=False, cmake_target=None, cmake_target_skip_unavailable=False, continue_on_error=False, event_handlers=None, executor='parallel', ignore_user_meta=False, install_base='install', log_base=None, log_level=None, main=<bound method BuildVerb.main of <colcon_core.verb.build.BuildVerb object at 0xffffb6a63640>>, merge_install=False, metas=['./colcon.meta'], packages_above=None, packages_above_and_dependencies=None, packages_above_depth=None, packages_end=None, packages_ignore=None, packages_ignore_regex=None, packages_select=None, packages_select_build_failed=False, packages_select_by_dep=None, packages_select_regex=None, packages_select_test_failures=False, packages_skip=None, packages_skip_build_finished=False, packages_skip_by_dep=None, packages_skip_regex=None, packages_skip_test_passed=False, packages_skip_up_to=None, packages_start=None, packages_up_to=None, packages_up_to_regex=None, parallel_workers=4, paths=None, symlink_install=False, test_result_base=None, verb_extension=<colcon_core.verb.build.BuildVerb object at 0xffffb6a63640>, verb_name='build', verb_parser=<colcon_defaults.argument_parser.defaults.DefaultArgumentsDecorator object at 0xffffb6a63b80>)
[5.215s] Level 1:colcon.colcon_core.package_discovery:discover_packages(colcon_meta) check parameters
[5.216s] Level 1:colcon.colcon_core.package_discovery:discover_packages(recursive) check parameters
[5.217s] Level 1:colcon.colcon_core.package_discovery:discover_packages(ignore) check parameters
[5.218s] Level 1:colcon.colcon_core.package_discovery:discover_packages(path) check parameters
[5.218s] Level 1:colcon.colcon_core.package_discovery:discover_packages(colcon_meta) discover
[5.219s] Level 1:colcon.colcon_core.package_discovery:discover_packages(recursive) discover
[5.220s] INFO:colcon.colcon_core.package_discovery:Crawling recursively for packages in '/home/ubuntu/ros2_ws'
[5.221s] Level 1:colcon.colcon_core.package_identification:_identify(.) by extensions ['ignore', 'ignore_ament_install']
[5.223s] Level 1:colcon.colcon_core.package_identification:_identify(.) by extension 'ignore'
[5.224s] Level 1:colcon.colcon_core.package_identification:_identify(.) by extension 'ignore_ament_install'
[5.225s] Level 1:colcon.colcon_core.package_identification:_identify(.) by extensions ['colcon_pkg']
[5.225s] Level 1:colcon.colcon_core.package_identification:_identify(.) by extension 'colcon_pkg'
[5.226s] Level 1:colcon.colcon_core.package_identification:_identify(.) by extensions ['colcon_meta']
[5.227s] Level 1:colcon.colcon_core.package_identification:_identify(.) by extension 'colcon_meta'
[5.228s] Level 1:colcon.colcon_core.package_identification:_identify(.) by extensions ['ros']
[5.228s] Level 1:colcon.colcon_core.package_identification:_identify(.) by extension 'ros'
[5.376s] Level 1:colcon.colcon_core.package_identification:_identify(.) by extensions ['cmake', 'python']
[5.377s] Level 1:colcon.colcon_core.package_identification:_identify(.) by extension 'cmake'
[5.378s] Level 1:colcon.colcon_core.package_identification:_identify(.) by extension 'python'
[5.379s] Level 1:colcon.colcon_core.package_identification:_identify(.) by extensions ['python_setup_py']
[5.379s] Level 1:colcon.colcon_core.package_identification:_identify(.) by extension 'python_setup_py'
[5.381s] Level 1:colcon.colcon_core.package_identification:_identify(build) by extensions ['ignore', 'ignore_ament_install']
[5.382s] Level 1:colcon.colcon_core.package_identification:_identify(build) by extension 'ignore'
[5.383s] Level 1:colcon.colcon_core.package_identification:_identify(build) ignored
[5.385s] Level 1:colcon.colcon_core.package_identification:_identify(install) by extensions ['ignore', 'ignore_ament_install']
[5.386s] Level 1:colcon.colcon_core.package_identification:_identify(install) by extension 'ignore'
[5.387s] Level 1:colcon.colcon_core.package_identification:_identify(install) ignored
[5.391s] Level 1:colcon.colcon_core.package_identification:_identify(log) by extensions ['ignore', 'ignore_ament_install']
[5.392s] Level 1:colcon.colcon_core.package_identification:_identify(log) by extension 'ignore'
[5.393s] Level 1:colcon.colcon_core.package_identification:_identify(log) ignored
[5.396s] Level 1:colcon.colcon_core.package_identification:_identify(src) by extensions ['ignore', 'ignore_ament_install']
[5.397s] Level 1:colcon.colcon_core.package_identification:_identify(src) by extension 'ignore'
[5.398s] Level 1:colcon.colcon_core.package_identification:_identify(src) by extension 'ignore_ament_install'
[5.399s] Level 1:colcon.colcon_core.package_identification:_identify(src) by extensions ['colcon_pkg']
[5.400s] Level 1:colcon.colcon_core.package_identification:_identify(src) by extension 'colcon_pkg'
[5.400s] Level 1:colcon.colcon_core.package_identification:_identify(src) by extensions ['colcon_meta']
[5.401s] Level 1:colcon.colcon_core.package_identification:_identify(src) by extension 'colcon_meta'
[5.402s] Level 1:colcon.colcon_core.package_identification:_identify(src) by extensions ['ros']
[5.403s] Level 1:colcon.colcon_core.package_identification:_identify(src) by extension 'ros'
[5.404s] Level 1:colcon.colcon_core.package_identification:_identify(src) by extensions ['cmake', 'python']
[5.405s] Level 1:colcon.colcon_core.package_identification:_identify(src) by extension 'cmake'
[5.406s] Level 1:colcon.colcon_core.package_identification:_identify(src) by extension 'python'
[5.407s] Level 1:colcon.colcon_core.package_identification:_identify(src) by extensions ['python_setup_py']
[5.407s] Level 1:colcon.colcon_core.package_identification:_identify(src) by extension 'python_setup_py'
[5.410s] Level 1:colcon.colcon_core.package_identification:_identify(src/light_sensor_values) by extensions ['ignore', 'ignore_ament_install']
[5.411s] Level 1:colcon.colcon_core.package_identification:_identify(src/light_sensor_values) by extension 'ignore'
[5.412s] Level 1:colcon.colcon_core.package_identification:_identify(src/light_sensor_values) by extension 'ignore_ament_install'
[5.413s] Level 1:colcon.colcon_core.package_identification:_identify(src/light_sensor_values) by extensions ['colcon_pkg']
[5.414s] Level 1:colcon.colcon_core.package_identification:_identify(src/light_sensor_values) by extension 'colcon_pkg'
[5.415s] Level 1:colcon.colcon_core.package_identification:_identify(src/light_sensor_values) by extensions ['colcon_meta']
[5.416s] Level 1:colcon.colcon_core.package_identification:_identify(src/light_sensor_values) by extension 'colcon_meta'
[5.417s] Level 1:colcon.colcon_core.package_identification:_identify(src/light_sensor_values) by extensions ['ros']
[5.417s] Level 1:colcon.colcon_core.package_identification:_identify(src/light_sensor_values) by extension 'ros'
[5.447s] DEBUG:colcon.colcon_core.package_identification:Package 'src/light_sensor_values' with type 'ros.ament_cmake' and name 'light_sensor_values'
[5.450s] Level 1:colcon.colcon_core.package_identification:_identify(src/raspimouse) by extensions ['ignore', 'ignore_ament_install']
[5.451s] Level 1:colcon.colcon_core.package_identification:_identify(src/raspimouse) by extension 'ignore'
[5.452s] Level 1:colcon.colcon_core.package_identification:_identify(src/raspimouse) by extension 'ignore_ament_install'
[5.453s] Level 1:colcon.colcon_core.package_identification:_identify(src/raspimouse) by extensions ['colcon_pkg']
[5.454s] Level 1:colcon.colcon_core.package_identification:_identify(src/raspimouse) by extension 'colcon_pkg'
[5.455s] Level 1:colcon.colcon_core.package_identification:_identify(src/raspimouse) by extensions ['colcon_meta']
[5.455s] Level 1:colcon.colcon_core.package_identification:_identify(src/raspimouse) by extension 'colcon_meta'
[5.456s] Level 1:colcon.colcon_core.package_identification:_identify(src/raspimouse) by extensions ['ros']
[5.457s] Level 1:colcon.colcon_core.package_identification:_identify(src/raspimouse) by extension 'ros'
[5.466s] DEBUG:colcon.colcon_core.package_identification:Package 'src/raspimouse' with type 'ros.ament_python' and name 'raspimouse'
[5.466s] Level 1:colcon.colcon_core.package_discovery:discover_packages(recursive) using defaults
[5.467s] Level 1:colcon.colcon_core.package_discovery:discover_packages(ignore) discover
[5.467s] Level 1:colcon.colcon_core.package_discovery:discover_packages(ignore) using defaults
[5.468s] Level 1:colcon.colcon_core.package_discovery:discover_packages(path) discover
[5.468s] Level 1:colcon.colcon_core.package_discovery:discover_packages(path) using defaults
[5.764s] Level 5:colcon.colcon_core.verb:set package 'light_sensor_values' build argument 'cmake_args' from command line to 'None'
[5.764s] Level 5:colcon.colcon_core.verb:set package 'light_sensor_values' build argument 'cmake_target' from command line to 'None'
[5.765s] Level 5:colcon.colcon_core.verb:set package 'light_sensor_values' build argument 'cmake_target_skip_unavailable' from command line to 'False'
[5.765s] Level 5:colcon.colcon_core.verb:set package 'light_sensor_values' build argument 'cmake_clean_cache' from command line to 'False'
[5.766s] Level 5:colcon.colcon_core.verb:set package 'light_sensor_values' build argument 'cmake_clean_first' from command line to 'False'
[5.766s] Level 5:colcon.colcon_core.verb:set package 'light_sensor_values' build argument 'cmake_force_configure' from command line to 'False'
[5.767s] Level 5:colcon.colcon_core.verb:set package 'light_sensor_values' build argument 'ament_cmake_args' from command line to 'None'
[5.767s] Level 5:colcon.colcon_core.verb:set package 'light_sensor_values' build argument 'catkin_cmake_args' from command line to 'None'
[5.768s] Level 5:colcon.colcon_core.verb:set package 'light_sensor_values' build argument 'catkin_skip_building_tests' from command line to 'False'
[5.769s] DEBUG:colcon.colcon_core.verb:Building package 'light_sensor_values' with the following arguments: {'ament_cmake_args': None, 'build_base': '/home/ubuntu/ros2_ws/build/light_sensor_values', 'catkin_cmake_args': None, 'catkin_skip_building_tests': False, 'cmake_args': None, 'cmake_clean_cache': False, 'cmake_clean_first': False, 'cmake_force_configure': False, 'cmake_target': None, 'cmake_target_skip_unavailable': False, 'install_base': '/home/ubuntu/ros2_ws/install/light_sensor_values', 'merge_install': False, 'path': '/home/ubuntu/ros2_ws/src/light_sensor_values', 'symlink_install': False, 'test_result_base': None}
[5.794s] Level 5:colcon.colcon_core.verb:set package 'raspimouse' build argument 'cmake_args' from command line to 'None'
[5.795s] Level 5:colcon.colcon_core.verb:set package 'raspimouse' build argument 'cmake_target' from command line to 'None'
[5.795s] Level 5:colcon.colcon_core.verb:set package 'raspimouse' build argument 'cmake_target_skip_unavailable' from command line to 'False'
[5.796s] Level 5:colcon.colcon_core.verb:set package 'raspimouse' build argument 'cmake_clean_cache' from command line to 'False'
[5.797s] Level 5:colcon.colcon_core.verb:set package 'raspimouse' build argument 'cmake_clean_first' from command line to 'False'
[5.797s] Level 5:colcon.colcon_core.verb:set package 'raspimouse' build argument 'cmake_force_configure' from command line to 'False'
[5.798s] Level 5:colcon.colcon_core.verb:set package 'raspimouse' build argument 'ament_cmake_args' from command line to 'None'
[5.798s] Level 5:colcon.colcon_core.verb:set package 'raspimouse' build argument 'catkin_cmake_args' from command line to 'None'
[5.799s] Level 5:colcon.colcon_core.verb:set package 'raspimouse' build argument 'catkin_skip_building_tests' from command line to 'False'
[5.800s] DEBUG:colcon.colcon_core.verb:Building package 'raspimouse' with the following arguments: {'ament_cmake_args': None, 'build_base': '/home/ubuntu/ros2_ws/build/raspimouse', 'catkin_cmake_args': None, 'catkin_skip_building_tests': False, 'cmake_args': None, 'cmake_clean_cache': False, 'cmake_clean_first': False, 'cmake_force_configure': False, 'cmake_target': None, 'cmake_target_skip_unavailable': False, 'install_base': '/home/ubuntu/ros2_ws/install/raspimouse', 'merge_install': False, 'path': '/home/ubuntu/ros2_ws/src/raspimouse', 'symlink_install': False, 'test_result_base': None}
[5.803s] INFO:colcon.colcon_core.executor:Executing jobs using 'parallel' executor
[5.821s] DEBUG:colcon.colcon_parallel_executor.executor.parallel:run_until_complete
[5.824s] INFO:colcon.colcon_ros.task.ament_cmake.build:Building ROS package in '/home/ubuntu/ros2_ws/src/light_sensor_values' with build type 'ament_cmake'
[5.826s] INFO:colcon.colcon_cmake.task.cmake.build:Building CMake package in '/home/ubuntu/ros2_ws/src/light_sensor_values'
[5.987s] INFO:colcon.colcon_core.plugin_system:Skipping extension 'colcon_core.shell.bat': Not used on non-Windows systems
[5.990s] INFO:colcon.colcon_core.shell:Skip shell extension 'powershell' for command environment: Not usable outside of PowerShell
[5.991s] DEBUG:colcon.colcon_core.shell:Skip shell extension 'dsv' for command environment
[6.063s] DEBUG:colcon.colcon_core.shell:Ignoring prefix path '/opt/ros/foxy'
[6.241s] DEBUG:colcon.colcon_core.event_handler.log_command:Invoking command in '/home/ubuntu/ros2_ws/build/light_sensor_values': CMAKE_PREFIX_PATH=${CMAKE_PREFIX_PATH}:/home/ubuntu/ros2_ws/install/raspimouse:/opt/ros/foxy /usr/bin/cmake --build /home/ubuntu/ros2_ws/build/light_sensor_values -- -j4 -l4
[31.631s] DEBUG:colcon.colcon_core.event_handler.log_command:Invoked command in '/home/ubuntu/ros2_ws/build/light_sensor_values' returned '0': CMAKE_PREFIX_PATH=${CMAKE_PREFIX_PATH}:/home/ubuntu/ros2_ws/install/raspimouse:/opt/ros/foxy /usr/bin/cmake --build /home/ubuntu/ros2_ws/build/light_sensor_values -- -j4 -l4
[35.447s] DEBUG:colcon.colcon_core.event_handler.log_command:Invoking command in '/home/ubuntu/ros2_ws/build/light_sensor_values': CMAKE_PREFIX_PATH=${CMAKE_PREFIX_PATH}:/home/ubuntu/ros2_ws/install/raspimouse:/opt/ros/foxy /usr/bin/cmake --install /home/ubuntu/ros2_ws/build/light_sensor_values
[41.268s] Level 1:colcon.colcon_core.environment:create_environment_scripts_only(light_sensor_values)
[41.337s] DEBUG:colcon.colcon_core.event_handler.log_command:Invoked command in '/home/ubuntu/ros2_ws/build/light_sensor_values' returned '0': CMAKE_PREFIX_PATH=${CMAKE_PREFIX_PATH}:/home/ubuntu/ros2_ws/install/raspimouse:/opt/ros/foxy /usr/bin/cmake --install /home/ubuntu/ros2_ws/build/light_sensor_values
[41.517s] Level 1:colcon.colcon_core.environment:checking '/home/ubuntu/ros2_ws/install/light_sensor_values' for CMake module files
[41.529s] Level 1:colcon.colcon_core.environment:checking '/home/ubuntu/ros2_ws/install/light_sensor_values' for CMake config files
[41.548s] Level 1:colcon.colcon_core.shell:create_environment_hook('light_sensor_values', 'cmake_prefix_path')
[41.556s] INFO:colcon.colcon_core.shell:Creating environment hook '/home/ubuntu/ros2_ws/install/light_sensor_values/share/light_sensor_values/hook/cmake_prefix_path.ps1'
[41.579s] INFO:colcon.colcon_core.shell:Creating environment descriptor '/home/ubuntu/ros2_ws/install/light_sensor_values/share/light_sensor_values/hook/cmake_prefix_path.dsv'
[41.724s] INFO:colcon.colcon_core.shell:Creating environment hook '/home/ubuntu/ros2_ws/install/light_sensor_values/share/light_sensor_values/hook/cmake_prefix_path.sh'
[41.738s] Level 1:colcon.colcon_core.environment:checking '/home/ubuntu/ros2_ws/install/light_sensor_values/lib'
[41.740s] Level 1:colcon.colcon_core.shell:create_environment_hook('light_sensor_values', 'ld_library_path_lib')
[41.746s] INFO:colcon.colcon_core.shell:Creating environment hook '/home/ubuntu/ros2_ws/install/light_sensor_values/share/light_sensor_values/hook/ld_library_path_lib.ps1'
[41.753s] INFO:colcon.colcon_core.shell:Creating environment descriptor '/home/ubuntu/ros2_ws/install/light_sensor_values/share/light_sensor_values/hook/ld_library_path_lib.dsv'
[41.757s] INFO:colcon.colcon_core.shell:Creating environment hook '/home/ubuntu/ros2_ws/install/light_sensor_values/share/light_sensor_values/hook/ld_library_path_lib.sh'
[41.762s] Level 1:colcon.colcon_core.environment:checking '/home/ubuntu/ros2_ws/install/light_sensor_values/bin'
[41.763s] Level 1:colcon.colcon_core.environment:checking '/home/ubuntu/ros2_ws/install/light_sensor_values/lib/pkgconfig/light_sensor_values.pc'
[41.764s] Level 1:colcon.colcon_core.environment:checking '/home/ubuntu/ros2_ws/install/light_sensor_values/lib/python3.8/site-packages'
[41.765s] Level 1:colcon.colcon_core.shell:create_environment_hook('light_sensor_values', 'pythonpath')
[41.772s] INFO:colcon.colcon_core.shell:Creating environment hook '/home/ubuntu/ros2_ws/install/light_sensor_values/share/light_sensor_values/hook/pythonpath.ps1'
[41.777s] INFO:colcon.colcon_core.shell:Creating environment descriptor '/home/ubuntu/ros2_ws/install/light_sensor_values/share/light_sensor_values/hook/pythonpath.dsv'
[41.781s] INFO:colcon.colcon_core.shell:Creating environment hook '/home/ubuntu/ros2_ws/install/light_sensor_values/share/light_sensor_values/hook/pythonpath.sh'
[41.794s] INFO:colcon.colcon_core.shell:Creating package script '/home/ubuntu/ros2_ws/install/light_sensor_values/share/light_sensor_values/package.ps1'
[41.811s] INFO:colcon.colcon_core.shell:Creating package descriptor '/home/ubuntu/ros2_ws/install/light_sensor_values/share/light_sensor_values/package.dsv'
[41.822s] INFO:colcon.colcon_core.shell:Creating package script '/home/ubuntu/ros2_ws/install/light_sensor_values/share/light_sensor_values/package.sh'
[41.833s] INFO:colcon.colcon_core.shell:Creating package script '/home/ubuntu/ros2_ws/install/light_sensor_values/share/light_sensor_values/package.bash'
[41.854s] INFO:colcon.colcon_core.shell:Creating package script '/home/ubuntu/ros2_ws/install/light_sensor_values/share/light_sensor_values/package.zsh'
[41.867s] Level 1:colcon.colcon_core.environment:create_file_with_runtime_dependencies(/home/ubuntu/ros2_ws/install/light_sensor_values/share/colcon-core/packages/light_sensor_values)
[47.144s] Level 1:colcon.colcon_core.environment:create_environment_scripts_only(light_sensor_values)
[47.155s] Level 1:colcon.colcon_core.environment:checking '/home/ubuntu/ros2_ws/install/light_sensor_values' for CMake module files
[47.194s] Level 1:colcon.colcon_core.environment:checking '/home/ubuntu/ros2_ws/install/light_sensor_values' for CMake config files
[47.236s] Level 1:colcon.colcon_core.shell:create_environment_hook('light_sensor_values', 'cmake_prefix_path')
[47.244s] INFO:colcon.colcon_core.shell:Creating environment hook '/home/ubuntu/ros2_ws/install/light_sensor_values/share/light_sensor_values/hook/cmake_prefix_path.ps1'
[47.293s] INFO:colcon.colcon_core.shell:Creating environment descriptor '/home/ubuntu/ros2_ws/install/light_sensor_values/share/light_sensor_values/hook/cmake_prefix_path.dsv'
[47.322s] INFO:colcon.colcon_core.shell:Creating environment hook '/home/ubuntu/ros2_ws/install/light_sensor_values/share/light_sensor_values/hook/cmake_prefix_path.sh'
[47.334s] Level 1:colcon.colcon_core.environment:checking '/home/ubuntu/ros2_ws/install/light_sensor_values/lib'
[47.336s] Level 1:colcon.colcon_core.shell:create_environment_hook('light_sensor_values', 'ld_library_path_lib')
[47.343s] INFO:colcon.colcon_core.shell:Creating environment hook '/home/ubuntu/ros2_ws/install/light_sensor_values/share/light_sensor_values/hook/ld_library_path_lib.ps1'
[47.348s] INFO:colcon.colcon_core.shell:Creating environment descriptor '/home/ubuntu/ros2_ws/install/light_sensor_values/share/light_sensor_values/hook/ld_library_path_lib.dsv'
[47.352s] INFO:colcon.colcon_core.shell:Creating environment hook '/home/ubuntu/ros2_ws/install/light_sensor_values/share/light_sensor_values/hook/ld_library_path_lib.sh'
[47.357s] Level 1:colcon.colcon_core.environment:checking '/home/ubuntu/ros2_ws/install/light_sensor_values/bin'
[47.358s] Level 1:colcon.colcon_core.environment:checking '/home/ubuntu/ros2_ws/install/light_sensor_values/lib/pkgconfig/light_sensor_values.pc'
[47.359s] Level 1:colcon.colcon_core.environment:checking '/home/ubuntu/ros2_ws/install/light_sensor_values/lib/python3.8/site-packages'
[47.360s] Level 1:colcon.colcon_core.shell:create_environment_hook('light_sensor_values', 'pythonpath')
[47.367s] INFO:colcon.colcon_core.shell:Creating environment hook '/home/ubuntu/ros2_ws/install/light_sensor_values/share/light_sensor_values/hook/pythonpath.ps1'
[47.372s] INFO:colcon.colcon_core.shell:Creating environment descriptor '/home/ubuntu/ros2_ws/install/light_sensor_values/share/light_sensor_values/hook/pythonpath.dsv'
[47.377s] INFO:colcon.colcon_core.shell:Creating environment hook '/home/ubuntu/ros2_ws/install/light_sensor_values/share/light_sensor_values/hook/pythonpath.sh'
[47.389s] INFO:colcon.colcon_core.shell:Creating package script '/home/ubuntu/ros2_ws/install/light_sensor_values/share/light_sensor_values/package.ps1'
[47.399s] INFO:colcon.colcon_core.shell:Creating package descriptor '/home/ubuntu/ros2_ws/install/light_sensor_values/share/light_sensor_values/package.dsv'
[47.409s] INFO:colcon.colcon_core.shell:Creating package script '/home/ubuntu/ros2_ws/install/light_sensor_values/share/light_sensor_values/package.sh'
[47.418s] INFO:colcon.colcon_core.shell:Creating package script '/home/ubuntu/ros2_ws/install/light_sensor_values/share/light_sensor_values/package.bash'
[47.429s] INFO:colcon.colcon_core.shell:Creating package script '/home/ubuntu/ros2_ws/install/light_sensor_values/share/light_sensor_values/package.zsh'
[47.443s] Level 1:colcon.colcon_core.environment:create_file_with_runtime_dependencies(/home/ubuntu/ros2_ws/install/light_sensor_values/share/colcon-core/packages/light_sensor_values)
[47.450s] INFO:colcon.colcon_ros.task.ament_python.build:Building ROS package in '/home/ubuntu/ros2_ws/src/raspimouse' with build type 'ament_python'
[47.453s] Level 1:colcon.colcon_core.shell:create_environment_hook('raspimouse', 'ament_prefix_path')
[47.459s] INFO:colcon.colcon_core.shell:Creating environment hook '/home/ubuntu/ros2_ws/install/raspimouse/share/raspimouse/hook/ament_prefix_path.ps1'
[47.486s] INFO:colcon.colcon_core.shell:Creating environment descriptor '/home/ubuntu/ros2_ws/install/raspimouse/share/raspimouse/hook/ament_prefix_path.dsv'
[47.490s] INFO:colcon.colcon_core.shell:Creating environment hook '/home/ubuntu/ros2_ws/install/raspimouse/share/raspimouse/hook/ament_prefix_path.sh'
[47.503s] INFO:colcon.colcon_core.shell:Skip shell extension 'powershell' for command environment: Not usable outside of PowerShell
[47.504s] DEBUG:colcon.colcon_core.shell:Skip shell extension 'dsv' for command environment
[47.548s] DEBUG:colcon.colcon_core.shell:Ignoring prefix path '/opt/ros/foxy'
[53.553s] INFO:colcon.colcon_core.task.python.build:Building Python package in '/home/ubuntu/ros2_ws/src/raspimouse'
[53.561s] INFO:colcon.colcon_core.shell:Skip shell extension 'powershell' for command environment: Not usable outside of PowerShell
[53.566s] DEBUG:colcon.colcon_core.shell:Skip shell extension 'dsv' for command environment
[53.642s] DEBUG:colcon.colcon_core.shell:Ignoring prefix path '/opt/ros/foxy'
[53.832s] DEBUG:colcon.colcon_core.event_handler.log_command:Invoking command in '/home/ubuntu/ros2_ws/src/raspimouse': CMAKE_PREFIX_PATH=/home/ubuntu/ros2_ws/install/light_sensor_values:/home/ubuntu/ros2_ws/install/tutorial_topic:/home/ubuntu/ros2_ws/install/tutorial_package:/home/ubuntu/ros2_ws/install/tutorial_interfaces LD_LIBRARY_PATH=/home/ubuntu/ros2_ws/install/light_sensor_values/lib:/home/ubuntu/ros2_ws/install/tutorial_interfaces/lib:/opt/ros/foxy/opt/yaml_cpp_vendor/lib:/opt/ros/foxy/lib/aarch64-linux-gnu:/opt/ros/foxy/lib PYTHONPATH=/home/ubuntu/ros2_ws/install/raspimouse/lib/python3.8/site-packages:/home/ubuntu/ros2_ws/install/light_sensor_values/lib/python3.8/site-packages:/home/ubuntu/ros2_ws/install/tutorial_interfaces/lib/python3.8/site-packages:/home/ubuntu/ros2_ws/install/raspimouse/lib/python3.8/site-packages:/opt/ros/foxy/lib/python3.8/site-packages /usr/bin/python3 setup.py egg_info --egg-base ../../build/raspimouse build --build-base /home/ubuntu/ros2_ws/build/raspimouse/build install --prefix /home/ubuntu/ros2_ws/install/raspimouse --record /home/ubuntu/ros2_ws/build/raspimouse/install.log --single-version-externally-managed
[59.362s] Level 1:colcon.colcon_core.environment:checking '/home/ubuntu/ros2_ws/install/raspimouse' for CMake module files
[59.368s] DEBUG:colcon.colcon_core.event_handler.log_command:Invoked command in '/home/ubuntu/ros2_ws/src/raspimouse' returned '0': CMAKE_PREFIX_PATH=/home/ubuntu/ros2_ws/install/light_sensor_values:/home/ubuntu/ros2_ws/install/tutorial_topic:/home/ubuntu/ros2_ws/install/tutorial_package:/home/ubuntu/ros2_ws/install/tutorial_interfaces LD_LIBRARY_PATH=/home/ubuntu/ros2_ws/install/light_sensor_values/lib:/home/ubuntu/ros2_ws/install/tutorial_interfaces/lib:/opt/ros/foxy/opt/yaml_cpp_vendor/lib:/opt/ros/foxy/lib/aarch64-linux-gnu:/opt/ros/foxy/lib PYTHONPATH=/home/ubuntu/ros2_ws/install/raspimouse/lib/python3.8/site-packages:/home/ubuntu/ros2_ws/install/light_sensor_values/lib/python3.8/site-packages:/home/ubuntu/ros2_ws/install/tutorial_interfaces/lib/python3.8/site-packages:/home/ubuntu/ros2_ws/install/raspimouse/lib/python3.8/site-packages:/opt/ros/foxy/lib/python3.8/site-packages /usr/bin/python3 setup.py egg_info --egg-base ../../build/raspimouse build --build-base /home/ubuntu/ros2_ws/build/raspimouse/build install --prefix /home/ubuntu/ros2_ws/install/raspimouse --record /home/ubuntu/ros2_ws/build/raspimouse/install.log --single-version-externally-managed
[59.374s] Level 1:colcon.colcon_core.environment:checking '/home/ubuntu/ros2_ws/install/raspimouse' for CMake config files
[59.388s] Level 1:colcon.colcon_core.environment:checking '/home/ubuntu/ros2_ws/install/raspimouse/lib'
[59.389s] Level 1:colcon.colcon_core.environment:checking '/home/ubuntu/ros2_ws/install/raspimouse/bin'
[59.391s] Level 1:colcon.colcon_core.environment:checking '/home/ubuntu/ros2_ws/install/raspimouse/lib/pkgconfig/raspimouse.pc'
[59.392s] Level 1:colcon.colcon_core.environment:checking '/home/ubuntu/ros2_ws/install/raspimouse/lib/python3.8/site-packages'
[59.393s] Level 1:colcon.colcon_core.shell:create_environment_hook('raspimouse', 'pythonpath')
[59.400s] INFO:colcon.colcon_core.shell:Creating environment hook '/home/ubuntu/ros2_ws/install/raspimouse/share/raspimouse/hook/pythonpath.ps1'
[59.421s] INFO:colcon.colcon_core.shell:Creating environment descriptor '/home/ubuntu/ros2_ws/install/raspimouse/share/raspimouse/hook/pythonpath.dsv'
[59.729s] INFO:colcon.colcon_core.shell:Creating environment hook '/home/ubuntu/ros2_ws/install/raspimouse/share/raspimouse/hook/pythonpath.sh'
[59.737s] Level 1:colcon.colcon_core.environment:create_environment_scripts_only(raspimouse)
[59.745s] INFO:colcon.colcon_core.shell:Creating package script '/home/ubuntu/ros2_ws/install/raspimouse/share/raspimouse/package.ps1'
[59.755s] INFO:colcon.colcon_core.shell:Creating package descriptor '/home/ubuntu/ros2_ws/install/raspimouse/share/raspimouse/package.dsv'
[59.763s] INFO:colcon.colcon_core.shell:Creating package script '/home/ubuntu/ros2_ws/install/raspimouse/share/raspimouse/package.sh'
[59.771s] INFO:colcon.colcon_core.shell:Creating package script '/home/ubuntu/ros2_ws/install/raspimouse/share/raspimouse/package.bash'
[59.781s] INFO:colcon.colcon_core.shell:Creating package script '/home/ubuntu/ros2_ws/install/raspimouse/share/raspimouse/package.zsh'
[59.822s] Level 1:colcon.colcon_core.environment:create_file_with_runtime_dependencies(/home/ubuntu/ros2_ws/install/raspimouse/share/colcon-core/packages/raspimouse)
[59.833s] DEBUG:colcon.colcon_parallel_executor.executor.parallel:closing loop
[59.839s] DEBUG:colcon.colcon_parallel_executor.executor.parallel:loop closed
[59.840s] DEBUG:colcon.colcon_parallel_executor.executor.parallel:run_until_complete finished with '0'
[59.841s] DEBUG:colcon.colcon_core.event_reactor:joining thread
[60.206s] INFO:colcon.colcon_core.plugin_system:Skipping extension 'colcon_notification.desktop_notification.notify_send': Could not find 'notify-send'
[60.207s] INFO:colcon.colcon_core.plugin_system:Skipping extension 'colcon_notification.desktop_notification.terminal_notifier': Not used on non-Darwin systems
[60.209s] INFO:colcon.colcon_core.plugin_system:Skipping extension 'colcon_notification.desktop_notification.win32': Not used on non-Windows systems
[60.210s] INFO:colcon.colcon_notification.desktop_notification:Sending desktop notification using 'notify2'
[60.291s] DEBUG:colcon.colcon_notification.desktop_notification.notify2:Failed to initialize notify2: org.freedesktop.DBus.Error.ServiceUnknown: The name org.freedesktop.Notifications was not provided by any .service files
[60.292s] DEBUG:colcon.colcon_core.event_reactor:joined thread
[60.300s] INFO:colcon.colcon_core.shell:Creating prefix script '/home/ubuntu/ros2_ws/install/local_setup.ps1'
[60.320s] INFO:colcon.colcon_core.shell:Creating prefix util module '/home/ubuntu/ros2_ws/install/_local_setup_util_ps1.py'
[60.337s] INFO:colcon.colcon_core.shell:Creating prefix chain script '/home/ubuntu/ros2_ws/install/setup.ps1'
[60.373s] INFO:colcon.colcon_core.shell:Creating prefix script '/home/ubuntu/ros2_ws/install/local_setup.sh'
[60.387s] INFO:colcon.colcon_core.shell:Creating prefix util module '/home/ubuntu/ros2_ws/install/_local_setup_util_sh.py'
[60.393s] INFO:colcon.colcon_core.shell:Creating prefix chain script '/home/ubuntu/ros2_ws/install/setup.sh'
[60.679s] INFO:colcon.colcon_core.shell:Creating prefix script '/home/ubuntu/ros2_ws/install/local_setup.bash'
[60.705s] INFO:colcon.colcon_core.shell:Creating prefix chain script '/home/ubuntu/ros2_ws/install/setup.bash'
[60.739s] INFO:colcon.colcon_core.shell:Creating prefix script '/home/ubuntu/ros2_ws/install/local_setup.zsh'
[60.755s] INFO:colcon.colcon_core.shell:Creating prefix chain script '/home/ubuntu/ros2_ws/install/setup.zsh'
