[2.727s] Invoking command in '/home/ubuntu/ros2_ws/src/raspimouse': PYTHONPATH=/home/ubuntu/ros2_ws/install/raspimouse/lib/python3.8/site-packages:${PYTHONPATH} /usr/bin/python3 setup.py egg_info --egg-base ../../build/raspimouse build --build-base /home/ubuntu/ros2_ws/build/raspimouse/build install --prefix /home/ubuntu/ros2_ws/install/raspimouse --record /home/ubuntu/ros2_ws/build/raspimouse/install.log --single-version-externally-managed
[6.286s] running egg_info
[6.295s] writing ../../build/raspimouse/raspimouse.egg-info/PKG-INFO
[6.301s] writing dependency_links to ../../build/raspimouse/raspimouse.egg-info/dependency_links.txt
[6.306s] writing entry points to ../../build/raspimouse/raspimouse.egg-info/entry_points.txt
[6.310s] writing requirements to ../../build/raspimouse/raspimouse.egg-info/requires.txt
[6.313s] writing top-level names to ../../build/raspimouse/raspimouse.egg-info/top_level.txt
[6.740s] reading manifest file '../../build/raspimouse/raspimouse.egg-info/SOURCES.txt'
[6.752s] writing manifest file '../../build/raspimouse/raspimouse.egg-info/SOURCES.txt'
[6.754s] running build
[6.757s] running build_py
[6.762s] copying raspimouse/motors1.py -> /home/ubuntu/ros2_ws/build/raspimouse/build/lib/raspimouse
[6.767s] running install
[6.779s] running install_lib
[6.800s] copying /home/ubuntu/ros2_ws/build/raspimouse/build/lib/raspimouse/motors1.py -> /home/ubuntu/ros2_ws/install/raspimouse/lib/python3.8/site-packages/raspimouse
[6.815s] byte-compiling /home/ubuntu/ros2_ws/install/raspimouse/lib/python3.8/site-packages/raspimouse/motors1.py to motors1.cpython-38.pyc
[6.841s] running install_data
[6.850s] running install_egg_info
[6.878s] removing '/home/ubuntu/ros2_ws/install/raspimouse/lib/python3.8/site-packages/raspimouse-0.0.0-py3.8.egg-info' (and everything under it)
[6.884s] Copying ../../build/raspimouse/raspimouse.egg-info to /home/ubuntu/ros2_ws/install/raspimouse/lib/python3.8/site-packages/raspimouse-0.0.0-py3.8.egg-info
[6.901s] running install_scripts
[7.130s] Installing buzzer2_sub_node script to /home/ubuntu/ros2_ws/install/raspimouse/lib/raspimouse
[7.142s] Installing buzzer3_sub_node script to /home/ubuntu/ros2_ws/install/raspimouse/lib/raspimouse
[7.168s] Installing buzzer_node script to /home/ubuntu/ros2_ws/install/raspimouse/lib/raspimouse
[7.170s] Installing lightsensor_sub script to /home/ubuntu/ros2_ws/install/raspimouse/lib/raspimouse
[7.173s] Installing lightsensors script to /home/ubuntu/ros2_ws/install/raspimouse/lib/raspimouse
[7.180s] Installing motors1 script to /home/ubuntu/ros2_ws/install/raspimouse/lib/raspimouse
[7.186s] writing list of installed files to '/home/ubuntu/ros2_ws/build/raspimouse/install.log'
[7.525s] Invoked command in '/home/ubuntu/ros2_ws/src/raspimouse' returned '0': PYTHONPATH=/home/ubuntu/ros2_ws/install/raspimouse/lib/python3.8/site-packages:${PYTHONPATH} /usr/bin/python3 setup.py egg_info --egg-base ../../build/raspimouse build --build-base /home/ubuntu/ros2_ws/build/raspimouse/build install --prefix /home/ubuntu/ros2_ws/install/raspimouse --record /home/ubuntu/ros2_ws/build/raspimouse/install.log --single-version-externally-managed
