[2.436s] DEBUG:colcon:Command line arguments: ['/usr/bin/colcon', 'build', '--packages-select', 'tutorial_topic']
[2.437s] DEBUG:colcon:Parsed command line arguments: Namespace(ament_cmake_args=None, base_paths=['.'], build_base='build', catkin_cmake_args=None, catkin_skip_building_tests=False, cmake_args=None, cmake_clean_cache=False, cmake_clean_first=False, cmake_force_configure=False, cmake_target=None, cmake_target_skip_unavailable=False, continue_on_error=False, event_handlers=None, executor='parallel', ignore_user_meta=False, install_base='install', log_base=None, log_level=None, main=<bound method BuildVerb.main of <colcon_core.verb.build.BuildVerb object at 0xffffb023f430>>, merge_install=False, metas=['./colcon.meta'], packages_above=None, packages_above_and_dependencies=None, packages_above_depth=None, packages_end=None, packages_ignore=None, packages_ignore_regex=None, packages_select=['tutorial_topic'], packages_select_build_failed=False, packages_select_by_dep=None, packages_select_regex=None, packages_select_test_failures=False, packages_skip=None, packages_skip_build_finished=False, packages_skip_by_dep=None, packages_skip_regex=None, packages_skip_test_passed=False, packages_skip_up_to=None, packages_start=None, packages_up_to=None, packages_up_to_regex=None, parallel_workers=4, paths=None, symlink_install=False, test_result_base=None, verb_extension=<colcon_core.verb.build.BuildVerb object at 0xffffb023f430>, verb_name='build', verb_parser=<colcon_defaults.argument_parser.defaults.DefaultArgumentsDecorator object at 0xffffb023f970>)
[2.488s] Level 1:colcon.colcon_core.package_discovery:discover_packages(colcon_meta) check parameters
[2.489s] Level 1:colcon.colcon_core.package_discovery:discover_packages(recursive) check parameters
[2.489s] Level 1:colcon.colcon_core.package_discovery:discover_packages(ignore) check parameters
[2.490s] Level 1:colcon.colcon_core.package_discovery:discover_packages(path) check parameters
[2.490s] Level 1:colcon.colcon_core.package_discovery:discover_packages(colcon_meta) discover
[2.491s] Level 1:colcon.colcon_core.package_discovery:discover_packages(recursive) discover
[2.492s] INFO:colcon.colcon_core.package_discovery:Crawling recursively for packages in '/home/ubuntu/ros2_ws'
[2.493s] Level 1:colcon.colcon_core.package_identification:_identify(.) by extensions ['ignore', 'ignore_ament_install']
[2.494s] Level 1:colcon.colcon_core.package_identification:_identify(.) by extension 'ignore'
[2.495s] Level 1:colcon.colcon_core.package_identification:_identify(.) by extension 'ignore_ament_install'
[2.496s] Level 1:colcon.colcon_core.package_identification:_identify(.) by extensions ['colcon_pkg']
[2.497s] Level 1:colcon.colcon_core.package_identification:_identify(.) by extension 'colcon_pkg'
[2.498s] Level 1:colcon.colcon_core.package_identification:_identify(.) by extensions ['colcon_meta']
[2.498s] Level 1:colcon.colcon_core.package_identification:_identify(.) by extension 'colcon_meta'
[2.499s] Level 1:colcon.colcon_core.package_identification:_identify(.) by extensions ['ros']
[2.499s] Level 1:colcon.colcon_core.package_identification:_identify(.) by extension 'ros'
[2.592s] Level 1:colcon.colcon_core.package_identification:_identify(.) by extensions ['cmake', 'python']
[2.593s] Level 1:colcon.colcon_core.package_identification:_identify(.) by extension 'cmake'
[2.594s] Level 1:colcon.colcon_core.package_identification:_identify(.) by extension 'python'
[2.596s] Level 1:colcon.colcon_core.package_identification:_identify(.) by extensions ['python_setup_py']
[2.596s] Level 1:colcon.colcon_core.package_identification:_identify(.) by extension 'python_setup_py'
[2.598s] Level 1:colcon.colcon_core.package_identification:_identify(build) by extensions ['ignore', 'ignore_ament_install']
[2.600s] Level 1:colcon.colcon_core.package_identification:_identify(build) by extension 'ignore'
[2.601s] Level 1:colcon.colcon_core.package_identification:_identify(build) ignored
[2.603s] Level 1:colcon.colcon_core.package_identification:_identify(install) by extensions ['ignore', 'ignore_ament_install']
[2.604s] Level 1:colcon.colcon_core.package_identification:_identify(install) by extension 'ignore'
[2.605s] Level 1:colcon.colcon_core.package_identification:_identify(install) ignored
[2.607s] Level 1:colcon.colcon_core.package_identification:_identify(log) by extensions ['ignore', 'ignore_ament_install']
[2.608s] Level 1:colcon.colcon_core.package_identification:_identify(log) by extension 'ignore'
[2.609s] Level 1:colcon.colcon_core.package_identification:_identify(log) ignored
[2.610s] Level 1:colcon.colcon_core.package_identification:_identify(src) by extensions ['ignore', 'ignore_ament_install']
[2.611s] Level 1:colcon.colcon_core.package_identification:_identify(src) by extension 'ignore'
[2.613s] Level 1:colcon.colcon_core.package_identification:_identify(src) by extension 'ignore_ament_install'
[2.614s] Level 1:colcon.colcon_core.package_identification:_identify(src) by extensions ['colcon_pkg']
[2.615s] Level 1:colcon.colcon_core.package_identification:_identify(src) by extension 'colcon_pkg'
[2.616s] Level 1:colcon.colcon_core.package_identification:_identify(src) by extensions ['colcon_meta']
[2.616s] Level 1:colcon.colcon_core.package_identification:_identify(src) by extension 'colcon_meta'
[2.617s] Level 1:colcon.colcon_core.package_identification:_identify(src) by extensions ['ros']
[2.618s] Level 1:colcon.colcon_core.package_identification:_identify(src) by extension 'ros'
[2.620s] Level 1:colcon.colcon_core.package_identification:_identify(src) by extensions ['cmake', 'python']
[2.621s] Level 1:colcon.colcon_core.package_identification:_identify(src) by extension 'cmake'
[2.622s] Level 1:colcon.colcon_core.package_identification:_identify(src) by extension 'python'
[2.627s] Level 1:colcon.colcon_core.package_identification:_identify(src) by extensions ['python_setup_py']
[2.628s] Level 1:colcon.colcon_core.package_identification:_identify(src) by extension 'python_setup_py'
[2.630s] Level 1:colcon.colcon_core.package_identification:_identify(src/tutorial_interfaces) by extensions ['ignore', 'ignore_ament_install']
[2.632s] Level 1:colcon.colcon_core.package_identification:_identify(src/tutorial_interfaces) by extension 'ignore'
[2.633s] Level 1:colcon.colcon_core.package_identification:_identify(src/tutorial_interfaces) by extension 'ignore_ament_install'
[2.635s] Level 1:colcon.colcon_core.package_identification:_identify(src/tutorial_interfaces) by extensions ['colcon_pkg']
[2.636s] Level 1:colcon.colcon_core.package_identification:_identify(src/tutorial_interfaces) by extension 'colcon_pkg'
[2.637s] Level 1:colcon.colcon_core.package_identification:_identify(src/tutorial_interfaces) by extensions ['colcon_meta']
[2.638s] Level 1:colcon.colcon_core.package_identification:_identify(src/tutorial_interfaces) by extension 'colcon_meta'
[2.639s] Level 1:colcon.colcon_core.package_identification:_identify(src/tutorial_interfaces) by extensions ['ros']
[2.640s] Level 1:colcon.colcon_core.package_identification:_identify(src/tutorial_interfaces) by extension 'ros'
[2.668s] DEBUG:colcon.colcon_core.package_identification:Package 'src/tutorial_interfaces' with type 'ros.ament_cmake' and name 'tutorial_interfaces'
[2.670s] Level 1:colcon.colcon_core.package_identification:_identify(src/tutorial_package) by extensions ['ignore', 'ignore_ament_install']
[2.671s] Level 1:colcon.colcon_core.package_identification:_identify(src/tutorial_package) by extension 'ignore'
[2.672s] Level 1:colcon.colcon_core.package_identification:_identify(src/tutorial_package) by extension 'ignore_ament_install'
[2.674s] Level 1:colcon.colcon_core.package_identification:_identify(src/tutorial_package) by extensions ['colcon_pkg']
[2.675s] Level 1:colcon.colcon_core.package_identification:_identify(src/tutorial_package) by extension 'colcon_pkg'
[2.676s] Level 1:colcon.colcon_core.package_identification:_identify(src/tutorial_package) by extensions ['colcon_meta']
[2.677s] Level 1:colcon.colcon_core.package_identification:_identify(src/tutorial_package) by extension 'colcon_meta'
[2.678s] Level 1:colcon.colcon_core.package_identification:_identify(src/tutorial_package) by extensions ['ros']
[2.678s] Level 1:colcon.colcon_core.package_identification:_identify(src/tutorial_package) by extension 'ros'
[2.684s] DEBUG:colcon.colcon_core.package_identification:Package 'src/tutorial_package' with type 'ros.ament_cmake' and name 'tutorial_package'
[2.685s] Level 1:colcon.colcon_core.package_identification:_identify(src/tutorial_topic) by extensions ['ignore', 'ignore_ament_install']
[2.686s] Level 1:colcon.colcon_core.package_identification:_identify(src/tutorial_topic) by extension 'ignore'
[2.687s] Level 1:colcon.colcon_core.package_identification:_identify(src/tutorial_topic) by extension 'ignore_ament_install'
[2.688s] Level 1:colcon.colcon_core.package_identification:_identify(src/tutorial_topic) by extensions ['colcon_pkg']
[2.689s] Level 1:colcon.colcon_core.package_identification:_identify(src/tutorial_topic) by extension 'colcon_pkg'
[2.690s] Level 1:colcon.colcon_core.package_identification:_identify(src/tutorial_topic) by extensions ['colcon_meta']
[2.690s] Level 1:colcon.colcon_core.package_identification:_identify(src/tutorial_topic) by extension 'colcon_meta'
[2.691s] Level 1:colcon.colcon_core.package_identification:_identify(src/tutorial_topic) by extensions ['ros']
[2.692s] Level 1:colcon.colcon_core.package_identification:_identify(src/tutorial_topic) by extension 'ros'
[2.700s] DEBUG:colcon.colcon_core.package_identification:Package 'src/tutorial_topic' with type 'ros.ament_cmake' and name 'tutorial_topic'
[2.701s] Level 1:colcon.colcon_core.package_discovery:discover_packages(recursive) using defaults
[2.702s] Level 1:colcon.colcon_core.package_discovery:discover_packages(ignore) discover
[2.703s] Level 1:colcon.colcon_core.package_discovery:discover_packages(ignore) using defaults
[2.703s] Level 1:colcon.colcon_core.package_discovery:discover_packages(path) discover
[2.704s] Level 1:colcon.colcon_core.package_discovery:discover_packages(path) using defaults
[2.849s] INFO:colcon.colcon_core.package_selection:Skipping not selected package 'tutorial_interfaces' in 'src/tutorial_interfaces'
[2.850s] INFO:colcon.colcon_core.package_selection:Skipping not selected package 'tutorial_package' in 'src/tutorial_package'
[2.874s] Level 5:colcon.colcon_core.verb:set package 'tutorial_topic' build argument 'cmake_args' from command line to 'None'
[2.875s] Level 5:colcon.colcon_core.verb:set package 'tutorial_topic' build argument 'cmake_target' from command line to 'None'
[2.875s] Level 5:colcon.colcon_core.verb:set package 'tutorial_topic' build argument 'cmake_target_skip_unavailable' from command line to 'False'
[2.876s] Level 5:colcon.colcon_core.verb:set package 'tutorial_topic' build argument 'cmake_clean_cache' from command line to 'False'
[2.876s] Level 5:colcon.colcon_core.verb:set package 'tutorial_topic' build argument 'cmake_clean_first' from command line to 'False'
[2.877s] Level 5:colcon.colcon_core.verb:set package 'tutorial_topic' build argument 'cmake_force_configure' from command line to 'False'
[2.877s] Level 5:colcon.colcon_core.verb:set package 'tutorial_topic' build argument 'ament_cmake_args' from command line to 'None'
[2.878s] Level 5:colcon.colcon_core.verb:set package 'tutorial_topic' build argument 'catkin_cmake_args' from command line to 'None'
[2.878s] Level 5:colcon.colcon_core.verb:set package 'tutorial_topic' build argument 'catkin_skip_building_tests' from command line to 'False'
[2.879s] DEBUG:colcon.colcon_core.verb:Building package 'tutorial_topic' with the following arguments: {'ament_cmake_args': None, 'build_base': '/home/ubuntu/ros2_ws/build/tutorial_topic', 'catkin_cmake_args': None, 'catkin_skip_building_tests': False, 'cmake_args': None, 'cmake_clean_cache': False, 'cmake_clean_first': False, 'cmake_force_configure': False, 'cmake_target': None, 'cmake_target_skip_unavailable': False, 'install_base': '/home/ubuntu/ros2_ws/install/tutorial_topic', 'merge_install': False, 'path': '/home/ubuntu/ros2_ws/src/tutorial_topic', 'symlink_install': False, 'test_result_base': None}
[2.882s] INFO:colcon.colcon_core.executor:Executing jobs using 'parallel' executor
[2.899s] DEBUG:colcon.colcon_parallel_executor.executor.parallel:run_until_complete
[2.902s] INFO:colcon.colcon_ros.task.ament_cmake.build:Building ROS package in '/home/ubuntu/ros2_ws/src/tutorial_topic' with build type 'ament_cmake'
[2.904s] INFO:colcon.colcon_cmake.task.cmake.build:Building CMake package in '/home/ubuntu/ros2_ws/src/tutorial_topic'
[2.935s] INFO:colcon.colcon_core.plugin_system:Skipping extension 'colcon_core.shell.bat': Not used on non-Windows systems
[2.937s] INFO:colcon.colcon_core.shell:Skip shell extension 'powershell' for command environment: Not usable outside of PowerShell
[2.938s] DEBUG:colcon.colcon_core.shell:Skip shell extension 'dsv' for command environment
[2.964s] DEBUG:colcon.colcon_core.shell:Ignoring prefix path '/opt/ros/foxy'
[3.053s] DEBUG:colcon.colcon_core.event_handler.log_command:Invoking command in '/home/ubuntu/ros2_ws/build/tutorial_topic': CMAKE_PREFIX_PATH=/home/ubuntu/ros2_ws/install/tutorial_interfaces:/home/ubuntu/ros2_ws/install/tutorial_topic:/home/ubuntu/ros2_ws/install/tutorial_package:/opt/ros/foxy /usr/bin/cmake --build /home/ubuntu/ros2_ws/build/tutorial_topic -- -j4 -l4
[95.579s] DEBUG:colcon.colcon_parallel_executor.executor.parallel:run_until_complete was interrupted
[95.761s] DEBUG:colcon.colcon_parallel_executor.executor.parallel:run_until_complete again
[96.027s] DEBUG:colcon.colcon_core.event_handler.log_command:Invoked command in '/home/ubuntu/ros2_ws/build/tutorial_topic' returned '-2': CMAKE_PREFIX_PATH=/home/ubuntu/ros2_ws/install/tutorial_interfaces:/home/ubuntu/ros2_ws/install/tutorial_topic:/home/ubuntu/ros2_ws/install/tutorial_package:/opt/ros/foxy /usr/bin/cmake --build /home/ubuntu/ros2_ws/build/tutorial_topic -- -j4 -l4
[99.275s] Level 1:colcon.colcon_core.environment:create_environment_scripts_only(tutorial_topic)
[99.380s] Level 1:colcon.colcon_core.environment:checking '/home/ubuntu/ros2_ws/install/tutorial_topic' for CMake module files
[99.394s] Level 1:colcon.colcon_core.environment:checking '/home/ubuntu/ros2_ws/install/tutorial_topic' for CMake config files
[99.396s] Level 1:colcon.colcon_core.shell:create_environment_hook('tutorial_topic', 'cmake_prefix_path')
[99.401s] INFO:colcon.colcon_core.shell:Creating environment hook '/home/ubuntu/ros2_ws/install/tutorial_topic/share/tutorial_topic/hook/cmake_prefix_path.ps1'
[99.416s] INFO:colcon.colcon_core.shell:Creating environment descriptor '/home/ubuntu/ros2_ws/install/tutorial_topic/share/tutorial_topic/hook/cmake_prefix_path.dsv'
[99.425s] INFO:colcon.colcon_core.shell:Creating environment hook '/home/ubuntu/ros2_ws/install/tutorial_topic/share/tutorial_topic/hook/cmake_prefix_path.sh'
[99.436s] Level 1:colcon.colcon_core.environment:checking '/home/ubuntu/ros2_ws/install/tutorial_topic/lib'
[99.438s] Level 1:colcon.colcon_core.environment:checking '/home/ubuntu/ros2_ws/install/tutorial_topic/bin'
[99.439s] Level 1:colcon.colcon_core.environment:checking '/home/ubuntu/ros2_ws/install/tutorial_topic/lib/pkgconfig/tutorial_topic.pc'
[99.440s] Level 1:colcon.colcon_core.environment:checking '/home/ubuntu/ros2_ws/install/tutorial_topic/lib/python3.8/site-packages'
[99.445s] INFO:colcon.colcon_core.shell:Creating package script '/home/ubuntu/ros2_ws/install/tutorial_topic/share/tutorial_topic/package.ps1'
[99.455s] INFO:colcon.colcon_core.shell:Creating package descriptor '/home/ubuntu/ros2_ws/install/tutorial_topic/share/tutorial_topic/package.dsv'
[99.463s] INFO:colcon.colcon_core.shell:Creating package script '/home/ubuntu/ros2_ws/install/tutorial_topic/share/tutorial_topic/package.sh'
[99.473s] INFO:colcon.colcon_core.shell:Creating package script '/home/ubuntu/ros2_ws/install/tutorial_topic/share/tutorial_topic/package.bash'
[99.487s] INFO:colcon.colcon_core.shell:Creating package script '/home/ubuntu/ros2_ws/install/tutorial_topic/share/tutorial_topic/package.zsh'
[99.500s] Level 1:colcon.colcon_core.environment:create_file_with_runtime_dependencies(/home/ubuntu/ros2_ws/install/tutorial_topic/share/colcon-core/packages/tutorial_topic)
[99.517s] DEBUG:colcon.colcon_parallel_executor.executor.parallel:run_until_complete finished
[99.518s] DEBUG:colcon.colcon_parallel_executor.executor.parallel:closing loop
[99.519s] DEBUG:colcon.colcon_parallel_executor.executor.parallel:loop closed
[99.520s] DEBUG:colcon.colcon_core.event_reactor:joining thread
[99.637s] INFO:colcon.colcon_core.plugin_system:Skipping extension 'colcon_notification.desktop_notification.notify_send': Could not find 'notify-send'
[99.638s] INFO:colcon.colcon_core.plugin_system:Skipping extension 'colcon_notification.desktop_notification.terminal_notifier': Not used on non-Darwin systems
[99.640s] INFO:colcon.colcon_core.plugin_system:Skipping extension 'colcon_notification.desktop_notification.win32': Not used on non-Windows systems
[99.640s] INFO:colcon.colcon_notification.desktop_notification:Sending desktop notification using 'notify2'
[99.683s] DEBUG:colcon.colcon_notification.desktop_notification.notify2:Failed to initialize notify2: org.freedesktop.DBus.Error.ServiceUnknown: The name org.freedesktop.Notifications was not provided by any .service files
[99.684s] DEBUG:colcon.colcon_core.event_reactor:joined thread
[99.689s] INFO:colcon.colcon_core.shell:Creating prefix script '/home/ubuntu/ros2_ws/install/local_setup.ps1'
[99.700s] INFO:colcon.colcon_core.shell:Creating prefix util module '/home/ubuntu/ros2_ws/install/_local_setup_util_ps1.py'
[99.715s] INFO:colcon.colcon_core.shell:Creating prefix chain script '/home/ubuntu/ros2_ws/install/setup.ps1'
[99.752s] INFO:colcon.colcon_core.shell:Creating prefix script '/home/ubuntu/ros2_ws/install/local_setup.sh'
[99.763s] INFO:colcon.colcon_core.shell:Creating prefix util module '/home/ubuntu/ros2_ws/install/_local_setup_util_sh.py'
[99.768s] INFO:colcon.colcon_core.shell:Creating prefix chain script '/home/ubuntu/ros2_ws/install/setup.sh'
[99.936s] INFO:colcon.colcon_core.shell:Creating prefix script '/home/ubuntu/ros2_ws/install/local_setup.bash'
[99.948s] INFO:colcon.colcon_core.shell:Creating prefix chain script '/home/ubuntu/ros2_ws/install/setup.bash'
[99.971s] INFO:colcon.colcon_core.shell:Creating prefix script '/home/ubuntu/ros2_ws/install/local_setup.zsh'
[99.978s] INFO:colcon.colcon_core.shell:Creating prefix chain script '/home/ubuntu/ros2_ws/install/setup.zsh'
