[1.984s] Invoking command in '/home/ubuntu/ros2_ws/build/raspimouse_msgs': CMAKE_PREFIX_PATH=${CMAKE_PREFIX_PATH}:/home/ubuntu/ros2_ws/install/raspimouse_run_corridor:/home/ubuntu/ros2_ws/install/raspimouse:/opt/ros/foxy /usr/bin/cmake --build /home/ubuntu/ros2_ws/build/raspimouse_msgs -- -j4 -l4
[3.974s] [  1%] Built target raspimouse_msgs__cpp
[4.042s] [ 12%] Built target raspimouse_msgs__rosidl_generator_c
[4.582s] [ 24%] Built target raspimouse_msgs__rosidl_typesupport_cpp
[4.659s] [ 35%] Built target raspimouse_msgs__rosidl_typesupport_introspection_cpp
[4.765s] [ 47%] Built target raspimouse_msgs__rosidl_typesupport_introspection_c
[4.780s] [ 58%] Built target raspimouse_msgs__rosidl_typesupport_fastrtps_cpp
[4.952s] [ 70%] Built target raspimouse_msgs__rosidl_typesupport_c
[5.153s] [ 82%] Built target raspimouse_msgs__rosidl_typesupport_fastrtps_c
[5.390s] [ 82%] Built target raspimouse_msgs
[5.878s] [ 83%] Built target raspimouse_msgs__py
[6.516s] [ 93%] Built target raspimouse_msgs__python
[6.892s] [ 95%] Built target raspimouse_msgs__rosidl_typesupport_introspection_c__pyext
[7.005s] [ 97%] Built target raspimouse_msgs__rosidl_typesupport_fastrtps_c__pyext
[7.016s] [100%] Built target raspimouse_msgs__rosidl_typesupport_c__pyext
[9.188s] Invoked command in '/home/ubuntu/ros2_ws/build/raspimouse_msgs' returned '0': CMAKE_PREFIX_PATH=${CMAKE_PREFIX_PATH}:/home/ubuntu/ros2_ws/install/raspimouse_run_corridor:/home/ubuntu/ros2_ws/install/raspimouse:/opt/ros/foxy /usr/bin/cmake --build /home/ubuntu/ros2_ws/build/raspimouse_msgs -- -j4 -l4
[13.091s] Invoking command in '/home/ubuntu/ros2_ws/build/raspimouse_msgs': CMAKE_PREFIX_PATH=${CMAKE_PREFIX_PATH}:/home/ubuntu/ros2_ws/install/raspimouse_run_corridor:/home/ubuntu/ros2_ws/install/raspimouse:/opt/ros/foxy /usr/bin/cmake --install /home/ubuntu/ros2_ws/build/raspimouse_msgs
[13.172s] -- Install configuration: ""
[13.175s] -- Up-to-date: /home/ubuntu/ros2_ws/install/raspimouse_msgs/share/ament_index/resource_index/rosidl_interfaces/raspimouse_msgs
[13.187s] -- Up-to-date: /home/ubuntu/ros2_ws/install/raspimouse_msgs/include/raspimouse_msgs
[13.191s] -- Up-to-date: /home/ubuntu/ros2_ws/install/raspimouse_msgs/include/raspimouse_msgs/msg
[13.195s] -- Up-to-date: /home/ubuntu/ros2_ws/install/raspimouse_msgs/include/raspimouse_msgs/msg/timed_motion.h
[13.197s] -- Up-to-date: /home/ubuntu/ros2_ws/install/raspimouse_msgs/include/raspimouse_msgs/msg/motor_freqs.h
[13.203s] -- Up-to-date: /home/ubuntu/ros2_ws/install/raspimouse_msgs/include/raspimouse_msgs/msg/detail
[13.206s] -- Up-to-date: /home/ubuntu/ros2_ws/install/raspimouse_msgs/include/raspimouse_msgs/msg/detail/light_sensors__functions.c
[13.215s] -- Up-to-date: /home/ubuntu/ros2_ws/install/raspimouse_msgs/include/raspimouse_msgs/msg/detail/timed_motion__functions.c
[13.223s] -- Up-to-date: /home/ubuntu/ros2_ws/install/raspimouse_msgs/include/raspimouse_msgs/msg/detail/timed_motion__functions.h
[13.225s] -- Up-to-date: /home/ubuntu/ros2_ws/install/raspimouse_msgs/include/raspimouse_msgs/msg/detail/light_sensors__struct.h
[13.227s] -- Up-to-date: /home/ubuntu/ros2_ws/install/raspimouse_msgs/include/raspimouse_msgs/msg/detail/motor_freqs__struct.h
[13.250s] -- Up-to-date: /home/ubuntu/ros2_ws/install/raspimouse_msgs/include/raspimouse_msgs/msg/detail/motor_freqs__functions.c
[13.259s] -- Up-to-date: /home/ubuntu/ros2_ws/install/raspimouse_msgs/include/raspimouse_msgs/msg/detail/light_sensors__functions.h
[13.260s] -- Up-to-date: /home/ubuntu/ros2_ws/install/raspimouse_msgs/include/raspimouse_msgs/msg/detail/motor_freqs__type_support.h
[13.262s] -- Up-to-date: /home/ubuntu/ros2_ws/install/raspimouse_msgs/include/raspimouse_msgs/msg/detail/timed_motion__type_support.h
[13.263s] -- Up-to-date: /home/ubuntu/ros2_ws/install/raspimouse_msgs/include/raspimouse_msgs/msg/detail/light_sensors__type_support.h
[13.265s] -- Up-to-date: /home/ubuntu/ros2_ws/install/raspimouse_msgs/include/raspimouse_msgs/msg/detail/motor_freqs__functions.h
[13.266s] -- Up-to-date: /home/ubuntu/ros2_ws/install/raspimouse_msgs/include/raspimouse_msgs/msg/detail/timed_motion__struct.h
[13.278s] -- Up-to-date: /home/ubuntu/ros2_ws/install/raspimouse_msgs/include/raspimouse_msgs/msg/rosidl_generator_c__visibility_control.h
[13.281s] -- Up-to-date: /home/ubuntu/ros2_ws/install/raspimouse_msgs/include/raspimouse_msgs/msg/light_sensors.h
[13.283s] -- Up-to-date: /home/ubuntu/ros2_ws/install/raspimouse_msgs/include/raspimouse_msgs/srv
[13.285s] -- Up-to-date: /home/ubuntu/ros2_ws/install/raspimouse_msgs/include/raspimouse_msgs/srv/detail
[13.287s] -- Up-to-date: /home/ubuntu/ros2_ws/install/raspimouse_msgs/include/raspimouse_msgs/srv/detail/light_sensors_service__functions.h
[13.290s] -- Up-to-date: /home/ubuntu/ros2_ws/install/raspimouse_msgs/include/raspimouse_msgs/srv/detail/light_sensors_service__type_support.h
[13.294s] -- Up-to-date: /home/ubuntu/ros2_ws/install/raspimouse_msgs/include/raspimouse_msgs/srv/detail/motor_freqs_service__struct.h
[13.296s] -- Up-to-date: /home/ubuntu/ros2_ws/install/raspimouse_msgs/include/raspimouse_msgs/srv/detail/motor_freqs_service__functions.c
[13.297s] -- Up-to-date: /home/ubuntu/ros2_ws/install/raspimouse_msgs/include/raspimouse_msgs/srv/detail/motor_freqs_service__type_support.h
[13.299s] -- Up-to-date: /home/ubuntu/ros2_ws/install/raspimouse_msgs/include/raspimouse_msgs/srv/detail/timed_motion_service__struct.h
[13.301s] -- Up-to-date: /home/ubuntu/ros2_ws/install/raspimouse_msgs/include/raspimouse_msgs/srv/detail/motor_freqs_service__functions.h
[13.302s] -- Up-to-date: /home/ubuntu/ros2_ws/install/raspimouse_msgs/include/raspimouse_msgs/srv/detail/timed_motion_service__functions.h
[13.305s] -- Up-to-date: /home/ubuntu/ros2_ws/install/raspimouse_msgs/include/raspimouse_msgs/srv/detail/light_sensors_service__struct.h
[13.310s] -- Up-to-date: /home/ubuntu/ros2_ws/install/raspimouse_msgs/include/raspimouse_msgs/srv/detail/timed_motion_service__type_support.h
[13.313s] -- Up-to-date: /home/ubuntu/ros2_ws/install/raspimouse_msgs/include/raspimouse_msgs/srv/detail/light_sensors_service__functions.c
[13.316s] -- Up-to-date: /home/ubuntu/ros2_ws/install/raspimouse_msgs/include/raspimouse_msgs/srv/detail/timed_motion_service__functions.c
[13.319s] -- Up-to-date: /home/ubuntu/ros2_ws/install/raspimouse_msgs/include/raspimouse_msgs/srv/motor_freqs_service.h
[13.322s] -- Up-to-date: /home/ubuntu/ros2_ws/install/raspimouse_msgs/include/raspimouse_msgs/srv/light_sensors_service.h
[13.323s] -- Up-to-date: /home/ubuntu/ros2_ws/install/raspimouse_msgs/include/raspimouse_msgs/srv/timed_motion_service.h
[13.326s] -- Up-to-date: /home/ubuntu/ros2_ws/install/raspimouse_msgs/include/raspimouse_msgs/action
[13.328s] -- Up-to-date: /home/ubuntu/ros2_ws/install/raspimouse_msgs/include/raspimouse_msgs/action/music.h
[13.330s] -- Up-to-date: /home/ubuntu/ros2_ws/install/raspimouse_msgs/include/raspimouse_msgs/action/move_robot.h
[13.332s] -- Up-to-date: /home/ubuntu/ros2_ws/install/raspimouse_msgs/include/raspimouse_msgs/action/detail
[13.333s] -- Up-to-date: /home/ubuntu/ros2_ws/install/raspimouse_msgs/include/raspimouse_msgs/action/detail/movement__functions.h
[13.335s] -- Up-to-date: /home/ubuntu/ros2_ws/install/raspimouse_msgs/include/raspimouse_msgs/action/detail/music__functions.c
[13.337s] -- Up-to-date: /home/ubuntu/ros2_ws/install/raspimouse_msgs/include/raspimouse_msgs/action/detail/music__struct.h
[13.339s] -- Up-to-date: /home/ubuntu/ros2_ws/install/raspimouse_msgs/include/raspimouse_msgs/action/detail/move_robot__type_support.h
[13.342s] -- Up-to-date: /home/ubuntu/ros2_ws/install/raspimouse_msgs/include/raspimouse_msgs/action/detail/move_robot__struct.h
[13.344s] -- Up-to-date: /home/ubuntu/ros2_ws/install/raspimouse_msgs/include/raspimouse_msgs/action/detail/music__functions.h
[13.346s] -- Up-to-date: /home/ubuntu/ros2_ws/install/raspimouse_msgs/include/raspimouse_msgs/action/detail/move_robot__functions.h
[13.347s] -- Up-to-date: /home/ubuntu/ros2_ws/install/raspimouse_msgs/include/raspimouse_msgs/action/detail/movement__struct.h
[13.350s] -- Up-to-date: /home/ubuntu/ros2_ws/install/raspimouse_msgs/include/raspimouse_msgs/action/detail/move_robot__functions.c
[13.353s] -- Up-to-date: /home/ubuntu/ros2_ws/install/raspimouse_msgs/include/raspimouse_msgs/action/detail/movement__functions.c
[13.354s] -- Up-to-date: /home/ubuntu/ros2_ws/install/raspimouse_msgs/include/raspimouse_msgs/action/detail/movement__type_support.h
[13.356s] -- Up-to-date: /home/ubuntu/ros2_ws/install/raspimouse_msgs/include/raspimouse_msgs/action/detail/music__type_support.h
[13.359s] -- Up-to-date: /home/ubuntu/ros2_ws/install/raspimouse_msgs/include/raspimouse_msgs/action/movement.h
[13.362s] -- Up-to-date: /home/ubuntu/ros2_ws/install/raspimouse_msgs/share/raspimouse_msgs/environment/library_path.sh
[13.364s] -- Up-to-date: /home/ubuntu/ros2_ws/install/raspimouse_msgs/share/raspimouse_msgs/environment/library_path.dsv
[13.366s] -- Up-to-date: /home/ubuntu/ros2_ws/install/raspimouse_msgs/lib/libraspimouse_msgs__rosidl_generator_c.so
[13.368s] -- Up-to-date: /home/ubuntu/ros2_ws/install/raspimouse_msgs/include/raspimouse_msgs
[13.369s] -- Up-to-date: /home/ubuntu/ros2_ws/install/raspimouse_msgs/include/raspimouse_msgs/msg
[13.371s] -- Up-to-date: /home/ubuntu/ros2_ws/install/raspimouse_msgs/include/raspimouse_msgs/msg/detail
[13.373s] -- Up-to-date: /home/ubuntu/ros2_ws/install/raspimouse_msgs/include/raspimouse_msgs/msg/detail/timed_motion__rosidl_typesupport_fastrtps_c.h
[13.375s] -- Up-to-date: /home/ubuntu/ros2_ws/install/raspimouse_msgs/include/raspimouse_msgs/msg/detail/light_sensors__rosidl_typesupport_fastrtps_c.h
[13.378s] -- Up-to-date: /home/ubuntu/ros2_ws/install/raspimouse_msgs/include/raspimouse_msgs/msg/detail/motor_freqs__rosidl_typesupport_fastrtps_c.h
[13.381s] -- Up-to-date: /home/ubuntu/ros2_ws/install/raspimouse_msgs/include/raspimouse_msgs/msg/rosidl_typesupport_fastrtps_c__visibility_control.h
[13.383s] -- Up-to-date: /home/ubuntu/ros2_ws/install/raspimouse_msgs/include/raspimouse_msgs/srv
[13.384s] -- Up-to-date: /home/ubuntu/ros2_ws/install/raspimouse_msgs/include/raspimouse_msgs/srv/detail
[13.386s] -- Up-to-date: /home/ubuntu/ros2_ws/install/raspimouse_msgs/include/raspimouse_msgs/srv/detail/motor_freqs_service__rosidl_typesupport_fastrtps_c.h
[13.389s] -- Up-to-date: /home/ubuntu/ros2_ws/install/raspimouse_msgs/include/raspimouse_msgs/srv/detail/timed_motion_service__rosidl_typesupport_fastrtps_c.h
[13.390s] -- Up-to-date: /home/ubuntu/ros2_ws/install/raspimouse_msgs/include/raspimouse_msgs/srv/detail/light_sensors_service__rosidl_typesupport_fastrtps_c.h
[13.392s] -- Up-to-date: /home/ubuntu/ros2_ws/install/raspimouse_msgs/include/raspimouse_msgs/action
[13.393s] -- Up-to-date: /home/ubuntu/ros2_ws/install/raspimouse_msgs/include/raspimouse_msgs/action/detail
[13.396s] -- Up-to-date: /home/ubuntu/ros2_ws/install/raspimouse_msgs/include/raspimouse_msgs/action/detail/movement__rosidl_typesupport_fastrtps_c.h
[13.397s] -- Up-to-date: /home/ubuntu/ros2_ws/install/raspimouse_msgs/include/raspimouse_msgs/action/detail/music__rosidl_typesupport_fastrtps_c.h
[13.399s] -- Up-to-date: /home/ubuntu/ros2_ws/install/raspimouse_msgs/include/raspimouse_msgs/action/detail/move_robot__rosidl_typesupport_fastrtps_c.h
[13.407s] -- Up-to-date: /home/ubuntu/ros2_ws/install/raspimouse_msgs/lib/libraspimouse_msgs__rosidl_typesupport_fastrtps_c.so
[13.411s] -- Up-to-date: /home/ubuntu/ros2_ws/install/raspimouse_msgs/include/raspimouse_msgs
[13.413s] -- Up-to-date: /home/ubuntu/ros2_ws/install/raspimouse_msgs/include/raspimouse_msgs/msg
[13.417s] -- Up-to-date: /home/ubuntu/ros2_ws/install/raspimouse_msgs/include/raspimouse_msgs/msg/detail
[13.421s] -- Up-to-date: /home/ubuntu/ros2_ws/install/raspimouse_msgs/include/raspimouse_msgs/msg/detail/light_sensors__rosidl_typesupport_fastrtps_cpp.hpp
[13.424s] -- Up-to-date: /home/ubuntu/ros2_ws/install/raspimouse_msgs/include/raspimouse_msgs/msg/detail/dds_fastrtps
[13.427s] -- Up-to-date: /home/ubuntu/ros2_ws/install/raspimouse_msgs/include/raspimouse_msgs/msg/detail/timed_motion__rosidl_typesupport_fastrtps_cpp.hpp
[13.429s] -- Up-to-date: /home/ubuntu/ros2_ws/install/raspimouse_msgs/include/raspimouse_msgs/msg/detail/motor_freqs__rosidl_typesupport_fastrtps_cpp.hpp
[13.431s] -- Up-to-date: /home/ubuntu/ros2_ws/install/raspimouse_msgs/include/raspimouse_msgs/msg/rosidl_typesupport_fastrtps_cpp__visibility_control.h
[13.432s] -- Up-to-date: /home/ubuntu/ros2_ws/install/raspimouse_msgs/include/raspimouse_msgs/srv
[13.434s] -- Up-to-date: /home/ubuntu/ros2_ws/install/raspimouse_msgs/include/raspimouse_msgs/srv/detail
[13.435s] -- Up-to-date: /home/ubuntu/ros2_ws/install/raspimouse_msgs/include/raspimouse_msgs/srv/detail/timed_motion_service__rosidl_typesupport_fastrtps_cpp.hpp
[13.437s] -- Up-to-date: /home/ubuntu/ros2_ws/install/raspimouse_msgs/include/raspimouse_msgs/srv/detail/dds_fastrtps
[13.438s] -- Up-to-date: /home/ubuntu/ros2_ws/install/raspimouse_msgs/include/raspimouse_msgs/srv/detail/light_sensors_service__rosidl_typesupport_fastrtps_cpp.hpp
[13.440s] -- Up-to-date: /home/ubuntu/ros2_ws/install/raspimouse_msgs/include/raspimouse_msgs/srv/detail/motor_freqs_service__rosidl_typesupport_fastrtps_cpp.hpp
[13.441s] -- Up-to-date: /home/ubuntu/ros2_ws/install/raspimouse_msgs/include/raspimouse_msgs/action
[13.443s] -- Up-to-date: /home/ubuntu/ros2_ws/install/raspimouse_msgs/include/raspimouse_msgs/action/detail
[13.446s] -- Up-to-date: /home/ubuntu/ros2_ws/install/raspimouse_msgs/include/raspimouse_msgs/action/detail/music__rosidl_typesupport_fastrtps_cpp.hpp
[13.447s] -- Up-to-date: /home/ubuntu/ros2_ws/install/raspimouse_msgs/include/raspimouse_msgs/action/detail/dds_fastrtps
[13.449s] -- Up-to-date: /home/ubuntu/ros2_ws/install/raspimouse_msgs/include/raspimouse_msgs/action/detail/move_robot__rosidl_typesupport_fastrtps_cpp.hpp
[13.451s] -- Up-to-date: /home/ubuntu/ros2_ws/install/raspimouse_msgs/include/raspimouse_msgs/action/detail/movement__rosidl_typesupport_fastrtps_cpp.hpp
[13.453s] -- Up-to-date: /home/ubuntu/ros2_ws/install/raspimouse_msgs/lib/libraspimouse_msgs__rosidl_typesupport_fastrtps_cpp.so
[13.454s] -- Up-to-date: /home/ubuntu/ros2_ws/install/raspimouse_msgs/include/raspimouse_msgs
[13.456s] -- Up-to-date: /home/ubuntu/ros2_ws/install/raspimouse_msgs/include/raspimouse_msgs/msg
[13.457s] -- Up-to-date: /home/ubuntu/ros2_ws/install/raspimouse_msgs/include/raspimouse_msgs/msg/detail
[13.459s] -- Up-to-date: /home/ubuntu/ros2_ws/install/raspimouse_msgs/include/raspimouse_msgs/msg/detail/light_sensors__type_support.c
[13.460s] -- Up-to-date: /home/ubuntu/ros2_ws/install/raspimouse_msgs/include/raspimouse_msgs/msg/detail/light_sensors__rosidl_typesupport_introspection_c.h
[13.463s] -- Up-to-date: /home/ubuntu/ros2_ws/install/raspimouse_msgs/include/raspimouse_msgs/msg/detail/timed_motion__rosidl_typesupport_introspection_c.h
[13.466s] -- Up-to-date: /home/ubuntu/ros2_ws/install/raspimouse_msgs/include/raspimouse_msgs/msg/detail/motor_freqs__rosidl_typesupport_introspection_c.h
[13.470s] -- Up-to-date: /home/ubuntu/ros2_ws/install/raspimouse_msgs/include/raspimouse_msgs/msg/detail/motor_freqs__type_support.c
[13.473s] -- Up-to-date: /home/ubuntu/ros2_ws/install/raspimouse_msgs/include/raspimouse_msgs/msg/detail/timed_motion__type_support.c
[13.475s] -- Up-to-date: /home/ubuntu/ros2_ws/install/raspimouse_msgs/include/raspimouse_msgs/msg/rosidl_typesupport_introspection_c__visibility_control.h
[13.476s] -- Up-to-date: /home/ubuntu/ros2_ws/install/raspimouse_msgs/include/raspimouse_msgs/srv
[13.477s] -- Up-to-date: /home/ubuntu/ros2_ws/install/raspimouse_msgs/include/raspimouse_msgs/srv/detail
[13.479s] -- Up-to-date: /home/ubuntu/ros2_ws/install/raspimouse_msgs/include/raspimouse_msgs/srv/detail/light_sensors_service__rosidl_typesupport_introspection_c.h
[13.480s] -- Up-to-date: /home/ubuntu/ros2_ws/install/raspimouse_msgs/include/raspimouse_msgs/srv/detail/timed_motion_service__rosidl_typesupport_introspection_c.h
[13.481s] -- Up-to-date: /home/ubuntu/ros2_ws/install/raspimouse_msgs/include/raspimouse_msgs/srv/detail/motor_freqs_service__rosidl_typesupport_introspection_c.h
[13.483s] -- Up-to-date: /home/ubuntu/ros2_ws/install/raspimouse_msgs/include/raspimouse_msgs/srv/detail/timed_motion_service__type_support.c
[13.485s] -- Up-to-date: /home/ubuntu/ros2_ws/install/raspimouse_msgs/include/raspimouse_msgs/srv/detail/motor_freqs_service__type_support.c
[13.486s] -- Up-to-date: /home/ubuntu/ros2_ws/install/raspimouse_msgs/include/raspimouse_msgs/srv/detail/light_sensors_service__type_support.c
[13.488s] -- Up-to-date: /home/ubuntu/ros2_ws/install/raspimouse_msgs/include/raspimouse_msgs/action
[13.500s] -- Up-to-date: /home/ubuntu/ros2_ws/install/raspimouse_msgs/include/raspimouse_msgs/action/detail
[13.512s] -- Up-to-date: /home/ubuntu/ros2_ws/install/raspimouse_msgs/include/raspimouse_msgs/action/detail/move_robot__type_support.c
[13.515s] -- Up-to-date: /home/ubuntu/ros2_ws/install/raspimouse_msgs/include/raspimouse_msgs/action/detail/move_robot__rosidl_typesupport_introspection_c.h
[13.517s] -- Up-to-date: /home/ubuntu/ros2_ws/install/raspimouse_msgs/include/raspimouse_msgs/action/detail/music__rosidl_typesupport_introspection_c.h
[13.521s] -- Up-to-date: /home/ubuntu/ros2_ws/install/raspimouse_msgs/include/raspimouse_msgs/action/detail/movement__rosidl_typesupport_introspection_c.h
[13.531s] -- Up-to-date: /home/ubuntu/ros2_ws/install/raspimouse_msgs/include/raspimouse_msgs/action/detail/music__type_support.c
[13.533s] -- Up-to-date: /home/ubuntu/ros2_ws/install/raspimouse_msgs/include/raspimouse_msgs/action/detail/movement__type_support.c
[13.537s] -- Up-to-date: /home/ubuntu/ros2_ws/install/raspimouse_msgs/lib/libraspimouse_msgs__rosidl_typesupport_introspection_c.so
[13.548s] -- Up-to-date: /home/ubuntu/ros2_ws/install/raspimouse_msgs/lib/libraspimouse_msgs__rosidl_typesupport_c.so
[13.550s] -- Up-to-date: /home/ubuntu/ros2_ws/install/raspimouse_msgs/include/raspimouse_msgs
[13.553s] -- Up-to-date: /home/ubuntu/ros2_ws/install/raspimouse_msgs/include/raspimouse_msgs/msg
[13.554s] -- Up-to-date: /home/ubuntu/ros2_ws/install/raspimouse_msgs/include/raspimouse_msgs/msg/detail
[13.563s] -- Up-to-date: /home/ubuntu/ros2_ws/install/raspimouse_msgs/include/raspimouse_msgs/msg/detail/light_sensors__struct.hpp
[13.569s] -- Up-to-date: /home/ubuntu/ros2_ws/install/raspimouse_msgs/include/raspimouse_msgs/msg/detail/timed_motion__traits.hpp
[13.576s] -- Up-to-date: /home/ubuntu/ros2_ws/install/raspimouse_msgs/include/raspimouse_msgs/msg/detail/light_sensors__builder.hpp
[13.578s] -- Up-to-date: /home/ubuntu/ros2_ws/install/raspimouse_msgs/include/raspimouse_msgs/msg/detail/timed_motion__struct.hpp
[13.579s] -- Up-to-date: /home/ubuntu/ros2_ws/install/raspimouse_msgs/include/raspimouse_msgs/msg/detail/timed_motion__builder.hpp
[13.580s] -- Up-to-date: /home/ubuntu/ros2_ws/install/raspimouse_msgs/include/raspimouse_msgs/msg/detail/motor_freqs__struct.hpp
[13.582s] -- Up-to-date: /home/ubuntu/ros2_ws/install/raspimouse_msgs/include/raspimouse_msgs/msg/detail/motor_freqs__traits.hpp
[13.584s] -- Up-to-date: /home/ubuntu/ros2_ws/install/raspimouse_msgs/include/raspimouse_msgs/msg/detail/motor_freqs__builder.hpp
[13.585s] -- Up-to-date: /home/ubuntu/ros2_ws/install/raspimouse_msgs/include/raspimouse_msgs/msg/detail/light_sensors__traits.hpp
[13.587s] -- Up-to-date: /home/ubuntu/ros2_ws/install/raspimouse_msgs/include/raspimouse_msgs/msg/timed_motion.hpp
[13.589s] -- Up-to-date: /home/ubuntu/ros2_ws/install/raspimouse_msgs/include/raspimouse_msgs/msg/light_sensors.hpp
[13.592s] -- Up-to-date: /home/ubuntu/ros2_ws/install/raspimouse_msgs/include/raspimouse_msgs/msg/motor_freqs.hpp
[13.593s] -- Up-to-date: /home/ubuntu/ros2_ws/install/raspimouse_msgs/include/raspimouse_msgs/srv
[13.595s] -- Up-to-date: /home/ubuntu/ros2_ws/install/raspimouse_msgs/include/raspimouse_msgs/srv/detail
[13.597s] -- Up-to-date: /home/ubuntu/ros2_ws/install/raspimouse_msgs/include/raspimouse_msgs/srv/detail/motor_freqs_service__traits.hpp
[13.599s] -- Up-to-date: /home/ubuntu/ros2_ws/install/raspimouse_msgs/include/raspimouse_msgs/srv/detail/motor_freqs_service__struct.hpp
[13.603s] -- Up-to-date: /home/ubuntu/ros2_ws/install/raspimouse_msgs/include/raspimouse_msgs/srv/detail/light_sensors_service__struct.hpp
[13.606s] -- Up-to-date: /home/ubuntu/ros2_ws/install/raspimouse_msgs/include/raspimouse_msgs/srv/detail/timed_motion_service__struct.hpp
[13.608s] -- Up-to-date: /home/ubuntu/ros2_ws/install/raspimouse_msgs/include/raspimouse_msgs/srv/detail/light_sensors_service__builder.hpp
[13.610s] -- Up-to-date: /home/ubuntu/ros2_ws/install/raspimouse_msgs/include/raspimouse_msgs/srv/detail/light_sensors_service__traits.hpp
[13.612s] -- Up-to-date: /home/ubuntu/ros2_ws/install/raspimouse_msgs/include/raspimouse_msgs/srv/detail/motor_freqs_service__builder.hpp
[13.616s] -- Up-to-date: /home/ubuntu/ros2_ws/install/raspimouse_msgs/include/raspimouse_msgs/srv/detail/timed_motion_service__builder.hpp
[13.618s] -- Up-to-date: /home/ubuntu/ros2_ws/install/raspimouse_msgs/include/raspimouse_msgs/srv/detail/timed_motion_service__traits.hpp
[13.620s] -- Up-to-date: /home/ubuntu/ros2_ws/install/raspimouse_msgs/include/raspimouse_msgs/srv/timed_motion_service.hpp
[13.622s] -- Up-to-date: /home/ubuntu/ros2_ws/install/raspimouse_msgs/include/raspimouse_msgs/srv/light_sensors_service.hpp
[13.624s] -- Up-to-date: /home/ubuntu/ros2_ws/install/raspimouse_msgs/include/raspimouse_msgs/srv/motor_freqs_service.hpp
[13.625s] -- Up-to-date: /home/ubuntu/ros2_ws/install/raspimouse_msgs/include/raspimouse_msgs/action
[13.627s] -- Up-to-date: /home/ubuntu/ros2_ws/install/raspimouse_msgs/include/raspimouse_msgs/action/move_robot.hpp
[13.629s] -- Up-to-date: /home/ubuntu/ros2_ws/install/raspimouse_msgs/include/raspimouse_msgs/action/movement.hpp
[13.631s] -- Up-to-date: /home/ubuntu/ros2_ws/install/raspimouse_msgs/include/raspimouse_msgs/action/detail
[13.633s] -- Up-to-date: /home/ubuntu/ros2_ws/install/raspimouse_msgs/include/raspimouse_msgs/action/detail/move_robot__struct.hpp
[13.635s] -- Up-to-date: /home/ubuntu/ros2_ws/install/raspimouse_msgs/include/raspimouse_msgs/action/detail/music__builder.hpp
[13.652s] -- Up-to-date: /home/ubuntu/ros2_ws/install/raspimouse_msgs/include/raspimouse_msgs/action/detail/movement__builder.hpp
[13.653s] -- Up-to-date: /home/ubuntu/ros2_ws/install/raspimouse_msgs/include/raspimouse_msgs/action/detail/movement__traits.hpp
[13.655s] -- Up-to-date: /home/ubuntu/ros2_ws/install/raspimouse_msgs/include/raspimouse_msgs/action/detail/move_robot__traits.hpp
[13.659s] -- Up-to-date: /home/ubuntu/ros2_ws/install/raspimouse_msgs/include/raspimouse_msgs/action/detail/music__traits.hpp
[13.661s] -- Up-to-date: /home/ubuntu/ros2_ws/install/raspimouse_msgs/include/raspimouse_msgs/action/detail/music__struct.hpp
[13.676s] -- Up-to-date: /home/ubuntu/ros2_ws/install/raspimouse_msgs/include/raspimouse_msgs/action/detail/movement__struct.hpp
[13.678s] -- Up-to-date: /home/ubuntu/ros2_ws/install/raspimouse_msgs/include/raspimouse_msgs/action/detail/move_robot__builder.hpp
[13.680s] -- Up-to-date: /home/ubuntu/ros2_ws/install/raspimouse_msgs/include/raspimouse_msgs/action/music.hpp
[13.682s] -- Up-to-date: /home/ubuntu/ros2_ws/install/raspimouse_msgs/include/raspimouse_msgs
[13.686s] -- Up-to-date: /home/ubuntu/ros2_ws/install/raspimouse_msgs/include/raspimouse_msgs/msg
[13.700s] -- Up-to-date: /home/ubuntu/ros2_ws/install/raspimouse_msgs/include/raspimouse_msgs/msg/detail
[13.702s] -- Up-to-date: /home/ubuntu/ros2_ws/install/raspimouse_msgs/include/raspimouse_msgs/msg/detail/motor_freqs__type_support.cpp
[13.704s] -- Up-to-date: /home/ubuntu/ros2_ws/install/raspimouse_msgs/include/raspimouse_msgs/msg/detail/light_sensors__type_support.cpp
[13.706s] -- Up-to-date: /home/ubuntu/ros2_ws/install/raspimouse_msgs/include/raspimouse_msgs/msg/detail/timed_motion__rosidl_typesupport_introspection_cpp.hpp
[13.707s] -- Up-to-date: /home/ubuntu/ros2_ws/install/raspimouse_msgs/include/raspimouse_msgs/msg/detail/light_sensors__rosidl_typesupport_introspection_cpp.hpp
[13.709s] -- Up-to-date: /home/ubuntu/ros2_ws/install/raspimouse_msgs/include/raspimouse_msgs/msg/detail/motor_freqs__rosidl_typesupport_introspection_cpp.hpp
[13.710s] -- Up-to-date: /home/ubuntu/ros2_ws/install/raspimouse_msgs/include/raspimouse_msgs/msg/detail/timed_motion__type_support.cpp
[13.725s] -- Up-to-date: /home/ubuntu/ros2_ws/install/raspimouse_msgs/include/raspimouse_msgs/srv
[13.727s] -- Up-to-date: /home/ubuntu/ros2_ws/install/raspimouse_msgs/include/raspimouse_msgs/srv/detail
[13.729s] -- Up-to-date: /home/ubuntu/ros2_ws/install/raspimouse_msgs/include/raspimouse_msgs/srv/detail/light_sensors_service__rosidl_typesupport_introspection_cpp.hpp
[13.731s] -- Up-to-date: /home/ubuntu/ros2_ws/install/raspimouse_msgs/include/raspimouse_msgs/srv/detail/motor_freqs_service__rosidl_typesupport_introspection_cpp.hpp
[13.733s] -- Up-to-date: /home/ubuntu/ros2_ws/install/raspimouse_msgs/include/raspimouse_msgs/srv/detail/motor_freqs_service__type_support.cpp
[13.747s] -- Up-to-date: /home/ubuntu/ros2_ws/install/raspimouse_msgs/include/raspimouse_msgs/srv/detail/light_sensors_service__type_support.cpp
[13.749s] -- Up-to-date: /home/ubuntu/ros2_ws/install/raspimouse_msgs/include/raspimouse_msgs/srv/detail/timed_motion_service__type_support.cpp
[13.751s] -- Up-to-date: /home/ubuntu/ros2_ws/install/raspimouse_msgs/include/raspimouse_msgs/srv/detail/timed_motion_service__rosidl_typesupport_introspection_cpp.hpp
[13.753s] -- Up-to-date: /home/ubuntu/ros2_ws/install/raspimouse_msgs/include/raspimouse_msgs/action
[13.754s] -- Up-to-date: /home/ubuntu/ros2_ws/install/raspimouse_msgs/include/raspimouse_msgs/action/detail
[13.756s] -- Up-to-date: /home/ubuntu/ros2_ws/install/raspimouse_msgs/include/raspimouse_msgs/action/detail/movement__rosidl_typesupport_introspection_cpp.hpp
[13.758s] -- Up-to-date: /home/ubuntu/ros2_ws/install/raspimouse_msgs/include/raspimouse_msgs/action/detail/music__rosidl_typesupport_introspection_cpp.hpp
[13.772s] -- Up-to-date: /home/ubuntu/ros2_ws/install/raspimouse_msgs/include/raspimouse_msgs/action/detail/movement__type_support.cpp
[13.774s] -- Up-to-date: /home/ubuntu/ros2_ws/install/raspimouse_msgs/include/raspimouse_msgs/action/detail/music__type_support.cpp
[13.776s] -- Up-to-date: /home/ubuntu/ros2_ws/install/raspimouse_msgs/include/raspimouse_msgs/action/detail/move_robot__type_support.cpp
[13.778s] -- Up-to-date: /home/ubuntu/ros2_ws/install/raspimouse_msgs/include/raspimouse_msgs/action/detail/move_robot__rosidl_typesupport_introspection_cpp.hpp
[13.779s] -- Up-to-date: /home/ubuntu/ros2_ws/install/raspimouse_msgs/lib/libraspimouse_msgs__rosidl_typesupport_introspection_cpp.so
[13.781s] -- Up-to-date: /home/ubuntu/ros2_ws/install/raspimouse_msgs/lib/libraspimouse_msgs__rosidl_typesupport_cpp.so
[13.797s] -- Up-to-date: /home/ubuntu/ros2_ws/install/raspimouse_msgs/share/raspimouse_msgs/environment/pythonpath.sh
[13.799s] -- Up-to-date: /home/ubuntu/ros2_ws/install/raspimouse_msgs/share/raspimouse_msgs/environment/pythonpath.dsv
[13.801s] -- Up-to-date: /home/ubuntu/ros2_ws/install/raspimouse_msgs/lib/python3.8/site-packages/raspimouse_msgs/__init__.py
[14.165s] -- Up-to-date: /home/ubuntu/ros2_ws/install/raspimouse_msgs/lib/python3.8/site-packages/raspimouse_msgs/msg
[14.166s] -- Up-to-date: /home/ubuntu/ros2_ws/install/raspimouse_msgs/lib/python3.8/site-packages/raspimouse_msgs/msg/_light_sensors.py
[14.168s] -- Up-to-date: /home/ubuntu/ros2_ws/install/raspimouse_msgs/lib/python3.8/site-packages/raspimouse_msgs/msg/__init__.py
[14.170s] -- Up-to-date: /home/ubuntu/ros2_ws/install/raspimouse_msgs/lib/python3.8/site-packages/raspimouse_msgs/msg/_timed_motion_s.c
[14.172s] -- Up-to-date: /home/ubuntu/ros2_ws/install/raspimouse_msgs/lib/python3.8/site-packages/raspimouse_msgs/msg/_timed_motion.py
[14.173s] -- Up-to-date: /home/ubuntu/ros2_ws/install/raspimouse_msgs/lib/python3.8/site-packages/raspimouse_msgs/msg/_motor_freqs.py
[14.175s] -- Up-to-date: /home/ubuntu/ros2_ws/install/raspimouse_msgs/lib/python3.8/site-packages/raspimouse_msgs/msg/_motor_freqs_s.c
[14.176s] -- Up-to-date: /home/ubuntu/ros2_ws/install/raspimouse_msgs/lib/python3.8/site-packages/raspimouse_msgs/msg/_light_sensors_s.c
[14.177s] -- Up-to-date: /home/ubuntu/ros2_ws/install/raspimouse_msgs/lib/python3.8/site-packages/raspimouse_msgs/srv
[14.179s] -- Up-to-date: /home/ubuntu/ros2_ws/install/raspimouse_msgs/lib/python3.8/site-packages/raspimouse_msgs/srv/__init__.py
[14.180s] -- Up-to-date: /home/ubuntu/ros2_ws/install/raspimouse_msgs/lib/python3.8/site-packages/raspimouse_msgs/srv/_light_sensors_service_s.c
[14.182s] -- Up-to-date: /home/ubuntu/ros2_ws/install/raspimouse_msgs/lib/python3.8/site-packages/raspimouse_msgs/srv/_motor_freqs_service.py
[14.183s] -- Up-to-date: /home/ubuntu/ros2_ws/install/raspimouse_msgs/lib/python3.8/site-packages/raspimouse_msgs/srv/_light_sensors_service.py
[14.184s] -- Up-to-date: /home/ubuntu/ros2_ws/install/raspimouse_msgs/lib/python3.8/site-packages/raspimouse_msgs/srv/_motor_freqs_service_s.c
[14.188s] -- Up-to-date: /home/ubuntu/ros2_ws/install/raspimouse_msgs/lib/python3.8/site-packages/raspimouse_msgs/srv/_timed_motion_service_s.c
[14.190s] -- Up-to-date: /home/ubuntu/ros2_ws/install/raspimouse_msgs/lib/python3.8/site-packages/raspimouse_msgs/srv/_timed_motion_service.py
[14.191s] -- Up-to-date: /home/ubuntu/ros2_ws/install/raspimouse_msgs/lib/python3.8/site-packages/raspimouse_msgs/action
[14.192s] -- Up-to-date: /home/ubuntu/ros2_ws/install/raspimouse_msgs/lib/python3.8/site-packages/raspimouse_msgs/action/__init__.py
[14.194s] -- Up-to-date: /home/ubuntu/ros2_ws/install/raspimouse_msgs/lib/python3.8/site-packages/raspimouse_msgs/action/_movement_s.c
[14.196s] -- Up-to-date: /home/ubuntu/ros2_ws/install/raspimouse_msgs/lib/python3.8/site-packages/raspimouse_msgs/action/_move_robot.py
[14.197s] -- Up-to-date: /home/ubuntu/ros2_ws/install/raspimouse_msgs/lib/python3.8/site-packages/raspimouse_msgs/action/_move_robot_s.c
[14.198s] -- Up-to-date: /home/ubuntu/ros2_ws/install/raspimouse_msgs/lib/python3.8/site-packages/raspimouse_msgs/action/_music.py
[14.200s] -- Up-to-date: /home/ubuntu/ros2_ws/install/raspimouse_msgs/lib/python3.8/site-packages/raspimouse_msgs/action/_movement.py
[14.202s] -- Up-to-date: /home/ubuntu/ros2_ws/install/raspimouse_msgs/lib/python3.8/site-packages/raspimouse_msgs/action/_music_s.c
[14.204s] -- Up-to-date: /home/ubuntu/ros2_ws/install/raspimouse_msgs/lib/python3.8/site-packages/raspimouse_msgs/raspimouse_msgs_s__rosidl_typesupport_fastrtps_c.cpython-38-aarch64-linux-gnu.so
[14.219s] -- Up-to-date: /home/ubuntu/ros2_ws/install/raspimouse_msgs/lib/python3.8/site-packages/raspimouse_msgs/raspimouse_msgs_s__rosidl_typesupport_introspection_c.cpython-38-aarch64-linux-gnu.so
[14.227s] -- Up-to-date: /home/ubuntu/ros2_ws/install/raspimouse_msgs/lib/python3.8/site-packages/raspimouse_msgs/raspimouse_msgs_s__rosidl_typesupport_c.cpython-38-aarch64-linux-gnu.so
[14.247s] -- Up-to-date: /home/ubuntu/ros2_ws/install/raspimouse_msgs/lib/libraspimouse_msgs__python.so
[14.254s] -- Up-to-date: /home/ubuntu/ros2_ws/install/raspimouse_msgs/share/raspimouse_msgs/msg/LightSensors.idl
[14.256s] -- Up-to-date: /home/ubuntu/ros2_ws/install/raspimouse_msgs/share/raspimouse_msgs/srv/LightSensorsService.idl
[14.258s] -- Up-to-date: /home/ubuntu/ros2_ws/install/raspimouse_msgs/share/raspimouse_msgs/msg/MotorFreqs.idl
[14.261s] -- Up-to-date: /home/ubuntu/ros2_ws/install/raspimouse_msgs/share/raspimouse_msgs/srv/MotorFreqsService.idl
[14.262s] -- Up-to-date: /home/ubuntu/ros2_ws/install/raspimouse_msgs/share/raspimouse_msgs/msg/TimedMotion.idl
[14.272s] -- Up-to-date: /home/ubuntu/ros2_ws/install/raspimouse_msgs/share/raspimouse_msgs/srv/TimedMotionService.idl
[14.283s] -- Up-to-date: /home/ubuntu/ros2_ws/install/raspimouse_msgs/share/raspimouse_msgs/action/Music.idl
[14.300s] -- Up-to-date: /home/ubuntu/ros2_ws/install/raspimouse_msgs/share/raspimouse_msgs/action/Movement.idl
[14.312s] -- Up-to-date: /home/ubuntu/ros2_ws/install/raspimouse_msgs/share/raspimouse_msgs/action/MoveRobot.idl
[14.313s] -- Up-to-date: /home/ubuntu/ros2_ws/install/raspimouse_msgs/share/raspimouse_msgs/msg/LightSensors.msg
[14.315s] -- Up-to-date: /home/ubuntu/ros2_ws/install/raspimouse_msgs/share/raspimouse_msgs/srv/LightSensorsService.srv
[14.317s] -- Up-to-date: /home/ubuntu/ros2_ws/install/raspimouse_msgs/share/raspimouse_msgs/srv/LightSensorsService_Request.msg
[14.319s] -- Up-to-date: /home/ubuntu/ros2_ws/install/raspimouse_msgs/share/raspimouse_msgs/srv/LightSensorsService_Response.msg
[14.321s] -- Up-to-date: /home/ubuntu/ros2_ws/install/raspimouse_msgs/share/raspimouse_msgs/msg/MotorFreqs.msg
[14.323s] -- Up-to-date: /home/ubuntu/ros2_ws/install/raspimouse_msgs/share/raspimouse_msgs/srv/MotorFreqsService.srv
[14.334s] -- Up-to-date: /home/ubuntu/ros2_ws/install/raspimouse_msgs/share/raspimouse_msgs/srv/MotorFreqsService_Request.msg
[14.337s] -- Up-to-date: /home/ubuntu/ros2_ws/install/raspimouse_msgs/share/raspimouse_msgs/srv/MotorFreqsService_Response.msg
[14.338s] -- Up-to-date: /home/ubuntu/ros2_ws/install/raspimouse_msgs/share/raspimouse_msgs/msg/TimedMotion.msg
[14.352s] -- Up-to-date: /home/ubuntu/ros2_ws/install/raspimouse_msgs/share/raspimouse_msgs/srv/TimedMotionService.srv
[14.354s] -- Up-to-date: /home/ubuntu/ros2_ws/install/raspimouse_msgs/share/raspimouse_msgs/srv/TimedMotionService_Request.msg
[14.355s] -- Up-to-date: /home/ubuntu/ros2_ws/install/raspimouse_msgs/share/raspimouse_msgs/srv/TimedMotionService_Response.msg
[14.357s] -- Up-to-date: /home/ubuntu/ros2_ws/install/raspimouse_msgs/share/raspimouse_msgs/action/Music.action
[14.359s] -- Up-to-date: /home/ubuntu/ros2_ws/install/raspimouse_msgs/share/raspimouse_msgs/action/Movement.action
[14.367s] -- Up-to-date: /home/ubuntu/ros2_ws/install/raspimouse_msgs/share/raspimouse_msgs/action/MoveRobot.action
[14.369s] -- Up-to-date: /home/ubuntu/ros2_ws/install/raspimouse_msgs/share/ament_index/resource_index/package_run_dependencies/raspimouse_msgs
[14.375s] -- Up-to-date: /home/ubuntu/ros2_ws/install/raspimouse_msgs/share/ament_index/resource_index/parent_prefix_path/raspimouse_msgs
[14.377s] -- Up-to-date: /home/ubuntu/ros2_ws/install/raspimouse_msgs/share/raspimouse_msgs/environment/ament_prefix_path.sh
[14.388s] -- Up-to-date: /home/ubuntu/ros2_ws/install/raspimouse_msgs/share/raspimouse_msgs/environment/ament_prefix_path.dsv
[14.390s] -- Up-to-date: /home/ubuntu/ros2_ws/install/raspimouse_msgs/share/raspimouse_msgs/environment/path.sh
[14.392s] -- Up-to-date: /home/ubuntu/ros2_ws/install/raspimouse_msgs/share/raspimouse_msgs/environment/path.dsv
[14.393s] -- Up-to-date: /home/ubuntu/ros2_ws/install/raspimouse_msgs/share/raspimouse_msgs/local_setup.bash
[14.395s] -- Up-to-date: /home/ubuntu/ros2_ws/install/raspimouse_msgs/share/raspimouse_msgs/local_setup.sh
[14.397s] -- Up-to-date: /home/ubuntu/ros2_ws/install/raspimouse_msgs/share/raspimouse_msgs/local_setup.zsh
[14.412s] -- Up-to-date: /home/ubuntu/ros2_ws/install/raspimouse_msgs/share/raspimouse_msgs/local_setup.dsv
[14.414s] -- Installing: /home/ubuntu/ros2_ws/install/raspimouse_msgs/share/raspimouse_msgs/package.dsv
[14.416s] -- Up-to-date: /home/ubuntu/ros2_ws/install/raspimouse_msgs/share/ament_index/resource_index/packages/raspimouse_msgs
[14.419s] -- Up-to-date: /home/ubuntu/ros2_ws/install/raspimouse_msgs/share/raspimouse_msgs/cmake/raspimouse_msgs__rosidl_generator_cExport.cmake
[14.426s] -- Up-to-date: /home/ubuntu/ros2_ws/install/raspimouse_msgs/share/raspimouse_msgs/cmake/raspimouse_msgs__rosidl_generator_cExport-noconfig.cmake
[14.456s] -- Up-to-date: /home/ubuntu/ros2_ws/install/raspimouse_msgs/share/raspimouse_msgs/cmake/raspimouse_msgs__rosidl_typesupport_introspection_cExport.cmake
[14.458s] -- Up-to-date: /home/ubuntu/ros2_ws/install/raspimouse_msgs/share/raspimouse_msgs/cmake/raspimouse_msgs__rosidl_typesupport_introspection_cExport-noconfig.cmake
[14.462s] -- Up-to-date: /home/ubuntu/ros2_ws/install/raspimouse_msgs/share/raspimouse_msgs/cmake/raspimouse_msgs__rosidl_typesupport_cExport.cmake
[14.464s] -- Up-to-date: /home/ubuntu/ros2_ws/install/raspimouse_msgs/share/raspimouse_msgs/cmake/raspimouse_msgs__rosidl_typesupport_cExport-noconfig.cmake
[14.466s] -- Up-to-date: /home/ubuntu/ros2_ws/install/raspimouse_msgs/share/raspimouse_msgs/cmake/raspimouse_msgs__rosidl_generator_cppExport.cmake
[14.480s] -- Up-to-date: /home/ubuntu/ros2_ws/install/raspimouse_msgs/share/raspimouse_msgs/cmake/raspimouse_msgs__rosidl_typesupport_introspection_cppExport.cmake
[14.482s] -- Up-to-date: /home/ubuntu/ros2_ws/install/raspimouse_msgs/share/raspimouse_msgs/cmake/raspimouse_msgs__rosidl_typesupport_introspection_cppExport-noconfig.cmake
[14.485s] -- Up-to-date: /home/ubuntu/ros2_ws/install/raspimouse_msgs/share/raspimouse_msgs/cmake/raspimouse_msgs__rosidl_typesupport_cppExport.cmake
[14.489s] -- Up-to-date: /home/ubuntu/ros2_ws/install/raspimouse_msgs/share/raspimouse_msgs/cmake/raspimouse_msgs__rosidl_typesupport_cppExport-noconfig.cmake
[14.494s] -- Up-to-date: /home/ubuntu/ros2_ws/install/raspimouse_msgs/share/raspimouse_msgs/cmake/rosidl_cmake-extras.cmake
[14.496s] -- Up-to-date: /home/ubuntu/ros2_ws/install/raspimouse_msgs/share/raspimouse_msgs/cmake/ament_cmake_export_dependencies-extras.cmake
[14.498s] -- Up-to-date: /home/ubuntu/ros2_ws/install/raspimouse_msgs/share/raspimouse_msgs/cmake/ament_cmake_export_libraries-extras.cmake
[14.500s] -- Up-to-date: /home/ubuntu/ros2_ws/install/raspimouse_msgs/share/raspimouse_msgs/cmake/ament_cmake_export_targets-extras.cmake
[14.502s] -- Up-to-date: /home/ubuntu/ros2_ws/install/raspimouse_msgs/share/raspimouse_msgs/cmake/ament_cmake_export_include_directories-extras.cmake
[14.505s] -- Up-to-date: /home/ubuntu/ros2_ws/install/raspimouse_msgs/share/raspimouse_msgs/cmake/rosidl_cmake_export_typesupport_libraries-extras.cmake
[14.507s] -- Up-to-date: /home/ubuntu/ros2_ws/install/raspimouse_msgs/share/raspimouse_msgs/cmake/rosidl_cmake_export_typesupport_targets-extras.cmake
[14.509s] -- Up-to-date: /home/ubuntu/ros2_ws/install/raspimouse_msgs/share/raspimouse_msgs/cmake/raspimouse_msgsConfig.cmake
[14.511s] -- Up-to-date: /home/ubuntu/ros2_ws/install/raspimouse_msgs/share/raspimouse_msgs/cmake/raspimouse_msgsConfig-version.cmake
[14.513s] -- Up-to-date: /home/ubuntu/ros2_ws/install/raspimouse_msgs/share/raspimouse_msgs/package.xml
[14.516s] Invoked command in '/home/ubuntu/ros2_ws/build/raspimouse_msgs' returned '0': CMAKE_PREFIX_PATH=${CMAKE_PREFIX_PATH}:/home/ubuntu/ros2_ws/install/raspimouse_run_corridor:/home/ubuntu/ros2_ws/install/raspimouse:/opt/ros/foxy /usr/bin/cmake --install /home/ubuntu/ros2_ws/build/raspimouse_msgs
