[0.157s] Invoking command in '/home/ubuntu/ros2_ws/build/light_sensor_values': CMAKE_PREFIX_PATH=${CMAKE_PREFIX_PATH}:/home/ubuntu/ros2_ws/install/raspimouse:/opt/ros/foxy /usr/bin/cmake --build /home/ubuntu/ros2_ws/build/light_sensor_values -- -j4 -l4
[0.646s] [  2%] Built target light_sensor_values__cpp
[0.664s] [ 12%] Built target light_sensor_values__rosidl_generator_c
[0.930s] [ 23%] Built target light_sensor_values__rosidl_typesupport_introspection_cpp
[0.963s] [ 33%] Built target light_sensor_values__rosidl_typesupport_cpp
[0.987s] [ 43%] Built target light_sensor_values__rosidl_typesupport_introspection_c
[1.041s] [ 53%] Built target light_sensor_values__rosidl_typesupport_fastrtps_cpp
[1.241s] [ 64%] Built target light_sensor_values__rosidl_typesupport_c
[1.303s] [ 74%] Built target light_sensor_values__rosidl_typesupport_fastrtps_c
[1.472s] [ 74%] Built target light_sensor_values
[1.646s] [ 76%] Built target light_sensor_values__py
[1.861s] [ 84%] Built target light_sensor_values__python
[2.092s] [ 89%] Built target light_sensor_values__rosidl_typesupport_fastrtps_c__pyext
[2.120s] [ 94%] Built target light_sensor_values__rosidl_typesupport_introspection_c__pyext
[2.158s] [100%] Built target light_sensor_values__rosidl_typesupport_c__pyext
[2.257s] Invoked command in '/home/ubuntu/ros2_ws/build/light_sensor_values' returned '0': CMAKE_PREFIX_PATH=${CMAKE_PREFIX_PATH}:/home/ubuntu/ros2_ws/install/raspimouse:/opt/ros/foxy /usr/bin/cmake --build /home/ubuntu/ros2_ws/build/light_sensor_values -- -j4 -l4
[2.988s] Invoking command in '/home/ubuntu/ros2_ws/build/light_sensor_values': CMAKE_PREFIX_PATH=${CMAKE_PREFIX_PATH}:/home/ubuntu/ros2_ws/install/raspimouse:/opt/ros/foxy /usr/bin/cmake --install /home/ubuntu/ros2_ws/build/light_sensor_values
[3.062s] -- Install configuration: ""
[3.074s] -- Up-to-date: /home/ubuntu/ros2_ws/install/light_sensor_values/share/ament_index/resource_index/rosidl_interfaces/light_sensor_values
[3.080s] -- Up-to-date: /home/ubuntu/ros2_ws/install/light_sensor_values/include/light_sensor_values
[3.089s] -- Up-to-date: /home/ubuntu/ros2_ws/install/light_sensor_values/include/light_sensor_values/msg
[3.092s] -- Up-to-date: /home/ubuntu/ros2_ws/install/light_sensor_values/include/light_sensor_values/msg/light_sensor_values.h
[3.093s] -- Up-to-date: /home/ubuntu/ros2_ws/install/light_sensor_values/include/light_sensor_values/msg/detail
[3.097s] -- Up-to-date: /home/ubuntu/ros2_ws/install/light_sensor_values/include/light_sensor_values/msg/detail/light_sensor_values__type_support.h
[3.101s] -- Up-to-date: /home/ubuntu/ros2_ws/install/light_sensor_values/include/light_sensor_values/msg/detail/light_sensor_values__functions.h
[3.104s] -- Up-to-date: /home/ubuntu/ros2_ws/install/light_sensor_values/include/light_sensor_values/msg/detail/light_sensor_values__functions.c
[3.107s] -- Up-to-date: /home/ubuntu/ros2_ws/install/light_sensor_values/include/light_sensor_values/msg/detail/light_sensor_values__struct.h
[3.108s] -- Up-to-date: /home/ubuntu/ros2_ws/install/light_sensor_values/include/light_sensor_values/msg/rosidl_generator_c__visibility_control.h
[3.112s] -- Up-to-date: /home/ubuntu/ros2_ws/install/light_sensor_values/include/light_sensor_values/srv
[3.118s] -- Up-to-date: /home/ubuntu/ros2_ws/install/light_sensor_values/include/light_sensor_values/srv/detail
[3.121s] -- Up-to-date: /home/ubuntu/ros2_ws/install/light_sensor_values/include/light_sensor_values/srv/detail/light_sensor_values_servide__functions.c
[3.123s] -- Up-to-date: /home/ubuntu/ros2_ws/install/light_sensor_values/include/light_sensor_values/srv/detail/light_sensor_values_service__struct.h
[3.127s] -- Up-to-date: /home/ubuntu/ros2_ws/install/light_sensor_values/include/light_sensor_values/srv/detail/light_sensor_values_servide__functions.h
[3.130s] -- Up-to-date: /home/ubuntu/ros2_ws/install/light_sensor_values/include/light_sensor_values/srv/detail/light_sensor_values_service__functions.c
[3.135s] -- Up-to-date: /home/ubuntu/ros2_ws/install/light_sensor_values/include/light_sensor_values/srv/detail/light_sensor_values_service__functions.h
[3.143s] -- Up-to-date: /home/ubuntu/ros2_ws/install/light_sensor_values/include/light_sensor_values/srv/detail/light_sensor_values_servide__struct.h
[3.147s] -- Up-to-date: /home/ubuntu/ros2_ws/install/light_sensor_values/include/light_sensor_values/srv/detail/light_sensor_values_servide__type_support.h
[3.151s] -- Up-to-date: /home/ubuntu/ros2_ws/install/light_sensor_values/include/light_sensor_values/srv/detail/light_sensor_values_service__type_support.h
[3.152s] -- Up-to-date: /home/ubuntu/ros2_ws/install/light_sensor_values/include/light_sensor_values/srv/light_sensor_values_service.h
[3.155s] -- Up-to-date: /home/ubuntu/ros2_ws/install/light_sensor_values/include/light_sensor_values/srv/light_sensor_values_servide.h
[3.156s] -- Up-to-date: /home/ubuntu/ros2_ws/install/light_sensor_values/share/light_sensor_values/environment/library_path.sh
[3.158s] -- Up-to-date: /home/ubuntu/ros2_ws/install/light_sensor_values/share/light_sensor_values/environment/library_path.dsv
[3.160s] -- Up-to-date: /home/ubuntu/ros2_ws/install/light_sensor_values/lib/liblight_sensor_values__rosidl_generator_c.so
[3.162s] -- Up-to-date: /home/ubuntu/ros2_ws/install/light_sensor_values/include/light_sensor_values
[3.183s] -- Up-to-date: /home/ubuntu/ros2_ws/install/light_sensor_values/include/light_sensor_values/msg
[3.184s] -- Up-to-date: /home/ubuntu/ros2_ws/install/light_sensor_values/include/light_sensor_values/msg/detail
[3.186s] -- Up-to-date: /home/ubuntu/ros2_ws/install/light_sensor_values/include/light_sensor_values/msg/detail/light_sensor_values__rosidl_typesupport_fastrtps_c.h
[3.189s] -- Up-to-date: /home/ubuntu/ros2_ws/install/light_sensor_values/include/light_sensor_values/msg/rosidl_typesupport_fastrtps_c__visibility_control.h
[3.192s] -- Up-to-date: /home/ubuntu/ros2_ws/install/light_sensor_values/include/light_sensor_values/srv
[3.194s] -- Up-to-date: /home/ubuntu/ros2_ws/install/light_sensor_values/include/light_sensor_values/srv/detail
[3.195s] -- Up-to-date: /home/ubuntu/ros2_ws/install/light_sensor_values/include/light_sensor_values/srv/detail/light_sensor_values_servide__rosidl_typesupport_fastrtps_c.h
[3.197s] -- Up-to-date: /home/ubuntu/ros2_ws/install/light_sensor_values/include/light_sensor_values/srv/detail/light_sensor_values_service__rosidl_typesupport_fastrtps_c.h
[3.200s] -- Up-to-date: /home/ubuntu/ros2_ws/install/light_sensor_values/lib/liblight_sensor_values__rosidl_typesupport_fastrtps_c.so
[3.202s] -- Up-to-date: /home/ubuntu/ros2_ws/install/light_sensor_values/include/light_sensor_values
[3.204s] -- Up-to-date: /home/ubuntu/ros2_ws/install/light_sensor_values/include/light_sensor_values/msg
[3.206s] -- Up-to-date: /home/ubuntu/ros2_ws/install/light_sensor_values/include/light_sensor_values/msg/detail
[3.208s] -- Up-to-date: /home/ubuntu/ros2_ws/install/light_sensor_values/include/light_sensor_values/msg/detail/dds_fastrtps
[3.210s] -- Up-to-date: /home/ubuntu/ros2_ws/install/light_sensor_values/include/light_sensor_values/msg/detail/light_sensor_values__rosidl_typesupport_fastrtps_cpp.hpp
[3.212s] -- Up-to-date: /home/ubuntu/ros2_ws/install/light_sensor_values/include/light_sensor_values/msg/rosidl_typesupport_fastrtps_cpp__visibility_control.h
[3.213s] -- Up-to-date: /home/ubuntu/ros2_ws/install/light_sensor_values/include/light_sensor_values/srv
[3.215s] -- Up-to-date: /home/ubuntu/ros2_ws/install/light_sensor_values/include/light_sensor_values/srv/detail
[3.217s] -- Up-to-date: /home/ubuntu/ros2_ws/install/light_sensor_values/include/light_sensor_values/srv/detail/light_sensor_values_servide__rosidl_typesupport_fastrtps_cpp.hpp
[3.219s] -- Up-to-date: /home/ubuntu/ros2_ws/install/light_sensor_values/include/light_sensor_values/srv/detail/dds_fastrtps
[3.220s] -- Up-to-date: /home/ubuntu/ros2_ws/install/light_sensor_values/include/light_sensor_values/srv/detail/light_sensor_values_service__rosidl_typesupport_fastrtps_cpp.hpp
[3.223s] -- Up-to-date: /home/ubuntu/ros2_ws/install/light_sensor_values/lib/liblight_sensor_values__rosidl_typesupport_fastrtps_cpp.so
[3.224s] -- Up-to-date: /home/ubuntu/ros2_ws/install/light_sensor_values/include/light_sensor_values
[3.226s] -- Up-to-date: /home/ubuntu/ros2_ws/install/light_sensor_values/include/light_sensor_values/msg
[3.227s] -- Up-to-date: /home/ubuntu/ros2_ws/install/light_sensor_values/include/light_sensor_values/msg/detail
[3.229s] -- Up-to-date: /home/ubuntu/ros2_ws/install/light_sensor_values/include/light_sensor_values/msg/detail/light_sensor_values__rosidl_typesupport_introspection_c.h
[3.231s] -- Up-to-date: /home/ubuntu/ros2_ws/install/light_sensor_values/include/light_sensor_values/msg/detail/light_sensor_values__type_support.c
[3.233s] -- Up-to-date: /home/ubuntu/ros2_ws/install/light_sensor_values/include/light_sensor_values/msg/rosidl_typesupport_introspection_c__visibility_control.h
[3.235s] -- Up-to-date: /home/ubuntu/ros2_ws/install/light_sensor_values/include/light_sensor_values/srv
[3.237s] -- Up-to-date: /home/ubuntu/ros2_ws/install/light_sensor_values/include/light_sensor_values/srv/detail
[3.239s] -- Up-to-date: /home/ubuntu/ros2_ws/install/light_sensor_values/include/light_sensor_values/srv/detail/light_sensor_values_servide__rosidl_typesupport_introspection_c.h
[3.241s] -- Up-to-date: /home/ubuntu/ros2_ws/install/light_sensor_values/include/light_sensor_values/srv/detail/light_sensor_values_service__rosidl_typesupport_introspection_c.h
[3.243s] -- Up-to-date: /home/ubuntu/ros2_ws/install/light_sensor_values/include/light_sensor_values/srv/detail/light_sensor_values_service__type_support.c
[3.245s] -- Up-to-date: /home/ubuntu/ros2_ws/install/light_sensor_values/include/light_sensor_values/srv/detail/light_sensor_values_servide__type_support.c
[3.247s] -- Up-to-date: /home/ubuntu/ros2_ws/install/light_sensor_values/lib/liblight_sensor_values__rosidl_typesupport_introspection_c.so
[3.249s] -- Up-to-date: /home/ubuntu/ros2_ws/install/light_sensor_values/lib/liblight_sensor_values__rosidl_typesupport_c.so
[3.251s] -- Up-to-date: /home/ubuntu/ros2_ws/install/light_sensor_values/include/light_sensor_values
[3.253s] -- Up-to-date: /home/ubuntu/ros2_ws/install/light_sensor_values/include/light_sensor_values/msg
[3.255s] -- Up-to-date: /home/ubuntu/ros2_ws/install/light_sensor_values/include/light_sensor_values/msg/light_sensor_values.hpp
[3.257s] -- Up-to-date: /home/ubuntu/ros2_ws/install/light_sensor_values/include/light_sensor_values/msg/detail
[3.258s] -- Up-to-date: /home/ubuntu/ros2_ws/install/light_sensor_values/include/light_sensor_values/msg/detail/light_sensor_values__struct.hpp
[3.260s] -- Up-to-date: /home/ubuntu/ros2_ws/install/light_sensor_values/include/light_sensor_values/msg/detail/light_sensor_values__builder.hpp
[3.262s] -- Up-to-date: /home/ubuntu/ros2_ws/install/light_sensor_values/include/light_sensor_values/msg/detail/light_sensor_values__traits.hpp
[3.263s] -- Up-to-date: /home/ubuntu/ros2_ws/install/light_sensor_values/include/light_sensor_values/srv
[3.266s] -- Up-to-date: /home/ubuntu/ros2_ws/install/light_sensor_values/include/light_sensor_values/srv/detail
[3.267s] -- Up-to-date: /home/ubuntu/ros2_ws/install/light_sensor_values/include/light_sensor_values/srv/detail/light_sensor_values_servide__struct.hpp
[3.269s] -- Up-to-date: /home/ubuntu/ros2_ws/install/light_sensor_values/include/light_sensor_values/srv/detail/light_sensor_values_servide__builder.hpp
[3.270s] -- Up-to-date: /home/ubuntu/ros2_ws/install/light_sensor_values/include/light_sensor_values/srv/detail/light_sensor_values_servide__traits.hpp
[3.272s] -- Up-to-date: /home/ubuntu/ros2_ws/install/light_sensor_values/include/light_sensor_values/srv/detail/light_sensor_values_service__struct.hpp
[3.274s] -- Up-to-date: /home/ubuntu/ros2_ws/install/light_sensor_values/include/light_sensor_values/srv/detail/light_sensor_values_service__traits.hpp
[3.275s] -- Up-to-date: /home/ubuntu/ros2_ws/install/light_sensor_values/include/light_sensor_values/srv/detail/light_sensor_values_service__builder.hpp
[3.276s] -- Up-to-date: /home/ubuntu/ros2_ws/install/light_sensor_values/include/light_sensor_values/srv/light_sensor_values_service.hpp
[3.278s] -- Up-to-date: /home/ubuntu/ros2_ws/install/light_sensor_values/include/light_sensor_values/srv/light_sensor_values_servide.hpp
[3.280s] -- Up-to-date: /home/ubuntu/ros2_ws/install/light_sensor_values/include/light_sensor_values
[3.282s] -- Up-to-date: /home/ubuntu/ros2_ws/install/light_sensor_values/include/light_sensor_values/msg
[3.283s] -- Up-to-date: /home/ubuntu/ros2_ws/install/light_sensor_values/include/light_sensor_values/msg/detail
[3.284s] -- Up-to-date: /home/ubuntu/ros2_ws/install/light_sensor_values/include/light_sensor_values/msg/detail/light_sensor_values__rosidl_typesupport_introspection_cpp.hpp
[3.285s] -- Up-to-date: /home/ubuntu/ros2_ws/install/light_sensor_values/include/light_sensor_values/msg/detail/light_sensor_values__type_support.cpp
[3.287s] -- Up-to-date: /home/ubuntu/ros2_ws/install/light_sensor_values/include/light_sensor_values/srv
[3.288s] -- Up-to-date: /home/ubuntu/ros2_ws/install/light_sensor_values/include/light_sensor_values/srv/detail
[3.289s] -- Up-to-date: /home/ubuntu/ros2_ws/install/light_sensor_values/include/light_sensor_values/srv/detail/light_sensor_values_servide__type_support.cpp
[3.291s] -- Up-to-date: /home/ubuntu/ros2_ws/install/light_sensor_values/include/light_sensor_values/srv/detail/light_sensor_values_service__rosidl_typesupport_introspection_cpp.hpp
[3.292s] -- Up-to-date: /home/ubuntu/ros2_ws/install/light_sensor_values/include/light_sensor_values/srv/detail/light_sensor_values_service__type_support.cpp
[3.294s] -- Up-to-date: /home/ubuntu/ros2_ws/install/light_sensor_values/include/light_sensor_values/srv/detail/light_sensor_values_servide__rosidl_typesupport_introspection_cpp.hpp
[3.296s] -- Up-to-date: /home/ubuntu/ros2_ws/install/light_sensor_values/lib/liblight_sensor_values__rosidl_typesupport_introspection_cpp.so
[3.297s] -- Up-to-date: /home/ubuntu/ros2_ws/install/light_sensor_values/lib/liblight_sensor_values__rosidl_typesupport_cpp.so
[3.299s] -- Up-to-date: /home/ubuntu/ros2_ws/install/light_sensor_values/share/light_sensor_values/environment/pythonpath.sh
[3.300s] -- Up-to-date: /home/ubuntu/ros2_ws/install/light_sensor_values/share/light_sensor_values/environment/pythonpath.dsv
[3.302s] -- Up-to-date: /home/ubuntu/ros2_ws/install/light_sensor_values/lib/python3.8/site-packages/light_sensor_values/__init__.py
[3.544s] -- Up-to-date: /home/ubuntu/ros2_ws/install/light_sensor_values/lib/python3.8/site-packages/light_sensor_values/msg
[3.548s] -- Up-to-date: /home/ubuntu/ros2_ws/install/light_sensor_values/lib/python3.8/site-packages/light_sensor_values/msg/_light_sensor_values_s.c
[3.551s] -- Up-to-date: /home/ubuntu/ros2_ws/install/light_sensor_values/lib/python3.8/site-packages/light_sensor_values/msg/__init__.py
[3.554s] -- Up-to-date: /home/ubuntu/ros2_ws/install/light_sensor_values/lib/python3.8/site-packages/light_sensor_values/msg/_light_sensor_values.py
[3.555s] -- Up-to-date: /home/ubuntu/ros2_ws/install/light_sensor_values/lib/python3.8/site-packages/light_sensor_values/srv
[3.557s] -- Up-to-date: /home/ubuntu/ros2_ws/install/light_sensor_values/lib/python3.8/site-packages/light_sensor_values/srv/__init__.py
[3.559s] -- Up-to-date: /home/ubuntu/ros2_ws/install/light_sensor_values/lib/python3.8/site-packages/light_sensor_values/srv/_light_sensor_values_servide.py
[3.561s] -- Up-to-date: /home/ubuntu/ros2_ws/install/light_sensor_values/lib/python3.8/site-packages/light_sensor_values/srv/_light_sensor_values_service.py
[3.562s] -- Up-to-date: /home/ubuntu/ros2_ws/install/light_sensor_values/lib/python3.8/site-packages/light_sensor_values/srv/_light_sensor_values_servide_s.c
[3.563s] -- Up-to-date: /home/ubuntu/ros2_ws/install/light_sensor_values/lib/python3.8/site-packages/light_sensor_values/srv/_light_sensor_values_service_s.c
[3.565s] -- Up-to-date: /home/ubuntu/ros2_ws/install/light_sensor_values/lib/python3.8/site-packages/light_sensor_values/light_sensor_values_s__rosidl_typesupport_fastrtps_c.cpython-38-aarch64-linux-gnu.so
[3.568s] -- Up-to-date: /home/ubuntu/ros2_ws/install/light_sensor_values/lib/python3.8/site-packages/light_sensor_values/light_sensor_values_s__rosidl_typesupport_introspection_c.cpython-38-aarch64-linux-gnu.so
[3.576s] -- Up-to-date: /home/ubuntu/ros2_ws/install/light_sensor_values/lib/python3.8/site-packages/light_sensor_values/light_sensor_values_s__rosidl_typesupport_c.cpython-38-aarch64-linux-gnu.so
[3.582s] -- Up-to-date: /home/ubuntu/ros2_ws/install/light_sensor_values/lib/liblight_sensor_values__python.so
[3.588s] -- Up-to-date: /home/ubuntu/ros2_ws/install/light_sensor_values/share/light_sensor_values/msg/LightSensorValues.idl
[3.591s] -- Up-to-date: /home/ubuntu/ros2_ws/install/light_sensor_values/share/light_sensor_values/srv/LightSensorValuesService.idl
[3.596s] -- Up-to-date: /home/ubuntu/ros2_ws/install/light_sensor_values/share/light_sensor_values/msg/LightSensorValues.msg
[3.600s] -- Up-to-date: /home/ubuntu/ros2_ws/install/light_sensor_values/share/light_sensor_values/srv/LightSensorValuesService.srv
[3.602s] -- Up-to-date: /home/ubuntu/ros2_ws/install/light_sensor_values/share/light_sensor_values/srv/LightSensorValuesService_Request.msg
[3.606s] -- Up-to-date: /home/ubuntu/ros2_ws/install/light_sensor_values/share/light_sensor_values/srv/LightSensorValuesService_Response.msg
[3.609s] -- Up-to-date: /home/ubuntu/ros2_ws/install/light_sensor_values/share/ament_index/resource_index/package_run_dependencies/light_sensor_values
[3.613s] -- Up-to-date: /home/ubuntu/ros2_ws/install/light_sensor_values/share/ament_index/resource_index/parent_prefix_path/light_sensor_values
[3.614s] -- Up-to-date: /home/ubuntu/ros2_ws/install/light_sensor_values/share/light_sensor_values/environment/ament_prefix_path.sh
[3.618s] -- Up-to-date: /home/ubuntu/ros2_ws/install/light_sensor_values/share/light_sensor_values/environment/ament_prefix_path.dsv
[3.621s] -- Up-to-date: /home/ubuntu/ros2_ws/install/light_sensor_values/share/light_sensor_values/environment/path.sh
[3.623s] -- Up-to-date: /home/ubuntu/ros2_ws/install/light_sensor_values/share/light_sensor_values/environment/path.dsv
[3.625s] -- Up-to-date: /home/ubuntu/ros2_ws/install/light_sensor_values/share/light_sensor_values/local_setup.bash
[3.629s] -- Up-to-date: /home/ubuntu/ros2_ws/install/light_sensor_values/share/light_sensor_values/local_setup.sh
[3.631s] -- Up-to-date: /home/ubuntu/ros2_ws/install/light_sensor_values/share/light_sensor_values/local_setup.zsh
[3.635s] -- Up-to-date: /home/ubuntu/ros2_ws/install/light_sensor_values/share/light_sensor_values/local_setup.dsv
[3.639s] -- Installing: /home/ubuntu/ros2_ws/install/light_sensor_values/share/light_sensor_values/package.dsv
[3.642s] -- Up-to-date: /home/ubuntu/ros2_ws/install/light_sensor_values/share/ament_index/resource_index/packages/light_sensor_values
[3.646s] -- Up-to-date: /home/ubuntu/ros2_ws/install/light_sensor_values/share/light_sensor_values/cmake/light_sensor_values__rosidl_generator_cExport.cmake
[3.651s] -- Up-to-date: /home/ubuntu/ros2_ws/install/light_sensor_values/share/light_sensor_values/cmake/light_sensor_values__rosidl_generator_cExport-noconfig.cmake
[3.653s] -- Up-to-date: /home/ubuntu/ros2_ws/install/light_sensor_values/share/light_sensor_values/cmake/light_sensor_values__rosidl_typesupport_introspection_cExport.cmake
[3.655s] -- Up-to-date: /home/ubuntu/ros2_ws/install/light_sensor_values/share/light_sensor_values/cmake/light_sensor_values__rosidl_typesupport_introspection_cExport-noconfig.cmake
[3.657s] -- Up-to-date: /home/ubuntu/ros2_ws/install/light_sensor_values/share/light_sensor_values/cmake/light_sensor_values__rosidl_typesupport_cExport.cmake
[3.659s] -- Up-to-date: /home/ubuntu/ros2_ws/install/light_sensor_values/share/light_sensor_values/cmake/light_sensor_values__rosidl_typesupport_cExport-noconfig.cmake
[3.664s] -- Up-to-date: /home/ubuntu/ros2_ws/install/light_sensor_values/share/light_sensor_values/cmake/light_sensor_values__rosidl_generator_cppExport.cmake
[3.672s] -- Up-to-date: /home/ubuntu/ros2_ws/install/light_sensor_values/share/light_sensor_values/cmake/light_sensor_values__rosidl_typesupport_introspection_cppExport.cmake
[3.675s] -- Up-to-date: /home/ubuntu/ros2_ws/install/light_sensor_values/share/light_sensor_values/cmake/light_sensor_values__rosidl_typesupport_introspection_cppExport-noconfig.cmake
[3.678s] -- Up-to-date: /home/ubuntu/ros2_ws/install/light_sensor_values/share/light_sensor_values/cmake/light_sensor_values__rosidl_typesupport_cppExport.cmake
[3.681s] -- Up-to-date: /home/ubuntu/ros2_ws/install/light_sensor_values/share/light_sensor_values/cmake/light_sensor_values__rosidl_typesupport_cppExport-noconfig.cmake
[3.683s] -- Up-to-date: /home/ubuntu/ros2_ws/install/light_sensor_values/share/light_sensor_values/cmake/rosidl_cmake-extras.cmake
[3.686s] -- Up-to-date: /home/ubuntu/ros2_ws/install/light_sensor_values/share/light_sensor_values/cmake/ament_cmake_export_dependencies-extras.cmake
[3.689s] -- Up-to-date: /home/ubuntu/ros2_ws/install/light_sensor_values/share/light_sensor_values/cmake/ament_cmake_export_libraries-extras.cmake
[3.691s] -- Up-to-date: /home/ubuntu/ros2_ws/install/light_sensor_values/share/light_sensor_values/cmake/ament_cmake_export_targets-extras.cmake
[3.695s] -- Up-to-date: /home/ubuntu/ros2_ws/install/light_sensor_values/share/light_sensor_values/cmake/ament_cmake_export_include_directories-extras.cmake
[3.698s] -- Up-to-date: /home/ubuntu/ros2_ws/install/light_sensor_values/share/light_sensor_values/cmake/rosidl_cmake_export_typesupport_libraries-extras.cmake
[3.700s] -- Up-to-date: /home/ubuntu/ros2_ws/install/light_sensor_values/share/light_sensor_values/cmake/rosidl_cmake_export_typesupport_targets-extras.cmake
[3.703s] -- Up-to-date: /home/ubuntu/ros2_ws/install/light_sensor_values/share/light_sensor_values/cmake/light_sensor_valuesConfig.cmake
[3.706s] -- Up-to-date: /home/ubuntu/ros2_ws/install/light_sensor_values/share/light_sensor_values/cmake/light_sensor_valuesConfig-version.cmake
[3.707s] -- Up-to-date: /home/ubuntu/ros2_ws/install/light_sensor_values/share/light_sensor_values/package.xml
[3.710s] Invoked command in '/home/ubuntu/ros2_ws/build/light_sensor_values' returned '0': CMAKE_PREFIX_PATH=${CMAKE_PREFIX_PATH}:/home/ubuntu/ros2_ws/install/raspimouse:/opt/ros/foxy /usr/bin/cmake --install /home/ubuntu/ros2_ws/build/light_sensor_values
