[2.409s] Invoking command in '/home/ubuntu/ros2_ws/src/raspimouse': PYTHONPATH=/home/ubuntu/ros2_ws/install/raspimouse_ros2/lib/python3.8/site-packages:${PYTHONPATH} /usr/bin/python3 setup.py egg_info --egg-base ../../build/raspimouse_ros2 build --build-base /home/ubuntu/ros2_ws/build/raspimouse_ros2/build install --prefix /home/ubuntu/ros2_ws/install/raspimouse_ros2 --record /home/ubuntu/ros2_ws/build/raspimouse_ros2/install.log --single-version-externally-managed
[4.937s] running egg_info
[4.946s] writing ../../build/raspimouse_ros2/raspimouse.egg-info/PKG-INFO
[4.951s] writing dependency_links to ../../build/raspimouse_ros2/raspimouse.egg-info/dependency_links.txt
[4.956s] writing entry points to ../../build/raspimouse_ros2/raspimouse.egg-info/entry_points.txt
[4.958s] writing requirements to ../../build/raspimouse_ros2/raspimouse.egg-info/requires.txt
[4.961s] writing top-level names to ../../build/raspimouse_ros2/raspimouse.egg-info/top_level.txt
[5.382s] reading manifest file '../../build/raspimouse_ros2/raspimouse.egg-info/SOURCES.txt'
[5.398s] writing manifest file '../../build/raspimouse_ros2/raspimouse.egg-info/SOURCES.txt'
[5.400s] running build
[5.403s] running build_py
[5.409s] running install
[5.417s] running install_lib
[5.439s] running install_data
[5.443s] running install_egg_info
[5.462s] removing '/home/ubuntu/ros2_ws/install/raspimouse_ros2/lib/python3.8/site-packages/raspimouse-0.0.0-py3.8.egg-info' (and everything under it)
[5.465s] Copying ../../build/raspimouse_ros2/raspimouse.egg-info to /home/ubuntu/ros2_ws/install/raspimouse_ros2/lib/python3.8/site-packages/raspimouse-0.0.0-py3.8.egg-info
[5.479s] running install_scripts
[5.656s] Installing buzzer2_sub_node script to /home/ubuntu/ros2_ws/install/raspimouse_ros2/lib/raspimouse
[5.662s] Installing buzzer3_sub_node script to /home/ubuntu/ros2_ws/install/raspimouse_ros2/lib/raspimouse
[5.665s] Installing buzzer_node script to /home/ubuntu/ros2_ws/install/raspimouse_ros2/lib/raspimouse
[5.668s] Installing lightsensors script to /home/ubuntu/ros2_ws/install/raspimouse_ros2/lib/raspimouse
[5.670s] Installing lightsensors_sub script to /home/ubuntu/ros2_ws/install/raspimouse_ros2/lib/raspimouse
[5.672s] Installing motors script to /home/ubuntu/ros2_ws/install/raspimouse_ros2/lib/raspimouse
[5.676s] Installing motors1 script to /home/ubuntu/ros2_ws/install/raspimouse_ros2/lib/raspimouse
[5.678s] Installing motors2 script to /home/ubuntu/ros2_ws/install/raspimouse_ros2/lib/raspimouse
[5.682s] writing list of installed files to '/home/ubuntu/ros2_ws/build/raspimouse_ros2/install.log'
[5.939s] Invoked command in '/home/ubuntu/ros2_ws/src/raspimouse' returned '0': PYTHONPATH=/home/ubuntu/ros2_ws/install/raspimouse_ros2/lib/python3.8/site-packages:${PYTHONPATH} /usr/bin/python3 setup.py egg_info --egg-base ../../build/raspimouse_ros2 build --build-base /home/ubuntu/ros2_ws/build/raspimouse_ros2/build install --prefix /home/ubuntu/ros2_ws/install/raspimouse_ros2 --record /home/ubuntu/ros2_ws/build/raspimouse_ros2/install.log --single-version-externally-managed
