[2.460s] DEBUG:colcon:Command line arguments: ['/usr/bin/colcon', 'build']
[2.461s] DEBUG:colcon:Parsed command line arguments: Namespace(ament_cmake_args=None, base_paths=['.'], build_base='build', catkin_cmake_args=None, catkin_skip_building_tests=False, cmake_args=None, cmake_clean_cache=False, cmake_clean_first=False, cmake_force_configure=False, cmake_target=None, cmake_target_skip_unavailable=False, continue_on_error=False, event_handlers=None, executor='parallel', ignore_user_meta=False, install_base='install', log_base=None, log_level=None, main=<bound method BuildVerb.main of <colcon_core.verb.build.BuildVerb object at 0xffff9460fbe0>>, merge_install=False, metas=['./colcon.meta'], packages_above=None, packages_above_and_dependencies=None, packages_above_depth=None, packages_end=None, packages_ignore=None, packages_ignore_regex=None, packages_select=None, packages_select_build_failed=False, packages_select_by_dep=None, packages_select_regex=None, packages_select_test_failures=False, packages_skip=None, packages_skip_build_finished=False, packages_skip_by_dep=None, packages_skip_regex=None, packages_skip_test_passed=False, packages_skip_up_to=None, packages_start=None, packages_up_to=None, packages_up_to_regex=None, parallel_workers=4, paths=None, symlink_install=False, test_result_base=None, verb_extension=<colcon_core.verb.build.BuildVerb object at 0xffff9460fbe0>, verb_name='build', verb_parser=<colcon_defaults.argument_parser.defaults.DefaultArgumentsDecorator object at 0xffff9461b190>)
[2.518s] Level 1:colcon.colcon_core.package_discovery:discover_packages(colcon_meta) check parameters
[2.519s] Level 1:colcon.colcon_core.package_discovery:discover_packages(recursive) check parameters
[2.520s] Level 1:colcon.colcon_core.package_discovery:discover_packages(ignore) check parameters
[2.520s] Level 1:colcon.colcon_core.package_discovery:discover_packages(path) check parameters
[2.521s] Level 1:colcon.colcon_core.package_discovery:discover_packages(colcon_meta) discover
[2.521s] Level 1:colcon.colcon_core.package_discovery:discover_packages(recursive) discover
[2.522s] INFO:colcon.colcon_core.package_discovery:Crawling recursively for packages in '/home/ubuntu/ros2_ws'
[2.523s] Level 1:colcon.colcon_core.package_identification:_identify(.) by extensions ['ignore', 'ignore_ament_install']
[2.524s] Level 1:colcon.colcon_core.package_identification:_identify(.) by extension 'ignore'
[2.525s] Level 1:colcon.colcon_core.package_identification:_identify(.) by extension 'ignore_ament_install'
[2.526s] Level 1:colcon.colcon_core.package_identification:_identify(.) by extensions ['colcon_pkg']
[2.527s] Level 1:colcon.colcon_core.package_identification:_identify(.) by extension 'colcon_pkg'
[2.528s] Level 1:colcon.colcon_core.package_identification:_identify(.) by extensions ['colcon_meta']
[2.529s] Level 1:colcon.colcon_core.package_identification:_identify(.) by extension 'colcon_meta'
[2.529s] Level 1:colcon.colcon_core.package_identification:_identify(.) by extensions ['ros']
[2.530s] Level 1:colcon.colcon_core.package_identification:_identify(.) by extension 'ros'
[2.624s] Level 1:colcon.colcon_core.package_identification:_identify(.) by extensions ['cmake', 'python']
[2.624s] Level 1:colcon.colcon_core.package_identification:_identify(.) by extension 'cmake'
[2.625s] Level 1:colcon.colcon_core.package_identification:_identify(.) by extension 'python'
[2.626s] Level 1:colcon.colcon_core.package_identification:_identify(.) by extensions ['python_setup_py']
[2.627s] Level 1:colcon.colcon_core.package_identification:_identify(.) by extension 'python_setup_py'
[2.628s] Level 1:colcon.colcon_core.package_identification:_identify(build) by extensions ['ignore', 'ignore_ament_install']
[2.630s] Level 1:colcon.colcon_core.package_identification:_identify(build) by extension 'ignore'
[2.630s] Level 1:colcon.colcon_core.package_identification:_identify(build) ignored
[2.632s] Level 1:colcon.colcon_core.package_identification:_identify(install) by extensions ['ignore', 'ignore_ament_install']
[2.634s] Level 1:colcon.colcon_core.package_identification:_identify(install) by extension 'ignore'
[2.634s] Level 1:colcon.colcon_core.package_identification:_identify(install) ignored
[2.637s] Level 1:colcon.colcon_core.package_identification:_identify(log) by extensions ['ignore', 'ignore_ament_install']
[2.638s] Level 1:colcon.colcon_core.package_identification:_identify(log) by extension 'ignore'
[2.639s] Level 1:colcon.colcon_core.package_identification:_identify(log) ignored
[2.640s] Level 1:colcon.colcon_core.package_identification:_identify(src) by extensions ['ignore', 'ignore_ament_install']
[2.641s] Level 1:colcon.colcon_core.package_identification:_identify(src) by extension 'ignore'
[2.643s] Level 1:colcon.colcon_core.package_identification:_identify(src) by extension 'ignore_ament_install'
[2.644s] Level 1:colcon.colcon_core.package_identification:_identify(src) by extensions ['colcon_pkg']
[2.644s] Level 1:colcon.colcon_core.package_identification:_identify(src) by extension 'colcon_pkg'
[2.645s] Level 1:colcon.colcon_core.package_identification:_identify(src) by extensions ['colcon_meta']
[2.646s] Level 1:colcon.colcon_core.package_identification:_identify(src) by extension 'colcon_meta'
[2.646s] Level 1:colcon.colcon_core.package_identification:_identify(src) by extensions ['ros']
[2.647s] Level 1:colcon.colcon_core.package_identification:_identify(src) by extension 'ros'
[2.648s] Level 1:colcon.colcon_core.package_identification:_identify(src) by extensions ['cmake', 'python']
[2.649s] Level 1:colcon.colcon_core.package_identification:_identify(src) by extension 'cmake'
[2.650s] Level 1:colcon.colcon_core.package_identification:_identify(src) by extension 'python'
[2.651s] Level 1:colcon.colcon_core.package_identification:_identify(src) by extensions ['python_setup_py']
[2.651s] Level 1:colcon.colcon_core.package_identification:_identify(src) by extension 'python_setup_py'
[2.653s] Level 1:colcon.colcon_core.package_identification:_identify(src/raspimouse) by extensions ['ignore', 'ignore_ament_install']
[2.654s] Level 1:colcon.colcon_core.package_identification:_identify(src/raspimouse) by extension 'ignore'
[2.655s] Level 1:colcon.colcon_core.package_identification:_identify(src/raspimouse) by extension 'ignore_ament_install'
[2.656s] Level 1:colcon.colcon_core.package_identification:_identify(src/raspimouse) by extensions ['colcon_pkg']
[2.657s] Level 1:colcon.colcon_core.package_identification:_identify(src/raspimouse) by extension 'colcon_pkg'
[2.658s] Level 1:colcon.colcon_core.package_identification:_identify(src/raspimouse) by extensions ['colcon_meta']
[2.658s] Level 1:colcon.colcon_core.package_identification:_identify(src/raspimouse) by extension 'colcon_meta'
[2.659s] Level 1:colcon.colcon_core.package_identification:_identify(src/raspimouse) by extensions ['ros']
[2.660s] Level 1:colcon.colcon_core.package_identification:_identify(src/raspimouse) by extension 'ros'
[2.678s] DEBUG:colcon.colcon_core.package_identification:Package 'src/raspimouse' with type 'ros.ament_python' and name 'raspimouse'
[2.679s] Level 1:colcon.colcon_core.package_discovery:discover_packages(recursive) using defaults
[2.680s] Level 1:colcon.colcon_core.package_discovery:discover_packages(ignore) discover
[2.681s] Level 1:colcon.colcon_core.package_discovery:discover_packages(ignore) using defaults
[2.681s] Level 1:colcon.colcon_core.package_discovery:discover_packages(path) discover
[2.682s] Level 1:colcon.colcon_core.package_discovery:discover_packages(path) using defaults
[2.871s] Level 5:colcon.colcon_core.verb:set package 'raspimouse' build argument 'cmake_args' from command line to 'None'
[2.872s] Level 5:colcon.colcon_core.verb:set package 'raspimouse' build argument 'cmake_target' from command line to 'None'
[2.872s] Level 5:colcon.colcon_core.verb:set package 'raspimouse' build argument 'cmake_target_skip_unavailable' from command line to 'False'
[2.873s] Level 5:colcon.colcon_core.verb:set package 'raspimouse' build argument 'cmake_clean_cache' from command line to 'False'
[2.873s] Level 5:colcon.colcon_core.verb:set package 'raspimouse' build argument 'cmake_clean_first' from command line to 'False'
[2.874s] Level 5:colcon.colcon_core.verb:set package 'raspimouse' build argument 'cmake_force_configure' from command line to 'False'
[2.874s] Level 5:colcon.colcon_core.verb:set package 'raspimouse' build argument 'ament_cmake_args' from command line to 'None'
[2.875s] Level 5:colcon.colcon_core.verb:set package 'raspimouse' build argument 'catkin_cmake_args' from command line to 'None'
[2.875s] Level 5:colcon.colcon_core.verb:set package 'raspimouse' build argument 'catkin_skip_building_tests' from command line to 'False'
[2.876s] DEBUG:colcon.colcon_core.verb:Building package 'raspimouse' with the following arguments: {'ament_cmake_args': None, 'build_base': '/home/ubuntu/ros2_ws/build/raspimouse', 'catkin_cmake_args': None, 'catkin_skip_building_tests': False, 'cmake_args': None, 'cmake_clean_cache': False, 'cmake_clean_first': False, 'cmake_force_configure': False, 'cmake_target': None, 'cmake_target_skip_unavailable': False, 'install_base': '/home/ubuntu/ros2_ws/install/raspimouse', 'merge_install': False, 'path': '/home/ubuntu/ros2_ws/src/raspimouse', 'symlink_install': False, 'test_result_base': None}
[2.879s] INFO:colcon.colcon_core.executor:Executing jobs using 'parallel' executor
[2.895s] DEBUG:colcon.colcon_parallel_executor.executor.parallel:run_until_complete
[2.898s] INFO:colcon.colcon_ros.task.ament_python.build:Building ROS package in '/home/ubuntu/ros2_ws/src/raspimouse' with build type 'ament_python'
[2.900s] Level 1:colcon.colcon_core.shell:create_environment_hook('raspimouse', 'ament_prefix_path')
[2.930s] INFO:colcon.colcon_core.plugin_system:Skipping extension 'colcon_core.shell.bat': Not used on non-Windows systems
[2.932s] INFO:colcon.colcon_core.shell:Creating environment hook '/home/ubuntu/ros2_ws/install/raspimouse/share/raspimouse/hook/ament_prefix_path.ps1'
[2.939s] INFO:colcon.colcon_core.shell:Creating environment descriptor '/home/ubuntu/ros2_ws/install/raspimouse/share/raspimouse/hook/ament_prefix_path.dsv'
[2.944s] INFO:colcon.colcon_core.shell:Creating environment hook '/home/ubuntu/ros2_ws/install/raspimouse/share/raspimouse/hook/ament_prefix_path.sh'
[2.958s] INFO:colcon.colcon_core.shell:Skip shell extension 'powershell' for command environment: Not usable outside of PowerShell
[2.959s] DEBUG:colcon.colcon_core.shell:Skip shell extension 'dsv' for command environment
[2.989s] DEBUG:colcon.colcon_core.shell:Ignoring prefix path '/opt/ros/foxy'
[5.311s] INFO:colcon.colcon_core.task.python.build:Building Python package in '/home/ubuntu/ros2_ws/src/raspimouse'
[5.318s] INFO:colcon.colcon_core.shell:Skip shell extension 'powershell' for command environment: Not usable outside of PowerShell
[5.319s] DEBUG:colcon.colcon_core.shell:Skip shell extension 'dsv' for command environment
[5.340s] DEBUG:colcon.colcon_core.shell:Ignoring prefix path '/opt/ros/foxy'
[5.389s] DEBUG:colcon.colcon_core.event_handler.log_command:Invoking command in '/home/ubuntu/ros2_ws/src/raspimouse': PYTHONPATH=/home/ubuntu/ros2_ws/install/raspimouse/lib/python3.8/site-packages:${PYTHONPATH} /usr/bin/python3 setup.py egg_info --egg-base ../../build/raspimouse build --build-base /home/ubuntu/ros2_ws/build/raspimouse/build install --prefix /home/ubuntu/ros2_ws/install/raspimouse --record /home/ubuntu/ros2_ws/build/raspimouse/install.log --single-version-externally-managed
[8.390s] DEBUG:colcon.colcon_core.event_handler.log_command:Invoked command in '/home/ubuntu/ros2_ws/src/raspimouse' returned '0': PYTHONPATH=/home/ubuntu/ros2_ws/install/raspimouse/lib/python3.8/site-packages:${PYTHONPATH} /usr/bin/python3 setup.py egg_info --egg-base ../../build/raspimouse build --build-base /home/ubuntu/ros2_ws/build/raspimouse/build install --prefix /home/ubuntu/ros2_ws/install/raspimouse --record /home/ubuntu/ros2_ws/build/raspimouse/install.log --single-version-externally-managed
[8.418s] Level 1:colcon.colcon_core.environment:checking '/home/ubuntu/ros2_ws/install/raspimouse' for CMake module files
[8.424s] Level 1:colcon.colcon_core.environment:checking '/home/ubuntu/ros2_ws/install/raspimouse' for CMake config files
[8.433s] Level 1:colcon.colcon_core.environment:checking '/home/ubuntu/ros2_ws/install/raspimouse/lib'
[8.436s] Level 1:colcon.colcon_core.environment:checking '/home/ubuntu/ros2_ws/install/raspimouse/bin'
[8.438s] Level 1:colcon.colcon_core.environment:checking '/home/ubuntu/ros2_ws/install/raspimouse/lib/pkgconfig/raspimouse.pc'
[8.439s] Level 1:colcon.colcon_core.environment:checking '/home/ubuntu/ros2_ws/install/raspimouse/lib/python3.8/site-packages'
[8.440s] Level 1:colcon.colcon_core.shell:create_environment_hook('raspimouse', 'pythonpath')
[8.449s] INFO:colcon.colcon_core.shell:Creating environment hook '/home/ubuntu/ros2_ws/install/raspimouse/share/raspimouse/hook/pythonpath.ps1'
[9.358s] INFO:colcon.colcon_core.shell:Creating environment descriptor '/home/ubuntu/ros2_ws/install/raspimouse/share/raspimouse/hook/pythonpath.dsv'
[9.364s] INFO:colcon.colcon_core.shell:Creating environment hook '/home/ubuntu/ros2_ws/install/raspimouse/share/raspimouse/hook/pythonpath.sh'
[9.369s] Level 1:colcon.colcon_core.environment:create_environment_scripts_only(raspimouse)
[9.377s] INFO:colcon.colcon_core.shell:Creating package script '/home/ubuntu/ros2_ws/install/raspimouse/share/raspimouse/package.ps1'
[9.387s] INFO:colcon.colcon_core.shell:Creating package descriptor '/home/ubuntu/ros2_ws/install/raspimouse/share/raspimouse/package.dsv'
[9.395s] INFO:colcon.colcon_core.shell:Creating package script '/home/ubuntu/ros2_ws/install/raspimouse/share/raspimouse/package.sh'
[9.404s] INFO:colcon.colcon_core.shell:Creating package script '/home/ubuntu/ros2_ws/install/raspimouse/share/raspimouse/package.bash'
[9.414s] INFO:colcon.colcon_core.shell:Creating package script '/home/ubuntu/ros2_ws/install/raspimouse/share/raspimouse/package.zsh'
[9.424s] Level 1:colcon.colcon_core.environment:create_file_with_runtime_dependencies(/home/ubuntu/ros2_ws/install/raspimouse/share/colcon-core/packages/raspimouse)
[9.433s] DEBUG:colcon.colcon_parallel_executor.executor.parallel:closing loop
[9.434s] DEBUG:colcon.colcon_parallel_executor.executor.parallel:loop closed
[9.436s] DEBUG:colcon.colcon_parallel_executor.executor.parallel:run_until_complete finished with '0'
[9.437s] DEBUG:colcon.colcon_core.event_reactor:joining thread
[9.500s] INFO:colcon.colcon_core.plugin_system:Skipping extension 'colcon_notification.desktop_notification.notify_send': Could not find 'notify-send'
[9.501s] INFO:colcon.colcon_core.plugin_system:Skipping extension 'colcon_notification.desktop_notification.terminal_notifier': Not used on non-Darwin systems
[9.503s] INFO:colcon.colcon_core.plugin_system:Skipping extension 'colcon_notification.desktop_notification.win32': Not used on non-Windows systems
[9.504s] INFO:colcon.colcon_notification.desktop_notification:Sending desktop notification using 'notify2'
[9.518s] DEBUG:colcon.colcon_notification.desktop_notification.notify2:Failed to initialize notify2: org.freedesktop.DBus.Error.ServiceUnknown: The name org.freedesktop.Notifications was not provided by any .service files
[9.521s] DEBUG:colcon.colcon_core.event_reactor:joined thread
[9.529s] INFO:colcon.colcon_core.shell:Creating prefix script '/home/ubuntu/ros2_ws/install/local_setup.ps1'
[9.552s] INFO:colcon.colcon_core.shell:Creating prefix util module '/home/ubuntu/ros2_ws/install/_local_setup_util_ps1.py'
[9.569s] INFO:colcon.colcon_core.shell:Creating prefix chain script '/home/ubuntu/ros2_ws/install/setup.ps1'
[9.613s] INFO:colcon.colcon_core.shell:Creating prefix script '/home/ubuntu/ros2_ws/install/local_setup.sh'
[9.624s] INFO:colcon.colcon_core.shell:Creating prefix util module '/home/ubuntu/ros2_ws/install/_local_setup_util_sh.py'
[9.631s] INFO:colcon.colcon_core.shell:Creating prefix chain script '/home/ubuntu/ros2_ws/install/setup.sh'
[9.671s] INFO:colcon.colcon_core.shell:Creating prefix script '/home/ubuntu/ros2_ws/install/local_setup.bash'
[9.680s] INFO:colcon.colcon_core.shell:Creating prefix chain script '/home/ubuntu/ros2_ws/install/setup.bash'
[9.976s] INFO:colcon.colcon_core.shell:Creating prefix script '/home/ubuntu/ros2_ws/install/local_setup.zsh'
[9.983s] INFO:colcon.colcon_core.shell:Creating prefix chain script '/home/ubuntu/ros2_ws/install/setup.zsh'
