[2.543s] Invoking command in '/home/ubuntu/ros2_ws/src/raspimouse': PYTHONPATH=/home/ubuntu/ros2_ws/install/raspimouse/lib/python3.8/site-packages:${PYTHONPATH} /usr/bin/python3 setup.py egg_info --egg-base ../../build/raspimouse build --build-base /home/ubuntu/ros2_ws/build/raspimouse/build install --prefix /home/ubuntu/ros2_ws/install/raspimouse --record /home/ubuntu/ros2_ws/build/raspimouse/install.log --single-version-externally-managed
[4.744s] running egg_info
[4.751s] writing ../../build/raspimouse/raspimouse.egg-info/PKG-INFO
[4.757s] writing dependency_links to ../../build/raspimouse/raspimouse.egg-info/dependency_links.txt
[4.760s] writing entry points to ../../build/raspimouse/raspimouse.egg-info/entry_points.txt
[4.761s] writing requirements to ../../build/raspimouse/raspimouse.egg-info/requires.txt
[4.763s] writing top-level names to ../../build/raspimouse/raspimouse.egg-info/top_level.txt
[5.266s] reading manifest file '../../build/raspimouse/raspimouse.egg-info/SOURCES.txt'
[5.278s] writing manifest file '../../build/raspimouse/raspimouse.egg-info/SOURCES.txt'
[5.280s] running build
[5.282s] running build_py
[5.288s] copying raspimouse/buzzer_node.py -> /home/ubuntu/ros2_ws/build/raspimouse/build/lib/raspimouse
[5.292s] running install
[5.300s] running install_lib
[5.318s] copying /home/ubuntu/ros2_ws/build/raspimouse/build/lib/raspimouse/buzzer_node.py -> /home/ubuntu/ros2_ws/install/raspimouse/lib/python3.8/site-packages/raspimouse
[5.329s] byte-compiling /home/ubuntu/ros2_ws/install/raspimouse/lib/python3.8/site-packages/raspimouse/buzzer_node.py to buzzer_node.cpython-38.pyc
[5.346s] running install_data
[5.601s] running install_egg_info
[5.621s] removing '/home/ubuntu/ros2_ws/install/raspimouse/lib/python3.8/site-packages/raspimouse-0.0.0-py3.8.egg-info' (and everything under it)
[5.627s] Copying ../../build/raspimouse/raspimouse.egg-info to /home/ubuntu/ros2_ws/install/raspimouse/lib/python3.8/site-packages/raspimouse-0.0.0-py3.8.egg-info
[5.644s] running install_scripts
[5.840s] Installing buzzer2_sub_node script to /home/ubuntu/ros2_ws/install/raspimouse/lib/raspimouse
[5.844s] Installing buzzer3_sub_node script to /home/ubuntu/ros2_ws/install/raspimouse/lib/raspimouse
[5.846s] Installing buzzer_node script to /home/ubuntu/ros2_ws/install/raspimouse/lib/raspimouse
[5.850s] writing list of installed files to '/home/ubuntu/ros2_ws/build/raspimouse/install.log'
[6.080s] Invoked command in '/home/ubuntu/ros2_ws/src/raspimouse' returned '0': PYTHONPATH=/home/ubuntu/ros2_ws/install/raspimouse/lib/python3.8/site-packages:${PYTHONPATH} /usr/bin/python3 setup.py egg_info --egg-base ../../build/raspimouse build --build-base /home/ubuntu/ros2_ws/build/raspimouse/build install --prefix /home/ubuntu/ros2_ws/install/raspimouse --record /home/ubuntu/ros2_ws/build/raspimouse/install.log --single-version-externally-managed
