[4.612s] DEBUG:colcon:Command line arguments: ['/usr/bin/colcon', 'build']
[4.613s] DEBUG:colcon:Parsed command line arguments: Namespace(ament_cmake_args=None, base_paths=['.'], build_base='build', catkin_cmake_args=None, catkin_skip_building_tests=False, cmake_args=None, cmake_clean_cache=False, cmake_clean_first=False, cmake_force_configure=False, cmake_target=None, cmake_target_skip_unavailable=False, continue_on_error=False, event_handlers=None, executor='parallel', ignore_user_meta=False, install_base='install', log_base=None, log_level=None, main=<bound method BuildVerb.main of <colcon_core.verb.build.BuildVerb object at 0xffffbbcc9af0>>, merge_install=False, metas=['./colcon.meta'], packages_above=None, packages_above_and_dependencies=None, packages_above_depth=None, packages_end=None, packages_ignore=None, packages_ignore_regex=None, packages_select=None, packages_select_build_failed=False, packages_select_by_dep=None, packages_select_regex=None, packages_select_test_failures=False, packages_skip=None, packages_skip_build_finished=False, packages_skip_by_dep=None, packages_skip_regex=None, packages_skip_test_passed=False, packages_skip_up_to=None, packages_start=None, packages_up_to=None, packages_up_to_regex=None, parallel_workers=4, paths=None, symlink_install=False, test_result_base=None, verb_extension=<colcon_core.verb.build.BuildVerb object at 0xffffbbcc9af0>, verb_name='build', verb_parser=<colcon_defaults.argument_parser.defaults.DefaultArgumentsDecorator object at 0xffffbbcd50a0>)
[4.703s] Level 1:colcon.colcon_core.package_discovery:discover_packages(colcon_meta) check parameters
[4.706s] Level 1:colcon.colcon_core.package_discovery:discover_packages(recursive) check parameters
[4.707s] Level 1:colcon.colcon_core.package_discovery:discover_packages(ignore) check parameters
[4.707s] Level 1:colcon.colcon_core.package_discovery:discover_packages(path) check parameters
[4.708s] Level 1:colcon.colcon_core.package_discovery:discover_packages(colcon_meta) discover
[4.709s] Level 1:colcon.colcon_core.package_discovery:discover_packages(recursive) discover
[4.710s] INFO:colcon.colcon_core.package_discovery:Crawling recursively for packages in '/home/ubuntu/ros2_ws'
[4.712s] Level 1:colcon.colcon_core.package_identification:_identify(.) by extensions ['ignore', 'ignore_ament_install']
[4.713s] Level 1:colcon.colcon_core.package_identification:_identify(.) by extension 'ignore'
[4.714s] Level 1:colcon.colcon_core.package_identification:_identify(.) by extension 'ignore_ament_install'
[4.715s] Level 1:colcon.colcon_core.package_identification:_identify(.) by extensions ['colcon_pkg']
[4.716s] Level 1:colcon.colcon_core.package_identification:_identify(.) by extension 'colcon_pkg'
[4.717s] Level 1:colcon.colcon_core.package_identification:_identify(.) by extensions ['colcon_meta']
[4.718s] Level 1:colcon.colcon_core.package_identification:_identify(.) by extension 'colcon_meta'
[4.719s] Level 1:colcon.colcon_core.package_identification:_identify(.) by extensions ['ros']
[4.719s] Level 1:colcon.colcon_core.package_identification:_identify(.) by extension 'ros'
[4.875s] Level 1:colcon.colcon_core.package_identification:_identify(.) by extensions ['cmake', 'python']
[4.875s] Level 1:colcon.colcon_core.package_identification:_identify(.) by extension 'cmake'
[4.876s] Level 1:colcon.colcon_core.package_identification:_identify(.) by extension 'python'
[4.877s] Level 1:colcon.colcon_core.package_identification:_identify(.) by extensions ['python_setup_py']
[4.877s] Level 1:colcon.colcon_core.package_identification:_identify(.) by extension 'python_setup_py'
[4.879s] Level 1:colcon.colcon_core.package_identification:_identify(build) by extensions ['ignore', 'ignore_ament_install']
[4.880s] Level 1:colcon.colcon_core.package_identification:_identify(build) by extension 'ignore'
[4.881s] Level 1:colcon.colcon_core.package_identification:_identify(build) ignored
[4.883s] Level 1:colcon.colcon_core.package_identification:_identify(install) by extensions ['ignore', 'ignore_ament_install']
[4.884s] Level 1:colcon.colcon_core.package_identification:_identify(install) by extension 'ignore'
[4.885s] Level 1:colcon.colcon_core.package_identification:_identify(install) ignored
[4.887s] Level 1:colcon.colcon_core.package_identification:_identify(log) by extensions ['ignore', 'ignore_ament_install']
[4.888s] Level 1:colcon.colcon_core.package_identification:_identify(log) by extension 'ignore'
[4.889s] Level 1:colcon.colcon_core.package_identification:_identify(log) ignored
[4.890s] Level 1:colcon.colcon_core.package_identification:_identify(src) by extensions ['ignore', 'ignore_ament_install']
[4.891s] Level 1:colcon.colcon_core.package_identification:_identify(src) by extension 'ignore'
[4.893s] Level 1:colcon.colcon_core.package_identification:_identify(src) by extension 'ignore_ament_install'
[4.894s] Level 1:colcon.colcon_core.package_identification:_identify(src) by extensions ['colcon_pkg']
[4.894s] Level 1:colcon.colcon_core.package_identification:_identify(src) by extension 'colcon_pkg'
[4.895s] Level 1:colcon.colcon_core.package_identification:_identify(src) by extensions ['colcon_meta']
[4.895s] Level 1:colcon.colcon_core.package_identification:_identify(src) by extension 'colcon_meta'
[4.896s] Level 1:colcon.colcon_core.package_identification:_identify(src) by extensions ['ros']
[4.896s] Level 1:colcon.colcon_core.package_identification:_identify(src) by extension 'ros'
[4.898s] Level 1:colcon.colcon_core.package_identification:_identify(src) by extensions ['cmake', 'python']
[4.898s] Level 1:colcon.colcon_core.package_identification:_identify(src) by extension 'cmake'
[4.899s] Level 1:colcon.colcon_core.package_identification:_identify(src) by extension 'python'
[4.900s] Level 1:colcon.colcon_core.package_identification:_identify(src) by extensions ['python_setup_py']
[4.900s] Level 1:colcon.colcon_core.package_identification:_identify(src) by extension 'python_setup_py'
[4.902s] Level 1:colcon.colcon_core.package_identification:_identify(src/build) by extensions ['ignore', 'ignore_ament_install']
[4.903s] Level 1:colcon.colcon_core.package_identification:_identify(src/build) by extension 'ignore'
[4.904s] Level 1:colcon.colcon_core.package_identification:_identify(src/build) ignored
[4.905s] Level 1:colcon.colcon_core.package_identification:_identify(src/install) by extensions ['ignore', 'ignore_ament_install']
[4.907s] Level 1:colcon.colcon_core.package_identification:_identify(src/install) by extension 'ignore'
[4.907s] Level 1:colcon.colcon_core.package_identification:_identify(src/install) ignored
[4.909s] Level 1:colcon.colcon_core.package_identification:_identify(src/log) by extensions ['ignore', 'ignore_ament_install']
[4.910s] Level 1:colcon.colcon_core.package_identification:_identify(src/log) by extension 'ignore'
[4.911s] Level 1:colcon.colcon_core.package_identification:_identify(src/log) ignored
[4.912s] Level 1:colcon.colcon_core.package_identification:_identify(src/raspimouse) by extensions ['ignore', 'ignore_ament_install']
[4.913s] Level 1:colcon.colcon_core.package_identification:_identify(src/raspimouse) by extension 'ignore'
[4.915s] Level 1:colcon.colcon_core.package_identification:_identify(src/raspimouse) by extension 'ignore_ament_install'
[4.916s] Level 1:colcon.colcon_core.package_identification:_identify(src/raspimouse) by extensions ['colcon_pkg']
[4.916s] Level 1:colcon.colcon_core.package_identification:_identify(src/raspimouse) by extension 'colcon_pkg'
[4.917s] Level 1:colcon.colcon_core.package_identification:_identify(src/raspimouse) by extensions ['colcon_meta']
[4.918s] Level 1:colcon.colcon_core.package_identification:_identify(src/raspimouse) by extension 'colcon_meta'
[4.919s] Level 1:colcon.colcon_core.package_identification:_identify(src/raspimouse) by extensions ['ros']
[4.919s] Level 1:colcon.colcon_core.package_identification:_identify(src/raspimouse) by extension 'ros'
[4.949s] DEBUG:colcon.colcon_core.package_identification:Package 'src/raspimouse' with type 'ros.ament_python' and name 'raspimouse'
[4.950s] Level 1:colcon.colcon_core.package_identification:_identify(src/raspimouse_launch) by extensions ['ignore', 'ignore_ament_install']
[4.952s] Level 1:colcon.colcon_core.package_identification:_identify(src/raspimouse_launch) by extension 'ignore'
[4.953s] Level 1:colcon.colcon_core.package_identification:_identify(src/raspimouse_launch) by extension 'ignore_ament_install'
[4.954s] Level 1:colcon.colcon_core.package_identification:_identify(src/raspimouse_launch) by extensions ['colcon_pkg']
[4.955s] Level 1:colcon.colcon_core.package_identification:_identify(src/raspimouse_launch) by extension 'colcon_pkg'
[4.956s] Level 1:colcon.colcon_core.package_identification:_identify(src/raspimouse_launch) by extensions ['colcon_meta']
[4.956s] Level 1:colcon.colcon_core.package_identification:_identify(src/raspimouse_launch) by extension 'colcon_meta'
[4.957s] Level 1:colcon.colcon_core.package_identification:_identify(src/raspimouse_launch) by extensions ['ros']
[4.958s] Level 1:colcon.colcon_core.package_identification:_identify(src/raspimouse_launch) by extension 'ros'
[4.967s] DEBUG:colcon.colcon_core.package_identification:Package 'src/raspimouse_launch' with type 'ros.ament_cmake' and name 'raspimouse_launch'
[4.968s] Level 1:colcon.colcon_core.package_identification:_identify(src/raspimouse_msgs) by extensions ['ignore', 'ignore_ament_install']
[4.969s] Level 1:colcon.colcon_core.package_identification:_identify(src/raspimouse_msgs) by extension 'ignore'
[4.970s] Level 1:colcon.colcon_core.package_identification:_identify(src/raspimouse_msgs) by extension 'ignore_ament_install'
[4.971s] Level 1:colcon.colcon_core.package_identification:_identify(src/raspimouse_msgs) by extensions ['colcon_pkg']
[4.972s] Level 1:colcon.colcon_core.package_identification:_identify(src/raspimouse_msgs) by extension 'colcon_pkg'
[4.973s] Level 1:colcon.colcon_core.package_identification:_identify(src/raspimouse_msgs) by extensions ['colcon_meta']
[4.973s] Level 1:colcon.colcon_core.package_identification:_identify(src/raspimouse_msgs) by extension 'colcon_meta'
[4.974s] Level 1:colcon.colcon_core.package_identification:_identify(src/raspimouse_msgs) by extensions ['ros']
[4.975s] Level 1:colcon.colcon_core.package_identification:_identify(src/raspimouse_msgs) by extension 'ros'
[4.983s] DEBUG:colcon.colcon_core.package_identification:Package 'src/raspimouse_msgs' with type 'ros.ament_cmake' and name 'raspimouse_msgs'
[4.985s] Level 1:colcon.colcon_core.package_identification:_identify(src/raspimouse_run_corridor) by extensions ['ignore', 'ignore_ament_install']
[4.986s] Level 1:colcon.colcon_core.package_identification:_identify(src/raspimouse_run_corridor) by extension 'ignore'
[4.987s] Level 1:colcon.colcon_core.package_identification:_identify(src/raspimouse_run_corridor) by extension 'ignore_ament_install'
[4.988s] Level 1:colcon.colcon_core.package_identification:_identify(src/raspimouse_run_corridor) by extensions ['colcon_pkg']
[4.989s] Level 1:colcon.colcon_core.package_identification:_identify(src/raspimouse_run_corridor) by extension 'colcon_pkg'
[4.990s] Level 1:colcon.colcon_core.package_identification:_identify(src/raspimouse_run_corridor) by extensions ['colcon_meta']
[4.990s] Level 1:colcon.colcon_core.package_identification:_identify(src/raspimouse_run_corridor) by extension 'colcon_meta'
[4.991s] Level 1:colcon.colcon_core.package_identification:_identify(src/raspimouse_run_corridor) by extensions ['ros']
[4.992s] Level 1:colcon.colcon_core.package_identification:_identify(src/raspimouse_run_corridor) by extension 'ros'
[5.001s] DEBUG:colcon.colcon_core.package_identification:Package 'src/raspimouse_run_corridor' with type 'ros.ament_python' and name 'raspimouse_run_corridor'
[5.002s] Level 1:colcon.colcon_core.package_discovery:discover_packages(recursive) using defaults
[5.002s] Level 1:colcon.colcon_core.package_discovery:discover_packages(ignore) discover
[5.003s] Level 1:colcon.colcon_core.package_discovery:discover_packages(ignore) using defaults
[5.004s] Level 1:colcon.colcon_core.package_discovery:discover_packages(path) discover
[5.005s] Level 1:colcon.colcon_core.package_discovery:discover_packages(path) using defaults
[5.278s] Level 5:colcon.colcon_core.verb:set package 'raspimouse' build argument 'cmake_args' from command line to 'None'
[5.279s] Level 5:colcon.colcon_core.verb:set package 'raspimouse' build argument 'cmake_target' from command line to 'None'
[5.279s] Level 5:colcon.colcon_core.verb:set package 'raspimouse' build argument 'cmake_target_skip_unavailable' from command line to 'False'
[5.280s] Level 5:colcon.colcon_core.verb:set package 'raspimouse' build argument 'cmake_clean_cache' from command line to 'False'
[5.280s] Level 5:colcon.colcon_core.verb:set package 'raspimouse' build argument 'cmake_clean_first' from command line to 'False'
[5.281s] Level 5:colcon.colcon_core.verb:set package 'raspimouse' build argument 'cmake_force_configure' from command line to 'False'
[5.281s] Level 5:colcon.colcon_core.verb:set package 'raspimouse' build argument 'ament_cmake_args' from command line to 'None'
[5.282s] Level 5:colcon.colcon_core.verb:set package 'raspimouse' build argument 'catkin_cmake_args' from command line to 'None'
[5.283s] Level 5:colcon.colcon_core.verb:set package 'raspimouse' build argument 'catkin_skip_building_tests' from command line to 'False'
[5.284s] DEBUG:colcon.colcon_core.verb:Building package 'raspimouse' with the following arguments: {'ament_cmake_args': None, 'build_base': '/home/ubuntu/ros2_ws/build/raspimouse', 'catkin_cmake_args': None, 'catkin_skip_building_tests': False, 'cmake_args': None, 'cmake_clean_cache': False, 'cmake_clean_first': False, 'cmake_force_configure': False, 'cmake_target': None, 'cmake_target_skip_unavailable': False, 'install_base': '/home/ubuntu/ros2_ws/install/raspimouse', 'merge_install': False, 'path': '/home/ubuntu/ros2_ws/src/raspimouse', 'symlink_install': False, 'test_result_base': None}
[5.311s] Level 5:colcon.colcon_core.verb:set package 'raspimouse_msgs' build argument 'cmake_args' from command line to 'None'
[5.311s] Level 5:colcon.colcon_core.verb:set package 'raspimouse_msgs' build argument 'cmake_target' from command line to 'None'
[5.312s] Level 5:colcon.colcon_core.verb:set package 'raspimouse_msgs' build argument 'cmake_target_skip_unavailable' from command line to 'False'
[5.313s] Level 5:colcon.colcon_core.verb:set package 'raspimouse_msgs' build argument 'cmake_clean_cache' from command line to 'False'
[5.314s] Level 5:colcon.colcon_core.verb:set package 'raspimouse_msgs' build argument 'cmake_clean_first' from command line to 'False'
[5.315s] Level 5:colcon.colcon_core.verb:set package 'raspimouse_msgs' build argument 'cmake_force_configure' from command line to 'False'
[5.315s] Level 5:colcon.colcon_core.verb:set package 'raspimouse_msgs' build argument 'ament_cmake_args' from command line to 'None'
[5.316s] Level 5:colcon.colcon_core.verb:set package 'raspimouse_msgs' build argument 'catkin_cmake_args' from command line to 'None'
[5.317s] Level 5:colcon.colcon_core.verb:set package 'raspimouse_msgs' build argument 'catkin_skip_building_tests' from command line to 'False'
[5.317s] DEBUG:colcon.colcon_core.verb:Building package 'raspimouse_msgs' with the following arguments: {'ament_cmake_args': None, 'build_base': '/home/ubuntu/ros2_ws/build/raspimouse_msgs', 'catkin_cmake_args': None, 'catkin_skip_building_tests': False, 'cmake_args': None, 'cmake_clean_cache': False, 'cmake_clean_first': False, 'cmake_force_configure': False, 'cmake_target': None, 'cmake_target_skip_unavailable': False, 'install_base': '/home/ubuntu/ros2_ws/install/raspimouse_msgs', 'merge_install': False, 'path': '/home/ubuntu/ros2_ws/src/raspimouse_msgs', 'symlink_install': False, 'test_result_base': None}
[5.352s] Level 5:colcon.colcon_core.verb:set package 'raspimouse_launch' build argument 'cmake_args' from command line to 'None'
[5.353s] Level 5:colcon.colcon_core.verb:set package 'raspimouse_launch' build argument 'cmake_target' from command line to 'None'
[5.353s] Level 5:colcon.colcon_core.verb:set package 'raspimouse_launch' build argument 'cmake_target_skip_unavailable' from command line to 'False'
[5.354s] Level 5:colcon.colcon_core.verb:set package 'raspimouse_launch' build argument 'cmake_clean_cache' from command line to 'False'
[5.355s] Level 5:colcon.colcon_core.verb:set package 'raspimouse_launch' build argument 'cmake_clean_first' from command line to 'False'
[5.356s] Level 5:colcon.colcon_core.verb:set package 'raspimouse_launch' build argument 'cmake_force_configure' from command line to 'False'
[5.357s] Level 5:colcon.colcon_core.verb:set package 'raspimouse_launch' build argument 'ament_cmake_args' from command line to 'None'
[5.358s] Level 5:colcon.colcon_core.verb:set package 'raspimouse_launch' build argument 'catkin_cmake_args' from command line to 'None'
[5.359s] Level 5:colcon.colcon_core.verb:set package 'raspimouse_launch' build argument 'catkin_skip_building_tests' from command line to 'False'
[5.360s] DEBUG:colcon.colcon_core.verb:Building package 'raspimouse_launch' with the following arguments: {'ament_cmake_args': None, 'build_base': '/home/ubuntu/ros2_ws/build/raspimouse_launch', 'catkin_cmake_args': None, 'catkin_skip_building_tests': False, 'cmake_args': None, 'cmake_clean_cache': False, 'cmake_clean_first': False, 'cmake_force_configure': False, 'cmake_target': None, 'cmake_target_skip_unavailable': False, 'install_base': '/home/ubuntu/ros2_ws/install/raspimouse_launch', 'merge_install': False, 'path': '/home/ubuntu/ros2_ws/src/raspimouse_launch', 'symlink_install': False, 'test_result_base': None}
[5.393s] Level 5:colcon.colcon_core.verb:set package 'raspimouse_run_corridor' build argument 'cmake_args' from command line to 'None'
[5.394s] Level 5:colcon.colcon_core.verb:set package 'raspimouse_run_corridor' build argument 'cmake_target' from command line to 'None'
[5.395s] Level 5:colcon.colcon_core.verb:set package 'raspimouse_run_corridor' build argument 'cmake_target_skip_unavailable' from command line to 'False'
[5.396s] Level 5:colcon.colcon_core.verb:set package 'raspimouse_run_corridor' build argument 'cmake_clean_cache' from command line to 'False'
[5.397s] Level 5:colcon.colcon_core.verb:set package 'raspimouse_run_corridor' build argument 'cmake_clean_first' from command line to 'False'
[5.398s] Level 5:colcon.colcon_core.verb:set package 'raspimouse_run_corridor' build argument 'cmake_force_configure' from command line to 'False'
[5.399s] Level 5:colcon.colcon_core.verb:set package 'raspimouse_run_corridor' build argument 'ament_cmake_args' from command line to 'None'
[5.399s] Level 5:colcon.colcon_core.verb:set package 'raspimouse_run_corridor' build argument 'catkin_cmake_args' from command line to 'None'
[5.400s] Level 5:colcon.colcon_core.verb:set package 'raspimouse_run_corridor' build argument 'catkin_skip_building_tests' from command line to 'False'
[5.401s] DEBUG:colcon.colcon_core.verb:Building package 'raspimouse_run_corridor' with the following arguments: {'ament_cmake_args': None, 'build_base': '/home/ubuntu/ros2_ws/build/raspimouse_run_corridor', 'catkin_cmake_args': None, 'catkin_skip_building_tests': False, 'cmake_args': None, 'cmake_clean_cache': False, 'cmake_clean_first': False, 'cmake_force_configure': False, 'cmake_target': None, 'cmake_target_skip_unavailable': False, 'install_base': '/home/ubuntu/ros2_ws/install/raspimouse_run_corridor', 'merge_install': False, 'path': '/home/ubuntu/ros2_ws/src/raspimouse_run_corridor', 'symlink_install': False, 'test_result_base': None}
[5.405s] INFO:colcon.colcon_core.executor:Executing jobs using 'parallel' executor
[5.424s] DEBUG:colcon.colcon_parallel_executor.executor.parallel:run_until_complete
[5.427s] INFO:colcon.colcon_ros.task.ament_python.build:Building ROS package in '/home/ubuntu/ros2_ws/src/raspimouse' with build type 'ament_python'
[5.428s] Level 1:colcon.colcon_core.shell:create_environment_hook('raspimouse', 'ament_prefix_path')
[5.509s] INFO:colcon.colcon_core.plugin_system:Skipping extension 'colcon_core.shell.bat': Not used on non-Windows systems
[5.512s] INFO:colcon.colcon_core.shell:Creating environment hook '/home/ubuntu/ros2_ws/install/raspimouse/share/raspimouse/hook/ament_prefix_path.ps1'
[5.535s] INFO:colcon.colcon_core.shell:Creating environment descriptor '/home/ubuntu/ros2_ws/install/raspimouse/share/raspimouse/hook/ament_prefix_path.dsv'
[5.563s] INFO:colcon.colcon_core.shell:Creating environment hook '/home/ubuntu/ros2_ws/install/raspimouse/share/raspimouse/hook/ament_prefix_path.sh'
[5.584s] INFO:colcon.colcon_core.shell:Skip shell extension 'powershell' for command environment: Not usable outside of PowerShell
[5.585s] DEBUG:colcon.colcon_core.shell:Skip shell extension 'dsv' for command environment
[7.361s] DEBUG:colcon.colcon_core.shell:Ignoring prefix path '/opt/ros/foxy'
[7.391s] INFO:colcon.colcon_ros.task.ament_cmake.build:Building ROS package in '/home/ubuntu/ros2_ws/src/raspimouse_msgs' with build type 'ament_cmake'
[7.394s] INFO:colcon.colcon_cmake.task.cmake.build:Building CMake package in '/home/ubuntu/ros2_ws/src/raspimouse_msgs'
[7.404s] INFO:colcon.colcon_core.shell:Skip shell extension 'powershell' for command environment: Not usable outside of PowerShell
[7.405s] DEBUG:colcon.colcon_core.shell:Skip shell extension 'dsv' for command environment
[7.431s] DEBUG:colcon.colcon_core.shell:Ignoring prefix path '/opt/ros/foxy'
[9.922s] INFO:colcon.colcon_core.task.python.build:Building Python package in '/home/ubuntu/ros2_ws/src/raspimouse'
[9.929s] INFO:colcon.colcon_core.shell:Skip shell extension 'powershell' for command environment: Not usable outside of PowerShell
[9.930s] DEBUG:colcon.colcon_core.shell:Skip shell extension 'dsv' for command environment
[9.959s] DEBUG:colcon.colcon_core.shell:Ignoring prefix path '/opt/ros/foxy'
[10.057s] DEBUG:colcon.colcon_core.event_handler.log_command:Invoking command in '/home/ubuntu/ros2_ws/build/raspimouse_msgs': CMAKE_PREFIX_PATH=${CMAKE_PREFIX_PATH}:/home/ubuntu/ros2_ws/install/raspimouse_run_corridor:/home/ubuntu/ros2_ws/install/raspimouse:/opt/ros/foxy /usr/bin/cmake --build /home/ubuntu/ros2_ws/build/raspimouse_msgs -- -j4 -l4
[10.172s] DEBUG:colcon.colcon_core.event_handler.log_command:Invoking command in '/home/ubuntu/ros2_ws/src/raspimouse': PYTHONPATH=/home/ubuntu/ros2_ws/install/raspimouse/lib/python3.8/site-packages:${PYTHONPATH} /usr/bin/python3 setup.py egg_info --egg-base ../../build/raspimouse build --build-base /home/ubuntu/ros2_ws/build/raspimouse/build install --prefix /home/ubuntu/ros2_ws/install/raspimouse --record /home/ubuntu/ros2_ws/build/raspimouse/install.log --single-version-externally-managed
[14.855s] DEBUG:colcon.colcon_core.event_handler.log_command:Invoked command in '/home/ubuntu/ros2_ws/build/raspimouse_msgs' returned '0': CMAKE_PREFIX_PATH=${CMAKE_PREFIX_PATH}:/home/ubuntu/ros2_ws/install/raspimouse_run_corridor:/home/ubuntu/ros2_ws/install/raspimouse:/opt/ros/foxy /usr/bin/cmake --build /home/ubuntu/ros2_ws/build/raspimouse_msgs -- -j4 -l4
[15.240s] DEBUG:colcon.colcon_core.event_handler.log_command:Invoked command in '/home/ubuntu/ros2_ws/src/raspimouse' returned '0': PYTHONPATH=/home/ubuntu/ros2_ws/install/raspimouse/lib/python3.8/site-packages:${PYTHONPATH} /usr/bin/python3 setup.py egg_info --egg-base ../../build/raspimouse build --build-base /home/ubuntu/ros2_ws/build/raspimouse/build install --prefix /home/ubuntu/ros2_ws/install/raspimouse --record /home/ubuntu/ros2_ws/build/raspimouse/install.log --single-version-externally-managed
[15.317s] Level 1:colcon.colcon_core.environment:checking '/home/ubuntu/ros2_ws/install/raspimouse' for CMake module files
[15.324s] Level 1:colcon.colcon_core.environment:checking '/home/ubuntu/ros2_ws/install/raspimouse' for CMake config files
[15.335s] Level 1:colcon.colcon_core.environment:checking '/home/ubuntu/ros2_ws/install/raspimouse/lib'
[15.338s] Level 1:colcon.colcon_core.environment:checking '/home/ubuntu/ros2_ws/install/raspimouse/bin'
[15.340s] Level 1:colcon.colcon_core.environment:checking '/home/ubuntu/ros2_ws/install/raspimouse/lib/pkgconfig/raspimouse.pc'
[15.341s] Level 1:colcon.colcon_core.environment:checking '/home/ubuntu/ros2_ws/install/raspimouse/lib/python3.8/site-packages'
[15.342s] Level 1:colcon.colcon_core.shell:create_environment_hook('raspimouse', 'pythonpath')
[15.350s] INFO:colcon.colcon_core.shell:Creating environment hook '/home/ubuntu/ros2_ws/install/raspimouse/share/raspimouse/hook/pythonpath.ps1'
[15.356s] INFO:colcon.colcon_core.shell:Creating environment descriptor '/home/ubuntu/ros2_ws/install/raspimouse/share/raspimouse/hook/pythonpath.dsv'
[15.361s] INFO:colcon.colcon_core.shell:Creating environment hook '/home/ubuntu/ros2_ws/install/raspimouse/share/raspimouse/hook/pythonpath.sh'
[15.367s] Level 1:colcon.colcon_core.environment:create_environment_scripts_only(raspimouse)
[15.376s] INFO:colcon.colcon_core.shell:Creating package script '/home/ubuntu/ros2_ws/install/raspimouse/share/raspimouse/package.ps1'
[15.391s] INFO:colcon.colcon_core.shell:Creating package descriptor '/home/ubuntu/ros2_ws/install/raspimouse/share/raspimouse/package.dsv'
[15.404s] INFO:colcon.colcon_core.shell:Creating package script '/home/ubuntu/ros2_ws/install/raspimouse/share/raspimouse/package.sh'
[15.419s] INFO:colcon.colcon_core.shell:Creating package script '/home/ubuntu/ros2_ws/install/raspimouse/share/raspimouse/package.bash'
[15.435s] INFO:colcon.colcon_core.shell:Creating package script '/home/ubuntu/ros2_ws/install/raspimouse/share/raspimouse/package.zsh'
[15.448s] Level 1:colcon.colcon_core.environment:create_file_with_runtime_dependencies(/home/ubuntu/ros2_ws/install/raspimouse/share/colcon-core/packages/raspimouse)
[15.461s] INFO:colcon.colcon_ros.task.ament_cmake.build:Building ROS package in '/home/ubuntu/ros2_ws/src/raspimouse_launch' with build type 'ament_cmake'
[15.464s] INFO:colcon.colcon_cmake.task.cmake.build:Building CMake package in '/home/ubuntu/ros2_ws/src/raspimouse_launch'
[15.471s] INFO:colcon.colcon_core.shell:Skip shell extension 'powershell' for command environment: Not usable outside of PowerShell
[15.472s] DEBUG:colcon.colcon_core.shell:Skip shell extension 'dsv' for command environment
[15.498s] DEBUG:colcon.colcon_core.shell:Ignoring prefix path '/opt/ros/foxy'
[15.527s] INFO:colcon.colcon_ros.task.ament_python.build:Building ROS package in '/home/ubuntu/ros2_ws/src/raspimouse_run_corridor' with build type 'ament_python'
[15.529s] Level 1:colcon.colcon_core.shell:create_environment_hook('raspimouse_run_corridor', 'ament_prefix_path')
[15.540s] INFO:colcon.colcon_core.shell:Creating environment hook '/home/ubuntu/ros2_ws/install/raspimouse_run_corridor/share/raspimouse_run_corridor/hook/ament_prefix_path.ps1'
[15.546s] INFO:colcon.colcon_core.shell:Creating environment descriptor '/home/ubuntu/ros2_ws/install/raspimouse_run_corridor/share/raspimouse_run_corridor/hook/ament_prefix_path.dsv'
[15.553s] INFO:colcon.colcon_core.shell:Creating environment hook '/home/ubuntu/ros2_ws/install/raspimouse_run_corridor/share/raspimouse_run_corridor/hook/ament_prefix_path.sh'
[15.565s] INFO:colcon.colcon_core.shell:Skip shell extension 'powershell' for command environment: Not usable outside of PowerShell
[15.566s] DEBUG:colcon.colcon_core.shell:Skip shell extension 'dsv' for command environment
[15.594s] DEBUG:colcon.colcon_core.shell:Ignoring prefix path '/opt/ros/foxy'
[15.666s] DEBUG:colcon.colcon_core.event_handler.log_command:Invoking command in '/home/ubuntu/ros2_ws/build/raspimouse_launch': AMENT_PREFIX_PATH=/home/ubuntu/ros2_ws/install/raspimouse:/home/ubuntu/ros2_ws/install/raspimouse_run_corridor:/home/ubuntu/ros2_ws/install/raspimouse_msgs:/home/ubuntu/ros2_ws/install/raspimouse_launch:/opt/ros/foxy CMAKE_PREFIX_PATH=${CMAKE_PREFIX_PATH}:/home/ubuntu/ros2_ws/install/raspimouse_run_corridor:/home/ubuntu/ros2_ws/install/raspimouse:/opt/ros/foxy PYTHONPATH=/home/ubuntu/ros2_ws/install/raspimouse/lib/python3.8/site-packages:/home/ubuntu/ros2_ws/install/raspimouse_run_corridor/lib/python3.8/site-packages:/home/ubuntu/ros2_ws/install/raspimouse_msgs/lib/python3.8/site-packages:/opt/ros/foxy/lib/python3.8/site-packages /usr/bin/cmake --build /home/ubuntu/ros2_ws/build/raspimouse_launch -- -j4 -l4
[18.973s] INFO:colcon.colcon_core.task.python.build:Building Python package in '/home/ubuntu/ros2_ws/src/raspimouse_run_corridor'
[18.980s] INFO:colcon.colcon_core.shell:Skip shell extension 'powershell' for command environment: Not usable outside of PowerShell
[18.981s] DEBUG:colcon.colcon_core.shell:Skip shell extension 'dsv' for command environment
[19.003s] DEBUG:colcon.colcon_core.shell:Ignoring prefix path '/opt/ros/foxy'
[19.043s] DEBUG:colcon.colcon_core.event_handler.log_command:Invoked command in '/home/ubuntu/ros2_ws/build/raspimouse_launch' returned '0': AMENT_PREFIX_PATH=/home/ubuntu/ros2_ws/install/raspimouse:/home/ubuntu/ros2_ws/install/raspimouse_run_corridor:/home/ubuntu/ros2_ws/install/raspimouse_msgs:/home/ubuntu/ros2_ws/install/raspimouse_launch:/opt/ros/foxy CMAKE_PREFIX_PATH=${CMAKE_PREFIX_PATH}:/home/ubuntu/ros2_ws/install/raspimouse_run_corridor:/home/ubuntu/ros2_ws/install/raspimouse:/opt/ros/foxy PYTHONPATH=/home/ubuntu/ros2_ws/install/raspimouse/lib/python3.8/site-packages:/home/ubuntu/ros2_ws/install/raspimouse_run_corridor/lib/python3.8/site-packages:/home/ubuntu/ros2_ws/install/raspimouse_msgs/lib/python3.8/site-packages:/opt/ros/foxy/lib/python3.8/site-packages /usr/bin/cmake --build /home/ubuntu/ros2_ws/build/raspimouse_launch -- -j4 -l4
[19.369s] DEBUG:colcon.colcon_core.event_handler.log_command:Invoking command in '/home/ubuntu/ros2_ws/build/raspimouse_msgs': CMAKE_PREFIX_PATH=${CMAKE_PREFIX_PATH}:/home/ubuntu/ros2_ws/install/raspimouse_run_corridor:/home/ubuntu/ros2_ws/install/raspimouse:/opt/ros/foxy /usr/bin/cmake --install /home/ubuntu/ros2_ws/build/raspimouse_msgs
[19.433s] DEBUG:colcon.colcon_core.event_handler.log_command:Invoking command in '/home/ubuntu/ros2_ws/src/raspimouse_run_corridor': AMENT_PREFIX_PATH=/home/ubuntu/ros2_ws/install/raspimouse:/home/ubuntu/ros2_ws/install/raspimouse_run_corridor:/home/ubuntu/ros2_ws/install/raspimouse_msgs:/home/ubuntu/ros2_ws/install/raspimouse_launch:/opt/ros/foxy PYTHONPATH=/home/ubuntu/ros2_ws/install/raspimouse_run_corridor/lib/python3.8/site-packages:/home/ubuntu/ros2_ws/install/raspimouse/lib/python3.8/site-packages:/home/ubuntu/ros2_ws/install/raspimouse_run_corridor/lib/python3.8/site-packages:/home/ubuntu/ros2_ws/install/raspimouse_msgs/lib/python3.8/site-packages:/opt/ros/foxy/lib/python3.8/site-packages /usr/bin/python3 setup.py egg_info --egg-base ../../build/raspimouse_run_corridor build --build-base /home/ubuntu/ros2_ws/build/raspimouse_run_corridor/build install --prefix /home/ubuntu/ros2_ws/install/raspimouse_run_corridor --record /home/ubuntu/ros2_ws/build/raspimouse_run_corridor/install.log --single-version-externally-managed
[20.012s] DEBUG:colcon.colcon_core.event_handler.log_command:Invoking command in '/home/ubuntu/ros2_ws/build/raspimouse_launch': AMENT_PREFIX_PATH=/home/ubuntu/ros2_ws/install/raspimouse:/home/ubuntu/ros2_ws/install/raspimouse_run_corridor:/home/ubuntu/ros2_ws/install/raspimouse_msgs:/home/ubuntu/ros2_ws/install/raspimouse_launch:/opt/ros/foxy CMAKE_PREFIX_PATH=${CMAKE_PREFIX_PATH}:/home/ubuntu/ros2_ws/install/raspimouse_run_corridor:/home/ubuntu/ros2_ws/install/raspimouse:/opt/ros/foxy PYTHONPATH=/home/ubuntu/ros2_ws/install/raspimouse/lib/python3.8/site-packages:/home/ubuntu/ros2_ws/install/raspimouse_run_corridor/lib/python3.8/site-packages:/home/ubuntu/ros2_ws/install/raspimouse_msgs/lib/python3.8/site-packages:/opt/ros/foxy/lib/python3.8/site-packages /usr/bin/cmake --install /home/ubuntu/ros2_ws/build/raspimouse_launch
[20.135s] Level 1:colcon.colcon_core.environment:create_environment_scripts_only(raspimouse_launch)
[20.154s] Level 1:colcon.colcon_core.environment:checking '/home/ubuntu/ros2_ws/install/raspimouse_launch' for CMake module files
[20.170s] Level 1:colcon.colcon_core.environment:checking '/home/ubuntu/ros2_ws/install/raspimouse_launch' for CMake config files
[20.183s] Level 1:colcon.colcon_core.shell:create_environment_hook('raspimouse_launch', 'cmake_prefix_path')
[20.199s] INFO:colcon.colcon_core.shell:Creating environment hook '/home/ubuntu/ros2_ws/install/raspimouse_launch/share/raspimouse_launch/hook/cmake_prefix_path.ps1'
[20.209s] INFO:colcon.colcon_core.shell:Creating environment descriptor '/home/ubuntu/ros2_ws/install/raspimouse_launch/share/raspimouse_launch/hook/cmake_prefix_path.dsv'
[20.245s] INFO:colcon.colcon_core.shell:Creating environment hook '/home/ubuntu/ros2_ws/install/raspimouse_launch/share/raspimouse_launch/hook/cmake_prefix_path.sh'
[20.256s] Level 1:colcon.colcon_core.environment:checking '/home/ubuntu/ros2_ws/install/raspimouse_launch/bin'
[20.257s] Level 1:colcon.colcon_core.environment:checking '/home/ubuntu/ros2_ws/install/raspimouse_launch/lib/pkgconfig/raspimouse_launch.pc'
[20.283s] Level 1:colcon.colcon_core.environment:checking '/home/ubuntu/ros2_ws/install/raspimouse_launch/lib/python3.8/site-packages'
[20.295s] INFO:colcon.colcon_core.shell:Creating package script '/home/ubuntu/ros2_ws/install/raspimouse_launch/share/raspimouse_launch/package.ps1'
[20.308s] INFO:colcon.colcon_core.shell:Creating package descriptor '/home/ubuntu/ros2_ws/install/raspimouse_launch/share/raspimouse_launch/package.dsv'
[20.330s] INFO:colcon.colcon_core.shell:Creating package script '/home/ubuntu/ros2_ws/install/raspimouse_launch/share/raspimouse_launch/package.sh'
[20.348s] INFO:colcon.colcon_core.shell:Creating package script '/home/ubuntu/ros2_ws/install/raspimouse_launch/share/raspimouse_launch/package.bash'
[20.354s] INFO:colcon.colcon_core.shell:Creating package script '/home/ubuntu/ros2_ws/install/raspimouse_launch/share/raspimouse_launch/package.zsh'
[20.383s] Level 1:colcon.colcon_core.environment:create_file_with_runtime_dependencies(/home/ubuntu/ros2_ws/install/raspimouse_launch/share/colcon-core/packages/raspimouse_launch)
[20.450s] DEBUG:colcon.colcon_core.event_handler.log_command:Invoked command in '/home/ubuntu/ros2_ws/build/raspimouse_launch' returned '0': AMENT_PREFIX_PATH=/home/ubuntu/ros2_ws/install/raspimouse:/home/ubuntu/ros2_ws/install/raspimouse_run_corridor:/home/ubuntu/ros2_ws/install/raspimouse_msgs:/home/ubuntu/ros2_ws/install/raspimouse_launch:/opt/ros/foxy CMAKE_PREFIX_PATH=${CMAKE_PREFIX_PATH}:/home/ubuntu/ros2_ws/install/raspimouse_run_corridor:/home/ubuntu/ros2_ws/install/raspimouse:/opt/ros/foxy PYTHONPATH=/home/ubuntu/ros2_ws/install/raspimouse/lib/python3.8/site-packages:/home/ubuntu/ros2_ws/install/raspimouse_run_corridor/lib/python3.8/site-packages:/home/ubuntu/ros2_ws/install/raspimouse_msgs/lib/python3.8/site-packages:/opt/ros/foxy/lib/python3.8/site-packages /usr/bin/cmake --install /home/ubuntu/ros2_ws/build/raspimouse_launch
[20.944s] Level 1:colcon.colcon_core.environment:create_environment_scripts_only(raspimouse_launch)
[20.974s] Level 1:colcon.colcon_core.environment:checking '/home/ubuntu/ros2_ws/install/raspimouse_launch' for CMake module files
[20.997s] Level 1:colcon.colcon_core.environment:checking '/home/ubuntu/ros2_ws/install/raspimouse_launch' for CMake config files
[21.015s] Level 1:colcon.colcon_core.shell:create_environment_hook('raspimouse_launch', 'cmake_prefix_path')
[21.023s] INFO:colcon.colcon_core.shell:Creating environment hook '/home/ubuntu/ros2_ws/install/raspimouse_launch/share/raspimouse_launch/hook/cmake_prefix_path.ps1'
[21.037s] INFO:colcon.colcon_core.shell:Creating environment descriptor '/home/ubuntu/ros2_ws/install/raspimouse_launch/share/raspimouse_launch/hook/cmake_prefix_path.dsv'
[21.051s] INFO:colcon.colcon_core.shell:Creating environment hook '/home/ubuntu/ros2_ws/install/raspimouse_launch/share/raspimouse_launch/hook/cmake_prefix_path.sh'
[21.069s] Level 1:colcon.colcon_core.environment:checking '/home/ubuntu/ros2_ws/install/raspimouse_launch/bin'
[21.070s] Level 1:colcon.colcon_core.environment:checking '/home/ubuntu/ros2_ws/install/raspimouse_launch/lib/pkgconfig/raspimouse_launch.pc'
[21.074s] Level 1:colcon.colcon_core.environment:checking '/home/ubuntu/ros2_ws/install/raspimouse_launch/lib/python3.8/site-packages'
[21.131s] INFO:colcon.colcon_core.shell:Creating package script '/home/ubuntu/ros2_ws/install/raspimouse_launch/share/raspimouse_launch/package.ps1'
[21.148s] INFO:colcon.colcon_core.shell:Creating package descriptor '/home/ubuntu/ros2_ws/install/raspimouse_launch/share/raspimouse_launch/package.dsv'
[21.159s] INFO:colcon.colcon_core.shell:Creating package script '/home/ubuntu/ros2_ws/install/raspimouse_launch/share/raspimouse_launch/package.sh'
[21.179s] INFO:colcon.colcon_core.shell:Creating package script '/home/ubuntu/ros2_ws/install/raspimouse_launch/share/raspimouse_launch/package.bash'
[21.187s] INFO:colcon.colcon_core.shell:Creating package script '/home/ubuntu/ros2_ws/install/raspimouse_launch/share/raspimouse_launch/package.zsh'
[21.203s] Level 1:colcon.colcon_core.environment:create_file_with_runtime_dependencies(/home/ubuntu/ros2_ws/install/raspimouse_launch/share/colcon-core/packages/raspimouse_launch)
[21.228s] Level 1:colcon.colcon_core.environment:create_environment_scripts_only(raspimouse_msgs)
[21.232s] DEBUG:colcon.colcon_core.event_handler.log_command:Invoked command in '/home/ubuntu/ros2_ws/build/raspimouse_msgs' returned '0': CMAKE_PREFIX_PATH=${CMAKE_PREFIX_PATH}:/home/ubuntu/ros2_ws/install/raspimouse_run_corridor:/home/ubuntu/ros2_ws/install/raspimouse:/opt/ros/foxy /usr/bin/cmake --install /home/ubuntu/ros2_ws/build/raspimouse_msgs
[21.243s] Level 1:colcon.colcon_core.environment:checking '/home/ubuntu/ros2_ws/install/raspimouse_msgs' for CMake module files
[21.261s] Level 1:colcon.colcon_core.environment:checking '/home/ubuntu/ros2_ws/install/raspimouse_msgs' for CMake config files
[21.283s] Level 1:colcon.colcon_core.shell:create_environment_hook('raspimouse_msgs', 'cmake_prefix_path')
[21.303s] INFO:colcon.colcon_core.shell:Creating environment hook '/home/ubuntu/ros2_ws/install/raspimouse_msgs/share/raspimouse_msgs/hook/cmake_prefix_path.ps1'
[21.309s] INFO:colcon.colcon_core.shell:Creating environment descriptor '/home/ubuntu/ros2_ws/install/raspimouse_msgs/share/raspimouse_msgs/hook/cmake_prefix_path.dsv'
[21.326s] INFO:colcon.colcon_core.shell:Creating environment hook '/home/ubuntu/ros2_ws/install/raspimouse_msgs/share/raspimouse_msgs/hook/cmake_prefix_path.sh'
[21.333s] Level 1:colcon.colcon_core.environment:checking '/home/ubuntu/ros2_ws/install/raspimouse_msgs/lib'
[21.347s] Level 1:colcon.colcon_core.shell:create_environment_hook('raspimouse_msgs', 'ld_library_path_lib')
[21.355s] INFO:colcon.colcon_core.shell:Creating environment hook '/home/ubuntu/ros2_ws/install/raspimouse_msgs/share/raspimouse_msgs/hook/ld_library_path_lib.ps1'
[21.372s] INFO:colcon.colcon_core.shell:Creating environment descriptor '/home/ubuntu/ros2_ws/install/raspimouse_msgs/share/raspimouse_msgs/hook/ld_library_path_lib.dsv'
[21.378s] INFO:colcon.colcon_core.shell:Creating environment hook '/home/ubuntu/ros2_ws/install/raspimouse_msgs/share/raspimouse_msgs/hook/ld_library_path_lib.sh'
[21.395s] Level 1:colcon.colcon_core.environment:checking '/home/ubuntu/ros2_ws/install/raspimouse_msgs/bin'
[21.397s] Level 1:colcon.colcon_core.environment:checking '/home/ubuntu/ros2_ws/install/raspimouse_msgs/lib/pkgconfig/raspimouse_msgs.pc'
[21.398s] Level 1:colcon.colcon_core.environment:checking '/home/ubuntu/ros2_ws/install/raspimouse_msgs/lib/python3.8/site-packages'
[21.399s] Level 1:colcon.colcon_core.shell:create_environment_hook('raspimouse_msgs', 'pythonpath')
[21.419s] INFO:colcon.colcon_core.shell:Creating environment hook '/home/ubuntu/ros2_ws/install/raspimouse_msgs/share/raspimouse_msgs/hook/pythonpath.ps1'
[21.424s] INFO:colcon.colcon_core.shell:Creating environment descriptor '/home/ubuntu/ros2_ws/install/raspimouse_msgs/share/raspimouse_msgs/hook/pythonpath.dsv'
[21.441s] INFO:colcon.colcon_core.shell:Creating environment hook '/home/ubuntu/ros2_ws/install/raspimouse_msgs/share/raspimouse_msgs/hook/pythonpath.sh'
[21.466s] INFO:colcon.colcon_core.shell:Creating package script '/home/ubuntu/ros2_ws/install/raspimouse_msgs/share/raspimouse_msgs/package.ps1'
[21.476s] INFO:colcon.colcon_core.shell:Creating package descriptor '/home/ubuntu/ros2_ws/install/raspimouse_msgs/share/raspimouse_msgs/package.dsv'
[21.485s] INFO:colcon.colcon_core.shell:Creating package script '/home/ubuntu/ros2_ws/install/raspimouse_msgs/share/raspimouse_msgs/package.sh'
[21.492s] INFO:colcon.colcon_core.shell:Creating package script '/home/ubuntu/ros2_ws/install/raspimouse_msgs/share/raspimouse_msgs/package.bash'
[21.607s] INFO:colcon.colcon_core.shell:Creating package script '/home/ubuntu/ros2_ws/install/raspimouse_msgs/share/raspimouse_msgs/package.zsh'
[21.612s] Level 1:colcon.colcon_core.environment:create_file_with_runtime_dependencies(/home/ubuntu/ros2_ws/install/raspimouse_msgs/share/colcon-core/packages/raspimouse_msgs)
[25.425s] DEBUG:colcon.colcon_core.event_handler.log_command:Invoked command in '/home/ubuntu/ros2_ws/src/raspimouse_run_corridor' returned '0': AMENT_PREFIX_PATH=/home/ubuntu/ros2_ws/install/raspimouse:/home/ubuntu/ros2_ws/install/raspimouse_run_corridor:/home/ubuntu/ros2_ws/install/raspimouse_msgs:/home/ubuntu/ros2_ws/install/raspimouse_launch:/opt/ros/foxy PYTHONPATH=/home/ubuntu/ros2_ws/install/raspimouse_run_corridor/lib/python3.8/site-packages:/home/ubuntu/ros2_ws/install/raspimouse/lib/python3.8/site-packages:/home/ubuntu/ros2_ws/install/raspimouse_run_corridor/lib/python3.8/site-packages:/home/ubuntu/ros2_ws/install/raspimouse_msgs/lib/python3.8/site-packages:/opt/ros/foxy/lib/python3.8/site-packages /usr/bin/python3 setup.py egg_info --egg-base ../../build/raspimouse_run_corridor build --build-base /home/ubuntu/ros2_ws/build/raspimouse_run_corridor/build install --prefix /home/ubuntu/ros2_ws/install/raspimouse_run_corridor --record /home/ubuntu/ros2_ws/build/raspimouse_run_corridor/install.log --single-version-externally-managed
[25.436s] Level 1:colcon.colcon_core.environment:checking '/home/ubuntu/ros2_ws/install/raspimouse_run_corridor' for CMake module files
[25.444s] Level 1:colcon.colcon_core.environment:checking '/home/ubuntu/ros2_ws/install/raspimouse_run_corridor' for CMake config files
[25.455s] Level 1:colcon.colcon_core.environment:checking '/home/ubuntu/ros2_ws/install/raspimouse_run_corridor/lib'
[25.457s] Level 1:colcon.colcon_core.environment:checking '/home/ubuntu/ros2_ws/install/raspimouse_run_corridor/bin'
[25.460s] Level 1:colcon.colcon_core.environment:checking '/home/ubuntu/ros2_ws/install/raspimouse_run_corridor/lib/pkgconfig/raspimouse_run_corridor.pc'
[25.462s] Level 1:colcon.colcon_core.environment:checking '/home/ubuntu/ros2_ws/install/raspimouse_run_corridor/lib/python3.8/site-packages'
[25.463s] Level 1:colcon.colcon_core.shell:create_environment_hook('raspimouse_run_corridor', 'pythonpath')
[25.472s] INFO:colcon.colcon_core.shell:Creating environment hook '/home/ubuntu/ros2_ws/install/raspimouse_run_corridor/share/raspimouse_run_corridor/hook/pythonpath.ps1'
[25.479s] INFO:colcon.colcon_core.shell:Creating environment descriptor '/home/ubuntu/ros2_ws/install/raspimouse_run_corridor/share/raspimouse_run_corridor/hook/pythonpath.dsv'
[25.485s] INFO:colcon.colcon_core.shell:Creating environment hook '/home/ubuntu/ros2_ws/install/raspimouse_run_corridor/share/raspimouse_run_corridor/hook/pythonpath.sh'
[25.491s] Level 1:colcon.colcon_core.environment:create_environment_scripts_only(raspimouse_run_corridor)
[25.501s] INFO:colcon.colcon_core.shell:Creating package script '/home/ubuntu/ros2_ws/install/raspimouse_run_corridor/share/raspimouse_run_corridor/package.ps1'
[25.508s] INFO:colcon.colcon_core.shell:Creating package descriptor '/home/ubuntu/ros2_ws/install/raspimouse_run_corridor/share/raspimouse_run_corridor/package.dsv'
[25.516s] INFO:colcon.colcon_core.shell:Creating package script '/home/ubuntu/ros2_ws/install/raspimouse_run_corridor/share/raspimouse_run_corridor/package.sh'
[25.524s] INFO:colcon.colcon_core.shell:Creating package script '/home/ubuntu/ros2_ws/install/raspimouse_run_corridor/share/raspimouse_run_corridor/package.bash'
[25.530s] INFO:colcon.colcon_core.shell:Creating package script '/home/ubuntu/ros2_ws/install/raspimouse_run_corridor/share/raspimouse_run_corridor/package.zsh'
[25.536s] Level 1:colcon.colcon_core.environment:create_file_with_runtime_dependencies(/home/ubuntu/ros2_ws/install/raspimouse_run_corridor/share/colcon-core/packages/raspimouse_run_corridor)
[25.751s] Level 1:colcon.colcon_core.environment:create_environment_scripts_only(raspimouse_msgs)
[25.766s] Level 1:colcon.colcon_core.environment:checking '/home/ubuntu/ros2_ws/install/raspimouse_msgs' for CMake module files
[25.792s] Level 1:colcon.colcon_core.environment:checking '/home/ubuntu/ros2_ws/install/raspimouse_msgs' for CMake config files
[25.804s] Level 1:colcon.colcon_core.shell:create_environment_hook('raspimouse_msgs', 'cmake_prefix_path')
[25.812s] INFO:colcon.colcon_core.shell:Creating environment hook '/home/ubuntu/ros2_ws/install/raspimouse_msgs/share/raspimouse_msgs/hook/cmake_prefix_path.ps1'
[25.817s] INFO:colcon.colcon_core.shell:Creating environment descriptor '/home/ubuntu/ros2_ws/install/raspimouse_msgs/share/raspimouse_msgs/hook/cmake_prefix_path.dsv'
[25.823s] INFO:colcon.colcon_core.shell:Creating environment hook '/home/ubuntu/ros2_ws/install/raspimouse_msgs/share/raspimouse_msgs/hook/cmake_prefix_path.sh'
[25.831s] Level 1:colcon.colcon_core.environment:checking '/home/ubuntu/ros2_ws/install/raspimouse_msgs/lib'
[25.833s] Level 1:colcon.colcon_core.shell:create_environment_hook('raspimouse_msgs', 'ld_library_path_lib')
[25.840s] INFO:colcon.colcon_core.shell:Creating environment hook '/home/ubuntu/ros2_ws/install/raspimouse_msgs/share/raspimouse_msgs/hook/ld_library_path_lib.ps1'
[25.846s] INFO:colcon.colcon_core.shell:Creating environment descriptor '/home/ubuntu/ros2_ws/install/raspimouse_msgs/share/raspimouse_msgs/hook/ld_library_path_lib.dsv'
[25.851s] INFO:colcon.colcon_core.shell:Creating environment hook '/home/ubuntu/ros2_ws/install/raspimouse_msgs/share/raspimouse_msgs/hook/ld_library_path_lib.sh'
[25.857s] Level 1:colcon.colcon_core.environment:checking '/home/ubuntu/ros2_ws/install/raspimouse_msgs/bin'
[25.858s] Level 1:colcon.colcon_core.environment:checking '/home/ubuntu/ros2_ws/install/raspimouse_msgs/lib/pkgconfig/raspimouse_msgs.pc'
[25.860s] Level 1:colcon.colcon_core.environment:checking '/home/ubuntu/ros2_ws/install/raspimouse_msgs/lib/python3.8/site-packages'
[25.861s] Level 1:colcon.colcon_core.shell:create_environment_hook('raspimouse_msgs', 'pythonpath')
[25.872s] INFO:colcon.colcon_core.shell:Creating environment hook '/home/ubuntu/ros2_ws/install/raspimouse_msgs/share/raspimouse_msgs/hook/pythonpath.ps1'
[25.877s] INFO:colcon.colcon_core.shell:Creating environment descriptor '/home/ubuntu/ros2_ws/install/raspimouse_msgs/share/raspimouse_msgs/hook/pythonpath.dsv'
[25.884s] INFO:colcon.colcon_core.shell:Creating environment hook '/home/ubuntu/ros2_ws/install/raspimouse_msgs/share/raspimouse_msgs/hook/pythonpath.sh'
[25.897s] INFO:colcon.colcon_core.shell:Creating package script '/home/ubuntu/ros2_ws/install/raspimouse_msgs/share/raspimouse_msgs/package.ps1'
[25.904s] INFO:colcon.colcon_core.shell:Creating package descriptor '/home/ubuntu/ros2_ws/install/raspimouse_msgs/share/raspimouse_msgs/package.dsv'
[25.911s] INFO:colcon.colcon_core.shell:Creating package script '/home/ubuntu/ros2_ws/install/raspimouse_msgs/share/raspimouse_msgs/package.sh'
[25.918s] INFO:colcon.colcon_core.shell:Creating package script '/home/ubuntu/ros2_ws/install/raspimouse_msgs/share/raspimouse_msgs/package.bash'
[25.923s] INFO:colcon.colcon_core.shell:Creating package script '/home/ubuntu/ros2_ws/install/raspimouse_msgs/share/raspimouse_msgs/package.zsh'
[25.929s] Level 1:colcon.colcon_core.environment:create_file_with_runtime_dependencies(/home/ubuntu/ros2_ws/install/raspimouse_msgs/share/colcon-core/packages/raspimouse_msgs)
[25.933s] DEBUG:colcon.colcon_parallel_executor.executor.parallel:closing loop
[25.938s] DEBUG:colcon.colcon_parallel_executor.executor.parallel:loop closed
[25.941s] DEBUG:colcon.colcon_parallel_executor.executor.parallel:run_until_complete finished with '0'
[25.942s] DEBUG:colcon.colcon_core.event_reactor:joining thread
[26.252s] INFO:colcon.colcon_core.plugin_system:Skipping extension 'colcon_notification.desktop_notification.notify_send': Could not find 'notify-send'
[26.253s] INFO:colcon.colcon_core.plugin_system:Skipping extension 'colcon_notification.desktop_notification.terminal_notifier': Not used on non-Darwin systems
[26.255s] INFO:colcon.colcon_core.plugin_system:Skipping extension 'colcon_notification.desktop_notification.win32': Not used on non-Windows systems
[26.256s] INFO:colcon.colcon_notification.desktop_notification:Sending desktop notification using 'notify2'
[26.321s] DEBUG:colcon.colcon_notification.desktop_notification.notify2:Failed to initialize notify2: org.freedesktop.DBus.Error.ServiceUnknown: The name org.freedesktop.Notifications was not provided by any .service files
[26.322s] DEBUG:colcon.colcon_core.event_reactor:joined thread
[26.330s] INFO:colcon.colcon_core.shell:Creating prefix script '/home/ubuntu/ros2_ws/install/local_setup.ps1'
[26.341s] INFO:colcon.colcon_core.shell:Creating prefix util module '/home/ubuntu/ros2_ws/install/_local_setup_util_ps1.py'
[26.637s] INFO:colcon.colcon_core.shell:Creating prefix chain script '/home/ubuntu/ros2_ws/install/setup.ps1'
[26.665s] INFO:colcon.colcon_core.shell:Creating prefix script '/home/ubuntu/ros2_ws/install/local_setup.sh'
[26.675s] INFO:colcon.colcon_core.shell:Creating prefix util module '/home/ubuntu/ros2_ws/install/_local_setup_util_sh.py'
[26.683s] INFO:colcon.colcon_core.shell:Creating prefix chain script '/home/ubuntu/ros2_ws/install/setup.sh'
[26.714s] INFO:colcon.colcon_core.shell:Creating prefix script '/home/ubuntu/ros2_ws/install/local_setup.bash'
[26.722s] INFO:colcon.colcon_core.shell:Creating prefix chain script '/home/ubuntu/ros2_ws/install/setup.bash'
[26.751s] INFO:colcon.colcon_core.shell:Creating prefix script '/home/ubuntu/ros2_ws/install/local_setup.zsh'
[26.759s] INFO:colcon.colcon_core.shell:Creating prefix chain script '/home/ubuntu/ros2_ws/install/setup.zsh'
