[1.992s] Invoking command in '/home/ubuntu/ros2_ws/src/raspimouse': PYTHONPATH=/home/ubuntu/ros2_ws/install/raspimouse/lib/python3.8/site-packages:${PYTHONPATH} /usr/bin/python3 setup.py egg_info --egg-base ../../build/raspimouse build --build-base /home/ubuntu/ros2_ws/build/raspimouse/build install --prefix /home/ubuntu/ros2_ws/install/raspimouse --record /home/ubuntu/ros2_ws/build/raspimouse/install.log --single-version-externally-managed
[3.710s] running egg_info
[3.715s] writing ../../build/raspimouse/raspimouse.egg-info/PKG-INFO
[3.722s] writing dependency_links to ../../build/raspimouse/raspimouse.egg-info/dependency_links.txt
[3.724s] writing entry points to ../../build/raspimouse/raspimouse.egg-info/entry_points.txt
[3.726s] writing requirements to ../../build/raspimouse/raspimouse.egg-info/requires.txt
[3.727s] writing top-level names to ../../build/raspimouse/raspimouse.egg-info/top_level.txt
[4.049s] reading manifest file '../../build/raspimouse/raspimouse.egg-info/SOURCES.txt'
[4.059s] writing manifest file '../../build/raspimouse/raspimouse.egg-info/SOURCES.txt'
[4.062s] running build
[4.063s] running build_py
[4.065s] running install
[4.073s] running install_lib
[4.087s] running install_data
[4.092s] running install_egg_info
[4.107s] removing '/home/ubuntu/ros2_ws/install/raspimouse/lib/python3.8/site-packages/raspimouse-0.0.0-py3.8.egg-info' (and everything under it)
[4.111s] Copying ../../build/raspimouse/raspimouse.egg-info to /home/ubuntu/ros2_ws/install/raspimouse/lib/python3.8/site-packages/raspimouse-0.0.0-py3.8.egg-info
[4.127s] running install_scripts
[4.268s] Installing buzzer_node script to /home/ubuntu/ros2_ws/install/raspimouse/lib/raspimouse
[4.269s] Installing buzzer_subscription_node script to /home/ubuntu/ros2_ws/install/raspimouse/lib/raspimouse
[4.274s] writing list of installed files to '/home/ubuntu/ros2_ws/build/raspimouse/install.log'
[4.471s] Invoked command in '/home/ubuntu/ros2_ws/src/raspimouse' returned '0': PYTHONPATH=/home/ubuntu/ros2_ws/install/raspimouse/lib/python3.8/site-packages:${PYTHONPATH} /usr/bin/python3 setup.py egg_info --egg-base ../../build/raspimouse build --build-base /home/ubuntu/ros2_ws/build/raspimouse/build install --prefix /home/ubuntu/ros2_ws/install/raspimouse --record /home/ubuntu/ros2_ws/build/raspimouse/install.log --single-version-externally-managed
