[2.992s] Invoking command in '/home/ubuntu/ros2_ws/src/raspimouse': PYTHONPATH=/home/ubuntu/ros2_ws/install/raspimouse/lib/python3.8/site-packages:${PYTHONPATH} /usr/bin/python3 setup.py egg_info --egg-base ../../build/raspimouse build --build-base /home/ubuntu/ros2_ws/build/raspimouse/build install --prefix /home/ubuntu/ros2_ws/install/raspimouse --record /home/ubuntu/ros2_ws/build/raspimouse/install.log --single-version-externally-managed
[5.901s] running egg_info
[5.913s] writing ../../build/raspimouse/raspimouse.egg-info/PKG-INFO
[5.916s] writing dependency_links to ../../build/raspimouse/raspimouse.egg-info/dependency_links.txt
[5.923s] writing entry points to ../../build/raspimouse/raspimouse.egg-info/entry_points.txt
[5.925s] writing requirements to ../../build/raspimouse/raspimouse.egg-info/requires.txt
[5.927s] writing top-level names to ../../build/raspimouse/raspimouse.egg-info/top_level.txt
[6.675s] reading manifest file '../../build/raspimouse/raspimouse.egg-info/SOURCES.txt'
[6.691s] writing manifest file '../../build/raspimouse/raspimouse.egg-info/SOURCES.txt'
[6.695s] running build
[6.698s] running build_py
[6.700s] running install
[6.987s] running install_lib
[7.012s] running install_data
[7.019s] running install_egg_info
[7.042s] removing '/home/ubuntu/ros2_ws/install/raspimouse/lib/python3.8/site-packages/raspimouse-0.0.0-py3.8.egg-info' (and everything under it)
[7.050s] Copying ../../build/raspimouse/raspimouse.egg-info to /home/ubuntu/ros2_ws/install/raspimouse/lib/python3.8/site-packages/raspimouse-0.0.0-py3.8.egg-info
[7.065s] running install_scripts
[7.278s] Installing buzzer2_sub_node script to /home/ubuntu/ros2_ws/install/raspimouse/lib/raspimouse
[7.280s] Installing buzzer3_sub_node script to /home/ubuntu/ros2_ws/install/raspimouse/lib/raspimouse
[7.282s] Installing buzzer_node script to /home/ubuntu/ros2_ws/install/raspimouse/lib/raspimouse
[7.287s] writing list of installed files to '/home/ubuntu/ros2_ws/build/raspimouse/install.log'
[7.768s] Invoked command in '/home/ubuntu/ros2_ws/src/raspimouse' returned '0': PYTHONPATH=/home/ubuntu/ros2_ws/install/raspimouse/lib/python3.8/site-packages:${PYTHONPATH} /usr/bin/python3 setup.py egg_info --egg-base ../../build/raspimouse build --build-base /home/ubuntu/ros2_ws/build/raspimouse/build install --prefix /home/ubuntu/ros2_ws/install/raspimouse --record /home/ubuntu/ros2_ws/build/raspimouse/install.log --single-version-externally-managed
