[1.983s] Invoking command in '/home/ubuntu/ros2_ws/src/raspimouse': PYTHONPATH=/home/ubuntu/ros2_ws/install/raspimouse/lib/python3.8/site-packages:${PYTHONPATH} /usr/bin/python3 setup.py egg_info --egg-base ../../build/raspimouse build --build-base /home/ubuntu/ros2_ws/build/raspimouse/build install --prefix /home/ubuntu/ros2_ws/install/raspimouse --record /home/ubuntu/ros2_ws/build/raspimouse/install.log --single-version-externally-managed
[3.707s] running egg_info
[3.713s] writing ../../build/raspimouse/raspimouse.egg-info/PKG-INFO
[3.716s] writing dependency_links to ../../build/raspimouse/raspimouse.egg-info/dependency_links.txt
[3.719s] writing entry points to ../../build/raspimouse/raspimouse.egg-info/entry_points.txt
[3.721s] writing requirements to ../../build/raspimouse/raspimouse.egg-info/requires.txt
[3.723s] writing top-level names to ../../build/raspimouse/raspimouse.egg-info/top_level.txt
[4.051s] reading manifest file '../../build/raspimouse/raspimouse.egg-info/SOURCES.txt'
[4.061s] writing manifest file '../../build/raspimouse/raspimouse.egg-info/SOURCES.txt'
[4.062s] running build
[4.064s] running build_py
[4.065s] copying raspimouse/buzzer_subscription_node.py -> /home/ubuntu/ros2_ws/build/raspimouse/build/lib/raspimouse
[4.068s] running install
[4.075s] running install_lib
[4.085s] copying /home/ubuntu/ros2_ws/build/raspimouse/build/lib/raspimouse/buzzer_subscription_node.py -> /home/ubuntu/ros2_ws/install/raspimouse/lib/python3.8/site-packages/raspimouse
[4.092s] byte-compiling /home/ubuntu/ros2_ws/install/raspimouse/lib/python3.8/site-packages/raspimouse/buzzer_subscription_node.py to buzzer_subscription_node.cpython-38.pyc
[4.105s] running install_data
[4.110s] running install_egg_info
[4.124s] removing '/home/ubuntu/ros2_ws/install/raspimouse/lib/python3.8/site-packages/raspimouse-0.0.0-py3.8.egg-info' (and everything under it)
[4.128s] Copying ../../build/raspimouse/raspimouse.egg-info to /home/ubuntu/ros2_ws/install/raspimouse/lib/python3.8/site-packages/raspimouse-0.0.0-py3.8.egg-info
[4.141s] running install_scripts
[4.280s] Installing buzzer_node script to /home/ubuntu/ros2_ws/install/raspimouse/lib/raspimouse
[4.282s] Installing buzzer_subscription_node script to /home/ubuntu/ros2_ws/install/raspimouse/lib/raspimouse
[4.286s] writing list of installed files to '/home/ubuntu/ros2_ws/build/raspimouse/install.log'
[4.484s] Invoked command in '/home/ubuntu/ros2_ws/src/raspimouse' returned '0': PYTHONPATH=/home/ubuntu/ros2_ws/install/raspimouse/lib/python3.8/site-packages:${PYTHONPATH} /usr/bin/python3 setup.py egg_info --egg-base ../../build/raspimouse build --build-base /home/ubuntu/ros2_ws/build/raspimouse/build install --prefix /home/ubuntu/ros2_ws/install/raspimouse --record /home/ubuntu/ros2_ws/build/raspimouse/install.log --single-version-externally-managed
