[2.120s] Invoking command in '/home/ubuntu/ros2_ws/src/raspimouse': PYTHONPATH=/home/ubuntu/ros2_ws/install/raspimouse/lib/python3.8/site-packages:${PYTHONPATH} /usr/bin/python3 setup.py egg_info --egg-base ../../build/raspimouse build --build-base /home/ubuntu/ros2_ws/build/raspimouse/build install --prefix /home/ubuntu/ros2_ws/install/raspimouse --record /home/ubuntu/ros2_ws/build/raspimouse/install.log --single-version-externally-managed
[4.253s] running egg_info
[4.257s] writing ../../build/raspimouse/raspimouse.egg-info/PKG-INFO
[4.260s] writing dependency_links to ../../build/raspimouse/raspimouse.egg-info/dependency_links.txt
[4.262s] writing entry points to ../../build/raspimouse/raspimouse.egg-info/entry_points.txt
[4.263s] writing requirements to ../../build/raspimouse/raspimouse.egg-info/requires.txt
[4.565s] writing top-level names to ../../build/raspimouse/raspimouse.egg-info/top_level.txt
[4.973s] reading manifest file '../../build/raspimouse/raspimouse.egg-info/SOURCES.txt'
[4.986s] writing manifest file '../../build/raspimouse/raspimouse.egg-info/SOURCES.txt'
[4.988s] running build
[4.989s] running build_py
[4.994s] copying raspimouse/motors2.py -> /home/ubuntu/ros2_ws/build/raspimouse/build/lib/raspimouse
[4.997s] running install
[5.007s] running install_lib
[5.027s] copying /home/ubuntu/ros2_ws/build/raspimouse/build/lib/raspimouse/motors2.py -> /home/ubuntu/ros2_ws/install/raspimouse/lib/python3.8/site-packages/raspimouse
[5.037s] byte-compiling /home/ubuntu/ros2_ws/install/raspimouse/lib/python3.8/site-packages/raspimouse/motors2.py to motors2.cpython-38.pyc
[5.054s] running install_data
[5.061s] running install_egg_info
[5.078s] removing '/home/ubuntu/ros2_ws/install/raspimouse/lib/python3.8/site-packages/raspimouse-0.0.0-py3.8.egg-info' (and everything under it)
[5.082s] Copying ../../build/raspimouse/raspimouse.egg-info to /home/ubuntu/ros2_ws/install/raspimouse/lib/python3.8/site-packages/raspimouse-0.0.0-py3.8.egg-info
[5.095s] running install_scripts
[5.275s] Installing buzzer2_sub_node script to /home/ubuntu/ros2_ws/install/raspimouse/lib/raspimouse
[5.276s] Installing buzzer3_sub_node script to /home/ubuntu/ros2_ws/install/raspimouse/lib/raspimouse
[5.278s] Installing buzzer_node script to /home/ubuntu/ros2_ws/install/raspimouse/lib/raspimouse
[5.280s] Installing lightsensor_sub script to /home/ubuntu/ros2_ws/install/raspimouse/lib/raspimouse
[5.282s] Installing lightsensors script to /home/ubuntu/ros2_ws/install/raspimouse/lib/raspimouse
[5.284s] Installing motors1 script to /home/ubuntu/ros2_ws/install/raspimouse/lib/raspimouse
[5.286s] Installing motors2 script to /home/ubuntu/ros2_ws/install/raspimouse/lib/raspimouse
[5.291s] writing list of installed files to '/home/ubuntu/ros2_ws/build/raspimouse/install.log'
[5.533s] Invoked command in '/home/ubuntu/ros2_ws/src/raspimouse' returned '0': PYTHONPATH=/home/ubuntu/ros2_ws/install/raspimouse/lib/python3.8/site-packages:${PYTHONPATH} /usr/bin/python3 setup.py egg_info --egg-base ../../build/raspimouse build --build-base /home/ubuntu/ros2_ws/build/raspimouse/build install --prefix /home/ubuntu/ros2_ws/install/raspimouse --record /home/ubuntu/ros2_ws/build/raspimouse/install.log --single-version-externally-managed
