[2.385s] Invoking command in '/home/ubuntu/ros2_ws/src/raspimouse': PYTHONPATH=/home/ubuntu/ros2_ws/install/raspimouse/lib/python3.8/site-packages:${PYTHONPATH} /usr/bin/python3 setup.py egg_info --egg-base ../../build/raspimouse build --build-base /home/ubuntu/ros2_ws/build/raspimouse/build install --prefix /home/ubuntu/ros2_ws/install/raspimouse --record /home/ubuntu/ros2_ws/build/raspimouse/install.log --single-version-externally-managed
[4.422s] running egg_info
[4.428s] writing ../../build/raspimouse/raspimouse.egg-info/PKG-INFO
[4.434s] writing dependency_links to ../../build/raspimouse/raspimouse.egg-info/dependency_links.txt
[4.437s] writing entry points to ../../build/raspimouse/raspimouse.egg-info/entry_points.txt
[4.441s] writing requirements to ../../build/raspimouse/raspimouse.egg-info/requires.txt
[4.443s] writing top-level names to ../../build/raspimouse/raspimouse.egg-info/top_level.txt
[4.809s] reading manifest file '../../build/raspimouse/raspimouse.egg-info/SOURCES.txt'
[4.821s] writing manifest file '../../build/raspimouse/raspimouse.egg-info/SOURCES.txt'
[4.823s] running build
[4.826s] running build_py
[4.828s] copying raspimouse/buzzer_node.py -> /home/ubuntu/ros2_ws/build/raspimouse/build/lib/raspimouse
[4.836s] running install
[4.839s] running install_lib
[4.853s] copying /home/ubuntu/ros2_ws/build/raspimouse/build/lib/raspimouse/buzzer_node.py -> /home/ubuntu/ros2_ws/install/raspimouse/lib/python3.8/site-packages/raspimouse
[4.869s] byte-compiling /home/ubuntu/ros2_ws/install/raspimouse/lib/python3.8/site-packages/raspimouse/buzzer_node.py to buzzer_node.cpython-38.pyc
[4.878s] running install_data
[4.885s] running install_egg_info
[4.901s] removing '/home/ubuntu/ros2_ws/install/raspimouse/lib/python3.8/site-packages/raspimouse-0.0.0-py3.8.egg-info' (and everything under it)
[4.907s] Copying ../../build/raspimouse/raspimouse.egg-info to /home/ubuntu/ros2_ws/install/raspimouse/lib/python3.8/site-packages/raspimouse-0.0.0-py3.8.egg-info
[4.923s] running install_scripts
[5.159s] Installing buzzer2_sub_node script to /home/ubuntu/ros2_ws/install/raspimouse/lib/raspimouse
[5.163s] Installing buzzer3_sub_node script to /home/ubuntu/ros2_ws/install/raspimouse/lib/raspimouse
[5.168s] Installing buzzer_node script to /home/ubuntu/ros2_ws/install/raspimouse/lib/raspimouse
[5.175s] writing list of installed files to '/home/ubuntu/ros2_ws/build/raspimouse/install.log'
[5.476s] Invoked command in '/home/ubuntu/ros2_ws/src/raspimouse' returned '0': PYTHONPATH=/home/ubuntu/ros2_ws/install/raspimouse/lib/python3.8/site-packages:${PYTHONPATH} /usr/bin/python3 setup.py egg_info --egg-base ../../build/raspimouse build --build-base /home/ubuntu/ros2_ws/build/raspimouse/build install --prefix /home/ubuntu/ros2_ws/install/raspimouse --record /home/ubuntu/ros2_ws/build/raspimouse/install.log --single-version-externally-managed
