[3.303s] Invoking command in '/home/ubuntu/ros2_ws/src/raspimouse': PYTHONPATH=/home/ubuntu/ros2_ws/install/raspimouse_ros2/lib/python3.8/site-packages:${PYTHONPATH} /usr/bin/python3 setup.py egg_info --egg-base ../../build/raspimouse_ros2 build --build-base /home/ubuntu/ros2_ws/build/raspimouse_ros2/build install --prefix /home/ubuntu/ros2_ws/install/raspimouse_ros2 --record /home/ubuntu/ros2_ws/build/raspimouse_ros2/install.log --single-version-externally-managed
[6.925s] running egg_info
[6.931s] writing ../../build/raspimouse_ros2/raspimouse.egg-info/PKG-INFO
[6.935s] writing dependency_links to ../../build/raspimouse_ros2/raspimouse.egg-info/dependency_links.txt
[6.939s] writing entry points to ../../build/raspimouse_ros2/raspimouse.egg-info/entry_points.txt
[6.942s] writing requirements to ../../build/raspimouse_ros2/raspimouse.egg-info/requires.txt
[6.947s] writing top-level names to ../../build/raspimouse_ros2/raspimouse.egg-info/top_level.txt
[7.441s] reading manifest file '../../build/raspimouse_ros2/raspimouse.egg-info/SOURCES.txt'
[7.461s] writing manifest file '../../build/raspimouse_ros2/raspimouse.egg-info/SOURCES.txt'
[7.463s] running build
[7.465s] running build_py
[7.467s] copying raspimouse/buzzer4_sub_node.py -> /home/ubuntu/ros2_ws/build/raspimouse_ros2/build/lib/raspimouse
[7.481s] running install
[7.490s] running install_lib
[7.508s] copying /home/ubuntu/ros2_ws/build/raspimouse_ros2/build/lib/raspimouse/buzzer4_sub_node.py -> /home/ubuntu/ros2_ws/install/raspimouse_ros2/lib/python3.8/site-packages/raspimouse
[7.523s] byte-compiling /home/ubuntu/ros2_ws/install/raspimouse_ros2/lib/python3.8/site-packages/raspimouse/buzzer4_sub_node.py to buzzer4_sub_node.cpython-38.pyc
[7.550s] running install_data
[7.560s] running install_egg_info
[7.586s] removing '/home/ubuntu/ros2_ws/install/raspimouse_ros2/lib/python3.8/site-packages/raspimouse-0.0.0-py3.8.egg-info' (and everything under it)
[7.618s] Copying ../../build/raspimouse_ros2/raspimouse.egg-info to /home/ubuntu/ros2_ws/install/raspimouse_ros2/lib/python3.8/site-packages/raspimouse-0.0.0-py3.8.egg-info
[7.642s] running install_scripts
[7.903s] Installing buzzer2_sub_node script to /home/ubuntu/ros2_ws/install/raspimouse_ros2/lib/raspimouse
[7.911s] Installing buzzer3_sub_node script to /home/ubuntu/ros2_ws/install/raspimouse_ros2/lib/raspimouse
[7.913s] Installing buzzer4_sub_node script to /home/ubuntu/ros2_ws/install/raspimouse_ros2/lib/raspimouse
[7.926s] Installing buzzer_node script to /home/ubuntu/ros2_ws/install/raspimouse_ros2/lib/raspimouse
[7.928s] Installing lightsensors script to /home/ubuntu/ros2_ws/install/raspimouse_ros2/lib/raspimouse
[7.936s] Installing lightsensors_sub script to /home/ubuntu/ros2_ws/install/raspimouse_ros2/lib/raspimouse
[7.938s] Installing motors script to /home/ubuntu/ros2_ws/install/raspimouse_ros2/lib/raspimouse
[7.941s] Installing motors1 script to /home/ubuntu/ros2_ws/install/raspimouse_ros2/lib/raspimouse
[7.947s] Installing motors2 script to /home/ubuntu/ros2_ws/install/raspimouse_ros2/lib/raspimouse
[7.960s] writing list of installed files to '/home/ubuntu/ros2_ws/build/raspimouse_ros2/install.log'
[8.474s] Invoked command in '/home/ubuntu/ros2_ws/src/raspimouse' returned '0': PYTHONPATH=/home/ubuntu/ros2_ws/install/raspimouse_ros2/lib/python3.8/site-packages:${PYTHONPATH} /usr/bin/python3 setup.py egg_info --egg-base ../../build/raspimouse_ros2 build --build-base /home/ubuntu/ros2_ws/build/raspimouse_ros2/build install --prefix /home/ubuntu/ros2_ws/install/raspimouse_ros2 --record /home/ubuntu/ros2_ws/build/raspimouse_ros2/install.log --single-version-externally-managed
