[2.577s] Invoking command in '/home/ubuntu/ros2_ws/src/raspimouse': PYTHONPATH=/home/ubuntu/ros2_ws/install/raspimouse/lib/python3.8/site-packages:${PYTHONPATH} /usr/bin/python3 setup.py egg_info --egg-base ../../build/raspimouse build --build-base /home/ubuntu/ros2_ws/build/raspimouse/build install --prefix /home/ubuntu/ros2_ws/install/raspimouse --record /home/ubuntu/ros2_ws/build/raspimouse/install.log --single-version-externally-managed
[4.628s] running egg_info
[4.634s] writing ../../build/raspimouse/raspimouse.egg-info/PKG-INFO
[4.641s] writing dependency_links to ../../build/raspimouse/raspimouse.egg-info/dependency_links.txt
[4.646s] writing entry points to ../../build/raspimouse/raspimouse.egg-info/entry_points.txt
[4.647s] writing requirements to ../../build/raspimouse/raspimouse.egg-info/requires.txt
[4.650s] writing top-level names to ../../build/raspimouse/raspimouse.egg-info/top_level.txt
[5.013s] reading manifest file '../../build/raspimouse/raspimouse.egg-info/SOURCES.txt'
[5.025s] writing manifest file '../../build/raspimouse/raspimouse.egg-info/SOURCES.txt'
[5.029s] running build
[5.031s] running build_py
[5.034s] copying raspimouse/buzzer_node.py -> /home/ubuntu/ros2_ws/build/raspimouse/build/lib/raspimouse
[5.036s] running install
[5.042s] running install_lib
[5.055s] copying /home/ubuntu/ros2_ws/build/raspimouse/build/lib/raspimouse/buzzer_node.py -> /home/ubuntu/ros2_ws/install/raspimouse/lib/python3.8/site-packages/raspimouse
[5.065s] byte-compiling /home/ubuntu/ros2_ws/install/raspimouse/lib/python3.8/site-packages/raspimouse/buzzer_node.py to buzzer_node.cpython-38.pyc
[5.080s] running install_data
[5.085s] running install_egg_info
[5.103s] removing '/home/ubuntu/ros2_ws/install/raspimouse/lib/python3.8/site-packages/raspimouse-0.0.0-py3.8.egg-info' (and everything under it)
[5.108s] Copying ../../build/raspimouse/raspimouse.egg-info to /home/ubuntu/ros2_ws/install/raspimouse/lib/python3.8/site-packages/raspimouse-0.0.0-py3.8.egg-info
[5.127s] running install_scripts
[5.287s] Installing buzzer2_sub_node script to /home/ubuntu/ros2_ws/install/raspimouse/lib/raspimouse
[5.290s] Installing buzzer3_sub_node script to /home/ubuntu/ros2_ws/install/raspimouse/lib/raspimouse
[5.292s] Installing buzzer_node script to /home/ubuntu/ros2_ws/install/raspimouse/lib/raspimouse
[5.298s] writing list of installed files to '/home/ubuntu/ros2_ws/build/raspimouse/install.log'
[5.539s] Invoked command in '/home/ubuntu/ros2_ws/src/raspimouse' returned '0': PYTHONPATH=/home/ubuntu/ros2_ws/install/raspimouse/lib/python3.8/site-packages:${PYTHONPATH} /usr/bin/python3 setup.py egg_info --egg-base ../../build/raspimouse build --build-base /home/ubuntu/ros2_ws/build/raspimouse/build install --prefix /home/ubuntu/ros2_ws/install/raspimouse --record /home/ubuntu/ros2_ws/build/raspimouse/install.log --single-version-externally-managed
