[4.349s] Invoking command in '/home/ubuntu/ros2_ws/src/raspimouse': CMAKE_PREFIX_PATH=/home/ubuntu/ros2_ws/install/light_sensor_values:/home/ubuntu/ros2_ws/install/tutorial_topic:/home/ubuntu/ros2_ws/install/tutorial_package:/home/ubuntu/ros2_ws/install/tutorial_interfaces LD_LIBRARY_PATH=/home/ubuntu/ros2_ws/install/light_sensor_values/lib:/home/ubuntu/ros2_ws/install/tutorial_interfaces/lib:/opt/ros/foxy/opt/yaml_cpp_vendor/lib:/opt/ros/foxy/lib/aarch64-linux-gnu:/opt/ros/foxy/lib PYTHONPATH=/home/ubuntu/ros2_ws/install/raspimouse/lib/python3.8/site-packages:/home/ubuntu/ros2_ws/install/light_sensor_values/lib/python3.8/site-packages:/home/ubuntu/ros2_ws/install/tutorial_interfaces/lib/python3.8/site-packages:/home/ubuntu/ros2_ws/install/raspimouse/lib/python3.8/site-packages:/opt/ros/foxy/lib/python3.8/site-packages /usr/bin/python3 setup.py egg_info --egg-base ../../build/raspimouse build --build-base /home/ubuntu/ros2_ws/build/raspimouse/build install --prefix /home/ubuntu/ros2_ws/install/raspimouse --record /home/ubuntu/ros2_ws/build/raspimouse/install.log --single-version-externally-managed
[8.400s] running egg_info
[8.407s] writing ../../build/raspimouse/raspimouse.egg-info/PKG-INFO
[8.411s] writing dependency_links to ../../build/raspimouse/raspimouse.egg-info/dependency_links.txt
[8.416s] writing entry points to ../../build/raspimouse/raspimouse.egg-info/entry_points.txt
[8.418s] writing requirements to ../../build/raspimouse/raspimouse.egg-info/requires.txt
[8.419s] writing top-level names to ../../build/raspimouse/raspimouse.egg-info/top_level.txt
[8.936s] reading manifest file '../../build/raspimouse/raspimouse.egg-info/SOURCES.txt'
[8.949s] writing manifest file '../../build/raspimouse/raspimouse.egg-info/SOURCES.txt'
[8.950s] running build
[8.951s] running build_py
[8.961s] copying raspimouse/lightsensors.py -> /home/ubuntu/ros2_ws/build/raspimouse/build/lib/raspimouse
[8.968s] running install
[8.988s] running install_lib
[9.012s] copying /home/ubuntu/ros2_ws/build/raspimouse/build/lib/raspimouse/lightsensors.py -> /home/ubuntu/ros2_ws/install/raspimouse/lib/python3.8/site-packages/raspimouse
[9.037s] byte-compiling /home/ubuntu/ros2_ws/install/raspimouse/lib/python3.8/site-packages/raspimouse/lightsensors.py to lightsensors.cpython-38.pyc
[9.055s] running install_data
[9.068s] running install_egg_info
[9.105s] removing '/home/ubuntu/ros2_ws/install/raspimouse/lib/python3.8/site-packages/raspimouse-0.0.0-py3.8.egg-info' (and everything under it)
[9.112s] Copying ../../build/raspimouse/raspimouse.egg-info to /home/ubuntu/ros2_ws/install/raspimouse/lib/python3.8/site-packages/raspimouse-0.0.0-py3.8.egg-info
[9.130s] running install_scripts
[9.549s] Installing buzzer2_sub_node script to /home/ubuntu/ros2_ws/install/raspimouse/lib/raspimouse
[9.553s] Installing buzzer3_sub_node script to /home/ubuntu/ros2_ws/install/raspimouse/lib/raspimouse
[9.560s] Installing buzzer_node script to /home/ubuntu/ros2_ws/install/raspimouse/lib/raspimouse
[9.563s] Installing lightsensor_sub script to /home/ubuntu/ros2_ws/install/raspimouse/lib/raspimouse
[9.565s] Installing lightsensors script to /home/ubuntu/ros2_ws/install/raspimouse/lib/raspimouse
[9.568s] Installing lightsensors2 script to /home/ubuntu/ros2_ws/install/raspimouse/lib/raspimouse
[9.573s] writing list of installed files to '/home/ubuntu/ros2_ws/build/raspimouse/install.log'
[9.815s] Invoked command in '/home/ubuntu/ros2_ws/src/raspimouse' returned '0': CMAKE_PREFIX_PATH=/home/ubuntu/ros2_ws/install/light_sensor_values:/home/ubuntu/ros2_ws/install/tutorial_topic:/home/ubuntu/ros2_ws/install/tutorial_package:/home/ubuntu/ros2_ws/install/tutorial_interfaces LD_LIBRARY_PATH=/home/ubuntu/ros2_ws/install/light_sensor_values/lib:/home/ubuntu/ros2_ws/install/tutorial_interfaces/lib:/opt/ros/foxy/opt/yaml_cpp_vendor/lib:/opt/ros/foxy/lib/aarch64-linux-gnu:/opt/ros/foxy/lib PYTHONPATH=/home/ubuntu/ros2_ws/install/raspimouse/lib/python3.8/site-packages:/home/ubuntu/ros2_ws/install/light_sensor_values/lib/python3.8/site-packages:/home/ubuntu/ros2_ws/install/tutorial_interfaces/lib/python3.8/site-packages:/home/ubuntu/ros2_ws/install/raspimouse/lib/python3.8/site-packages:/opt/ros/foxy/lib/python3.8/site-packages /usr/bin/python3 setup.py egg_info --egg-base ../../build/raspimouse build --build-base /home/ubuntu/ros2_ws/build/raspimouse/build install --prefix /home/ubuntu/ros2_ws/install/raspimouse --record /home/ubuntu/ros2_ws/build/raspimouse/install.log --single-version-externally-managed
