[3.234s] DEBUG:colcon:Command line arguments: ['/usr/bin/colcon', 'build']
[3.235s] DEBUG:colcon:Parsed command line arguments: Namespace(ament_cmake_args=None, base_paths=['.'], build_base='build', catkin_cmake_args=None, catkin_skip_building_tests=False, cmake_args=None, cmake_clean_cache=False, cmake_clean_first=False, cmake_force_configure=False, cmake_target=None, cmake_target_skip_unavailable=False, continue_on_error=False, event_handlers=None, executor='parallel', ignore_user_meta=False, install_base='install', log_base=None, log_level=None, main=<bound method BuildVerb.main of <colcon_core.verb.build.BuildVerb object at 0xffff8d246850>>, merge_install=False, metas=['./colcon.meta'], packages_above=None, packages_above_and_dependencies=None, packages_above_depth=None, packages_end=None, packages_ignore=None, packages_ignore_regex=None, packages_select=None, packages_select_build_failed=False, packages_select_by_dep=None, packages_select_regex=None, packages_select_test_failures=False, packages_skip=None, packages_skip_build_finished=False, packages_skip_by_dep=None, packages_skip_regex=None, packages_skip_test_passed=False, packages_skip_up_to=None, packages_start=None, packages_up_to=None, packages_up_to_regex=None, parallel_workers=4, paths=None, symlink_install=False, test_result_base=None, verb_extension=<colcon_core.verb.build.BuildVerb object at 0xffff8d246850>, verb_name='build', verb_parser=<colcon_defaults.argument_parser.defaults.DefaultArgumentsDecorator object at 0xffff8d246dc0>)
[3.339s] Level 1:colcon.colcon_core.package_discovery:discover_packages(colcon_meta) check parameters
[3.341s] Level 1:colcon.colcon_core.package_discovery:discover_packages(recursive) check parameters
[3.341s] Level 1:colcon.colcon_core.package_discovery:discover_packages(ignore) check parameters
[3.342s] Level 1:colcon.colcon_core.package_discovery:discover_packages(path) check parameters
[3.342s] Level 1:colcon.colcon_core.package_discovery:discover_packages(colcon_meta) discover
[3.343s] Level 1:colcon.colcon_core.package_discovery:discover_packages(recursive) discover
[3.344s] INFO:colcon.colcon_core.package_discovery:Crawling recursively for packages in '/home/ubuntu/ros2_ws'
[3.345s] Level 1:colcon.colcon_core.package_identification:_identify(.) by extensions ['ignore', 'ignore_ament_install']
[3.346s] Level 1:colcon.colcon_core.package_identification:_identify(.) by extension 'ignore'
[3.347s] Level 1:colcon.colcon_core.package_identification:_identify(.) by extension 'ignore_ament_install'
[3.348s] Level 1:colcon.colcon_core.package_identification:_identify(.) by extensions ['colcon_pkg']
[3.349s] Level 1:colcon.colcon_core.package_identification:_identify(.) by extension 'colcon_pkg'
[3.349s] Level 1:colcon.colcon_core.package_identification:_identify(.) by extensions ['colcon_meta']
[3.350s] Level 1:colcon.colcon_core.package_identification:_identify(.) by extension 'colcon_meta'
[3.350s] Level 1:colcon.colcon_core.package_identification:_identify(.) by extensions ['ros']
[3.350s] Level 1:colcon.colcon_core.package_identification:_identify(.) by extension 'ros'
[3.509s] Level 1:colcon.colcon_core.package_identification:_identify(.) by extensions ['cmake', 'python']
[3.510s] Level 1:colcon.colcon_core.package_identification:_identify(.) by extension 'cmake'
[3.510s] Level 1:colcon.colcon_core.package_identification:_identify(.) by extension 'python'
[3.511s] Level 1:colcon.colcon_core.package_identification:_identify(.) by extensions ['python_setup_py']
[3.512s] Level 1:colcon.colcon_core.package_identification:_identify(.) by extension 'python_setup_py'
[3.514s] Level 1:colcon.colcon_core.package_identification:_identify(build) by extensions ['ignore', 'ignore_ament_install']
[3.515s] Level 1:colcon.colcon_core.package_identification:_identify(build) by extension 'ignore'
[3.516s] Level 1:colcon.colcon_core.package_identification:_identify(build) ignored
[3.518s] Level 1:colcon.colcon_core.package_identification:_identify(install) by extensions ['ignore', 'ignore_ament_install']
[3.519s] Level 1:colcon.colcon_core.package_identification:_identify(install) by extension 'ignore'
[3.520s] Level 1:colcon.colcon_core.package_identification:_identify(install) ignored
[3.527s] Level 1:colcon.colcon_core.package_identification:_identify(log) by extensions ['ignore', 'ignore_ament_install']
[3.528s] Level 1:colcon.colcon_core.package_identification:_identify(log) by extension 'ignore'
[3.529s] Level 1:colcon.colcon_core.package_identification:_identify(log) ignored
[3.530s] Level 1:colcon.colcon_core.package_identification:_identify(src) by extensions ['ignore', 'ignore_ament_install']
[3.532s] Level 1:colcon.colcon_core.package_identification:_identify(src) by extension 'ignore'
[3.532s] Level 1:colcon.colcon_core.package_identification:_identify(src) by extension 'ignore_ament_install'
[3.534s] Level 1:colcon.colcon_core.package_identification:_identify(src) by extensions ['colcon_pkg']
[3.534s] Level 1:colcon.colcon_core.package_identification:_identify(src) by extension 'colcon_pkg'
[3.535s] Level 1:colcon.colcon_core.package_identification:_identify(src) by extensions ['colcon_meta']
[3.536s] Level 1:colcon.colcon_core.package_identification:_identify(src) by extension 'colcon_meta'
[3.537s] Level 1:colcon.colcon_core.package_identification:_identify(src) by extensions ['ros']
[3.537s] Level 1:colcon.colcon_core.package_identification:_identify(src) by extension 'ros'
[3.538s] Level 1:colcon.colcon_core.package_identification:_identify(src) by extensions ['cmake', 'python']
[3.539s] Level 1:colcon.colcon_core.package_identification:_identify(src) by extension 'cmake'
[3.540s] Level 1:colcon.colcon_core.package_identification:_identify(src) by extension 'python'
[3.541s] Level 1:colcon.colcon_core.package_identification:_identify(src) by extensions ['python_setup_py']
[3.542s] Level 1:colcon.colcon_core.package_identification:_identify(src) by extension 'python_setup_py'
[3.543s] Level 1:colcon.colcon_core.package_identification:_identify(src/build) by extensions ['ignore', 'ignore_ament_install']
[3.545s] Level 1:colcon.colcon_core.package_identification:_identify(src/build) by extension 'ignore'
[3.545s] Level 1:colcon.colcon_core.package_identification:_identify(src/build) ignored
[3.547s] Level 1:colcon.colcon_core.package_identification:_identify(src/install) by extensions ['ignore', 'ignore_ament_install']
[3.548s] Level 1:colcon.colcon_core.package_identification:_identify(src/install) by extension 'ignore'
[3.549s] Level 1:colcon.colcon_core.package_identification:_identify(src/install) ignored
[3.550s] Level 1:colcon.colcon_core.package_identification:_identify(src/log) by extensions ['ignore', 'ignore_ament_install']
[3.552s] Level 1:colcon.colcon_core.package_identification:_identify(src/log) by extension 'ignore'
[3.553s] Level 1:colcon.colcon_core.package_identification:_identify(src/log) ignored
[3.554s] Level 1:colcon.colcon_core.package_identification:_identify(src/raspimouse) by extensions ['ignore', 'ignore_ament_install']
[3.555s] Level 1:colcon.colcon_core.package_identification:_identify(src/raspimouse) by extension 'ignore'
[3.556s] Level 1:colcon.colcon_core.package_identification:_identify(src/raspimouse) by extension 'ignore_ament_install'
[3.557s] Level 1:colcon.colcon_core.package_identification:_identify(src/raspimouse) by extensions ['colcon_pkg']
[3.558s] Level 1:colcon.colcon_core.package_identification:_identify(src/raspimouse) by extension 'colcon_pkg'
[3.559s] Level 1:colcon.colcon_core.package_identification:_identify(src/raspimouse) by extensions ['colcon_meta']
[3.559s] Level 1:colcon.colcon_core.package_identification:_identify(src/raspimouse) by extension 'colcon_meta'
[3.560s] Level 1:colcon.colcon_core.package_identification:_identify(src/raspimouse) by extensions ['ros']
[3.561s] Level 1:colcon.colcon_core.package_identification:_identify(src/raspimouse) by extension 'ros'
[3.590s] DEBUG:colcon.colcon_core.package_identification:Package 'src/raspimouse' with type 'ros.ament_python' and name 'raspimouse_ros2'
[3.592s] Level 1:colcon.colcon_core.package_identification:_identify(src/raspimouse_msgs) by extensions ['ignore', 'ignore_ament_install']
[3.593s] Level 1:colcon.colcon_core.package_identification:_identify(src/raspimouse_msgs) by extension 'ignore'
[3.594s] Level 1:colcon.colcon_core.package_identification:_identify(src/raspimouse_msgs) by extension 'ignore_ament_install'
[3.595s] Level 1:colcon.colcon_core.package_identification:_identify(src/raspimouse_msgs) by extensions ['colcon_pkg']
[3.596s] Level 1:colcon.colcon_core.package_identification:_identify(src/raspimouse_msgs) by extension 'colcon_pkg'
[3.597s] Level 1:colcon.colcon_core.package_identification:_identify(src/raspimouse_msgs) by extensions ['colcon_meta']
[3.597s] Level 1:colcon.colcon_core.package_identification:_identify(src/raspimouse_msgs) by extension 'colcon_meta'
[3.598s] Level 1:colcon.colcon_core.package_identification:_identify(src/raspimouse_msgs) by extensions ['ros']
[3.599s] Level 1:colcon.colcon_core.package_identification:_identify(src/raspimouse_msgs) by extension 'ros'
[3.606s] DEBUG:colcon.colcon_core.package_identification:Package 'src/raspimouse_msgs' with type 'ros.ament_cmake' and name 'raspimouse_msgs'
[3.607s] Level 1:colcon.colcon_core.package_discovery:discover_packages(recursive) using defaults
[3.608s] Level 1:colcon.colcon_core.package_discovery:discover_packages(ignore) discover
[3.608s] Level 1:colcon.colcon_core.package_discovery:discover_packages(ignore) using defaults
[3.609s] Level 1:colcon.colcon_core.package_discovery:discover_packages(path) discover
[3.609s] Level 1:colcon.colcon_core.package_discovery:discover_packages(path) using defaults
[3.836s] Level 5:colcon.colcon_core.verb:set package 'raspimouse_msgs' build argument 'cmake_args' from command line to 'None'
[3.837s] Level 5:colcon.colcon_core.verb:set package 'raspimouse_msgs' build argument 'cmake_target' from command line to 'None'
[3.837s] Level 5:colcon.colcon_core.verb:set package 'raspimouse_msgs' build argument 'cmake_target_skip_unavailable' from command line to 'False'
[3.838s] Level 5:colcon.colcon_core.verb:set package 'raspimouse_msgs' build argument 'cmake_clean_cache' from command line to 'False'
[3.838s] Level 5:colcon.colcon_core.verb:set package 'raspimouse_msgs' build argument 'cmake_clean_first' from command line to 'False'
[3.839s] Level 5:colcon.colcon_core.verb:set package 'raspimouse_msgs' build argument 'cmake_force_configure' from command line to 'False'
[3.839s] Level 5:colcon.colcon_core.verb:set package 'raspimouse_msgs' build argument 'ament_cmake_args' from command line to 'None'
[3.840s] Level 5:colcon.colcon_core.verb:set package 'raspimouse_msgs' build argument 'catkin_cmake_args' from command line to 'None'
[3.840s] Level 5:colcon.colcon_core.verb:set package 'raspimouse_msgs' build argument 'catkin_skip_building_tests' from command line to 'False'
[3.841s] DEBUG:colcon.colcon_core.verb:Building package 'raspimouse_msgs' with the following arguments: {'ament_cmake_args': None, 'build_base': '/home/ubuntu/ros2_ws/build/raspimouse_msgs', 'catkin_cmake_args': None, 'catkin_skip_building_tests': False, 'cmake_args': None, 'cmake_clean_cache': False, 'cmake_clean_first': False, 'cmake_force_configure': False, 'cmake_target': None, 'cmake_target_skip_unavailable': False, 'install_base': '/home/ubuntu/ros2_ws/install/raspimouse_msgs', 'merge_install': False, 'path': '/home/ubuntu/ros2_ws/src/raspimouse_msgs', 'symlink_install': False, 'test_result_base': None}
[3.867s] Level 5:colcon.colcon_core.verb:set package 'raspimouse_ros2' build argument 'cmake_args' from command line to 'None'
[3.868s] Level 5:colcon.colcon_core.verb:set package 'raspimouse_ros2' build argument 'cmake_target' from command line to 'None'
[3.869s] Level 5:colcon.colcon_core.verb:set package 'raspimouse_ros2' build argument 'cmake_target_skip_unavailable' from command line to 'False'
[3.869s] Level 5:colcon.colcon_core.verb:set package 'raspimouse_ros2' build argument 'cmake_clean_cache' from command line to 'False'
[3.870s] Level 5:colcon.colcon_core.verb:set package 'raspimouse_ros2' build argument 'cmake_clean_first' from command line to 'False'
[3.870s] Level 5:colcon.colcon_core.verb:set package 'raspimouse_ros2' build argument 'cmake_force_configure' from command line to 'False'
[3.871s] Level 5:colcon.colcon_core.verb:set package 'raspimouse_ros2' build argument 'ament_cmake_args' from command line to 'None'
[3.871s] Level 5:colcon.colcon_core.verb:set package 'raspimouse_ros2' build argument 'catkin_cmake_args' from command line to 'None'
[3.872s] Level 5:colcon.colcon_core.verb:set package 'raspimouse_ros2' build argument 'catkin_skip_building_tests' from command line to 'False'
[3.873s] DEBUG:colcon.colcon_core.verb:Building package 'raspimouse_ros2' with the following arguments: {'ament_cmake_args': None, 'build_base': '/home/ubuntu/ros2_ws/build/raspimouse_ros2', 'catkin_cmake_args': None, 'catkin_skip_building_tests': False, 'cmake_args': None, 'cmake_clean_cache': False, 'cmake_clean_first': False, 'cmake_force_configure': False, 'cmake_target': None, 'cmake_target_skip_unavailable': False, 'install_base': '/home/ubuntu/ros2_ws/install/raspimouse_ros2', 'merge_install': False, 'path': '/home/ubuntu/ros2_ws/src/raspimouse', 'symlink_install': False, 'test_result_base': None}
[3.876s] INFO:colcon.colcon_core.executor:Executing jobs using 'parallel' executor
[3.899s] DEBUG:colcon.colcon_parallel_executor.executor.parallel:run_until_complete
[3.907s] INFO:colcon.colcon_ros.task.ament_cmake.build:Building ROS package in '/home/ubuntu/ros2_ws/src/raspimouse_msgs' with build type 'ament_cmake'
[3.908s] INFO:colcon.colcon_cmake.task.cmake.build:Building CMake package in '/home/ubuntu/ros2_ws/src/raspimouse_msgs'
[3.972s] INFO:colcon.colcon_core.plugin_system:Skipping extension 'colcon_core.shell.bat': Not used on non-Windows systems
[3.975s] INFO:colcon.colcon_core.shell:Skip shell extension 'powershell' for command environment: Not usable outside of PowerShell
[3.976s] DEBUG:colcon.colcon_core.shell:Skip shell extension 'dsv' for command environment
[4.016s] DEBUG:colcon.colcon_core.shell:Ignoring prefix path '/opt/ros/foxy'
[4.049s] INFO:colcon.colcon_ros.task.ament_python.build:Building ROS package in '/home/ubuntu/ros2_ws/src/raspimouse' with build type 'ament_python'
[4.051s] Level 1:colcon.colcon_core.shell:create_environment_hook('raspimouse_ros2', 'ament_prefix_path')
[4.060s] INFO:colcon.colcon_core.shell:Creating environment hook '/home/ubuntu/ros2_ws/install/raspimouse_ros2/share/raspimouse_ros2/hook/ament_prefix_path.ps1'
[4.070s] INFO:colcon.colcon_core.shell:Creating environment descriptor '/home/ubuntu/ros2_ws/install/raspimouse_ros2/share/raspimouse_ros2/hook/ament_prefix_path.dsv'
[4.082s] INFO:colcon.colcon_core.shell:Creating environment hook '/home/ubuntu/ros2_ws/install/raspimouse_ros2/share/raspimouse_ros2/hook/ament_prefix_path.sh'
[4.102s] INFO:colcon.colcon_core.shell:Skip shell extension 'powershell' for command environment: Not usable outside of PowerShell
[4.103s] DEBUG:colcon.colcon_core.shell:Skip shell extension 'dsv' for command environment
[4.129s] DEBUG:colcon.colcon_core.shell:Ignoring prefix path '/opt/ros/foxy'
[4.197s] DEBUG:colcon.colcon_core.event_handler.log_command:Invoking command in '/home/ubuntu/ros2_ws/build/raspimouse_msgs': CMAKE_PREFIX_PATH=${CMAKE_PREFIX_PATH}:/home/ubuntu/ros2_ws/install/raspimouse_ros2:/home/ubuntu/ros2_ws/install/raspimouse:/opt/ros/foxy /usr/bin/cmake --build /home/ubuntu/ros2_ws/build/raspimouse_msgs -- -j4 -l4
[7.287s] WARNING:colcon.colcon_ros.task.ament_python.build:Package 'raspimouse_ros2' doesn't explicitly install a marker in the package index (colcon-ros currently does it implicitly but that fallback will be removed in the future)
[7.939s] WARNING:colcon.colcon_ros.task.ament_python.build:Package 'raspimouse_ros2' doesn't explicitly install the 'package.xml' file (colcon-ros currently does it implicitly but that fallback will be removed in the future)
[7.945s] INFO:colcon.colcon_core.task.python.build:Building Python package in '/home/ubuntu/ros2_ws/src/raspimouse'
[7.954s] INFO:colcon.colcon_core.shell:Skip shell extension 'powershell' for command environment: Not usable outside of PowerShell
[7.956s] DEBUG:colcon.colcon_core.shell:Skip shell extension 'dsv' for command environment
[7.978s] DEBUG:colcon.colcon_core.shell:Ignoring prefix path '/opt/ros/foxy'
[8.291s] DEBUG:colcon.colcon_core.event_handler.log_command:Invoking command in '/home/ubuntu/ros2_ws/src/raspimouse': PYTHONPATH=/home/ubuntu/ros2_ws/install/raspimouse_ros2/lib/python3.8/site-packages:${PYTHONPATH} /usr/bin/python3 setup.py egg_info --egg-base ../../build/raspimouse_ros2 build --build-base /home/ubuntu/ros2_ws/build/raspimouse_ros2/build install --prefix /home/ubuntu/ros2_ws/install/raspimouse_ros2 --record /home/ubuntu/ros2_ws/build/raspimouse_ros2/install.log --single-version-externally-managed
[12.161s] DEBUG:colcon.colcon_core.event_handler.log_command:Invoked command in '/home/ubuntu/ros2_ws/build/raspimouse_msgs' returned '0': CMAKE_PREFIX_PATH=${CMAKE_PREFIX_PATH}:/home/ubuntu/ros2_ws/install/raspimouse_ros2:/home/ubuntu/ros2_ws/install/raspimouse:/opt/ros/foxy /usr/bin/cmake --build /home/ubuntu/ros2_ws/build/raspimouse_msgs -- -j4 -l4
[12.837s] DEBUG:colcon.colcon_core.event_handler.log_command:Invoked command in '/home/ubuntu/ros2_ws/src/raspimouse' returned '0': PYTHONPATH=/home/ubuntu/ros2_ws/install/raspimouse_ros2/lib/python3.8/site-packages:${PYTHONPATH} /usr/bin/python3 setup.py egg_info --egg-base ../../build/raspimouse_ros2 build --build-base /home/ubuntu/ros2_ws/build/raspimouse_ros2/build install --prefix /home/ubuntu/ros2_ws/install/raspimouse_ros2 --record /home/ubuntu/ros2_ws/build/raspimouse_ros2/install.log --single-version-externally-managed
[12.898s] Level 1:colcon.colcon_core.environment:checking '/home/ubuntu/ros2_ws/install/raspimouse_ros2' for CMake module files
[12.904s] Level 1:colcon.colcon_core.environment:checking '/home/ubuntu/ros2_ws/install/raspimouse_ros2' for CMake config files
[12.916s] Level 1:colcon.colcon_core.environment:checking '/home/ubuntu/ros2_ws/install/raspimouse_ros2/lib'
[12.918s] Level 1:colcon.colcon_core.environment:checking '/home/ubuntu/ros2_ws/install/raspimouse_ros2/bin'
[12.919s] Level 1:colcon.colcon_core.environment:checking '/home/ubuntu/ros2_ws/install/raspimouse_ros2/lib/pkgconfig/raspimouse_ros2.pc'
[12.921s] Level 1:colcon.colcon_core.environment:checking '/home/ubuntu/ros2_ws/install/raspimouse_ros2/lib/python3.8/site-packages'
[12.922s] Level 1:colcon.colcon_core.shell:create_environment_hook('raspimouse_ros2', 'pythonpath')
[12.930s] INFO:colcon.colcon_core.shell:Creating environment hook '/home/ubuntu/ros2_ws/install/raspimouse_ros2/share/raspimouse_ros2/hook/pythonpath.ps1'
[12.941s] INFO:colcon.colcon_core.shell:Creating environment descriptor '/home/ubuntu/ros2_ws/install/raspimouse_ros2/share/raspimouse_ros2/hook/pythonpath.dsv'
[12.948s] INFO:colcon.colcon_core.shell:Creating environment hook '/home/ubuntu/ros2_ws/install/raspimouse_ros2/share/raspimouse_ros2/hook/pythonpath.sh'
[12.959s] Level 1:colcon.colcon_core.environment:create_environment_scripts_only(raspimouse_ros2)
[12.972s] INFO:colcon.colcon_core.shell:Creating package script '/home/ubuntu/ros2_ws/install/raspimouse_ros2/share/raspimouse_ros2/package.ps1'
[12.994s] INFO:colcon.colcon_core.shell:Creating package descriptor '/home/ubuntu/ros2_ws/install/raspimouse_ros2/share/raspimouse_ros2/package.dsv'
[13.011s] INFO:colcon.colcon_core.shell:Creating package script '/home/ubuntu/ros2_ws/install/raspimouse_ros2/share/raspimouse_ros2/package.sh'
[13.027s] INFO:colcon.colcon_core.shell:Creating package script '/home/ubuntu/ros2_ws/install/raspimouse_ros2/share/raspimouse_ros2/package.bash'
[13.043s] INFO:colcon.colcon_core.shell:Creating package script '/home/ubuntu/ros2_ws/install/raspimouse_ros2/share/raspimouse_ros2/package.zsh'
[13.058s] Level 1:colcon.colcon_core.environment:create_file_with_runtime_dependencies(/home/ubuntu/ros2_ws/install/raspimouse_ros2/share/colcon-core/packages/raspimouse_ros2)
[14.033s] DEBUG:colcon.colcon_core.event_handler.log_command:Invoking command in '/home/ubuntu/ros2_ws/build/raspimouse_msgs': CMAKE_PREFIX_PATH=${CMAKE_PREFIX_PATH}:/home/ubuntu/ros2_ws/install/raspimouse_ros2:/home/ubuntu/ros2_ws/install/raspimouse:/opt/ros/foxy /usr/bin/cmake --install /home/ubuntu/ros2_ws/build/raspimouse_msgs
[15.022s] Level 1:colcon.colcon_core.environment:create_environment_scripts_only(raspimouse_msgs)
[15.035s] Level 1:colcon.colcon_core.environment:checking '/home/ubuntu/ros2_ws/install/raspimouse_msgs' for CMake module files
[15.037s] DEBUG:colcon.colcon_core.event_handler.log_command:Invoked command in '/home/ubuntu/ros2_ws/build/raspimouse_msgs' returned '0': CMAKE_PREFIX_PATH=${CMAKE_PREFIX_PATH}:/home/ubuntu/ros2_ws/install/raspimouse_ros2:/home/ubuntu/ros2_ws/install/raspimouse:/opt/ros/foxy /usr/bin/cmake --install /home/ubuntu/ros2_ws/build/raspimouse_msgs
[15.050s] Level 1:colcon.colcon_core.environment:checking '/home/ubuntu/ros2_ws/install/raspimouse_msgs' for CMake config files
[15.060s] Level 1:colcon.colcon_core.shell:create_environment_hook('raspimouse_msgs', 'cmake_prefix_path')
[15.067s] INFO:colcon.colcon_core.shell:Creating environment hook '/home/ubuntu/ros2_ws/install/raspimouse_msgs/share/raspimouse_msgs/hook/cmake_prefix_path.ps1'
[15.072s] INFO:colcon.colcon_core.shell:Creating environment descriptor '/home/ubuntu/ros2_ws/install/raspimouse_msgs/share/raspimouse_msgs/hook/cmake_prefix_path.dsv'
[15.077s] INFO:colcon.colcon_core.shell:Creating environment hook '/home/ubuntu/ros2_ws/install/raspimouse_msgs/share/raspimouse_msgs/hook/cmake_prefix_path.sh'
[15.084s] Level 1:colcon.colcon_core.environment:checking '/home/ubuntu/ros2_ws/install/raspimouse_msgs/lib'
[15.086s] Level 1:colcon.colcon_core.shell:create_environment_hook('raspimouse_msgs', 'ld_library_path_lib')
[15.092s] INFO:colcon.colcon_core.shell:Creating environment hook '/home/ubuntu/ros2_ws/install/raspimouse_msgs/share/raspimouse_msgs/hook/ld_library_path_lib.ps1'
[15.097s] INFO:colcon.colcon_core.shell:Creating environment descriptor '/home/ubuntu/ros2_ws/install/raspimouse_msgs/share/raspimouse_msgs/hook/ld_library_path_lib.dsv'
[15.102s] INFO:colcon.colcon_core.shell:Creating environment hook '/home/ubuntu/ros2_ws/install/raspimouse_msgs/share/raspimouse_msgs/hook/ld_library_path_lib.sh'
[15.107s] Level 1:colcon.colcon_core.environment:checking '/home/ubuntu/ros2_ws/install/raspimouse_msgs/bin'
[15.109s] Level 1:colcon.colcon_core.environment:checking '/home/ubuntu/ros2_ws/install/raspimouse_msgs/lib/pkgconfig/raspimouse_msgs.pc'
[15.110s] Level 1:colcon.colcon_core.environment:checking '/home/ubuntu/ros2_ws/install/raspimouse_msgs/lib/python3.8/site-packages'
[15.112s] Level 1:colcon.colcon_core.shell:create_environment_hook('raspimouse_msgs', 'pythonpath')
[15.122s] INFO:colcon.colcon_core.shell:Creating environment hook '/home/ubuntu/ros2_ws/install/raspimouse_msgs/share/raspimouse_msgs/hook/pythonpath.ps1'
[15.128s] INFO:colcon.colcon_core.shell:Creating environment descriptor '/home/ubuntu/ros2_ws/install/raspimouse_msgs/share/raspimouse_msgs/hook/pythonpath.dsv'
[15.134s] INFO:colcon.colcon_core.shell:Creating environment hook '/home/ubuntu/ros2_ws/install/raspimouse_msgs/share/raspimouse_msgs/hook/pythonpath.sh'
[15.148s] INFO:colcon.colcon_core.shell:Creating package script '/home/ubuntu/ros2_ws/install/raspimouse_msgs/share/raspimouse_msgs/package.ps1'
[15.159s] INFO:colcon.colcon_core.shell:Creating package descriptor '/home/ubuntu/ros2_ws/install/raspimouse_msgs/share/raspimouse_msgs/package.dsv'
[15.168s] INFO:colcon.colcon_core.shell:Creating package script '/home/ubuntu/ros2_ws/install/raspimouse_msgs/share/raspimouse_msgs/package.sh'
[15.183s] INFO:colcon.colcon_core.shell:Creating package script '/home/ubuntu/ros2_ws/install/raspimouse_msgs/share/raspimouse_msgs/package.bash'
[15.189s] INFO:colcon.colcon_core.shell:Creating package script '/home/ubuntu/ros2_ws/install/raspimouse_msgs/share/raspimouse_msgs/package.zsh'
[15.196s] Level 1:colcon.colcon_core.environment:create_file_with_runtime_dependencies(/home/ubuntu/ros2_ws/install/raspimouse_msgs/share/colcon-core/packages/raspimouse_msgs)
[16.698s] Level 1:colcon.colcon_core.environment:create_environment_scripts_only(raspimouse_msgs)
[16.708s] Level 1:colcon.colcon_core.environment:checking '/home/ubuntu/ros2_ws/install/raspimouse_msgs' for CMake module files
[16.717s] Level 1:colcon.colcon_core.environment:checking '/home/ubuntu/ros2_ws/install/raspimouse_msgs' for CMake config files
[16.726s] Level 1:colcon.colcon_core.shell:create_environment_hook('raspimouse_msgs', 'cmake_prefix_path')
[16.731s] INFO:colcon.colcon_core.shell:Creating environment hook '/home/ubuntu/ros2_ws/install/raspimouse_msgs/share/raspimouse_msgs/hook/cmake_prefix_path.ps1'
[16.737s] INFO:colcon.colcon_core.shell:Creating environment descriptor '/home/ubuntu/ros2_ws/install/raspimouse_msgs/share/raspimouse_msgs/hook/cmake_prefix_path.dsv'
[16.742s] INFO:colcon.colcon_core.shell:Creating environment hook '/home/ubuntu/ros2_ws/install/raspimouse_msgs/share/raspimouse_msgs/hook/cmake_prefix_path.sh'
[16.752s] Level 1:colcon.colcon_core.environment:checking '/home/ubuntu/ros2_ws/install/raspimouse_msgs/lib'
[16.753s] Level 1:colcon.colcon_core.shell:create_environment_hook('raspimouse_msgs', 'ld_library_path_lib')
[16.760s] INFO:colcon.colcon_core.shell:Creating environment hook '/home/ubuntu/ros2_ws/install/raspimouse_msgs/share/raspimouse_msgs/hook/ld_library_path_lib.ps1'
[16.764s] INFO:colcon.colcon_core.shell:Creating environment descriptor '/home/ubuntu/ros2_ws/install/raspimouse_msgs/share/raspimouse_msgs/hook/ld_library_path_lib.dsv'
[16.769s] INFO:colcon.colcon_core.shell:Creating environment hook '/home/ubuntu/ros2_ws/install/raspimouse_msgs/share/raspimouse_msgs/hook/ld_library_path_lib.sh'
[16.775s] Level 1:colcon.colcon_core.environment:checking '/home/ubuntu/ros2_ws/install/raspimouse_msgs/bin'
[16.776s] Level 1:colcon.colcon_core.environment:checking '/home/ubuntu/ros2_ws/install/raspimouse_msgs/lib/pkgconfig/raspimouse_msgs.pc'
[16.777s] Level 1:colcon.colcon_core.environment:checking '/home/ubuntu/ros2_ws/install/raspimouse_msgs/lib/python3.8/site-packages'
[16.778s] Level 1:colcon.colcon_core.shell:create_environment_hook('raspimouse_msgs', 'pythonpath')
[16.785s] INFO:colcon.colcon_core.shell:Creating environment hook '/home/ubuntu/ros2_ws/install/raspimouse_msgs/share/raspimouse_msgs/hook/pythonpath.ps1'
[16.790s] INFO:colcon.colcon_core.shell:Creating environment descriptor '/home/ubuntu/ros2_ws/install/raspimouse_msgs/share/raspimouse_msgs/hook/pythonpath.dsv'
[16.794s] INFO:colcon.colcon_core.shell:Creating environment hook '/home/ubuntu/ros2_ws/install/raspimouse_msgs/share/raspimouse_msgs/hook/pythonpath.sh'
[16.808s] INFO:colcon.colcon_core.shell:Creating package script '/home/ubuntu/ros2_ws/install/raspimouse_msgs/share/raspimouse_msgs/package.ps1'
[16.815s] INFO:colcon.colcon_core.shell:Creating package descriptor '/home/ubuntu/ros2_ws/install/raspimouse_msgs/share/raspimouse_msgs/package.dsv'
[16.823s] INFO:colcon.colcon_core.shell:Creating package script '/home/ubuntu/ros2_ws/install/raspimouse_msgs/share/raspimouse_msgs/package.sh'
[16.830s] INFO:colcon.colcon_core.shell:Creating package script '/home/ubuntu/ros2_ws/install/raspimouse_msgs/share/raspimouse_msgs/package.bash'
[16.836s] INFO:colcon.colcon_core.shell:Creating package script '/home/ubuntu/ros2_ws/install/raspimouse_msgs/share/raspimouse_msgs/package.zsh'
[16.842s] Level 1:colcon.colcon_core.environment:create_file_with_runtime_dependencies(/home/ubuntu/ros2_ws/install/raspimouse_msgs/share/colcon-core/packages/raspimouse_msgs)
[16.846s] DEBUG:colcon.colcon_parallel_executor.executor.parallel:closing loop
[16.848s] DEBUG:colcon.colcon_parallel_executor.executor.parallel:loop closed
[16.850s] DEBUG:colcon.colcon_parallel_executor.executor.parallel:run_until_complete finished with '0'
[16.851s] DEBUG:colcon.colcon_core.event_reactor:joining thread
[17.004s] INFO:colcon.colcon_core.plugin_system:Skipping extension 'colcon_notification.desktop_notification.notify_send': Could not find 'notify-send'
[17.005s] INFO:colcon.colcon_core.plugin_system:Skipping extension 'colcon_notification.desktop_notification.terminal_notifier': Not used on non-Darwin systems
[17.006s] INFO:colcon.colcon_core.plugin_system:Skipping extension 'colcon_notification.desktop_notification.win32': Not used on non-Windows systems
[17.007s] INFO:colcon.colcon_notification.desktop_notification:Sending desktop notification using 'notify2'
[17.080s] DEBUG:colcon.colcon_notification.desktop_notification.notify2:Failed to initialize notify2: org.freedesktop.DBus.Error.ServiceUnknown: The name org.freedesktop.Notifications was not provided by any .service files
[17.081s] DEBUG:colcon.colcon_core.event_reactor:joined thread
[17.089s] INFO:colcon.colcon_core.shell:Creating prefix script '/home/ubuntu/ros2_ws/install/local_setup.ps1'
[17.107s] INFO:colcon.colcon_core.shell:Creating prefix util module '/home/ubuntu/ros2_ws/install/_local_setup_util_ps1.py'
[17.425s] INFO:colcon.colcon_core.shell:Creating prefix chain script '/home/ubuntu/ros2_ws/install/setup.ps1'
[17.458s] INFO:colcon.colcon_core.shell:Creating prefix script '/home/ubuntu/ros2_ws/install/local_setup.sh'
[17.467s] INFO:colcon.colcon_core.shell:Creating prefix util module '/home/ubuntu/ros2_ws/install/_local_setup_util_sh.py'
[17.474s] INFO:colcon.colcon_core.shell:Creating prefix chain script '/home/ubuntu/ros2_ws/install/setup.sh'
[17.509s] INFO:colcon.colcon_core.shell:Creating prefix script '/home/ubuntu/ros2_ws/install/local_setup.bash'
[17.519s] INFO:colcon.colcon_core.shell:Creating prefix chain script '/home/ubuntu/ros2_ws/install/setup.bash'
[17.824s] INFO:colcon.colcon_core.shell:Creating prefix script '/home/ubuntu/ros2_ws/install/local_setup.zsh'
[17.832s] INFO:colcon.colcon_core.shell:Creating prefix chain script '/home/ubuntu/ros2_ws/install/setup.zsh'
