[8.508s] DEBUG:colcon:Command line arguments: ['/usr/bin/colcon', 'build', '--packages-select', 'tutorial_topic']
[8.510s] DEBUG:colcon:Parsed command line arguments: Namespace(ament_cmake_args=None, base_paths=['.'], build_base='build', catkin_cmake_args=None, catkin_skip_building_tests=False, cmake_args=None, cmake_clean_cache=False, cmake_clean_first=False, cmake_force_configure=False, cmake_target=None, cmake_target_skip_unavailable=False, continue_on_error=False, event_handlers=None, executor='parallel', ignore_user_meta=False, install_base='install', log_base=None, log_level=None, main=<bound method BuildVerb.main of <colcon_core.verb.build.BuildVerb object at 0xffffab2293a0>>, merge_install=False, metas=['./colcon.meta'], packages_above=None, packages_above_and_dependencies=None, packages_above_depth=None, packages_end=None, packages_ignore=None, packages_ignore_regex=None, packages_select=['tutorial_topic'], packages_select_build_failed=False, packages_select_by_dep=None, packages_select_regex=None, packages_select_test_failures=False, packages_skip=None, packages_skip_build_finished=False, packages_skip_by_dep=None, packages_skip_regex=None, packages_skip_test_passed=False, packages_skip_up_to=None, packages_start=None, packages_up_to=None, packages_up_to_regex=None, parallel_workers=4, paths=None, symlink_install=False, test_result_base=None, verb_extension=<colcon_core.verb.build.BuildVerb object at 0xffffab2293a0>, verb_name='build', verb_parser=<colcon_defaults.argument_parser.defaults.DefaultArgumentsDecorator object at 0xffffab2298e0>)
[8.817s] Level 1:colcon.colcon_core.package_discovery:discover_packages(colcon_meta) check parameters
[8.830s] Level 1:colcon.colcon_core.package_discovery:discover_packages(recursive) check parameters
[8.831s] Level 1:colcon.colcon_core.package_discovery:discover_packages(ignore) check parameters
[8.833s] Level 1:colcon.colcon_core.package_discovery:discover_packages(path) check parameters
[8.833s] Level 1:colcon.colcon_core.package_discovery:discover_packages(colcon_meta) discover
[8.834s] Level 1:colcon.colcon_core.package_discovery:discover_packages(recursive) discover
[8.835s] INFO:colcon.colcon_core.package_discovery:Crawling recursively for packages in '/home/ubuntu/ros2_ws'
[8.837s] Level 1:colcon.colcon_core.package_identification:_identify(.) by extensions ['ignore', 'ignore_ament_install']
[8.839s] Level 1:colcon.colcon_core.package_identification:_identify(.) by extension 'ignore'
[8.840s] Level 1:colcon.colcon_core.package_identification:_identify(.) by extension 'ignore_ament_install'
[8.841s] Level 1:colcon.colcon_core.package_identification:_identify(.) by extensions ['colcon_pkg']
[8.842s] Level 1:colcon.colcon_core.package_identification:_identify(.) by extension 'colcon_pkg'
[8.843s] Level 1:colcon.colcon_core.package_identification:_identify(.) by extensions ['colcon_meta']
[8.844s] Level 1:colcon.colcon_core.package_identification:_identify(.) by extension 'colcon_meta'
[8.845s] Level 1:colcon.colcon_core.package_identification:_identify(.) by extensions ['ros']
[8.845s] Level 1:colcon.colcon_core.package_identification:_identify(.) by extension 'ros'
[9.059s] Level 1:colcon.colcon_core.package_identification:_identify(.) by extensions ['cmake', 'python']
[9.060s] Level 1:colcon.colcon_core.package_identification:_identify(.) by extension 'cmake'
[9.061s] Level 1:colcon.colcon_core.package_identification:_identify(.) by extension 'python'
[9.062s] Level 1:colcon.colcon_core.package_identification:_identify(.) by extensions ['python_setup_py']
[9.063s] Level 1:colcon.colcon_core.package_identification:_identify(.) by extension 'python_setup_py'
[9.065s] Level 1:colcon.colcon_core.package_identification:_identify(build) by extensions ['ignore', 'ignore_ament_install']
[9.066s] Level 1:colcon.colcon_core.package_identification:_identify(build) by extension 'ignore'
[9.066s] Level 1:colcon.colcon_core.package_identification:_identify(build) ignored
[9.068s] Level 1:colcon.colcon_core.package_identification:_identify(install) by extensions ['ignore', 'ignore_ament_install']
[9.069s] Level 1:colcon.colcon_core.package_identification:_identify(install) by extension 'ignore'
[9.070s] Level 1:colcon.colcon_core.package_identification:_identify(install) ignored
[9.071s] Level 1:colcon.colcon_core.package_identification:_identify(log) by extensions ['ignore', 'ignore_ament_install']
[9.073s] Level 1:colcon.colcon_core.package_identification:_identify(log) by extension 'ignore'
[9.074s] Level 1:colcon.colcon_core.package_identification:_identify(log) ignored
[9.075s] Level 1:colcon.colcon_core.package_identification:_identify(src) by extensions ['ignore', 'ignore_ament_install']
[9.077s] Level 1:colcon.colcon_core.package_identification:_identify(src) by extension 'ignore'
[9.078s] Level 1:colcon.colcon_core.package_identification:_identify(src) by extension 'ignore_ament_install'
[9.079s] Level 1:colcon.colcon_core.package_identification:_identify(src) by extensions ['colcon_pkg']
[9.079s] Level 1:colcon.colcon_core.package_identification:_identify(src) by extension 'colcon_pkg'
[9.081s] Level 1:colcon.colcon_core.package_identification:_identify(src) by extensions ['colcon_meta']
[9.081s] Level 1:colcon.colcon_core.package_identification:_identify(src) by extension 'colcon_meta'
[9.083s] Level 1:colcon.colcon_core.package_identification:_identify(src) by extensions ['ros']
[9.084s] Level 1:colcon.colcon_core.package_identification:_identify(src) by extension 'ros'
[9.086s] Level 1:colcon.colcon_core.package_identification:_identify(src) by extensions ['cmake', 'python']
[9.086s] Level 1:colcon.colcon_core.package_identification:_identify(src) by extension 'cmake'
[9.087s] Level 1:colcon.colcon_core.package_identification:_identify(src) by extension 'python'
[9.088s] Level 1:colcon.colcon_core.package_identification:_identify(src) by extensions ['python_setup_py']
[9.088s] Level 1:colcon.colcon_core.package_identification:_identify(src) by extension 'python_setup_py'
[9.090s] Level 1:colcon.colcon_core.package_identification:_identify(src/tutorial_package) by extensions ['ignore', 'ignore_ament_install']
[9.091s] Level 1:colcon.colcon_core.package_identification:_identify(src/tutorial_package) by extension 'ignore'
[9.092s] Level 1:colcon.colcon_core.package_identification:_identify(src/tutorial_package) by extension 'ignore_ament_install'
[9.093s] Level 1:colcon.colcon_core.package_identification:_identify(src/tutorial_package) by extensions ['colcon_pkg']
[9.094s] Level 1:colcon.colcon_core.package_identification:_identify(src/tutorial_package) by extension 'colcon_pkg'
[9.095s] Level 1:colcon.colcon_core.package_identification:_identify(src/tutorial_package) by extensions ['colcon_meta']
[9.095s] Level 1:colcon.colcon_core.package_identification:_identify(src/tutorial_package) by extension 'colcon_meta'
[9.096s] Level 1:colcon.colcon_core.package_identification:_identify(src/tutorial_package) by extensions ['ros']
[9.097s] Level 1:colcon.colcon_core.package_identification:_identify(src/tutorial_package) by extension 'ros'
[9.131s] DEBUG:colcon.colcon_core.package_identification:Package 'src/tutorial_package' with type 'ros.ament_cmake' and name 'tutorial_package'
[9.133s] Level 1:colcon.colcon_core.package_identification:_identify(src/tutorial_topic) by extensions ['ignore', 'ignore_ament_install']
[9.134s] Level 1:colcon.colcon_core.package_identification:_identify(src/tutorial_topic) by extension 'ignore'
[9.135s] Level 1:colcon.colcon_core.package_identification:_identify(src/tutorial_topic) by extension 'ignore_ament_install'
[9.136s] Level 1:colcon.colcon_core.package_identification:_identify(src/tutorial_topic) by extensions ['colcon_pkg']
[9.137s] Level 1:colcon.colcon_core.package_identification:_identify(src/tutorial_topic) by extension 'colcon_pkg'
[9.138s] Level 1:colcon.colcon_core.package_identification:_identify(src/tutorial_topic) by extensions ['colcon_meta']
[9.138s] Level 1:colcon.colcon_core.package_identification:_identify(src/tutorial_topic) by extension 'colcon_meta'
[9.139s] Level 1:colcon.colcon_core.package_identification:_identify(src/tutorial_topic) by extensions ['ros']
[9.140s] Level 1:colcon.colcon_core.package_identification:_identify(src/tutorial_topic) by extension 'ros'
[9.156s] DEBUG:colcon.colcon_core.package_identification:Package 'src/tutorial_topic' with type 'ros.ament_cmake' and name 'tutorial_topic'
[9.157s] Level 1:colcon.colcon_core.package_discovery:discover_packages(recursive) using defaults
[9.158s] Level 1:colcon.colcon_core.package_discovery:discover_packages(ignore) discover
[9.158s] Level 1:colcon.colcon_core.package_discovery:discover_packages(ignore) using defaults
[9.159s] Level 1:colcon.colcon_core.package_discovery:discover_packages(path) discover
[9.160s] Level 1:colcon.colcon_core.package_discovery:discover_packages(path) using defaults
[9.468s] INFO:colcon.colcon_core.package_selection:Skipping not selected package 'tutorial_package' in 'src/tutorial_package'
[9.497s] Level 5:colcon.colcon_core.verb:set package 'tutorial_topic' build argument 'cmake_args' from command line to 'None'
[9.498s] Level 5:colcon.colcon_core.verb:set package 'tutorial_topic' build argument 'cmake_target' from command line to 'None'
[9.498s] Level 5:colcon.colcon_core.verb:set package 'tutorial_topic' build argument 'cmake_target_skip_unavailable' from command line to 'False'
[9.499s] Level 5:colcon.colcon_core.verb:set package 'tutorial_topic' build argument 'cmake_clean_cache' from command line to 'False'
[9.500s] Level 5:colcon.colcon_core.verb:set package 'tutorial_topic' build argument 'cmake_clean_first' from command line to 'False'
[9.500s] Level 5:colcon.colcon_core.verb:set package 'tutorial_topic' build argument 'cmake_force_configure' from command line to 'False'
[9.501s] Level 5:colcon.colcon_core.verb:set package 'tutorial_topic' build argument 'ament_cmake_args' from command line to 'None'
[9.501s] Level 5:colcon.colcon_core.verb:set package 'tutorial_topic' build argument 'catkin_cmake_args' from command line to 'None'
[9.502s] Level 5:colcon.colcon_core.verb:set package 'tutorial_topic' build argument 'catkin_skip_building_tests' from command line to 'False'
[9.503s] DEBUG:colcon.colcon_core.verb:Building package 'tutorial_topic' with the following arguments: {'ament_cmake_args': None, 'build_base': '/home/ubuntu/ros2_ws/build/tutorial_topic', 'catkin_cmake_args': None, 'catkin_skip_building_tests': False, 'cmake_args': None, 'cmake_clean_cache': False, 'cmake_clean_first': False, 'cmake_force_configure': False, 'cmake_target': None, 'cmake_target_skip_unavailable': False, 'install_base': '/home/ubuntu/ros2_ws/install/tutorial_topic', 'merge_install': False, 'path': '/home/ubuntu/ros2_ws/src/tutorial_topic', 'symlink_install': False, 'test_result_base': None}
[9.507s] INFO:colcon.colcon_core.executor:Executing jobs using 'parallel' executor
[9.528s] DEBUG:colcon.colcon_parallel_executor.executor.parallel:run_until_complete
[9.531s] INFO:colcon.colcon_ros.task.ament_cmake.build:Building ROS package in '/home/ubuntu/ros2_ws/src/tutorial_topic' with build type 'ament_cmake'
[9.534s] INFO:colcon.colcon_cmake.task.cmake.build:Building CMake package in '/home/ubuntu/ros2_ws/src/tutorial_topic'
[9.620s] INFO:colcon.colcon_core.plugin_system:Skipping extension 'colcon_core.shell.bat': Not used on non-Windows systems
[9.624s] INFO:colcon.colcon_core.shell:Skip shell extension 'powershell' for command environment: Not usable outside of PowerShell
[9.627s] DEBUG:colcon.colcon_core.shell:Skip shell extension 'dsv' for command environment
[9.689s] DEBUG:colcon.colcon_core.shell:Ignoring prefix path '/opt/ros/foxy'
[10.103s] DEBUG:colcon.colcon_core.event_handler.log_command:Invoking command in '/home/ubuntu/ros2_ws/build/tutorial_topic': CMAKE_PREFIX_PATH=/opt/ros/foxy /usr/bin/cmake --build /home/ubuntu/ros2_ws/build/tutorial_topic -- -j4 -l4
