[7.253s] Invoking command in '/home/ubuntu/ros2_ws/src/raspimouse': CMAKE_PREFIX_PATH=/home/ubuntu/ros2_ws/install/light_sensor_values:/home/ubuntu/ros2_ws/install/tutorial_topic:/home/ubuntu/ros2_ws/install/tutorial_package:/home/ubuntu/ros2_ws/install/tutorial_interfaces LD_LIBRARY_PATH=/home/ubuntu/ros2_ws/install/light_sensor_values/lib:/home/ubuntu/ros2_ws/install/tutorial_interfaces/lib:/opt/ros/foxy/opt/yaml_cpp_vendor/lib:/opt/ros/foxy/lib/aarch64-linux-gnu:/opt/ros/foxy/lib PYTHONPATH=/home/ubuntu/ros2_ws/install/raspimouse/lib/python3.8/site-packages:/home/ubuntu/ros2_ws/install/light_sensor_values/lib/python3.8/site-packages:/home/ubuntu/ros2_ws/install/tutorial_interfaces/lib/python3.8/site-packages:/home/ubuntu/ros2_ws/install/raspimouse/lib/python3.8/site-packages:/opt/ros/foxy/lib/python3.8/site-packages /usr/bin/python3 setup.py egg_info --egg-base ../../build/raspimouse build --build-base /home/ubuntu/ros2_ws/build/raspimouse/build install --prefix /home/ubuntu/ros2_ws/install/raspimouse --record /home/ubuntu/ros2_ws/build/raspimouse/install.log --single-version-externally-managed
[11.120s] running egg_info
[11.127s] writing ../../build/raspimouse/raspimouse.egg-info/PKG-INFO
[11.133s] writing dependency_links to ../../build/raspimouse/raspimouse.egg-info/dependency_links.txt
[11.139s] writing entry points to ../../build/raspimouse/raspimouse.egg-info/entry_points.txt
[11.144s] writing requirements to ../../build/raspimouse/raspimouse.egg-info/requires.txt
[11.147s] writing top-level names to ../../build/raspimouse/raspimouse.egg-info/top_level.txt
[13.921s] reading manifest file '../../build/raspimouse/raspimouse.egg-info/SOURCES.txt'
[13.934s] writing manifest file '../../build/raspimouse/raspimouse.egg-info/SOURCES.txt'
[13.936s] running build
[13.938s] running build_py
[13.946s] copying raspimouse/lightsensors.py -> /home/ubuntu/ros2_ws/build/raspimouse/build/lib/raspimouse
[13.960s] running install
[13.981s] running install_lib
[13.999s] copying /home/ubuntu/ros2_ws/build/raspimouse/build/lib/raspimouse/lightsensors.py -> /home/ubuntu/ros2_ws/install/raspimouse/lib/python3.8/site-packages/raspimouse
[14.018s] byte-compiling /home/ubuntu/ros2_ws/install/raspimouse/lib/python3.8/site-packages/raspimouse/lightsensors.py to lightsensors.cpython-38.pyc
[14.039s] running install_data
[14.051s] running install_egg_info
[14.097s] removing '/home/ubuntu/ros2_ws/install/raspimouse/lib/python3.8/site-packages/raspimouse-0.0.0-py3.8.egg-info' (and everything under it)
[14.120s] Copying ../../build/raspimouse/raspimouse.egg-info to /home/ubuntu/ros2_ws/install/raspimouse/lib/python3.8/site-packages/raspimouse-0.0.0-py3.8.egg-info
[14.172s] running install_scripts
[14.631s] Installing buzzer2_sub_node script to /home/ubuntu/ros2_ws/install/raspimouse/lib/raspimouse
[14.637s] Installing buzzer3_sub_node script to /home/ubuntu/ros2_ws/install/raspimouse/lib/raspimouse
[14.640s] Installing buzzer_node script to /home/ubuntu/ros2_ws/install/raspimouse/lib/raspimouse
[14.642s] Installing lightsensor_listener script to /home/ubuntu/ros2_ws/install/raspimouse/lib/raspimouse
[14.644s] Installing lightsensor_talker script to /home/ubuntu/ros2_ws/install/raspimouse/lib/raspimouse
[14.646s] Installing lightsensors script to /home/ubuntu/ros2_ws/install/raspimouse/lib/raspimouse
[14.651s] writing list of installed files to '/home/ubuntu/ros2_ws/build/raspimouse/install.log'
[15.011s] Invoked command in '/home/ubuntu/ros2_ws/src/raspimouse' returned '0': CMAKE_PREFIX_PATH=/home/ubuntu/ros2_ws/install/light_sensor_values:/home/ubuntu/ros2_ws/install/tutorial_topic:/home/ubuntu/ros2_ws/install/tutorial_package:/home/ubuntu/ros2_ws/install/tutorial_interfaces LD_LIBRARY_PATH=/home/ubuntu/ros2_ws/install/light_sensor_values/lib:/home/ubuntu/ros2_ws/install/tutorial_interfaces/lib:/opt/ros/foxy/opt/yaml_cpp_vendor/lib:/opt/ros/foxy/lib/aarch64-linux-gnu:/opt/ros/foxy/lib PYTHONPATH=/home/ubuntu/ros2_ws/install/raspimouse/lib/python3.8/site-packages:/home/ubuntu/ros2_ws/install/light_sensor_values/lib/python3.8/site-packages:/home/ubuntu/ros2_ws/install/tutorial_interfaces/lib/python3.8/site-packages:/home/ubuntu/ros2_ws/install/raspimouse/lib/python3.8/site-packages:/opt/ros/foxy/lib/python3.8/site-packages /usr/bin/python3 setup.py egg_info --egg-base ../../build/raspimouse build --build-base /home/ubuntu/ros2_ws/build/raspimouse/build install --prefix /home/ubuntu/ros2_ws/install/raspimouse --record /home/ubuntu/ros2_ws/build/raspimouse/install.log --single-version-externally-managed
