[2.074s] Invoking command in '/home/ubuntu/ros2_ws/src/raspimouse': PYTHONPATH=/home/ubuntu/ros2_ws/install/raspimouse/lib/python3.8/site-packages:${PYTHONPATH} /usr/bin/python3 setup.py egg_info --egg-base ../../build/raspimouse build --build-base /home/ubuntu/ros2_ws/build/raspimouse/build install --prefix /home/ubuntu/ros2_ws/install/raspimouse --record /home/ubuntu/ros2_ws/build/raspimouse/install.log --single-version-externally-managed
[4.149s] running egg_info
[4.153s] writing ../../build/raspimouse/raspimouse.egg-info/PKG-INFO
[4.155s] writing dependency_links to ../../build/raspimouse/raspimouse.egg-info/dependency_links.txt
[4.158s] writing entry points to ../../build/raspimouse/raspimouse.egg-info/entry_points.txt
[4.160s] writing requirements to ../../build/raspimouse/raspimouse.egg-info/requires.txt
[4.161s] writing top-level names to ../../build/raspimouse/raspimouse.egg-info/top_level.txt
[4.504s] reading manifest file '../../build/raspimouse/raspimouse.egg-info/SOURCES.txt'
[4.514s] writing manifest file '../../build/raspimouse/raspimouse.egg-info/SOURCES.txt'
[4.515s] running build
[4.517s] running build_py
[4.520s] copying raspimouse/motors1.py -> /home/ubuntu/ros2_ws/build/raspimouse/build/lib/raspimouse
[4.524s] running install
[4.531s] running install_lib
[4.544s] copying /home/ubuntu/ros2_ws/build/raspimouse/build/lib/raspimouse/motors1.py -> /home/ubuntu/ros2_ws/install/raspimouse/lib/python3.8/site-packages/raspimouse
[4.553s] byte-compiling /home/ubuntu/ros2_ws/install/raspimouse/lib/python3.8/site-packages/raspimouse/motors1.py to motors1.cpython-38.pyc
[4.568s] running install_data
[4.572s] running install_egg_info
[4.585s] removing '/home/ubuntu/ros2_ws/install/raspimouse/lib/python3.8/site-packages/raspimouse-0.0.0-py3.8.egg-info' (and everything under it)
[4.588s] Copying ../../build/raspimouse/raspimouse.egg-info to /home/ubuntu/ros2_ws/install/raspimouse/lib/python3.8/site-packages/raspimouse-0.0.0-py3.8.egg-info
[4.599s] running install_scripts
[4.749s] Installing buzzer2_sub_node script to /home/ubuntu/ros2_ws/install/raspimouse/lib/raspimouse
[4.750s] Installing buzzer3_sub_node script to /home/ubuntu/ros2_ws/install/raspimouse/lib/raspimouse
[4.752s] Installing buzzer_node script to /home/ubuntu/ros2_ws/install/raspimouse/lib/raspimouse
[4.753s] Installing lightsensor_sub script to /home/ubuntu/ros2_ws/install/raspimouse/lib/raspimouse
[4.754s] Installing lightsensors script to /home/ubuntu/ros2_ws/install/raspimouse/lib/raspimouse
[4.757s] Installing motors1 script to /home/ubuntu/ros2_ws/install/raspimouse/lib/raspimouse
[4.762s] writing list of installed files to '/home/ubuntu/ros2_ws/build/raspimouse/install.log'
[5.035s] Invoked command in '/home/ubuntu/ros2_ws/src/raspimouse' returned '0': PYTHONPATH=/home/ubuntu/ros2_ws/install/raspimouse/lib/python3.8/site-packages:${PYTHONPATH} /usr/bin/python3 setup.py egg_info --egg-base ../../build/raspimouse build --build-base /home/ubuntu/ros2_ws/build/raspimouse/build install --prefix /home/ubuntu/ros2_ws/install/raspimouse --record /home/ubuntu/ros2_ws/build/raspimouse/install.log --single-version-externally-managed
