[2.256s] Invoking command in '/home/ubuntu/ros2_ws/src/raspimouse': PYTHONPATH=/home/ubuntu/ros2_ws/install/raspimouse/lib/python3.8/site-packages:${PYTHONPATH} /usr/bin/python3 setup.py egg_info --egg-base ../../build/raspimouse build --build-base /home/ubuntu/ros2_ws/build/raspimouse/build install --prefix /home/ubuntu/ros2_ws/install/raspimouse --record /home/ubuntu/ros2_ws/build/raspimouse/install.log --single-version-externally-managed
[4.561s] running egg_info
[4.584s] writing ../../build/raspimouse/raspimouse.egg-info/PKG-INFO
[4.591s] writing dependency_links to ../../build/raspimouse/raspimouse.egg-info/dependency_links.txt
[4.596s] writing entry points to ../../build/raspimouse/raspimouse.egg-info/entry_points.txt
[4.600s] writing requirements to ../../build/raspimouse/raspimouse.egg-info/requires.txt
[4.602s] writing top-level names to ../../build/raspimouse/raspimouse.egg-info/top_level.txt
[5.298s] reading manifest file '../../build/raspimouse/raspimouse.egg-info/SOURCES.txt'
[5.325s] writing manifest file '../../build/raspimouse/raspimouse.egg-info/SOURCES.txt'
[5.340s] running build
[5.341s] running build_py
[5.354s] copying raspimouse/move.py -> /home/ubuntu/ros2_ws/build/raspimouse/build/lib/raspimouse
[5.363s] running install
[5.372s] running install_lib
[5.411s] copying /home/ubuntu/ros2_ws/build/raspimouse/build/lib/raspimouse/move.py -> /home/ubuntu/ros2_ws/install/raspimouse/lib/python3.8/site-packages/raspimouse
[5.430s] byte-compiling /home/ubuntu/ros2_ws/install/raspimouse/lib/python3.8/site-packages/raspimouse/move.py to move.cpython-38.pyc
[5.459s] running install_data
[5.476s] running install_egg_info
[5.523s] removing '/home/ubuntu/ros2_ws/install/raspimouse/lib/python3.8/site-packages/raspimouse-0.0.0-py3.8.egg-info' (and everything under it)
[5.536s] Copying ../../build/raspimouse/raspimouse.egg-info to /home/ubuntu/ros2_ws/install/raspimouse/lib/python3.8/site-packages/raspimouse-0.0.0-py3.8.egg-info
[5.571s] running install_scripts
[5.878s] Installing buzzer script to /home/ubuntu/ros2_ws/install/raspimouse/lib/raspimouse
[5.890s] Installing buzzer2_sub_node script to /home/ubuntu/ros2_ws/install/raspimouse/lib/raspimouse
[5.895s] Installing buzzer3_sub_node script to /home/ubuntu/ros2_ws/install/raspimouse/lib/raspimouse
[5.901s] Installing buzzer4_sub_node script to /home/ubuntu/ros2_ws/install/raspimouse/lib/raspimouse
[5.907s] Installing buzzer_pub_node script to /home/ubuntu/ros2_ws/install/raspimouse/lib/raspimouse
[5.912s] Installing lightsensors script to /home/ubuntu/ros2_ws/install/raspimouse/lib/raspimouse
[5.917s] Installing lightsensors_sub script to /home/ubuntu/ros2_ws/install/raspimouse/lib/raspimouse
[5.920s] Installing motors script to /home/ubuntu/ros2_ws/install/raspimouse/lib/raspimouse
[5.923s] Installing motors1 script to /home/ubuntu/ros2_ws/install/raspimouse/lib/raspimouse
[5.928s] Installing motors2 script to /home/ubuntu/ros2_ws/install/raspimouse/lib/raspimouse
[5.939s] Installing move script to /home/ubuntu/ros2_ws/install/raspimouse/lib/raspimouse
[5.946s] writing list of installed files to '/home/ubuntu/ros2_ws/build/raspimouse/install.log'
[6.243s] Invoked command in '/home/ubuntu/ros2_ws/src/raspimouse' returned '0': PYTHONPATH=/home/ubuntu/ros2_ws/install/raspimouse/lib/python3.8/site-packages:${PYTHONPATH} /usr/bin/python3 setup.py egg_info --egg-base ../../build/raspimouse build --build-base /home/ubuntu/ros2_ws/build/raspimouse/build install --prefix /home/ubuntu/ros2_ws/install/raspimouse --record /home/ubuntu/ros2_ws/build/raspimouse/install.log --single-version-externally-managed
