[3.641s] DEBUG:colcon:Command line arguments: ['/usr/bin/colcon', 'build']
[3.642s] DEBUG:colcon:Parsed command line arguments: Namespace(ament_cmake_args=None, base_paths=['.'], build_base='build', catkin_cmake_args=None, catkin_skip_building_tests=False, cmake_args=None, cmake_clean_cache=False, cmake_clean_first=False, cmake_force_configure=False, cmake_target=None, cmake_target_skip_unavailable=False, continue_on_error=False, event_handlers=None, executor='parallel', ignore_user_meta=False, install_base='install', log_base=None, log_level=None, main=<bound method BuildVerb.main of <colcon_core.verb.build.BuildVerb object at 0xffffb870b5e0>>, merge_install=False, metas=['./colcon.meta'], packages_above=None, packages_above_and_dependencies=None, packages_above_depth=None, packages_end=None, packages_ignore=None, packages_ignore_regex=None, packages_select=None, packages_select_build_failed=False, packages_select_by_dep=None, packages_select_regex=None, packages_select_test_failures=False, packages_skip=None, packages_skip_build_finished=False, packages_skip_by_dep=None, packages_skip_regex=None, packages_skip_test_passed=False, packages_skip_up_to=None, packages_start=None, packages_up_to=None, packages_up_to_regex=None, parallel_workers=4, paths=None, symlink_install=False, test_result_base=None, verb_extension=<colcon_core.verb.build.BuildVerb object at 0xffffb870b5e0>, verb_name='build', verb_parser=<colcon_defaults.argument_parser.defaults.DefaultArgumentsDecorator object at 0xffffb870bb20>)
[3.759s] Level 1:colcon.colcon_core.package_discovery:discover_packages(colcon_meta) check parameters
[3.761s] Level 1:colcon.colcon_core.package_discovery:discover_packages(recursive) check parameters
[3.761s] Level 1:colcon.colcon_core.package_discovery:discover_packages(ignore) check parameters
[3.762s] Level 1:colcon.colcon_core.package_discovery:discover_packages(path) check parameters
[3.762s] Level 1:colcon.colcon_core.package_discovery:discover_packages(colcon_meta) discover
[3.763s] Level 1:colcon.colcon_core.package_discovery:discover_packages(recursive) discover
[3.763s] INFO:colcon.colcon_core.package_discovery:Crawling recursively for packages in '/home/ubuntu/ros2_ws'
[3.765s] Level 1:colcon.colcon_core.package_identification:_identify(.) by extensions ['ignore', 'ignore_ament_install']
[3.766s] Level 1:colcon.colcon_core.package_identification:_identify(.) by extension 'ignore'
[3.767s] Level 1:colcon.colcon_core.package_identification:_identify(.) by extension 'ignore_ament_install'
[3.768s] Level 1:colcon.colcon_core.package_identification:_identify(.) by extensions ['colcon_pkg']
[3.768s] Level 1:colcon.colcon_core.package_identification:_identify(.) by extension 'colcon_pkg'
[3.769s] Level 1:colcon.colcon_core.package_identification:_identify(.) by extensions ['colcon_meta']
[3.770s] Level 1:colcon.colcon_core.package_identification:_identify(.) by extension 'colcon_meta'
[3.770s] Level 1:colcon.colcon_core.package_identification:_identify(.) by extensions ['ros']
[3.770s] Level 1:colcon.colcon_core.package_identification:_identify(.) by extension 'ros'
[3.933s] Level 1:colcon.colcon_core.package_identification:_identify(.) by extensions ['cmake', 'python']
[3.934s] Level 1:colcon.colcon_core.package_identification:_identify(.) by extension 'cmake'
[3.935s] Level 1:colcon.colcon_core.package_identification:_identify(.) by extension 'python'
[3.936s] Level 1:colcon.colcon_core.package_identification:_identify(.) by extensions ['python_setup_py']
[3.936s] Level 1:colcon.colcon_core.package_identification:_identify(.) by extension 'python_setup_py'
[3.938s] Level 1:colcon.colcon_core.package_identification:_identify(build) by extensions ['ignore', 'ignore_ament_install']
[3.939s] Level 1:colcon.colcon_core.package_identification:_identify(build) by extension 'ignore'
[3.940s] Level 1:colcon.colcon_core.package_identification:_identify(build) ignored
[3.942s] Level 1:colcon.colcon_core.package_identification:_identify(install) by extensions ['ignore', 'ignore_ament_install']
[3.943s] Level 1:colcon.colcon_core.package_identification:_identify(install) by extension 'ignore'
[3.944s] Level 1:colcon.colcon_core.package_identification:_identify(install) ignored
[3.948s] Level 1:colcon.colcon_core.package_identification:_identify(log) by extensions ['ignore', 'ignore_ament_install']
[3.949s] Level 1:colcon.colcon_core.package_identification:_identify(log) by extension 'ignore'
[3.950s] Level 1:colcon.colcon_core.package_identification:_identify(log) ignored
[3.951s] Level 1:colcon.colcon_core.package_identification:_identify(src) by extensions ['ignore', 'ignore_ament_install']
[3.953s] Level 1:colcon.colcon_core.package_identification:_identify(src) by extension 'ignore'
[3.953s] Level 1:colcon.colcon_core.package_identification:_identify(src) by extension 'ignore_ament_install'
[3.955s] Level 1:colcon.colcon_core.package_identification:_identify(src) by extensions ['colcon_pkg']
[3.955s] Level 1:colcon.colcon_core.package_identification:_identify(src) by extension 'colcon_pkg'
[3.956s] Level 1:colcon.colcon_core.package_identification:_identify(src) by extensions ['colcon_meta']
[3.957s] Level 1:colcon.colcon_core.package_identification:_identify(src) by extension 'colcon_meta'
[3.957s] Level 1:colcon.colcon_core.package_identification:_identify(src) by extensions ['ros']
[3.958s] Level 1:colcon.colcon_core.package_identification:_identify(src) by extension 'ros'
[3.959s] Level 1:colcon.colcon_core.package_identification:_identify(src) by extensions ['cmake', 'python']
[3.960s] Level 1:colcon.colcon_core.package_identification:_identify(src) by extension 'cmake'
[3.961s] Level 1:colcon.colcon_core.package_identification:_identify(src) by extension 'python'
[3.962s] Level 1:colcon.colcon_core.package_identification:_identify(src) by extensions ['python_setup_py']
[3.962s] Level 1:colcon.colcon_core.package_identification:_identify(src) by extension 'python_setup_py'
[3.965s] Level 1:colcon.colcon_core.package_identification:_identify(src/light_sensor_values) by extensions ['ignore', 'ignore_ament_install']
[3.966s] Level 1:colcon.colcon_core.package_identification:_identify(src/light_sensor_values) by extension 'ignore'
[3.967s] Level 1:colcon.colcon_core.package_identification:_identify(src/light_sensor_values) by extension 'ignore_ament_install'
[3.969s] Level 1:colcon.colcon_core.package_identification:_identify(src/light_sensor_values) by extensions ['colcon_pkg']
[3.969s] Level 1:colcon.colcon_core.package_identification:_identify(src/light_sensor_values) by extension 'colcon_pkg'
[3.970s] Level 1:colcon.colcon_core.package_identification:_identify(src/light_sensor_values) by extensions ['colcon_meta']
[3.971s] Level 1:colcon.colcon_core.package_identification:_identify(src/light_sensor_values) by extension 'colcon_meta'
[3.972s] Level 1:colcon.colcon_core.package_identification:_identify(src/light_sensor_values) by extensions ['ros']
[3.972s] Level 1:colcon.colcon_core.package_identification:_identify(src/light_sensor_values) by extension 'ros'
[4.003s] DEBUG:colcon.colcon_core.package_identification:Package 'src/light_sensor_values' with type 'ros.ament_cmake' and name 'light_sensor_values'
[4.005s] Level 1:colcon.colcon_core.package_identification:_identify(src/raspimouse) by extensions ['ignore', 'ignore_ament_install']
[4.006s] Level 1:colcon.colcon_core.package_identification:_identify(src/raspimouse) by extension 'ignore'
[4.007s] Level 1:colcon.colcon_core.package_identification:_identify(src/raspimouse) by extension 'ignore_ament_install'
[4.008s] Level 1:colcon.colcon_core.package_identification:_identify(src/raspimouse) by extensions ['colcon_pkg']
[4.009s] Level 1:colcon.colcon_core.package_identification:_identify(src/raspimouse) by extension 'colcon_pkg'
[4.010s] Level 1:colcon.colcon_core.package_identification:_identify(src/raspimouse) by extensions ['colcon_meta']
[4.010s] Level 1:colcon.colcon_core.package_identification:_identify(src/raspimouse) by extension 'colcon_meta'
[4.011s] Level 1:colcon.colcon_core.package_identification:_identify(src/raspimouse) by extensions ['ros']
[4.012s] Level 1:colcon.colcon_core.package_identification:_identify(src/raspimouse) by extension 'ros'
[4.022s] DEBUG:colcon.colcon_core.package_identification:Package 'src/raspimouse' with type 'ros.ament_python' and name 'raspimouse'
[4.023s] Level 1:colcon.colcon_core.package_discovery:discover_packages(recursive) using defaults
[4.024s] Level 1:colcon.colcon_core.package_discovery:discover_packages(ignore) discover
[4.024s] Level 1:colcon.colcon_core.package_discovery:discover_packages(ignore) using defaults
[4.025s] Level 1:colcon.colcon_core.package_discovery:discover_packages(path) discover
[4.025s] Level 1:colcon.colcon_core.package_discovery:discover_packages(path) using defaults
[4.303s] Level 5:colcon.colcon_core.verb:set package 'light_sensor_values' build argument 'cmake_args' from command line to 'None'
[4.303s] Level 5:colcon.colcon_core.verb:set package 'light_sensor_values' build argument 'cmake_target' from command line to 'None'
[4.304s] Level 5:colcon.colcon_core.verb:set package 'light_sensor_values' build argument 'cmake_target_skip_unavailable' from command line to 'False'
[4.305s] Level 5:colcon.colcon_core.verb:set package 'light_sensor_values' build argument 'cmake_clean_cache' from command line to 'False'
[4.305s] Level 5:colcon.colcon_core.verb:set package 'light_sensor_values' build argument 'cmake_clean_first' from command line to 'False'
[4.306s] Level 5:colcon.colcon_core.verb:set package 'light_sensor_values' build argument 'cmake_force_configure' from command line to 'False'
[4.306s] Level 5:colcon.colcon_core.verb:set package 'light_sensor_values' build argument 'ament_cmake_args' from command line to 'None'
[4.307s] Level 5:colcon.colcon_core.verb:set package 'light_sensor_values' build argument 'catkin_cmake_args' from command line to 'None'
[4.308s] Level 5:colcon.colcon_core.verb:set package 'light_sensor_values' build argument 'catkin_skip_building_tests' from command line to 'False'
[4.309s] DEBUG:colcon.colcon_core.verb:Building package 'light_sensor_values' with the following arguments: {'ament_cmake_args': None, 'build_base': '/home/ubuntu/ros2_ws/build/light_sensor_values', 'catkin_cmake_args': None, 'catkin_skip_building_tests': False, 'cmake_args': None, 'cmake_clean_cache': False, 'cmake_clean_first': False, 'cmake_force_configure': False, 'cmake_target': None, 'cmake_target_skip_unavailable': False, 'install_base': '/home/ubuntu/ros2_ws/install/light_sensor_values', 'merge_install': False, 'path': '/home/ubuntu/ros2_ws/src/light_sensor_values', 'symlink_install': False, 'test_result_base': None}
[4.339s] Level 5:colcon.colcon_core.verb:set package 'raspimouse' build argument 'cmake_args' from command line to 'None'
[4.340s] Level 5:colcon.colcon_core.verb:set package 'raspimouse' build argument 'cmake_target' from command line to 'None'
[4.341s] Level 5:colcon.colcon_core.verb:set package 'raspimouse' build argument 'cmake_target_skip_unavailable' from command line to 'False'
[4.342s] Level 5:colcon.colcon_core.verb:set package 'raspimouse' build argument 'cmake_clean_cache' from command line to 'False'
[4.343s] Level 5:colcon.colcon_core.verb:set package 'raspimouse' build argument 'cmake_clean_first' from command line to 'False'
[4.343s] Level 5:colcon.colcon_core.verb:set package 'raspimouse' build argument 'cmake_force_configure' from command line to 'False'
[4.344s] Level 5:colcon.colcon_core.verb:set package 'raspimouse' build argument 'ament_cmake_args' from command line to 'None'
[4.344s] Level 5:colcon.colcon_core.verb:set package 'raspimouse' build argument 'catkin_cmake_args' from command line to 'None'
[4.345s] Level 5:colcon.colcon_core.verb:set package 'raspimouse' build argument 'catkin_skip_building_tests' from command line to 'False'
[4.346s] DEBUG:colcon.colcon_core.verb:Building package 'raspimouse' with the following arguments: {'ament_cmake_args': None, 'build_base': '/home/ubuntu/ros2_ws/build/raspimouse', 'catkin_cmake_args': None, 'catkin_skip_building_tests': False, 'cmake_args': None, 'cmake_clean_cache': False, 'cmake_clean_first': False, 'cmake_force_configure': False, 'cmake_target': None, 'cmake_target_skip_unavailable': False, 'install_base': '/home/ubuntu/ros2_ws/install/raspimouse', 'merge_install': False, 'path': '/home/ubuntu/ros2_ws/src/raspimouse', 'symlink_install': False, 'test_result_base': None}
[4.349s] INFO:colcon.colcon_core.executor:Executing jobs using 'parallel' executor
[4.374s] DEBUG:colcon.colcon_parallel_executor.executor.parallel:run_until_complete
[4.377s] INFO:colcon.colcon_ros.task.ament_cmake.build:Building ROS package in '/home/ubuntu/ros2_ws/src/light_sensor_values' with build type 'ament_cmake'
[4.379s] INFO:colcon.colcon_cmake.task.cmake.build:Building CMake package in '/home/ubuntu/ros2_ws/src/light_sensor_values'
[4.449s] INFO:colcon.colcon_core.plugin_system:Skipping extension 'colcon_core.shell.bat': Not used on non-Windows systems
[4.452s] INFO:colcon.colcon_core.shell:Skip shell extension 'powershell' for command environment: Not usable outside of PowerShell
[4.453s] DEBUG:colcon.colcon_core.shell:Skip shell extension 'dsv' for command environment
[4.523s] DEBUG:colcon.colcon_core.shell:Ignoring prefix path '/opt/ros/foxy'
[4.643s] DEBUG:colcon.colcon_core.event_handler.log_command:Invoking command in '/home/ubuntu/ros2_ws/build/light_sensor_values': CMAKE_PREFIX_PATH=${CMAKE_PREFIX_PATH}:/home/ubuntu/ros2_ws/install/raspimouse:/opt/ros/foxy /usr/bin/cmake --build /home/ubuntu/ros2_ws/build/light_sensor_values -- -j4 -l4
[9.088s] DEBUG:colcon.colcon_core.event_handler.log_command:Invoked command in '/home/ubuntu/ros2_ws/build/light_sensor_values' returned '0': CMAKE_PREFIX_PATH=${CMAKE_PREFIX_PATH}:/home/ubuntu/ros2_ws/install/raspimouse:/opt/ros/foxy /usr/bin/cmake --build /home/ubuntu/ros2_ws/build/light_sensor_values -- -j4 -l4
[9.728s] DEBUG:colcon.colcon_core.event_handler.log_command:Invoking command in '/home/ubuntu/ros2_ws/build/light_sensor_values': CMAKE_PREFIX_PATH=${CMAKE_PREFIX_PATH}:/home/ubuntu/ros2_ws/install/raspimouse:/opt/ros/foxy /usr/bin/cmake --install /home/ubuntu/ros2_ws/build/light_sensor_values
[11.929s] Level 1:colcon.colcon_core.environment:create_environment_scripts_only(light_sensor_values)
[11.937s] DEBUG:colcon.colcon_core.event_handler.log_command:Invoked command in '/home/ubuntu/ros2_ws/build/light_sensor_values' returned '0': CMAKE_PREFIX_PATH=${CMAKE_PREFIX_PATH}:/home/ubuntu/ros2_ws/install/raspimouse:/opt/ros/foxy /usr/bin/cmake --install /home/ubuntu/ros2_ws/build/light_sensor_values
[12.045s] Level 1:colcon.colcon_core.environment:checking '/home/ubuntu/ros2_ws/install/light_sensor_values' for CMake module files
[12.054s] Level 1:colcon.colcon_core.environment:checking '/home/ubuntu/ros2_ws/install/light_sensor_values' for CMake config files
[12.064s] Level 1:colcon.colcon_core.shell:create_environment_hook('light_sensor_values', 'cmake_prefix_path')
[12.071s] INFO:colcon.colcon_core.shell:Creating environment hook '/home/ubuntu/ros2_ws/install/light_sensor_values/share/light_sensor_values/hook/cmake_prefix_path.ps1'
[12.093s] INFO:colcon.colcon_core.shell:Creating environment descriptor '/home/ubuntu/ros2_ws/install/light_sensor_values/share/light_sensor_values/hook/cmake_prefix_path.dsv'
[12.447s] INFO:colcon.colcon_core.shell:Creating environment hook '/home/ubuntu/ros2_ws/install/light_sensor_values/share/light_sensor_values/hook/cmake_prefix_path.sh'
[12.462s] Level 1:colcon.colcon_core.environment:checking '/home/ubuntu/ros2_ws/install/light_sensor_values/lib'
[12.464s] Level 1:colcon.colcon_core.shell:create_environment_hook('light_sensor_values', 'ld_library_path_lib')
[12.471s] INFO:colcon.colcon_core.shell:Creating environment hook '/home/ubuntu/ros2_ws/install/light_sensor_values/share/light_sensor_values/hook/ld_library_path_lib.ps1'
[12.476s] INFO:colcon.colcon_core.shell:Creating environment descriptor '/home/ubuntu/ros2_ws/install/light_sensor_values/share/light_sensor_values/hook/ld_library_path_lib.dsv'
[12.480s] INFO:colcon.colcon_core.shell:Creating environment hook '/home/ubuntu/ros2_ws/install/light_sensor_values/share/light_sensor_values/hook/ld_library_path_lib.sh'
[12.485s] Level 1:colcon.colcon_core.environment:checking '/home/ubuntu/ros2_ws/install/light_sensor_values/bin'
[12.487s] Level 1:colcon.colcon_core.environment:checking '/home/ubuntu/ros2_ws/install/light_sensor_values/lib/pkgconfig/light_sensor_values.pc'
[12.488s] Level 1:colcon.colcon_core.environment:checking '/home/ubuntu/ros2_ws/install/light_sensor_values/lib/python3.8/site-packages'
[12.489s] Level 1:colcon.colcon_core.shell:create_environment_hook('light_sensor_values', 'pythonpath')
[12.495s] INFO:colcon.colcon_core.shell:Creating environment hook '/home/ubuntu/ros2_ws/install/light_sensor_values/share/light_sensor_values/hook/pythonpath.ps1'
[12.500s] INFO:colcon.colcon_core.shell:Creating environment descriptor '/home/ubuntu/ros2_ws/install/light_sensor_values/share/light_sensor_values/hook/pythonpath.dsv'
[12.505s] INFO:colcon.colcon_core.shell:Creating environment hook '/home/ubuntu/ros2_ws/install/light_sensor_values/share/light_sensor_values/hook/pythonpath.sh'
[12.519s] INFO:colcon.colcon_core.shell:Creating package script '/home/ubuntu/ros2_ws/install/light_sensor_values/share/light_sensor_values/package.ps1'
[12.533s] INFO:colcon.colcon_core.shell:Creating package descriptor '/home/ubuntu/ros2_ws/install/light_sensor_values/share/light_sensor_values/package.dsv'
[13.077s] INFO:colcon.colcon_core.shell:Creating package script '/home/ubuntu/ros2_ws/install/light_sensor_values/share/light_sensor_values/package.sh'
[13.121s] INFO:colcon.colcon_core.shell:Creating package script '/home/ubuntu/ros2_ws/install/light_sensor_values/share/light_sensor_values/package.bash'
[13.158s] INFO:colcon.colcon_core.shell:Creating package script '/home/ubuntu/ros2_ws/install/light_sensor_values/share/light_sensor_values/package.zsh'
[13.182s] Level 1:colcon.colcon_core.environment:create_file_with_runtime_dependencies(/home/ubuntu/ros2_ws/install/light_sensor_values/share/colcon-core/packages/light_sensor_values)
[14.030s] Level 1:colcon.colcon_core.environment:create_environment_scripts_only(light_sensor_values)
[14.041s] Level 1:colcon.colcon_core.environment:checking '/home/ubuntu/ros2_ws/install/light_sensor_values' for CMake module files
[14.050s] Level 1:colcon.colcon_core.environment:checking '/home/ubuntu/ros2_ws/install/light_sensor_values' for CMake config files
[14.056s] Level 1:colcon.colcon_core.shell:create_environment_hook('light_sensor_values', 'cmake_prefix_path')
[14.062s] INFO:colcon.colcon_core.shell:Creating environment hook '/home/ubuntu/ros2_ws/install/light_sensor_values/share/light_sensor_values/hook/cmake_prefix_path.ps1'
[14.068s] INFO:colcon.colcon_core.shell:Creating environment descriptor '/home/ubuntu/ros2_ws/install/light_sensor_values/share/light_sensor_values/hook/cmake_prefix_path.dsv'
[14.074s] INFO:colcon.colcon_core.shell:Creating environment hook '/home/ubuntu/ros2_ws/install/light_sensor_values/share/light_sensor_values/hook/cmake_prefix_path.sh'
[14.081s] Level 1:colcon.colcon_core.environment:checking '/home/ubuntu/ros2_ws/install/light_sensor_values/lib'
[14.082s] Level 1:colcon.colcon_core.shell:create_environment_hook('light_sensor_values', 'ld_library_path_lib')
[14.089s] INFO:colcon.colcon_core.shell:Creating environment hook '/home/ubuntu/ros2_ws/install/light_sensor_values/share/light_sensor_values/hook/ld_library_path_lib.ps1'
[14.093s] INFO:colcon.colcon_core.shell:Creating environment descriptor '/home/ubuntu/ros2_ws/install/light_sensor_values/share/light_sensor_values/hook/ld_library_path_lib.dsv'
[14.098s] INFO:colcon.colcon_core.shell:Creating environment hook '/home/ubuntu/ros2_ws/install/light_sensor_values/share/light_sensor_values/hook/ld_library_path_lib.sh'
[14.103s] Level 1:colcon.colcon_core.environment:checking '/home/ubuntu/ros2_ws/install/light_sensor_values/bin'
[14.104s] Level 1:colcon.colcon_core.environment:checking '/home/ubuntu/ros2_ws/install/light_sensor_values/lib/pkgconfig/light_sensor_values.pc'
[14.105s] Level 1:colcon.colcon_core.environment:checking '/home/ubuntu/ros2_ws/install/light_sensor_values/lib/python3.8/site-packages'
[14.106s] Level 1:colcon.colcon_core.shell:create_environment_hook('light_sensor_values', 'pythonpath')
[14.113s] INFO:colcon.colcon_core.shell:Creating environment hook '/home/ubuntu/ros2_ws/install/light_sensor_values/share/light_sensor_values/hook/pythonpath.ps1'
[14.118s] INFO:colcon.colcon_core.shell:Creating environment descriptor '/home/ubuntu/ros2_ws/install/light_sensor_values/share/light_sensor_values/hook/pythonpath.dsv'
[14.122s] INFO:colcon.colcon_core.shell:Creating environment hook '/home/ubuntu/ros2_ws/install/light_sensor_values/share/light_sensor_values/hook/pythonpath.sh'
[14.134s] INFO:colcon.colcon_core.shell:Creating package script '/home/ubuntu/ros2_ws/install/light_sensor_values/share/light_sensor_values/package.ps1'
[14.140s] INFO:colcon.colcon_core.shell:Creating package descriptor '/home/ubuntu/ros2_ws/install/light_sensor_values/share/light_sensor_values/package.dsv'
[14.147s] INFO:colcon.colcon_core.shell:Creating package script '/home/ubuntu/ros2_ws/install/light_sensor_values/share/light_sensor_values/package.sh'
[14.153s] INFO:colcon.colcon_core.shell:Creating package script '/home/ubuntu/ros2_ws/install/light_sensor_values/share/light_sensor_values/package.bash'
[14.159s] INFO:colcon.colcon_core.shell:Creating package script '/home/ubuntu/ros2_ws/install/light_sensor_values/share/light_sensor_values/package.zsh'
[14.165s] Level 1:colcon.colcon_core.environment:create_file_with_runtime_dependencies(/home/ubuntu/ros2_ws/install/light_sensor_values/share/colcon-core/packages/light_sensor_values)
[14.170s] INFO:colcon.colcon_ros.task.ament_python.build:Building ROS package in '/home/ubuntu/ros2_ws/src/raspimouse' with build type 'ament_python'
[14.173s] Level 1:colcon.colcon_core.shell:create_environment_hook('raspimouse', 'ament_prefix_path')
[14.182s] INFO:colcon.colcon_core.shell:Creating environment hook '/home/ubuntu/ros2_ws/install/raspimouse/share/raspimouse/hook/ament_prefix_path.ps1'
[14.205s] INFO:colcon.colcon_core.shell:Creating environment descriptor '/home/ubuntu/ros2_ws/install/raspimouse/share/raspimouse/hook/ament_prefix_path.dsv'
[14.209s] INFO:colcon.colcon_core.shell:Creating environment hook '/home/ubuntu/ros2_ws/install/raspimouse/share/raspimouse/hook/ament_prefix_path.sh'
[14.219s] INFO:colcon.colcon_core.shell:Skip shell extension 'powershell' for command environment: Not usable outside of PowerShell
[14.220s] DEBUG:colcon.colcon_core.shell:Skip shell extension 'dsv' for command environment
[14.263s] DEBUG:colcon.colcon_core.shell:Ignoring prefix path '/opt/ros/foxy'
[20.409s] INFO:colcon.colcon_core.task.python.build:Building Python package in '/home/ubuntu/ros2_ws/src/raspimouse'
[20.418s] INFO:colcon.colcon_core.shell:Skip shell extension 'powershell' for command environment: Not usable outside of PowerShell
[20.419s] DEBUG:colcon.colcon_core.shell:Skip shell extension 'dsv' for command environment
[20.474s] DEBUG:colcon.colcon_core.shell:Ignoring prefix path '/opt/ros/foxy'
[20.682s] DEBUG:colcon.colcon_core.event_handler.log_command:Invoking command in '/home/ubuntu/ros2_ws/src/raspimouse': CMAKE_PREFIX_PATH=/home/ubuntu/ros2_ws/install/light_sensor_values:/home/ubuntu/ros2_ws/install/tutorial_topic:/home/ubuntu/ros2_ws/install/tutorial_package:/home/ubuntu/ros2_ws/install/tutorial_interfaces LD_LIBRARY_PATH=/home/ubuntu/ros2_ws/install/light_sensor_values/lib:/home/ubuntu/ros2_ws/install/tutorial_interfaces/lib:/opt/ros/foxy/opt/yaml_cpp_vendor/lib:/opt/ros/foxy/lib/aarch64-linux-gnu:/opt/ros/foxy/lib PYTHONPATH=/home/ubuntu/ros2_ws/install/raspimouse/lib/python3.8/site-packages:/home/ubuntu/ros2_ws/install/light_sensor_values/lib/python3.8/site-packages:/home/ubuntu/ros2_ws/install/tutorial_interfaces/lib/python3.8/site-packages:/home/ubuntu/ros2_ws/install/raspimouse/lib/python3.8/site-packages:/opt/ros/foxy/lib/python3.8/site-packages /usr/bin/python3 setup.py egg_info --egg-base ../../build/raspimouse build --build-base /home/ubuntu/ros2_ws/build/raspimouse/build install --prefix /home/ubuntu/ros2_ws/install/raspimouse --record /home/ubuntu/ros2_ws/build/raspimouse/install.log --single-version-externally-managed
[27.758s] DEBUG:colcon.colcon_core.event_handler.log_command:Invoked command in '/home/ubuntu/ros2_ws/src/raspimouse' returned '0': CMAKE_PREFIX_PATH=/home/ubuntu/ros2_ws/install/light_sensor_values:/home/ubuntu/ros2_ws/install/tutorial_topic:/home/ubuntu/ros2_ws/install/tutorial_package:/home/ubuntu/ros2_ws/install/tutorial_interfaces LD_LIBRARY_PATH=/home/ubuntu/ros2_ws/install/light_sensor_values/lib:/home/ubuntu/ros2_ws/install/tutorial_interfaces/lib:/opt/ros/foxy/opt/yaml_cpp_vendor/lib:/opt/ros/foxy/lib/aarch64-linux-gnu:/opt/ros/foxy/lib PYTHONPATH=/home/ubuntu/ros2_ws/install/raspimouse/lib/python3.8/site-packages:/home/ubuntu/ros2_ws/install/light_sensor_values/lib/python3.8/site-packages:/home/ubuntu/ros2_ws/install/tutorial_interfaces/lib/python3.8/site-packages:/home/ubuntu/ros2_ws/install/raspimouse/lib/python3.8/site-packages:/opt/ros/foxy/lib/python3.8/site-packages /usr/bin/python3 setup.py egg_info --egg-base ../../build/raspimouse build --build-base /home/ubuntu/ros2_ws/build/raspimouse/build install --prefix /home/ubuntu/ros2_ws/install/raspimouse --record /home/ubuntu/ros2_ws/build/raspimouse/install.log --single-version-externally-managed
[27.778s] Level 1:colcon.colcon_core.environment:checking '/home/ubuntu/ros2_ws/install/raspimouse' for CMake module files
[27.791s] Level 1:colcon.colcon_core.environment:checking '/home/ubuntu/ros2_ws/install/raspimouse' for CMake config files
[27.807s] Level 1:colcon.colcon_core.environment:checking '/home/ubuntu/ros2_ws/install/raspimouse/lib'
[27.809s] Level 1:colcon.colcon_core.environment:checking '/home/ubuntu/ros2_ws/install/raspimouse/bin'
[27.810s] Level 1:colcon.colcon_core.environment:checking '/home/ubuntu/ros2_ws/install/raspimouse/lib/pkgconfig/raspimouse.pc'
[27.812s] Level 1:colcon.colcon_core.environment:checking '/home/ubuntu/ros2_ws/install/raspimouse/lib/python3.8/site-packages'
[27.814s] Level 1:colcon.colcon_core.shell:create_environment_hook('raspimouse', 'pythonpath')
[27.822s] INFO:colcon.colcon_core.shell:Creating environment hook '/home/ubuntu/ros2_ws/install/raspimouse/share/raspimouse/hook/pythonpath.ps1'
[27.842s] INFO:colcon.colcon_core.shell:Creating environment descriptor '/home/ubuntu/ros2_ws/install/raspimouse/share/raspimouse/hook/pythonpath.dsv'
[27.867s] INFO:colcon.colcon_core.shell:Creating environment hook '/home/ubuntu/ros2_ws/install/raspimouse/share/raspimouse/hook/pythonpath.sh'
[27.881s] Level 1:colcon.colcon_core.environment:create_environment_scripts_only(raspimouse)
[27.891s] INFO:colcon.colcon_core.shell:Creating package script '/home/ubuntu/ros2_ws/install/raspimouse/share/raspimouse/package.ps1'
[27.900s] INFO:colcon.colcon_core.shell:Creating package descriptor '/home/ubuntu/ros2_ws/install/raspimouse/share/raspimouse/package.dsv'
[27.912s] INFO:colcon.colcon_core.shell:Creating package script '/home/ubuntu/ros2_ws/install/raspimouse/share/raspimouse/package.sh'
[27.925s] INFO:colcon.colcon_core.shell:Creating package script '/home/ubuntu/ros2_ws/install/raspimouse/share/raspimouse/package.bash'
[27.937s] INFO:colcon.colcon_core.shell:Creating package script '/home/ubuntu/ros2_ws/install/raspimouse/share/raspimouse/package.zsh'
[27.953s] Level 1:colcon.colcon_core.environment:create_file_with_runtime_dependencies(/home/ubuntu/ros2_ws/install/raspimouse/share/colcon-core/packages/raspimouse)
[27.965s] DEBUG:colcon.colcon_parallel_executor.executor.parallel:closing loop
[27.970s] DEBUG:colcon.colcon_parallel_executor.executor.parallel:loop closed
[27.971s] DEBUG:colcon.colcon_parallel_executor.executor.parallel:run_until_complete finished with '0'
[27.973s] DEBUG:colcon.colcon_core.event_reactor:joining thread
[28.228s] INFO:colcon.colcon_core.plugin_system:Skipping extension 'colcon_notification.desktop_notification.notify_send': Could not find 'notify-send'
[28.230s] INFO:colcon.colcon_core.plugin_system:Skipping extension 'colcon_notification.desktop_notification.terminal_notifier': Not used on non-Darwin systems
[28.232s] INFO:colcon.colcon_core.plugin_system:Skipping extension 'colcon_notification.desktop_notification.win32': Not used on non-Windows systems
[28.233s] INFO:colcon.colcon_notification.desktop_notification:Sending desktop notification using 'notify2'
[28.298s] DEBUG:colcon.colcon_notification.desktop_notification.notify2:Failed to initialize notify2: org.freedesktop.DBus.Error.ServiceUnknown: The name org.freedesktop.Notifications was not provided by any .service files
[28.299s] DEBUG:colcon.colcon_core.event_reactor:joined thread
[28.317s] INFO:colcon.colcon_core.shell:Creating prefix script '/home/ubuntu/ros2_ws/install/local_setup.ps1'
[28.333s] INFO:colcon.colcon_core.shell:Creating prefix util module '/home/ubuntu/ros2_ws/install/_local_setup_util_ps1.py'
[28.352s] INFO:colcon.colcon_core.shell:Creating prefix chain script '/home/ubuntu/ros2_ws/install/setup.ps1'
[28.385s] INFO:colcon.colcon_core.shell:Creating prefix script '/home/ubuntu/ros2_ws/install/local_setup.sh'
[28.689s] INFO:colcon.colcon_core.shell:Creating prefix util module '/home/ubuntu/ros2_ws/install/_local_setup_util_sh.py'
[28.696s] INFO:colcon.colcon_core.shell:Creating prefix chain script '/home/ubuntu/ros2_ws/install/setup.sh'
[28.723s] INFO:colcon.colcon_core.shell:Creating prefix script '/home/ubuntu/ros2_ws/install/local_setup.bash'
[28.731s] INFO:colcon.colcon_core.shell:Creating prefix chain script '/home/ubuntu/ros2_ws/install/setup.bash'
[28.762s] INFO:colcon.colcon_core.shell:Creating prefix script '/home/ubuntu/ros2_ws/install/local_setup.zsh'
[28.771s] INFO:colcon.colcon_core.shell:Creating prefix chain script '/home/ubuntu/ros2_ws/install/setup.zsh'
