[1.992s] Invoking command in '/home/ubuntu/ros2_ws/src/raspimouse': PYTHONPATH=/home/ubuntu/ros2_ws/install/raspimouse/lib/python3.8/site-packages:${PYTHONPATH} /usr/bin/python3 setup.py egg_info --egg-base ../../build/raspimouse build --build-base /home/ubuntu/ros2_ws/build/raspimouse/build install --prefix /home/ubuntu/ros2_ws/install/raspimouse --record /home/ubuntu/ros2_ws/build/raspimouse/install.log --single-version-externally-managed
[3.715s] running egg_info
[3.720s] writing ../../build/raspimouse/raspimouse.egg-info/PKG-INFO
[3.722s] writing dependency_links to ../../build/raspimouse/raspimouse.egg-info/dependency_links.txt
[3.725s] writing entry points to ../../build/raspimouse/raspimouse.egg-info/entry_points.txt
[3.727s] writing requirements to ../../build/raspimouse/raspimouse.egg-info/requires.txt
[3.729s] writing top-level names to ../../build/raspimouse/raspimouse.egg-info/top_level.txt
[4.054s] reading manifest file '../../build/raspimouse/raspimouse.egg-info/SOURCES.txt'
[4.065s] writing manifest file '../../build/raspimouse/raspimouse.egg-info/SOURCES.txt'
[4.067s] running build
[4.069s] running build_py
[4.070s] copying raspimouse/buzzer_subscription_node.py -> /home/ubuntu/ros2_ws/build/raspimouse/build/lib/raspimouse
[4.072s] running install
[4.079s] running install_lib
[4.089s] copying /home/ubuntu/ros2_ws/build/raspimouse/build/lib/raspimouse/buzzer_subscription_node.py -> /home/ubuntu/ros2_ws/install/raspimouse/lib/python3.8/site-packages/raspimouse
[4.096s] byte-compiling /home/ubuntu/ros2_ws/install/raspimouse/lib/python3.8/site-packages/raspimouse/buzzer_subscription_node.py to buzzer_subscription_node.cpython-38.pyc
[4.110s] running install_data
[4.115s] running install_egg_info
[4.129s] removing '/home/ubuntu/ros2_ws/install/raspimouse/lib/python3.8/site-packages/raspimouse-0.0.0-py3.8.egg-info' (and everything under it)
[4.133s] Copying ../../build/raspimouse/raspimouse.egg-info to /home/ubuntu/ros2_ws/install/raspimouse/lib/python3.8/site-packages/raspimouse-0.0.0-py3.8.egg-info
[4.146s] running install_scripts
[4.286s] Installing buzzer_node script to /home/ubuntu/ros2_ws/install/raspimouse/lib/raspimouse
[4.289s] Installing buzzer_subscription_node script to /home/ubuntu/ros2_ws/install/raspimouse/lib/raspimouse
[4.293s] writing list of installed files to '/home/ubuntu/ros2_ws/build/raspimouse/install.log'
[4.491s] Invoked command in '/home/ubuntu/ros2_ws/src/raspimouse' returned '0': PYTHONPATH=/home/ubuntu/ros2_ws/install/raspimouse/lib/python3.8/site-packages:${PYTHONPATH} /usr/bin/python3 setup.py egg_info --egg-base ../../build/raspimouse build --build-base /home/ubuntu/ros2_ws/build/raspimouse/build install --prefix /home/ubuntu/ros2_ws/install/raspimouse --record /home/ubuntu/ros2_ws/build/raspimouse/install.log --single-version-externally-managed
