[0.265s] Invoking command in '/home/ubuntu/ros2_ws/build/raspimouse_launch': AMENT_PREFIX_PATH=/home/ubuntu/ros2_ws/install/raspimouse:/home/ubuntu/ros2_ws/install/raspimouse_run_corridor:/home/ubuntu/ros2_ws/install/raspimouse_msgs:/home/ubuntu/ros2_ws/install/raspimouse_launch:/opt/ros/foxy CMAKE_PREFIX_PATH=${CMAKE_PREFIX_PATH}:/home/ubuntu/ros2_ws/install/raspimouse_run_corridor:/home/ubuntu/ros2_ws/install/raspimouse:/opt/ros/foxy PYTHONPATH=/home/ubuntu/ros2_ws/install/raspimouse/lib/python3.8/site-packages:/home/ubuntu/ros2_ws/install/raspimouse_run_corridor/lib/python3.8/site-packages:/home/ubuntu/ros2_ws/install/raspimouse_msgs/lib/python3.8/site-packages:/opt/ros/foxy/lib/python3.8/site-packages /usr/bin/cmake --build /home/ubuntu/ros2_ws/build/raspimouse_launch -- -j4 -l4
[3.605s] Invoked command in '/home/ubuntu/ros2_ws/build/raspimouse_launch' returned '0': AMENT_PREFIX_PATH=/home/ubuntu/ros2_ws/install/raspimouse:/home/ubuntu/ros2_ws/install/raspimouse_run_corridor:/home/ubuntu/ros2_ws/install/raspimouse_msgs:/home/ubuntu/ros2_ws/install/raspimouse_launch:/opt/ros/foxy CMAKE_PREFIX_PATH=${CMAKE_PREFIX_PATH}:/home/ubuntu/ros2_ws/install/raspimouse_run_corridor:/home/ubuntu/ros2_ws/install/raspimouse:/opt/ros/foxy PYTHONPATH=/home/ubuntu/ros2_ws/install/raspimouse/lib/python3.8/site-packages:/home/ubuntu/ros2_ws/install/raspimouse_run_corridor/lib/python3.8/site-packages:/home/ubuntu/ros2_ws/install/raspimouse_msgs/lib/python3.8/site-packages:/opt/ros/foxy/lib/python3.8/site-packages /usr/bin/cmake --build /home/ubuntu/ros2_ws/build/raspimouse_launch -- -j4 -l4
[3.973s] Invoking command in '/home/ubuntu/ros2_ws/build/raspimouse_launch': AMENT_PREFIX_PATH=/home/ubuntu/ros2_ws/install/raspimouse:/home/ubuntu/ros2_ws/install/raspimouse_run_corridor:/home/ubuntu/ros2_ws/install/raspimouse_msgs:/home/ubuntu/ros2_ws/install/raspimouse_launch:/opt/ros/foxy CMAKE_PREFIX_PATH=${CMAKE_PREFIX_PATH}:/home/ubuntu/ros2_ws/install/raspimouse_run_corridor:/home/ubuntu/ros2_ws/install/raspimouse:/opt/ros/foxy PYTHONPATH=/home/ubuntu/ros2_ws/install/raspimouse/lib/python3.8/site-packages:/home/ubuntu/ros2_ws/install/raspimouse_run_corridor/lib/python3.8/site-packages:/home/ubuntu/ros2_ws/install/raspimouse_msgs/lib/python3.8/site-packages:/opt/ros/foxy/lib/python3.8/site-packages /usr/bin/cmake --install /home/ubuntu/ros2_ws/build/raspimouse_launch
[4.085s] -- Install configuration: ""
[4.093s] -- Up-to-date: /home/ubuntu/ros2_ws/install/raspimouse_launch/share/raspimouse_launch//launch
[4.101s] -- Up-to-date: /home/ubuntu/ros2_ws/install/raspimouse_launch/share/raspimouse_launch//launch/raspimouse_launch.py
[4.104s] -- Up-to-date: /home/ubuntu/ros2_ws/install/raspimouse_launch/share/ament_index/resource_index/package_run_dependencies/raspimouse_launch
[4.109s] -- Up-to-date: /home/ubuntu/ros2_ws/install/raspimouse_launch/share/ament_index/resource_index/parent_prefix_path/raspimouse_launch
[4.112s] -- Up-to-date: /home/ubuntu/ros2_ws/install/raspimouse_launch/share/raspimouse_launch/environment/ament_prefix_path.sh
[4.116s] -- Up-to-date: /home/ubuntu/ros2_ws/install/raspimouse_launch/share/raspimouse_launch/environment/ament_prefix_path.dsv
[4.119s] -- Up-to-date: /home/ubuntu/ros2_ws/install/raspimouse_launch/share/raspimouse_launch/environment/path.sh
[4.131s] -- Up-to-date: /home/ubuntu/ros2_ws/install/raspimouse_launch/share/raspimouse_launch/environment/path.dsv
[4.132s] -- Up-to-date: /home/ubuntu/ros2_ws/install/raspimouse_launch/share/raspimouse_launch/local_setup.bash
[4.134s] -- Up-to-date: /home/ubuntu/ros2_ws/install/raspimouse_launch/share/raspimouse_launch/local_setup.sh
[4.136s] -- Up-to-date: /home/ubuntu/ros2_ws/install/raspimouse_launch/share/raspimouse_launch/local_setup.zsh
[4.138s] -- Up-to-date: /home/ubuntu/ros2_ws/install/raspimouse_launch/share/raspimouse_launch/local_setup.dsv
[4.139s] -- Installing: /home/ubuntu/ros2_ws/install/raspimouse_launch/share/raspimouse_launch/package.dsv
[4.148s] -- Up-to-date: /home/ubuntu/ros2_ws/install/raspimouse_launch/share/ament_index/resource_index/packages/raspimouse_launch
[4.150s] -- Up-to-date: /home/ubuntu/ros2_ws/install/raspimouse_launch/share/raspimouse_launch/cmake/raspimouse_launchConfig.cmake
[4.152s] -- Up-to-date: /home/ubuntu/ros2_ws/install/raspimouse_launch/share/raspimouse_launch/cmake/raspimouse_launchConfig-version.cmake
[4.153s] -- Up-to-date: /home/ubuntu/ros2_ws/install/raspimouse_launch/share/raspimouse_launch/package.xml
[4.177s] Invoked command in '/home/ubuntu/ros2_ws/build/raspimouse_launch' returned '0': AMENT_PREFIX_PATH=/home/ubuntu/ros2_ws/install/raspimouse:/home/ubuntu/ros2_ws/install/raspimouse_run_corridor:/home/ubuntu/ros2_ws/install/raspimouse_msgs:/home/ubuntu/ros2_ws/install/raspimouse_launch:/opt/ros/foxy CMAKE_PREFIX_PATH=${CMAKE_PREFIX_PATH}:/home/ubuntu/ros2_ws/install/raspimouse_run_corridor:/home/ubuntu/ros2_ws/install/raspimouse:/opt/ros/foxy PYTHONPATH=/home/ubuntu/ros2_ws/install/raspimouse/lib/python3.8/site-packages:/home/ubuntu/ros2_ws/install/raspimouse_run_corridor/lib/python3.8/site-packages:/home/ubuntu/ros2_ws/install/raspimouse_msgs/lib/python3.8/site-packages:/opt/ros/foxy/lib/python3.8/site-packages /usr/bin/cmake --install /home/ubuntu/ros2_ws/build/raspimouse_launch
