[1.986s] Invoking command in '/home/ubuntu/ros2_ws/src/raspimouse': PYTHONPATH=/home/ubuntu/ros2_ws/install/raspimouse/lib/python3.8/site-packages:${PYTHONPATH} /usr/bin/python3 setup.py egg_info --egg-base ../../build/raspimouse build --build-base /home/ubuntu/ros2_ws/build/raspimouse/build install --prefix /home/ubuntu/ros2_ws/install/raspimouse --record /home/ubuntu/ros2_ws/build/raspimouse/install.log --single-version-externally-managed
[3.701s] running egg_info
[3.707s] writing ../../build/raspimouse/raspimouse.egg-info/PKG-INFO
[3.711s] writing dependency_links to ../../build/raspimouse/raspimouse.egg-info/dependency_links.txt
[3.713s] writing entry points to ../../build/raspimouse/raspimouse.egg-info/entry_points.txt
[3.715s] writing requirements to ../../build/raspimouse/raspimouse.egg-info/requires.txt
[3.717s] writing top-level names to ../../build/raspimouse/raspimouse.egg-info/top_level.txt
[4.042s] reading manifest file '../../build/raspimouse/raspimouse.egg-info/SOURCES.txt'
[4.051s] writing manifest file '../../build/raspimouse/raspimouse.egg-info/SOURCES.txt'
[4.055s] running build
[4.056s] running build_py
[4.058s] copying raspimouse/buzzer_node.py -> /home/ubuntu/ros2_ws/build/raspimouse/build/lib/raspimouse
[4.060s] running install
[4.066s] running install_lib
[4.076s] copying /home/ubuntu/ros2_ws/build/raspimouse/build/lib/raspimouse/buzzer_node.py -> /home/ubuntu/ros2_ws/install/raspimouse/lib/python3.8/site-packages/raspimouse
[4.082s] byte-compiling /home/ubuntu/ros2_ws/install/raspimouse/lib/python3.8/site-packages/raspimouse/buzzer_node.py to buzzer_node.cpython-38.pyc
[4.094s] running install_data
[4.099s] running install_egg_info
[4.114s] removing '/home/ubuntu/ros2_ws/install/raspimouse/lib/python3.8/site-packages/raspimouse-0.0.0-py3.8.egg-info' (and everything under it)
[4.118s] Copying ../../build/raspimouse/raspimouse.egg-info to /home/ubuntu/ros2_ws/install/raspimouse/lib/python3.8/site-packages/raspimouse-0.0.0-py3.8.egg-info
[4.131s] running install_scripts
[4.270s] Installing buzzer_node script to /home/ubuntu/ros2_ws/install/raspimouse/lib/raspimouse
[4.274s] writing list of installed files to '/home/ubuntu/ros2_ws/build/raspimouse/install.log'
[4.474s] Invoked command in '/home/ubuntu/ros2_ws/src/raspimouse' returned '0': PYTHONPATH=/home/ubuntu/ros2_ws/install/raspimouse/lib/python3.8/site-packages:${PYTHONPATH} /usr/bin/python3 setup.py egg_info --egg-base ../../build/raspimouse build --build-base /home/ubuntu/ros2_ws/build/raspimouse/build install --prefix /home/ubuntu/ros2_ws/install/raspimouse --record /home/ubuntu/ros2_ws/build/raspimouse/install.log --single-version-externally-managed
