[2.511s] Invoking command in '/home/ubuntu/ros2_ws/src/raspimouse': PYTHONPATH=/home/ubuntu/ros2_ws/install/raspimouse/lib/python3.8/site-packages:${PYTHONPATH} /usr/bin/python3 setup.py egg_info --egg-base ../../build/raspimouse build --build-base /home/ubuntu/ros2_ws/build/raspimouse/build install --prefix /home/ubuntu/ros2_ws/install/raspimouse --record /home/ubuntu/ros2_ws/build/raspimouse/install.log --single-version-externally-managed
[4.852s] running egg_info
[4.856s] writing ../../build/raspimouse/raspimouse.egg-info/PKG-INFO
[4.867s] writing dependency_links to ../../build/raspimouse/raspimouse.egg-info/dependency_links.txt
[4.869s] writing entry points to ../../build/raspimouse/raspimouse.egg-info/entry_points.txt
[4.871s] writing requirements to ../../build/raspimouse/raspimouse.egg-info/requires.txt
[4.873s] writing top-level names to ../../build/raspimouse/raspimouse.egg-info/top_level.txt
[6.059s] reading manifest file '../../build/raspimouse/raspimouse.egg-info/SOURCES.txt'
[6.072s] writing manifest file '../../build/raspimouse/raspimouse.egg-info/SOURCES.txt'
[6.074s] running build
[6.076s] running build_py
[6.083s] copying raspimouse/move.py -> /home/ubuntu/ros2_ws/build/raspimouse/build/lib/raspimouse
[6.382s] running install
[6.394s] running install_lib
[6.419s] copying /home/ubuntu/ros2_ws/build/raspimouse/build/lib/raspimouse/move.py -> /home/ubuntu/ros2_ws/install/raspimouse/lib/python3.8/site-packages/raspimouse
[6.434s] byte-compiling /home/ubuntu/ros2_ws/install/raspimouse/lib/python3.8/site-packages/raspimouse/move.py to move.cpython-38.pyc
[6.468s] running install_data
[6.482s] running install_egg_info
[6.512s] removing '/home/ubuntu/ros2_ws/install/raspimouse/lib/python3.8/site-packages/raspimouse-0.0.0-py3.8.egg-info' (and everything under it)
[6.520s] Copying ../../build/raspimouse/raspimouse.egg-info to /home/ubuntu/ros2_ws/install/raspimouse/lib/python3.8/site-packages/raspimouse-0.0.0-py3.8.egg-info
[6.543s] running install_scripts
[6.781s] Installing buzzer script to /home/ubuntu/ros2_ws/install/raspimouse/lib/raspimouse
[6.783s] Installing buzzer2_sub_node script to /home/ubuntu/ros2_ws/install/raspimouse/lib/raspimouse
[6.789s] Installing buzzer3_sub_node script to /home/ubuntu/ros2_ws/install/raspimouse/lib/raspimouse
[6.794s] Installing buzzer4_sub_node script to /home/ubuntu/ros2_ws/install/raspimouse/lib/raspimouse
[6.798s] Installing buzzer_pub_node script to /home/ubuntu/ros2_ws/install/raspimouse/lib/raspimouse
[6.803s] Installing lightsensors script to /home/ubuntu/ros2_ws/install/raspimouse/lib/raspimouse
[6.819s] Installing lightsensors_sub script to /home/ubuntu/ros2_ws/install/raspimouse/lib/raspimouse
[6.827s] Installing motors script to /home/ubuntu/ros2_ws/install/raspimouse/lib/raspimouse
[6.839s] Installing motors1 script to /home/ubuntu/ros2_ws/install/raspimouse/lib/raspimouse
[6.841s] Installing motors2 script to /home/ubuntu/ros2_ws/install/raspimouse/lib/raspimouse
[6.842s] Installing move script to /home/ubuntu/ros2_ws/install/raspimouse/lib/raspimouse
[6.864s] writing list of installed files to '/home/ubuntu/ros2_ws/build/raspimouse/install.log'
[7.170s] Invoked command in '/home/ubuntu/ros2_ws/src/raspimouse' returned '0': PYTHONPATH=/home/ubuntu/ros2_ws/install/raspimouse/lib/python3.8/site-packages:${PYTHONPATH} /usr/bin/python3 setup.py egg_info --egg-base ../../build/raspimouse build --build-base /home/ubuntu/ros2_ws/build/raspimouse/build install --prefix /home/ubuntu/ros2_ws/install/raspimouse --record /home/ubuntu/ros2_ws/build/raspimouse/install.log --single-version-externally-managed
