[2.216s] Invoking command in '/home/ubuntu/ros2_ws/src/raspimouse': PYTHONPATH=/home/ubuntu/ros2_ws/install/raspimouse/lib/python3.8/site-packages:${PYTHONPATH} /usr/bin/python3 setup.py egg_info --egg-base ../../build/raspimouse build --build-base /home/ubuntu/ros2_ws/build/raspimouse/build install --prefix /home/ubuntu/ros2_ws/install/raspimouse --record /home/ubuntu/ros2_ws/build/raspimouse/install.log --single-version-externally-managed
[5.169s] running egg_info
[5.193s] writing ../../build/raspimouse/raspimouse.egg-info/PKG-INFO
[5.198s] writing dependency_links to ../../build/raspimouse/raspimouse.egg-info/dependency_links.txt
[5.205s] writing entry points to ../../build/raspimouse/raspimouse.egg-info/entry_points.txt
[5.210s] writing requirements to ../../build/raspimouse/raspimouse.egg-info/requires.txt
[5.219s] writing top-level names to ../../build/raspimouse/raspimouse.egg-info/top_level.txt
[6.211s] reading manifest file '../../build/raspimouse/raspimouse.egg-info/SOURCES.txt'
[6.225s] writing manifest file '../../build/raspimouse/raspimouse.egg-info/SOURCES.txt'
[6.227s] running build
[6.230s] running build_py
[6.241s] copying raspimouse/move.py -> /home/ubuntu/ros2_ws/build/raspimouse/build/lib/raspimouse
[6.258s] running install
[6.270s] running install_lib
[6.334s] copying /home/ubuntu/ros2_ws/build/raspimouse/build/lib/raspimouse/move.py -> /home/ubuntu/ros2_ws/install/raspimouse/lib/python3.8/site-packages/raspimouse
[6.358s] byte-compiling /home/ubuntu/ros2_ws/install/raspimouse/lib/python3.8/site-packages/raspimouse/move.py to move.cpython-38.pyc
[6.417s] running install_data
[6.728s] running install_egg_info
[6.754s] removing '/home/ubuntu/ros2_ws/install/raspimouse/lib/python3.8/site-packages/raspimouse-0.0.0-py3.8.egg-info' (and everything under it)
[6.774s] Copying ../../build/raspimouse/raspimouse.egg-info to /home/ubuntu/ros2_ws/install/raspimouse/lib/python3.8/site-packages/raspimouse-0.0.0-py3.8.egg-info
[6.793s] running install_scripts
[7.248s] Installing buzzer script to /home/ubuntu/ros2_ws/install/raspimouse/lib/raspimouse
[7.255s] Installing buzzer2_sub_node script to /home/ubuntu/ros2_ws/install/raspimouse/lib/raspimouse
[7.257s] Installing buzzer3_sub_node script to /home/ubuntu/ros2_ws/install/raspimouse/lib/raspimouse
[7.259s] Installing buzzer4_sub_node script to /home/ubuntu/ros2_ws/install/raspimouse/lib/raspimouse
[7.261s] Installing buzzer_pub_node script to /home/ubuntu/ros2_ws/install/raspimouse/lib/raspimouse
[7.273s] Installing lightsensors script to /home/ubuntu/ros2_ws/install/raspimouse/lib/raspimouse
[7.275s] Installing lightsensors_sub script to /home/ubuntu/ros2_ws/install/raspimouse/lib/raspimouse
[7.277s] Installing motors script to /home/ubuntu/ros2_ws/install/raspimouse/lib/raspimouse
[7.279s] Installing motors1 script to /home/ubuntu/ros2_ws/install/raspimouse/lib/raspimouse
[7.281s] Installing motors2 script to /home/ubuntu/ros2_ws/install/raspimouse/lib/raspimouse
[7.282s] Installing move script to /home/ubuntu/ros2_ws/install/raspimouse/lib/raspimouse
[7.293s] writing list of installed files to '/home/ubuntu/ros2_ws/build/raspimouse/install.log'
[7.715s] Invoked command in '/home/ubuntu/ros2_ws/src/raspimouse' returned '0': PYTHONPATH=/home/ubuntu/ros2_ws/install/raspimouse/lib/python3.8/site-packages:${PYTHONPATH} /usr/bin/python3 setup.py egg_info --egg-base ../../build/raspimouse build --build-base /home/ubuntu/ros2_ws/build/raspimouse/build install --prefix /home/ubuntu/ros2_ws/install/raspimouse --record /home/ubuntu/ros2_ws/build/raspimouse/install.log --single-version-externally-managed
