running egg_info
writing ../../build/raspimouse_ros2/raspimouse.egg-info/PKG-INFO
writing dependency_links to ../../build/raspimouse_ros2/raspimouse.egg-info/dependency_links.txt
writing entry points to ../../build/raspimouse_ros2/raspimouse.egg-info/entry_points.txt
writing requirements to ../../build/raspimouse_ros2/raspimouse.egg-info/requires.txt
writing top-level names to ../../build/raspimouse_ros2/raspimouse.egg-info/top_level.txt
reading manifest file '../../build/raspimouse_ros2/raspimouse.egg-info/SOURCES.txt'
writing manifest file '../../build/raspimouse_ros2/raspimouse.egg-info/SOURCES.txt'
running build
running build_py
running install
running install_lib
running install_data
running install_egg_info
removing '/home/ubuntu/ros2_ws/install/raspimouse_ros2/lib/python3.8/site-packages/raspimouse-0.0.0-py3.8.egg-info' (and everything under it)
Copying ../../build/raspimouse_ros2/raspimouse.egg-info to /home/ubuntu/ros2_ws/install/raspimouse_ros2/lib/python3.8/site-packages/raspimouse-0.0.0-py3.8.egg-info
running install_scripts
Installing buzzer2_sub_node script to /home/ubuntu/ros2_ws/install/raspimouse_ros2/lib/raspimouse
Installing buzzer3_sub_node script to /home/ubuntu/ros2_ws/install/raspimouse_ros2/lib/raspimouse
Installing buzzer_node script to /home/ubuntu/ros2_ws/install/raspimouse_ros2/lib/raspimouse
Installing lightsensor_sub script to /home/ubuntu/ros2_ws/install/raspimouse_ros2/lib/raspimouse
Installing lightsensors script to /home/ubuntu/ros2_ws/install/raspimouse_ros2/lib/raspimouse
Installing motors script to /home/ubuntu/ros2_ws/install/raspimouse_ros2/lib/raspimouse
Installing motors1 script to /home/ubuntu/ros2_ws/install/raspimouse_ros2/lib/raspimouse
Installing motors2 script to /home/ubuntu/ros2_ws/install/raspimouse_ros2/lib/raspimouse
writing list of installed files to '/home/ubuntu/ros2_ws/build/raspimouse_ros2/install.log'
