[ 50%] [32mBuilding CXX object CMakeFiles/subscriber.dir/src/subscriber.cpp.o[0m
[ 50%] [32mBuilding CXX object CMakeFiles/publisher.dir/src/publisher.cpp.o[0m
[01m[K/home/ubuntu/ros2_ws/src/tutorial_topic/src/publisher.cpp:[m[K In function ‘[01m[Kint main(int, char**)[m[K’:
[01m[K/home/ubuntu/ros2_ws/src/tutorial_topic/src/publisher.cpp:16:19:[m[K [01;35m[Kwarning: [m[Kthe address of ‘[01m[Kbool rclcpp::ok(rclcpp::Context::SharedPtr)[m[K’ will never be NULL [[01;35m[K-Waddress[m[K]
   16 |     while(rclcpp::[01;35m[Kok[m[K){
      |                   [01;35m[K^~[m[K
[ 75%] [32m[1mLinking CXX executable publisher[0m
[ 75%] Built target publisher
[100%] [32m[1mLinking CXX executable subscriber[0m
[100%] Built target subscriber
-- Install configuration: ""
-- Installing: /home/ubuntu/ros2_ws/install/tutorial_topic/lib/tutorial_topic/publisher
-- Set runtime path of "/home/ubuntu/ros2_ws/install/tutorial_topic/lib/tutorial_topic/publisher" to ""
-- Installing: /home/ubuntu/ros2_ws/install/tutorial_topic/lib/tutorial_topic/subscriber
-- Set runtime path of "/home/ubuntu/ros2_ws/install/tutorial_topic/lib/tutorial_topic/subscriber" to ""
-- Installing: /home/ubuntu/ros2_ws/install/tutorial_topic/share/ament_index/resource_index/package_run_dependencies/tutorial_topic
-- Installing: /home/ubuntu/ros2_ws/install/tutorial_topic/share/ament_index/resource_index/parent_prefix_path/tutorial_topic
-- Installing: /home/ubuntu/ros2_ws/install/tutorial_topic/share/tutorial_topic/environment/ament_prefix_path.sh
-- Installing: /home/ubuntu/ros2_ws/install/tutorial_topic/share/tutorial_topic/environment/ament_prefix_path.dsv
-- Installing: /home/ubuntu/ros2_ws/install/tutorial_topic/share/tutorial_topic/environment/path.sh
-- Installing: /home/ubuntu/ros2_ws/install/tutorial_topic/share/tutorial_topic/environment/path.dsv
-- Installing: /home/ubuntu/ros2_ws/install/tutorial_topic/share/tutorial_topic/local_setup.bash
-- Installing: /home/ubuntu/ros2_ws/install/tutorial_topic/share/tutorial_topic/local_setup.sh
-- Installing: /home/ubuntu/ros2_ws/install/tutorial_topic/share/tutorial_topic/local_setup.zsh
-- Installing: /home/ubuntu/ros2_ws/install/tutorial_topic/share/tutorial_topic/local_setup.dsv
-- Installing: /home/ubuntu/ros2_ws/install/tutorial_topic/share/tutorial_topic/package.dsv
-- Installing: /home/ubuntu/ros2_ws/install/tutorial_topic/share/ament_index/resource_index/packages/tutorial_topic
-- Installing: /home/ubuntu/ros2_ws/install/tutorial_topic/share/tutorial_topic/cmake/tutorial_topicConfig.cmake
-- Installing: /home/ubuntu/ros2_ws/install/tutorial_topic/share/tutorial_topic/cmake/tutorial_topicConfig-version.cmake
-- Installing: /home/ubuntu/ros2_ws/install/tutorial_topic/share/tutorial_topic/package.xml
