[0.204s] Invoking command in '/home/ubuntu/ros2_ws/build/raspimouse_msgs': CMAKE_PREFIX_PATH=${CMAKE_PREFIX_PATH}:/home/ubuntu/ros2_ws/install/raspimouse:/opt/ros/foxy /usr/bin/cmake --build /home/ubuntu/ros2_ws/build/raspimouse_msgs -- -j4 -l4
[0.473s] -- Found ament_cmake: 0.9.9 (/opt/ros/foxy/share/ament_cmake/cmake)
[0.707s] -- Found PythonInterp: /usr/bin/python3 (found suitable version "3.8.10", minimum required is "3") 
[0.708s] -- Using PYTHON_EXECUTABLE: /usr/bin/python3
[2.544s] -- Found rosidl_default_generators: 1.0.1 (/opt/ros/foxy/share/rosidl_default_generators/cmake)
[2.567s] -- Using all available rosidl_typesupport_c: rosidl_typesupport_fastrtps_c;rosidl_typesupport_introspection_c
[2.605s] -- Found rosidl_adapter: 1.2.1 (/opt/ros/foxy/share/rosidl_adapter/cmake)
[3.845s] -- Using all available rosidl_typesupport_cpp: rosidl_typesupport_fastrtps_cpp;rosidl_typesupport_introspection_cpp
[4.313s] -- Found PythonInterp: /usr/bin/python3 (found version "3.8.10") 
[5.931s] -- Found ament_cmake_ros: 0.9.2 (/opt/ros/foxy/share/ament_cmake_ros/cmake)
[7.117s] -- Using all available rosidl_typesupport_c: rosidl_typesupport_fastrtps_c;rosidl_typesupport_introspection_c
[7.229s] -- Using all available rosidl_typesupport_cpp: rosidl_typesupport_fastrtps_cpp;rosidl_typesupport_introspection_cpp
[7.445s] -- Found PythonInterp: /usr/bin/python3 (found suitable version "3.8.10", minimum required is "3.5") 
[7.451s] -- Found python_cmake_module: 0.8.1 (/opt/ros/foxy/share/python_cmake_module/cmake)
[7.670s] -- Using PYTHON_EXECUTABLE: /usr/bin/python3
[7.671s] -- Using PYTHON_INCLUDE_DIRS: /usr/include/python3.8
[7.673s] -- Using PYTHON_LIBRARIES: /usr/lib/aarch64-linux-gnu/libpython3.8.so
[7.830s] -- Found ament_lint_auto: 0.9.6 (/opt/ros/foxy/share/ament_lint_auto/cmake)
[8.024s] -- Added test 'copyright' to check source files copyright and LICENSE
[8.068s] -- Added test 'lint_cmake' to check CMake code style
[8.095s] -- Added test 'xmllint' to check XML markup files
[8.166s] -- Configuring done
[9.200s] -- Generating done
[9.276s] -- Build files have been written to: /home/ubuntu/ros2_ws/build/raspimouse_msgs
[9.665s] [  1%] [34m[1mGenerating C code for ROS interfaces[0m
[9.682s] [  2%] [34m[1mGenerating C++ code for ROS interfaces[0m
[16.360s] [  2%] Built target raspimouse_msgs__cpp
[16.749s] [  4%] [34m[1mGenerating C++ type support for eProsima Fast-RTPS[0m
[16.752s] [  5%] [34m[1mGenerating C++ introspection for ROS interfaces[0m
[16.756s] [  7%] [34m[1mGenerating C++ type support dispatch for ROS interfaces[0m
[17.729s] [35m[1mScanning dependencies of target raspimouse_msgs__rosidl_generator_c[0m
[17.952s] [  8%] [32mBuilding C object CMakeFiles/raspimouse_msgs__rosidl_generator_c.dir/rosidl_generator_c/raspimouse_msgs/msg/detail/light_sensors__functions.c.o[0m
[21.773s] [  9%] [32mBuilding C object CMakeFiles/raspimouse_msgs__rosidl_generator_c.dir/rosidl_generator_c/raspimouse_msgs/srv/detail/light_sensors_service__functions.c.o[0m
[21.874s] [35m[1mScanning dependencies of target raspimouse_msgs__rosidl_typesupport_cpp[0m
[22.224s] [ 11%] [32mBuilding CXX object CMakeFiles/raspimouse_msgs__rosidl_typesupport_cpp.dir/rosidl_typesupport_cpp/raspimouse_msgs/msg/light_sensors__type_support.cpp.o[0m
[22.454s] [ 12%] [32mBuilding C object CMakeFiles/raspimouse_msgs__rosidl_generator_c.dir/rosidl_generator_c/raspimouse_msgs/msg/detail/motor_freqs__functions.c.o[0m
[23.082s] [ 14%] [32mBuilding C object CMakeFiles/raspimouse_msgs__rosidl_generator_c.dir/rosidl_generator_c/raspimouse_msgs/srv/detail/motor_freqs_service__functions.c.o[0m
[23.688s] [35m[1mScanning dependencies of target raspimouse_msgs__rosidl_typesupport_introspection_cpp[0m
[23.691s] [ 15%] [32mBuilding C object CMakeFiles/raspimouse_msgs__rosidl_generator_c.dir/rosidl_generator_c/raspimouse_msgs/msg/detail/timed_motion__functions.c.o[0m
[24.073s] [ 16%] [32mBuilding C object CMakeFiles/raspimouse_msgs__rosidl_generator_c.dir/rosidl_generator_c/raspimouse_msgs/srv/detail/timed_motion_service__functions.c.o[0m
[24.174s] [ 18%] [32mBuilding CXX object CMakeFiles/raspimouse_msgs__rosidl_typesupport_introspection_cpp.dir/rosidl_typesupport_introspection_cpp/raspimouse_msgs/msg/detail/light_sensors__type_support.cpp.o[0m
[24.436s] [35m[1mScanning dependencies of target raspimouse_msgs__rosidl_typesupport_fastrtps_cpp[0m
[24.499s] [ 19%] [32m[1mLinking C shared library libraspimouse_msgs__rosidl_generator_c.so[0m
[25.234s] [ 21%] [32mBuilding CXX object CMakeFiles/raspimouse_msgs__rosidl_typesupport_fastrtps_cpp.dir/rosidl_typesupport_fastrtps_cpp/raspimouse_msgs/msg/detail/dds_fastrtps/light_sensors__type_support.cpp.o[0m
[25.653s] [ 21%] Built target raspimouse_msgs__rosidl_generator_c
[25.727s] [ 22%] [32mBuilding CXX object CMakeFiles/raspimouse_msgs__rosidl_typesupport_fastrtps_cpp.dir/rosidl_typesupport_fastrtps_cpp/raspimouse_msgs/srv/detail/dds_fastrtps/light_sensors_service__type_support.cpp.o[0m
[29.433s] [ 23%] [32mBuilding CXX object CMakeFiles/raspimouse_msgs__rosidl_typesupport_cpp.dir/rosidl_typesupport_cpp/raspimouse_msgs/srv/light_sensors_service__type_support.cpp.o[0m
[29.673s] [ 25%] [32mBuilding CXX object CMakeFiles/raspimouse_msgs__rosidl_typesupport_introspection_cpp.dir/rosidl_typesupport_introspection_cpp/raspimouse_msgs/srv/detail/light_sensors_service__type_support.cpp.o[0m
[30.959s] [ 26%] [32mBuilding CXX object CMakeFiles/raspimouse_msgs__rosidl_typesupport_cpp.dir/rosidl_typesupport_cpp/raspimouse_msgs/msg/motor_freqs__type_support.cpp.o[0m
[31.197s] [ 28%] [32mBuilding CXX object CMakeFiles/raspimouse_msgs__rosidl_typesupport_fastrtps_cpp.dir/rosidl_typesupport_fastrtps_cpp/raspimouse_msgs/msg/detail/dds_fastrtps/motor_freqs__type_support.cpp.o[0m
[32.686s] [ 29%] [32mBuilding CXX object CMakeFiles/raspimouse_msgs__rosidl_typesupport_fastrtps_cpp.dir/rosidl_typesupport_fastrtps_cpp/raspimouse_msgs/srv/detail/dds_fastrtps/motor_freqs_service__type_support.cpp.o[0m
[33.181s] [ 30%] [32mBuilding CXX object CMakeFiles/raspimouse_msgs__rosidl_typesupport_introspection_cpp.dir/rosidl_typesupport_introspection_cpp/raspimouse_msgs/msg/detail/motor_freqs__type_support.cpp.o[0m
[34.189s] [ 32%] [32mBuilding CXX object CMakeFiles/raspimouse_msgs__rosidl_typesupport_cpp.dir/rosidl_typesupport_cpp/raspimouse_msgs/srv/motor_freqs_service__type_support.cpp.o[0m
[36.387s] [ 33%] [32mBuilding CXX object CMakeFiles/raspimouse_msgs__rosidl_typesupport_fastrtps_cpp.dir/rosidl_typesupport_fastrtps_cpp/raspimouse_msgs/msg/detail/dds_fastrtps/timed_motion__type_support.cpp.o[0m
[36.592s] [ 35%] [32mBuilding CXX object CMakeFiles/raspimouse_msgs__rosidl_typesupport_introspection_cpp.dir/rosidl_typesupport_introspection_cpp/raspimouse_msgs/srv/detail/motor_freqs_service__type_support.cpp.o[0m
[37.721s] [ 36%] [32mBuilding CXX object CMakeFiles/raspimouse_msgs__rosidl_typesupport_cpp.dir/rosidl_typesupport_cpp/raspimouse_msgs/msg/timed_motion__type_support.cpp.o[0m
[37.943s] [ 38%] [32mBuilding CXX object CMakeFiles/raspimouse_msgs__rosidl_typesupport_fastrtps_cpp.dir/rosidl_typesupport_fastrtps_cpp/raspimouse_msgs/srv/detail/dds_fastrtps/timed_motion_service__type_support.cpp.o[0m
[45.127s] [ 39%] [32mBuilding CXX object CMakeFiles/raspimouse_msgs__rosidl_typesupport_introspection_cpp.dir/rosidl_typesupport_introspection_cpp/raspimouse_msgs/msg/detail/timed_motion__type_support.cpp.o[0m
[45.147s] [ 40%] [32mBuilding CXX object CMakeFiles/raspimouse_msgs__rosidl_typesupport_introspection_cpp.dir/rosidl_typesupport_introspection_cpp/raspimouse_msgs/srv/detail/timed_motion_service__type_support.cpp.o[0m
[45.158s] [ 42%] [32m[1mLinking CXX shared library libraspimouse_msgs__rosidl_typesupport_fastrtps_cpp.so[0m
[45.160s] [ 43%] [32mBuilding CXX object CMakeFiles/raspimouse_msgs__rosidl_typesupport_cpp.dir/rosidl_typesupport_cpp/raspimouse_msgs/srv/timed_motion_service__type_support.cpp.o[0m
[46.617s] [ 43%] Built target raspimouse_msgs__rosidl_typesupport_fastrtps_cpp
[46.882s] [ 45%] [34m[1mGenerating C introspection for ROS interfaces[0m
[49.130s] [ 46%] [34m[1mGenerating C type support dispatch for ROS interfaces[0m
[49.159s] [ 47%] [32m[1mLinking CXX shared library libraspimouse_msgs__rosidl_typesupport_cpp.so[0m
[49.352s] [ 49%] [32m[1mLinking CXX shared library libraspimouse_msgs__rosidl_typesupport_introspection_cpp.so[0m
[49.698s] [ 49%] Built target raspimouse_msgs__rosidl_typesupport_cpp
[49.827s] [ 49%] Built target raspimouse_msgs__rosidl_typesupport_introspection_cpp
[49.891s] [ 50%] [34m[1mGenerating C type support for eProsima Fast-RTPS[0m
[54.497s] [35m[1mScanning dependencies of target raspimouse_msgs__rosidl_typesupport_c[0m
[54.499s] [35m[1mScanning dependencies of target raspimouse_msgs__rosidl_typesupport_introspection_c[0m
[54.950s] [ 52%] [32mBuilding CXX object CMakeFiles/raspimouse_msgs__rosidl_typesupport_c.dir/rosidl_typesupport_c/raspimouse_msgs/srv/light_sensors_service__type_support.cpp.o[0m
[54.981s] [ 53%] [32mBuilding CXX object CMakeFiles/raspimouse_msgs__rosidl_typesupport_c.dir/rosidl_typesupport_c/raspimouse_msgs/msg/light_sensors__type_support.cpp.o[0m
[55.042s] [ 54%] [32mBuilding C object CMakeFiles/raspimouse_msgs__rosidl_typesupport_introspection_c.dir/rosidl_typesupport_introspection_c/raspimouse_msgs/msg/detail/light_sensors__type_support.c.o[0m
[55.990s] [ 56%] [32mBuilding CXX object CMakeFiles/raspimouse_msgs__rosidl_typesupport_c.dir/rosidl_typesupport_c/raspimouse_msgs/msg/motor_freqs__type_support.cpp.o[0m
[56.202s] [ 57%] [32mBuilding C object CMakeFiles/raspimouse_msgs__rosidl_typesupport_introspection_c.dir/rosidl_typesupport_introspection_c/raspimouse_msgs/srv/detail/light_sensors_service__type_support.c.o[0m
[56.466s] [35m[1mScanning dependencies of target raspimouse_msgs__rosidl_typesupport_fastrtps_c[0m
[56.525s] [ 59%] [32mBuilding CXX object CMakeFiles/raspimouse_msgs__rosidl_typesupport_c.dir/rosidl_typesupport_c/raspimouse_msgs/srv/motor_freqs_service__type_support.cpp.o[0m
[56.692s] [ 60%] [32mBuilding C object CMakeFiles/raspimouse_msgs__rosidl_typesupport_introspection_c.dir/rosidl_typesupport_introspection_c/raspimouse_msgs/msg/detail/motor_freqs__type_support.c.o[0m
[56.767s] [ 61%] [32mBuilding CXX object CMakeFiles/raspimouse_msgs__rosidl_typesupport_fastrtps_c.dir/rosidl_typesupport_fastrtps_c/raspimouse_msgs/msg/detail/light_sensors__type_support_c.cpp.o[0m
[56.975s] [ 63%] [32mBuilding CXX object CMakeFiles/raspimouse_msgs__rosidl_typesupport_fastrtps_c.dir/rosidl_typesupport_fastrtps_c/raspimouse_msgs/srv/detail/light_sensors_service__type_support_c.cpp.o[0m
[57.282s] [ 64%] [32mBuilding CXX object CMakeFiles/raspimouse_msgs__rosidl_typesupport_c.dir/rosidl_typesupport_c/raspimouse_msgs/msg/timed_motion__type_support.cpp.o[0m
[57.590s] [ 66%] [32mBuilding C object CMakeFiles/raspimouse_msgs__rosidl_typesupport_introspection_c.dir/rosidl_typesupport_introspection_c/raspimouse_msgs/srv/detail/motor_freqs_service__type_support.c.o[0m
[57.610s] [ 67%] [32mBuilding CXX object CMakeFiles/raspimouse_msgs__rosidl_typesupport_c.dir/rosidl_typesupport_c/raspimouse_msgs/srv/timed_motion_service__type_support.cpp.o[0m
[58.368s] [ 69%] [32mBuilding C object CMakeFiles/raspimouse_msgs__rosidl_typesupport_introspection_c.dir/rosidl_typesupport_introspection_c/raspimouse_msgs/msg/detail/timed_motion__type_support.c.o[0m
[58.463s] [ 70%] [32m[1mLinking CXX shared library libraspimouse_msgs__rosidl_typesupport_c.so[0m
[58.886s] [ 71%] [32mBuilding C object CMakeFiles/raspimouse_msgs__rosidl_typesupport_introspection_c.dir/rosidl_typesupport_introspection_c/raspimouse_msgs/srv/detail/timed_motion_service__type_support.c.o[0m
[59.094s] [ 71%] Built target raspimouse_msgs__rosidl_typesupport_c
[59.198s] [ 73%] [32mBuilding CXX object CMakeFiles/raspimouse_msgs__rosidl_typesupport_fastrtps_c.dir/rosidl_typesupport_fastrtps_c/raspimouse_msgs/msg/detail/motor_freqs__type_support_c.cpp.o[0m
[60.318s] [ 74%] [32m[1mLinking C shared library libraspimouse_msgs__rosidl_typesupport_introspection_c.so[0m
[60.854s] [ 74%] Built target raspimouse_msgs__rosidl_typesupport_introspection_c
[61.017s] [ 76%] [32mBuilding CXX object CMakeFiles/raspimouse_msgs__rosidl_typesupport_fastrtps_c.dir/rosidl_typesupport_fastrtps_c/raspimouse_msgs/srv/detail/motor_freqs_service__type_support_c.cpp.o[0m
[61.310s] [ 77%] [32mBuilding CXX object CMakeFiles/raspimouse_msgs__rosidl_typesupport_fastrtps_c.dir/rosidl_typesupport_fastrtps_c/raspimouse_msgs/msg/detail/timed_motion__type_support_c.cpp.o[0m
[61.387s] [ 78%] [32mBuilding CXX object CMakeFiles/raspimouse_msgs__rosidl_typesupport_fastrtps_c.dir/rosidl_typesupport_fastrtps_c/raspimouse_msgs/srv/detail/timed_motion_service__type_support_c.cpp.o[0m
[65.630s] [ 80%] [32m[1mLinking CXX shared library libraspimouse_msgs__rosidl_typesupport_fastrtps_c.so[0m
[66.395s] [ 80%] Built target raspimouse_msgs__rosidl_typesupport_fastrtps_c
[66.573s] [ 80%] Built target raspimouse_msgs
[66.755s] [ 81%] [34m[1mGenerating Python code for ROS interfaces[0m
[81.344s] [ 81%] Built target raspimouse_msgs__py
[81.497s] [35m[1mScanning dependencies of target raspimouse_msgs__python[0m
[81.808s] [ 83%] [32mBuilding C object CMakeFiles/raspimouse_msgs__python.dir/rosidl_generator_py/raspimouse_msgs/msg/_light_sensors_s.c.o[0m
[81.815s] [ 84%] [32mBuilding C object CMakeFiles/raspimouse_msgs__python.dir/rosidl_generator_py/raspimouse_msgs/msg/_motor_freqs_s.c.o[0m
[81.838s] [ 85%] [32mBuilding C object CMakeFiles/raspimouse_msgs__python.dir/rosidl_generator_py/raspimouse_msgs/srv/_motor_freqs_service_s.c.o[0m
[81.847s] [ 87%] [32mBuilding C object CMakeFiles/raspimouse_msgs__python.dir/rosidl_generator_py/raspimouse_msgs/srv/_light_sensors_service_s.c.o[0m
[84.204s] [ 88%] [32mBuilding C object CMakeFiles/raspimouse_msgs__python.dir/rosidl_generator_py/raspimouse_msgs/msg/_timed_motion_s.c.o[0m
[84.291s] [ 90%] [32mBuilding C object CMakeFiles/raspimouse_msgs__python.dir/rosidl_generator_py/raspimouse_msgs/srv/_timed_motion_service_s.c.o[0m
[85.573s] [ 91%] [32m[1mLinking C shared library rosidl_generator_py/raspimouse_msgs/libraspimouse_msgs__python.so[0m
[85.969s] [ 91%] Built target raspimouse_msgs__python
[86.384s] [35m[1mScanning dependencies of target raspimouse_msgs__rosidl_typesupport_introspection_c__pyext[0m
[86.386s] [35m[1mScanning dependencies of target raspimouse_msgs__rosidl_typesupport_c__pyext[0m
[86.390s] [35m[1mScanning dependencies of target raspimouse_msgs__rosidl_typesupport_fastrtps_c__pyext[0m
[86.869s] [ 92%] [32mBuilding C object CMakeFiles/raspimouse_msgs__rosidl_typesupport_c__pyext.dir/rosidl_generator_py/raspimouse_msgs/_raspimouse_msgs_s.ep.rosidl_typesupport_c.c.o[0m
[86.882s] [ 94%] [32mBuilding C object CMakeFiles/raspimouse_msgs__rosidl_typesupport_introspection_c__pyext.dir/rosidl_generator_py/raspimouse_msgs/_raspimouse_msgs_s.ep.rosidl_typesupport_introspection_c.c.o[0m
[86.901s] [ 95%] [32mBuilding C object CMakeFiles/raspimouse_msgs__rosidl_typesupport_fastrtps_c__pyext.dir/rosidl_generator_py/raspimouse_msgs/_raspimouse_msgs_s.ep.rosidl_typesupport_fastrtps_c.c.o[0m
[88.190s] [ 97%] [32m[1mLinking C shared library rosidl_generator_py/raspimouse_msgs/raspimouse_msgs_s__rosidl_typesupport_introspection_c.cpython-38-aarch64-linux-gnu.so[0m
[88.195s] [ 98%] [32m[1mLinking CXX shared library rosidl_generator_py/raspimouse_msgs/raspimouse_msgs_s__rosidl_typesupport_fastrtps_c.cpython-38-aarch64-linux-gnu.so[0m
[88.826s] [100%] [32m[1mLinking C shared library rosidl_generator_py/raspimouse_msgs/raspimouse_msgs_s__rosidl_typesupport_c.cpython-38-aarch64-linux-gnu.so[0m
[89.072s] [100%] Built target raspimouse_msgs__rosidl_typesupport_introspection_c__pyext
[89.279s] [100%] Built target raspimouse_msgs__rosidl_typesupport_c__pyext
[89.331s] [100%] Built target raspimouse_msgs__rosidl_typesupport_fastrtps_c__pyext
[89.430s] Invoked command in '/home/ubuntu/ros2_ws/build/raspimouse_msgs' returned '0': CMAKE_PREFIX_PATH=${CMAKE_PREFIX_PATH}:/home/ubuntu/ros2_ws/install/raspimouse:/opt/ros/foxy /usr/bin/cmake --build /home/ubuntu/ros2_ws/build/raspimouse_msgs -- -j4 -l4
[90.945s] Invoking command in '/home/ubuntu/ros2_ws/build/raspimouse_msgs': CMAKE_PREFIX_PATH=${CMAKE_PREFIX_PATH}:/home/ubuntu/ros2_ws/install/raspimouse:/opt/ros/foxy /usr/bin/cmake --install /home/ubuntu/ros2_ws/build/raspimouse_msgs
[91.019s] -- Install configuration: ""
[91.021s] -- Up-to-date: /home/ubuntu/ros2_ws/install/raspimouse_msgs/share/ament_index/resource_index/rosidl_interfaces/raspimouse_msgs
[91.029s] -- Up-to-date: /home/ubuntu/ros2_ws/install/raspimouse_msgs/include/raspimouse_msgs
[91.031s] -- Up-to-date: /home/ubuntu/ros2_ws/install/raspimouse_msgs/include/raspimouse_msgs/msg
[91.033s] -- Installing: /home/ubuntu/ros2_ws/install/raspimouse_msgs/include/raspimouse_msgs/msg/timed_motion.h
[91.034s] -- Installing: /home/ubuntu/ros2_ws/install/raspimouse_msgs/include/raspimouse_msgs/msg/motor_freqs.h
[91.037s] -- Up-to-date: /home/ubuntu/ros2_ws/install/raspimouse_msgs/include/raspimouse_msgs/msg/detail
[91.039s] -- Installing: /home/ubuntu/ros2_ws/install/raspimouse_msgs/include/raspimouse_msgs/msg/detail/light_sensors__functions.c
[91.040s] -- Installing: /home/ubuntu/ros2_ws/install/raspimouse_msgs/include/raspimouse_msgs/msg/detail/timed_motion__functions.c
[91.043s] -- Installing: /home/ubuntu/ros2_ws/install/raspimouse_msgs/include/raspimouse_msgs/msg/detail/timed_motion__functions.h
[91.044s] -- Installing: /home/ubuntu/ros2_ws/install/raspimouse_msgs/include/raspimouse_msgs/msg/detail/light_sensors__struct.h
[91.046s] -- Installing: /home/ubuntu/ros2_ws/install/raspimouse_msgs/include/raspimouse_msgs/msg/detail/motor_freqs__struct.h
[91.049s] -- Installing: /home/ubuntu/ros2_ws/install/raspimouse_msgs/include/raspimouse_msgs/msg/detail/motor_freqs__functions.c
[91.051s] -- Installing: /home/ubuntu/ros2_ws/install/raspimouse_msgs/include/raspimouse_msgs/msg/detail/light_sensors__functions.h
[91.053s] -- Installing: /home/ubuntu/ros2_ws/install/raspimouse_msgs/include/raspimouse_msgs/msg/detail/motor_freqs__type_support.h
[91.056s] -- Installing: /home/ubuntu/ros2_ws/install/raspimouse_msgs/include/raspimouse_msgs/msg/detail/timed_motion__type_support.h
[91.058s] -- Installing: /home/ubuntu/ros2_ws/install/raspimouse_msgs/include/raspimouse_msgs/msg/detail/light_sensors__type_support.h
[91.060s] -- Installing: /home/ubuntu/ros2_ws/install/raspimouse_msgs/include/raspimouse_msgs/msg/detail/motor_freqs__functions.h
[91.067s] -- Installing: /home/ubuntu/ros2_ws/install/raspimouse_msgs/include/raspimouse_msgs/msg/detail/timed_motion__struct.h
[91.069s] -- Up-to-date: /home/ubuntu/ros2_ws/install/raspimouse_msgs/include/raspimouse_msgs/msg/rosidl_generator_c__visibility_control.h
[91.070s] -- Installing: /home/ubuntu/ros2_ws/install/raspimouse_msgs/include/raspimouse_msgs/msg/light_sensors.h
[91.072s] -- Up-to-date: /home/ubuntu/ros2_ws/install/raspimouse_msgs/include/raspimouse_msgs/srv
[91.074s] -- Up-to-date: /home/ubuntu/ros2_ws/install/raspimouse_msgs/include/raspimouse_msgs/srv/timed_motion.h
[91.075s] -- Up-to-date: /home/ubuntu/ros2_ws/install/raspimouse_msgs/include/raspimouse_msgs/srv/detail
[91.077s] -- Up-to-date: /home/ubuntu/ros2_ws/install/raspimouse_msgs/include/raspimouse_msgs/srv/detail/timed_motion__functions.c
[91.081s] -- Up-to-date: /home/ubuntu/ros2_ws/install/raspimouse_msgs/include/raspimouse_msgs/srv/detail/timed_motion__functions.h
[91.083s] -- Installing: /home/ubuntu/ros2_ws/install/raspimouse_msgs/include/raspimouse_msgs/srv/detail/light_sensors_service__functions.h
[91.085s] -- Installing: /home/ubuntu/ros2_ws/install/raspimouse_msgs/include/raspimouse_msgs/srv/detail/light_sensors_service__type_support.h
[91.086s] -- Installing: /home/ubuntu/ros2_ws/install/raspimouse_msgs/include/raspimouse_msgs/srv/detail/motor_freqs_service__struct.h
[91.088s] -- Installing: /home/ubuntu/ros2_ws/install/raspimouse_msgs/include/raspimouse_msgs/srv/detail/motor_freqs_service__functions.c
[91.090s] -- Installing: /home/ubuntu/ros2_ws/install/raspimouse_msgs/include/raspimouse_msgs/srv/detail/motor_freqs_service__type_support.h
[91.091s] -- Installing: /home/ubuntu/ros2_ws/install/raspimouse_msgs/include/raspimouse_msgs/srv/detail/timed_motion_service__struct.h
[91.093s] -- Up-to-date: /home/ubuntu/ros2_ws/install/raspimouse_msgs/include/raspimouse_msgs/srv/detail/timed_motion__type_support.h
[91.095s] -- Installing: /home/ubuntu/ros2_ws/install/raspimouse_msgs/include/raspimouse_msgs/srv/detail/motor_freqs_service__functions.h
[91.096s] -- Installing: /home/ubuntu/ros2_ws/install/raspimouse_msgs/include/raspimouse_msgs/srv/detail/timed_motion_service__functions.h
[91.098s] -- Up-to-date: /home/ubuntu/ros2_ws/install/raspimouse_msgs/include/raspimouse_msgs/srv/detail/timed_motion__struct.h
[91.099s] -- Installing: /home/ubuntu/ros2_ws/install/raspimouse_msgs/include/raspimouse_msgs/srv/detail/light_sensors_service__struct.h
[91.100s] -- Installing: /home/ubuntu/ros2_ws/install/raspimouse_msgs/include/raspimouse_msgs/srv/detail/timed_motion_service__type_support.h
[91.102s] -- Installing: /home/ubuntu/ros2_ws/install/raspimouse_msgs/include/raspimouse_msgs/srv/detail/light_sensors_service__functions.c
[91.104s] -- Installing: /home/ubuntu/ros2_ws/install/raspimouse_msgs/include/raspimouse_msgs/srv/detail/timed_motion_service__functions.c
[91.105s] -- Installing: /home/ubuntu/ros2_ws/install/raspimouse_msgs/include/raspimouse_msgs/srv/motor_freqs_service.h
[91.107s] -- Installing: /home/ubuntu/ros2_ws/install/raspimouse_msgs/include/raspimouse_msgs/srv/light_sensors_service.h
[91.109s] -- Installing: /home/ubuntu/ros2_ws/install/raspimouse_msgs/include/raspimouse_msgs/srv/timed_motion_service.h
[91.112s] -- Up-to-date: /home/ubuntu/ros2_ws/install/raspimouse_msgs/share/raspimouse_msgs/environment/library_path.sh
[91.114s] -- Installing: /home/ubuntu/ros2_ws/install/raspimouse_msgs/share/raspimouse_msgs/environment/library_path.dsv
[91.120s] -- Installing: /home/ubuntu/ros2_ws/install/raspimouse_msgs/lib/libraspimouse_msgs__rosidl_generator_c.so
[91.126s] -- Set runtime path of "/home/ubuntu/ros2_ws/install/raspimouse_msgs/lib/libraspimouse_msgs__rosidl_generator_c.so" to ""
[91.127s] -- Up-to-date: /home/ubuntu/ros2_ws/install/raspimouse_msgs/include/raspimouse_msgs
[91.129s] -- Up-to-date: /home/ubuntu/ros2_ws/install/raspimouse_msgs/include/raspimouse_msgs/msg
[91.130s] -- Up-to-date: /home/ubuntu/ros2_ws/install/raspimouse_msgs/include/raspimouse_msgs/msg/detail
[91.132s] -- Installing: /home/ubuntu/ros2_ws/install/raspimouse_msgs/include/raspimouse_msgs/msg/detail/timed_motion__rosidl_typesupport_fastrtps_c.h
[91.133s] -- Installing: /home/ubuntu/ros2_ws/install/raspimouse_msgs/include/raspimouse_msgs/msg/detail/light_sensors__rosidl_typesupport_fastrtps_c.h
[91.135s] -- Installing: /home/ubuntu/ros2_ws/install/raspimouse_msgs/include/raspimouse_msgs/msg/detail/motor_freqs__rosidl_typesupport_fastrtps_c.h
[91.137s] -- Up-to-date: /home/ubuntu/ros2_ws/install/raspimouse_msgs/include/raspimouse_msgs/msg/rosidl_typesupport_fastrtps_c__visibility_control.h
[91.138s] -- Up-to-date: /home/ubuntu/ros2_ws/install/raspimouse_msgs/include/raspimouse_msgs/srv
[91.140s] -- Up-to-date: /home/ubuntu/ros2_ws/install/raspimouse_msgs/include/raspimouse_msgs/srv/detail
[91.142s] -- Up-to-date: /home/ubuntu/ros2_ws/install/raspimouse_msgs/include/raspimouse_msgs/srv/detail/timed_motion__rosidl_typesupport_fastrtps_c.h
[91.143s] -- Installing: /home/ubuntu/ros2_ws/install/raspimouse_msgs/include/raspimouse_msgs/srv/detail/motor_freqs_service__rosidl_typesupport_fastrtps_c.h
[91.145s] -- Installing: /home/ubuntu/ros2_ws/install/raspimouse_msgs/include/raspimouse_msgs/srv/detail/timed_motion_service__rosidl_typesupport_fastrtps_c.h
[91.146s] -- Installing: /home/ubuntu/ros2_ws/install/raspimouse_msgs/include/raspimouse_msgs/srv/detail/light_sensors_service__rosidl_typesupport_fastrtps_c.h
[91.155s] -- Installing: /home/ubuntu/ros2_ws/install/raspimouse_msgs/lib/libraspimouse_msgs__rosidl_typesupport_fastrtps_c.so
[91.161s] -- Set runtime path of "/home/ubuntu/ros2_ws/install/raspimouse_msgs/lib/libraspimouse_msgs__rosidl_typesupport_fastrtps_c.so" to ""
[91.163s] -- Up-to-date: /home/ubuntu/ros2_ws/install/raspimouse_msgs/include/raspimouse_msgs
[91.165s] -- Up-to-date: /home/ubuntu/ros2_ws/install/raspimouse_msgs/include/raspimouse_msgs/msg
[91.167s] -- Up-to-date: /home/ubuntu/ros2_ws/install/raspimouse_msgs/include/raspimouse_msgs/msg/detail
[91.169s] -- Installing: /home/ubuntu/ros2_ws/install/raspimouse_msgs/include/raspimouse_msgs/msg/detail/light_sensors__rosidl_typesupport_fastrtps_cpp.hpp
[91.170s] -- Up-to-date: /home/ubuntu/ros2_ws/install/raspimouse_msgs/include/raspimouse_msgs/msg/detail/dds_fastrtps
[91.172s] -- Installing: /home/ubuntu/ros2_ws/install/raspimouse_msgs/include/raspimouse_msgs/msg/detail/timed_motion__rosidl_typesupport_fastrtps_cpp.hpp
[91.174s] -- Installing: /home/ubuntu/ros2_ws/install/raspimouse_msgs/include/raspimouse_msgs/msg/detail/motor_freqs__rosidl_typesupport_fastrtps_cpp.hpp
[91.175s] -- Up-to-date: /home/ubuntu/ros2_ws/install/raspimouse_msgs/include/raspimouse_msgs/msg/rosidl_typesupport_fastrtps_cpp__visibility_control.h
[91.177s] -- Up-to-date: /home/ubuntu/ros2_ws/install/raspimouse_msgs/include/raspimouse_msgs/srv
[91.180s] -- Up-to-date: /home/ubuntu/ros2_ws/install/raspimouse_msgs/include/raspimouse_msgs/srv/detail
[91.182s] -- Installing: /home/ubuntu/ros2_ws/install/raspimouse_msgs/include/raspimouse_msgs/srv/detail/timed_motion_service__rosidl_typesupport_fastrtps_cpp.hpp
[91.183s] -- Up-to-date: /home/ubuntu/ros2_ws/install/raspimouse_msgs/include/raspimouse_msgs/srv/detail/dds_fastrtps
[91.184s] -- Installing: /home/ubuntu/ros2_ws/install/raspimouse_msgs/include/raspimouse_msgs/srv/detail/light_sensors_service__rosidl_typesupport_fastrtps_cpp.hpp
[91.185s] -- Up-to-date: /home/ubuntu/ros2_ws/install/raspimouse_msgs/include/raspimouse_msgs/srv/detail/timed_motion__rosidl_typesupport_fastrtps_cpp.hpp
[91.187s] -- Installing: /home/ubuntu/ros2_ws/install/raspimouse_msgs/include/raspimouse_msgs/srv/detail/motor_freqs_service__rosidl_typesupport_fastrtps_cpp.hpp
[91.191s] -- Installing: /home/ubuntu/ros2_ws/install/raspimouse_msgs/lib/libraspimouse_msgs__rosidl_typesupport_fastrtps_cpp.so
[91.197s] -- Set runtime path of "/home/ubuntu/ros2_ws/install/raspimouse_msgs/lib/libraspimouse_msgs__rosidl_typesupport_fastrtps_cpp.so" to ""
[91.199s] -- Up-to-date: /home/ubuntu/ros2_ws/install/raspimouse_msgs/include/raspimouse_msgs
[91.200s] -- Up-to-date: /home/ubuntu/ros2_ws/install/raspimouse_msgs/include/raspimouse_msgs/msg
[91.203s] -- Up-to-date: /home/ubuntu/ros2_ws/install/raspimouse_msgs/include/raspimouse_msgs/msg/detail
[91.204s] -- Installing: /home/ubuntu/ros2_ws/install/raspimouse_msgs/include/raspimouse_msgs/msg/detail/light_sensors__type_support.c
[91.206s] -- Installing: /home/ubuntu/ros2_ws/install/raspimouse_msgs/include/raspimouse_msgs/msg/detail/light_sensors__rosidl_typesupport_introspection_c.h
[91.208s] -- Installing: /home/ubuntu/ros2_ws/install/raspimouse_msgs/include/raspimouse_msgs/msg/detail/timed_motion__rosidl_typesupport_introspection_c.h
[91.209s] -- Installing: /home/ubuntu/ros2_ws/install/raspimouse_msgs/include/raspimouse_msgs/msg/detail/motor_freqs__rosidl_typesupport_introspection_c.h
[91.212s] -- Installing: /home/ubuntu/ros2_ws/install/raspimouse_msgs/include/raspimouse_msgs/msg/detail/motor_freqs__type_support.c
[91.214s] -- Installing: /home/ubuntu/ros2_ws/install/raspimouse_msgs/include/raspimouse_msgs/msg/detail/timed_motion__type_support.c
[91.217s] -- Up-to-date: /home/ubuntu/ros2_ws/install/raspimouse_msgs/include/raspimouse_msgs/msg/rosidl_typesupport_introspection_c__visibility_control.h
[91.218s] -- Up-to-date: /home/ubuntu/ros2_ws/install/raspimouse_msgs/include/raspimouse_msgs/srv
[91.220s] -- Up-to-date: /home/ubuntu/ros2_ws/install/raspimouse_msgs/include/raspimouse_msgs/srv/detail
[91.221s] -- Installing: /home/ubuntu/ros2_ws/install/raspimouse_msgs/include/raspimouse_msgs/srv/detail/light_sensors_service__rosidl_typesupport_introspection_c.h
[91.223s] -- Installing: /home/ubuntu/ros2_ws/install/raspimouse_msgs/include/raspimouse_msgs/srv/detail/timed_motion_service__rosidl_typesupport_introspection_c.h
[91.224s] -- Installing: /home/ubuntu/ros2_ws/install/raspimouse_msgs/include/raspimouse_msgs/srv/detail/motor_freqs_service__rosidl_typesupport_introspection_c.h
[91.226s] -- Installing: /home/ubuntu/ros2_ws/install/raspimouse_msgs/include/raspimouse_msgs/srv/detail/timed_motion_service__type_support.c
[91.228s] -- Up-to-date: /home/ubuntu/ros2_ws/install/raspimouse_msgs/include/raspimouse_msgs/srv/detail/timed_motion__rosidl_typesupport_introspection_c.h
[91.230s] -- Installing: /home/ubuntu/ros2_ws/install/raspimouse_msgs/include/raspimouse_msgs/srv/detail/motor_freqs_service__type_support.c
[91.231s] -- Installing: /home/ubuntu/ros2_ws/install/raspimouse_msgs/include/raspimouse_msgs/srv/detail/light_sensors_service__type_support.c
[91.234s] -- Up-to-date: /home/ubuntu/ros2_ws/install/raspimouse_msgs/include/raspimouse_msgs/srv/detail/timed_motion__type_support.c
[91.242s] -- Installing: /home/ubuntu/ros2_ws/install/raspimouse_msgs/lib/libraspimouse_msgs__rosidl_typesupport_introspection_c.so
[91.248s] -- Set runtime path of "/home/ubuntu/ros2_ws/install/raspimouse_msgs/lib/libraspimouse_msgs__rosidl_typesupport_introspection_c.so" to ""
[91.255s] -- Installing: /home/ubuntu/ros2_ws/install/raspimouse_msgs/lib/libraspimouse_msgs__rosidl_typesupport_c.so
[91.261s] -- Set runtime path of "/home/ubuntu/ros2_ws/install/raspimouse_msgs/lib/libraspimouse_msgs__rosidl_typesupport_c.so" to ""
[91.262s] -- Up-to-date: /home/ubuntu/ros2_ws/install/raspimouse_msgs/include/raspimouse_msgs
[91.264s] -- Up-to-date: /home/ubuntu/ros2_ws/install/raspimouse_msgs/include/raspimouse_msgs/msg
[91.265s] -- Up-to-date: /home/ubuntu/ros2_ws/install/raspimouse_msgs/include/raspimouse_msgs/msg/detail
[91.267s] -- Installing: /home/ubuntu/ros2_ws/install/raspimouse_msgs/include/raspimouse_msgs/msg/detail/light_sensors__struct.hpp
[91.268s] -- Installing: /home/ubuntu/ros2_ws/install/raspimouse_msgs/include/raspimouse_msgs/msg/detail/timed_motion__traits.hpp
[91.270s] -- Installing: /home/ubuntu/ros2_ws/install/raspimouse_msgs/include/raspimouse_msgs/msg/detail/light_sensors__builder.hpp
[91.271s] -- Installing: /home/ubuntu/ros2_ws/install/raspimouse_msgs/include/raspimouse_msgs/msg/detail/timed_motion__struct.hpp
[91.273s] -- Installing: /home/ubuntu/ros2_ws/install/raspimouse_msgs/include/raspimouse_msgs/msg/detail/timed_motion__builder.hpp
[91.274s] -- Installing: /home/ubuntu/ros2_ws/install/raspimouse_msgs/include/raspimouse_msgs/msg/detail/motor_freqs__struct.hpp
[91.277s] -- Installing: /home/ubuntu/ros2_ws/install/raspimouse_msgs/include/raspimouse_msgs/msg/detail/motor_freqs__traits.hpp
[91.280s] -- Installing: /home/ubuntu/ros2_ws/install/raspimouse_msgs/include/raspimouse_msgs/msg/detail/motor_freqs__builder.hpp
[91.281s] -- Installing: /home/ubuntu/ros2_ws/install/raspimouse_msgs/include/raspimouse_msgs/msg/detail/light_sensors__traits.hpp
[91.283s] -- Installing: /home/ubuntu/ros2_ws/install/raspimouse_msgs/include/raspimouse_msgs/msg/timed_motion.hpp
[91.286s] -- Installing: /home/ubuntu/ros2_ws/install/raspimouse_msgs/include/raspimouse_msgs/msg/light_sensors.hpp
[91.290s] -- Installing: /home/ubuntu/ros2_ws/install/raspimouse_msgs/include/raspimouse_msgs/msg/motor_freqs.hpp
[91.291s] -- Up-to-date: /home/ubuntu/ros2_ws/install/raspimouse_msgs/include/raspimouse_msgs/srv
[91.293s] -- Up-to-date: /home/ubuntu/ros2_ws/install/raspimouse_msgs/include/raspimouse_msgs/srv/detail
[91.295s] -- Installing: /home/ubuntu/ros2_ws/install/raspimouse_msgs/include/raspimouse_msgs/srv/detail/motor_freqs_service__traits.hpp
[91.296s] -- Up-to-date: /home/ubuntu/ros2_ws/install/raspimouse_msgs/include/raspimouse_msgs/srv/detail/timed_motion__traits.hpp
[91.298s] -- Up-to-date: /home/ubuntu/ros2_ws/install/raspimouse_msgs/include/raspimouse_msgs/srv/detail/timed_motion__struct.hpp
[91.299s] -- Up-to-date: /home/ubuntu/ros2_ws/install/raspimouse_msgs/include/raspimouse_msgs/srv/detail/timed_motion__builder.hpp
[91.301s] -- Installing: /home/ubuntu/ros2_ws/install/raspimouse_msgs/include/raspimouse_msgs/srv/detail/motor_freqs_service__struct.hpp
[91.302s] -- Installing: /home/ubuntu/ros2_ws/install/raspimouse_msgs/include/raspimouse_msgs/srv/detail/light_sensors_service__struct.hpp
[91.303s] -- Installing: /home/ubuntu/ros2_ws/install/raspimouse_msgs/include/raspimouse_msgs/srv/detail/timed_motion_service__struct.hpp
[91.305s] -- Installing: /home/ubuntu/ros2_ws/install/raspimouse_msgs/include/raspimouse_msgs/srv/detail/light_sensors_service__builder.hpp
[91.306s] -- Installing: /home/ubuntu/ros2_ws/install/raspimouse_msgs/include/raspimouse_msgs/srv/detail/light_sensors_service__traits.hpp
[91.308s] -- Installing: /home/ubuntu/ros2_ws/install/raspimouse_msgs/include/raspimouse_msgs/srv/detail/motor_freqs_service__builder.hpp
[91.309s] -- Installing: /home/ubuntu/ros2_ws/install/raspimouse_msgs/include/raspimouse_msgs/srv/detail/timed_motion_service__builder.hpp
[91.311s] -- Installing: /home/ubuntu/ros2_ws/install/raspimouse_msgs/include/raspimouse_msgs/srv/detail/timed_motion_service__traits.hpp
[91.314s] -- Installing: /home/ubuntu/ros2_ws/install/raspimouse_msgs/include/raspimouse_msgs/srv/timed_motion_service.hpp
[91.316s] -- Installing: /home/ubuntu/ros2_ws/install/raspimouse_msgs/include/raspimouse_msgs/srv/light_sensors_service.hpp
[91.318s] -- Installing: /home/ubuntu/ros2_ws/install/raspimouse_msgs/include/raspimouse_msgs/srv/motor_freqs_service.hpp
[91.320s] -- Up-to-date: /home/ubuntu/ros2_ws/install/raspimouse_msgs/include/raspimouse_msgs/srv/timed_motion.hpp
[91.327s] -- Up-to-date: /home/ubuntu/ros2_ws/install/raspimouse_msgs/include/raspimouse_msgs
[91.328s] -- Up-to-date: /home/ubuntu/ros2_ws/install/raspimouse_msgs/include/raspimouse_msgs/msg
[91.329s] -- Up-to-date: /home/ubuntu/ros2_ws/install/raspimouse_msgs/include/raspimouse_msgs/msg/detail
[91.331s] -- Installing: /home/ubuntu/ros2_ws/install/raspimouse_msgs/include/raspimouse_msgs/msg/detail/motor_freqs__type_support.cpp
[91.332s] -- Installing: /home/ubuntu/ros2_ws/install/raspimouse_msgs/include/raspimouse_msgs/msg/detail/light_sensors__type_support.cpp
[91.333s] -- Installing: /home/ubuntu/ros2_ws/install/raspimouse_msgs/include/raspimouse_msgs/msg/detail/timed_motion__rosidl_typesupport_introspection_cpp.hpp
[91.335s] -- Installing: /home/ubuntu/ros2_ws/install/raspimouse_msgs/include/raspimouse_msgs/msg/detail/light_sensors__rosidl_typesupport_introspection_cpp.hpp
[91.337s] -- Installing: /home/ubuntu/ros2_ws/install/raspimouse_msgs/include/raspimouse_msgs/msg/detail/motor_freqs__rosidl_typesupport_introspection_cpp.hpp
[91.338s] -- Installing: /home/ubuntu/ros2_ws/install/raspimouse_msgs/include/raspimouse_msgs/msg/detail/timed_motion__type_support.cpp
[91.340s] -- Up-to-date: /home/ubuntu/ros2_ws/install/raspimouse_msgs/include/raspimouse_msgs/srv
[91.341s] -- Up-to-date: /home/ubuntu/ros2_ws/install/raspimouse_msgs/include/raspimouse_msgs/srv/detail
[91.342s] -- Installing: /home/ubuntu/ros2_ws/install/raspimouse_msgs/include/raspimouse_msgs/srv/detail/light_sensors_service__rosidl_typesupport_introspection_cpp.hpp
[91.344s] -- Installing: /home/ubuntu/ros2_ws/install/raspimouse_msgs/include/raspimouse_msgs/srv/detail/motor_freqs_service__rosidl_typesupport_introspection_cpp.hpp
[91.345s] -- Installing: /home/ubuntu/ros2_ws/install/raspimouse_msgs/include/raspimouse_msgs/srv/detail/motor_freqs_service__type_support.cpp
[91.347s] -- Installing: /home/ubuntu/ros2_ws/install/raspimouse_msgs/include/raspimouse_msgs/srv/detail/light_sensors_service__type_support.cpp
[91.350s] -- Up-to-date: /home/ubuntu/ros2_ws/install/raspimouse_msgs/include/raspimouse_msgs/srv/detail/timed_motion__rosidl_typesupport_introspection_cpp.hpp
[91.351s] -- Installing: /home/ubuntu/ros2_ws/install/raspimouse_msgs/include/raspimouse_msgs/srv/detail/timed_motion_service__type_support.cpp
[91.353s] -- Installing: /home/ubuntu/ros2_ws/install/raspimouse_msgs/include/raspimouse_msgs/srv/detail/timed_motion_service__rosidl_typesupport_introspection_cpp.hpp
[91.360s] -- Up-to-date: /home/ubuntu/ros2_ws/install/raspimouse_msgs/include/raspimouse_msgs/srv/detail/timed_motion__type_support.cpp
[91.365s] -- Installing: /home/ubuntu/ros2_ws/install/raspimouse_msgs/lib/libraspimouse_msgs__rosidl_typesupport_introspection_cpp.so
[91.370s] -- Set runtime path of "/home/ubuntu/ros2_ws/install/raspimouse_msgs/lib/libraspimouse_msgs__rosidl_typesupport_introspection_cpp.so" to ""
[91.378s] -- Installing: /home/ubuntu/ros2_ws/install/raspimouse_msgs/lib/libraspimouse_msgs__rosidl_typesupport_cpp.so
[91.386s] -- Set runtime path of "/home/ubuntu/ros2_ws/install/raspimouse_msgs/lib/libraspimouse_msgs__rosidl_typesupport_cpp.so" to ""
[91.387s] -- Up-to-date: /home/ubuntu/ros2_ws/install/raspimouse_msgs/share/raspimouse_msgs/environment/pythonpath.sh
[91.390s] -- Installing: /home/ubuntu/ros2_ws/install/raspimouse_msgs/share/raspimouse_msgs/environment/pythonpath.dsv
[91.392s] -- Installing: /home/ubuntu/ros2_ws/install/raspimouse_msgs/lib/python3.8/site-packages/raspimouse_msgs/__init__.py
[91.704s] Compiling '/home/ubuntu/ros2_ws/install/raspimouse_msgs/lib/python3.8/site-packages/raspimouse_msgs/__init__.py'...
[91.750s] -- Up-to-date: /home/ubuntu/ros2_ws/install/raspimouse_msgs/lib/python3.8/site-packages/raspimouse_msgs/msg
[91.752s] -- Installing: /home/ubuntu/ros2_ws/install/raspimouse_msgs/lib/python3.8/site-packages/raspimouse_msgs/msg/_light_sensors.py
[91.753s] -- Installing: /home/ubuntu/ros2_ws/install/raspimouse_msgs/lib/python3.8/site-packages/raspimouse_msgs/msg/__init__.py
[91.755s] -- Installing: /home/ubuntu/ros2_ws/install/raspimouse_msgs/lib/python3.8/site-packages/raspimouse_msgs/msg/_timed_motion_s.c
[91.758s] -- Installing: /home/ubuntu/ros2_ws/install/raspimouse_msgs/lib/python3.8/site-packages/raspimouse_msgs/msg/_timed_motion.py
[91.760s] -- Installing: /home/ubuntu/ros2_ws/install/raspimouse_msgs/lib/python3.8/site-packages/raspimouse_msgs/msg/_motor_freqs.py
[91.768s] -- Installing: /home/ubuntu/ros2_ws/install/raspimouse_msgs/lib/python3.8/site-packages/raspimouse_msgs/msg/_motor_freqs_s.c
[91.770s] -- Installing: /home/ubuntu/ros2_ws/install/raspimouse_msgs/lib/python3.8/site-packages/raspimouse_msgs/msg/_light_sensors_s.c
[91.771s] -- Up-to-date: /home/ubuntu/ros2_ws/install/raspimouse_msgs/lib/python3.8/site-packages/raspimouse_msgs/srv
[91.775s] -- Installing: /home/ubuntu/ros2_ws/install/raspimouse_msgs/lib/python3.8/site-packages/raspimouse_msgs/srv/__init__.py
[91.776s] -- Installing: /home/ubuntu/ros2_ws/install/raspimouse_msgs/lib/python3.8/site-packages/raspimouse_msgs/srv/_light_sensors_service_s.c
[91.778s] -- Installing: /home/ubuntu/ros2_ws/install/raspimouse_msgs/lib/python3.8/site-packages/raspimouse_msgs/srv/_motor_freqs_service.py
[91.780s] -- Installing: /home/ubuntu/ros2_ws/install/raspimouse_msgs/lib/python3.8/site-packages/raspimouse_msgs/srv/_light_sensors_service.py
[91.781s] -- Installing: /home/ubuntu/ros2_ws/install/raspimouse_msgs/lib/python3.8/site-packages/raspimouse_msgs/srv/_motor_freqs_service_s.c
[91.789s] -- Installing: /home/ubuntu/ros2_ws/install/raspimouse_msgs/lib/python3.8/site-packages/raspimouse_msgs/srv/_timed_motion_service_s.c
[91.792s] -- Installing: /home/ubuntu/ros2_ws/install/raspimouse_msgs/lib/python3.8/site-packages/raspimouse_msgs/srv/_timed_motion_service.py
[91.796s] -- Installing: /home/ubuntu/ros2_ws/install/raspimouse_msgs/lib/python3.8/site-packages/raspimouse_msgs/raspimouse_msgs_s__rosidl_typesupport_fastrtps_c.cpython-38-aarch64-linux-gnu.so
[91.803s] -- Set runtime path of "/home/ubuntu/ros2_ws/install/raspimouse_msgs/lib/python3.8/site-packages/raspimouse_msgs/raspimouse_msgs_s__rosidl_typesupport_fastrtps_c.cpython-38-aarch64-linux-gnu.so" to ""
[91.811s] -- Installing: /home/ubuntu/ros2_ws/install/raspimouse_msgs/lib/python3.8/site-packages/raspimouse_msgs/raspimouse_msgs_s__rosidl_typesupport_introspection_c.cpython-38-aarch64-linux-gnu.so
[91.818s] -- Set runtime path of "/home/ubuntu/ros2_ws/install/raspimouse_msgs/lib/python3.8/site-packages/raspimouse_msgs/raspimouse_msgs_s__rosidl_typesupport_introspection_c.cpython-38-aarch64-linux-gnu.so" to ""
[91.826s] -- Installing: /home/ubuntu/ros2_ws/install/raspimouse_msgs/lib/python3.8/site-packages/raspimouse_msgs/raspimouse_msgs_s__rosidl_typesupport_c.cpython-38-aarch64-linux-gnu.so
[91.832s] -- Set runtime path of "/home/ubuntu/ros2_ws/install/raspimouse_msgs/lib/python3.8/site-packages/raspimouse_msgs/raspimouse_msgs_s__rosidl_typesupport_c.cpython-38-aarch64-linux-gnu.so" to ""
[91.840s] -- Installing: /home/ubuntu/ros2_ws/install/raspimouse_msgs/lib/libraspimouse_msgs__python.so
[91.846s] -- Set runtime path of "/home/ubuntu/ros2_ws/install/raspimouse_msgs/lib/libraspimouse_msgs__python.so" to ""
[91.848s] -- Up-to-date: /home/ubuntu/ros2_ws/install/raspimouse_msgs/share/raspimouse_msgs/msg/LightSensors.idl
[91.849s] -- Installing: /home/ubuntu/ros2_ws/install/raspimouse_msgs/share/raspimouse_msgs/srv/LightSensorsService.idl
[91.851s] -- Up-to-date: /home/ubuntu/ros2_ws/install/raspimouse_msgs/share/raspimouse_msgs/msg/MotorFreqs.idl
[91.853s] -- Installing: /home/ubuntu/ros2_ws/install/raspimouse_msgs/share/raspimouse_msgs/srv/MotorFreqsService.idl
[91.855s] -- Up-to-date: /home/ubuntu/ros2_ws/install/raspimouse_msgs/share/raspimouse_msgs/msg/TimedMotion.idl
[91.857s] -- Up-to-date: /home/ubuntu/ros2_ws/install/raspimouse_msgs/share/raspimouse_msgs/srv/TimedMotionService.idl
[91.858s] -- Up-to-date: /home/ubuntu/ros2_ws/install/raspimouse_msgs/share/raspimouse_msgs/msg/LightSensors.msg
[91.860s] -- Installing: /home/ubuntu/ros2_ws/install/raspimouse_msgs/share/raspimouse_msgs/srv/LightSensorsService.srv
[91.862s] -- Installing: /home/ubuntu/ros2_ws/install/raspimouse_msgs/share/raspimouse_msgs/srv/LightSensorsService_Request.msg
[91.864s] -- Up-to-date: /home/ubuntu/ros2_ws/install/raspimouse_msgs/share/raspimouse_msgs/srv/LightSensorsService_Response.msg
[91.865s] -- Up-to-date: /home/ubuntu/ros2_ws/install/raspimouse_msgs/share/raspimouse_msgs/msg/MotorFreqs.msg
[91.867s] -- Installing: /home/ubuntu/ros2_ws/install/raspimouse_msgs/share/raspimouse_msgs/srv/MotorFreqsService.srv
[91.868s] -- Installing: /home/ubuntu/ros2_ws/install/raspimouse_msgs/share/raspimouse_msgs/srv/MotorFreqsService_Request.msg
[91.870s] -- Up-to-date: /home/ubuntu/ros2_ws/install/raspimouse_msgs/share/raspimouse_msgs/srv/MotorFreqsService_Response.msg
[91.872s] -- Up-to-date: /home/ubuntu/ros2_ws/install/raspimouse_msgs/share/raspimouse_msgs/msg/TimedMotion.msg
[91.873s] -- Up-to-date: /home/ubuntu/ros2_ws/install/raspimouse_msgs/share/raspimouse_msgs/srv/TimedMotionService.srv
[91.877s] -- Up-to-date: /home/ubuntu/ros2_ws/install/raspimouse_msgs/share/raspimouse_msgs/srv/TimedMotionService_Request.msg
[91.880s] -- Up-to-date: /home/ubuntu/ros2_ws/install/raspimouse_msgs/share/raspimouse_msgs/srv/TimedMotionService_Response.msg
[91.883s] -- Up-to-date: /home/ubuntu/ros2_ws/install/raspimouse_msgs/share/ament_index/resource_index/package_run_dependencies/raspimouse_msgs
[91.886s] -- Up-to-date: /home/ubuntu/ros2_ws/install/raspimouse_msgs/share/ament_index/resource_index/parent_prefix_path/raspimouse_msgs
[91.891s] -- Up-to-date: /home/ubuntu/ros2_ws/install/raspimouse_msgs/share/raspimouse_msgs/environment/ament_prefix_path.sh
[91.896s] -- Installing: /home/ubuntu/ros2_ws/install/raspimouse_msgs/share/raspimouse_msgs/environment/ament_prefix_path.dsv
[91.898s] -- Up-to-date: /home/ubuntu/ros2_ws/install/raspimouse_msgs/share/raspimouse_msgs/environment/path.sh
[91.899s] -- Installing: /home/ubuntu/ros2_ws/install/raspimouse_msgs/share/raspimouse_msgs/environment/path.dsv
[91.900s] -- Up-to-date: /home/ubuntu/ros2_ws/install/raspimouse_msgs/share/raspimouse_msgs/local_setup.bash
[91.901s] -- Up-to-date: /home/ubuntu/ros2_ws/install/raspimouse_msgs/share/raspimouse_msgs/local_setup.sh
[91.903s] -- Up-to-date: /home/ubuntu/ros2_ws/install/raspimouse_msgs/share/raspimouse_msgs/local_setup.zsh
[91.905s] -- Installing: /home/ubuntu/ros2_ws/install/raspimouse_msgs/share/raspimouse_msgs/local_setup.dsv
[91.906s] -- Installing: /home/ubuntu/ros2_ws/install/raspimouse_msgs/share/raspimouse_msgs/package.dsv
[91.908s] -- Up-to-date: /home/ubuntu/ros2_ws/install/raspimouse_msgs/share/ament_index/resource_index/packages/raspimouse_msgs
[91.914s] -- Up-to-date: /home/ubuntu/ros2_ws/install/raspimouse_msgs/share/raspimouse_msgs/cmake/raspimouse_msgs__rosidl_generator_cExport.cmake
[91.915s] -- Installing: /home/ubuntu/ros2_ws/install/raspimouse_msgs/share/raspimouse_msgs/cmake/raspimouse_msgs__rosidl_generator_cExport-noconfig.cmake
[91.921s] -- Up-to-date: /home/ubuntu/ros2_ws/install/raspimouse_msgs/share/raspimouse_msgs/cmake/raspimouse_msgs__rosidl_typesupport_introspection_cExport.cmake
[91.922s] -- Installing: /home/ubuntu/ros2_ws/install/raspimouse_msgs/share/raspimouse_msgs/cmake/raspimouse_msgs__rosidl_typesupport_introspection_cExport-noconfig.cmake
[91.929s] -- Up-to-date: /home/ubuntu/ros2_ws/install/raspimouse_msgs/share/raspimouse_msgs/cmake/raspimouse_msgs__rosidl_typesupport_cExport.cmake
[91.930s] -- Installing: /home/ubuntu/ros2_ws/install/raspimouse_msgs/share/raspimouse_msgs/cmake/raspimouse_msgs__rosidl_typesupport_cExport-noconfig.cmake
[91.936s] -- Up-to-date: /home/ubuntu/ros2_ws/install/raspimouse_msgs/share/raspimouse_msgs/cmake/raspimouse_msgs__rosidl_generator_cppExport.cmake
[91.941s] -- Up-to-date: /home/ubuntu/ros2_ws/install/raspimouse_msgs/share/raspimouse_msgs/cmake/raspimouse_msgs__rosidl_typesupport_introspection_cppExport.cmake
[91.942s] -- Installing: /home/ubuntu/ros2_ws/install/raspimouse_msgs/share/raspimouse_msgs/cmake/raspimouse_msgs__rosidl_typesupport_introspection_cppExport-noconfig.cmake
[91.950s] -- Up-to-date: /home/ubuntu/ros2_ws/install/raspimouse_msgs/share/raspimouse_msgs/cmake/raspimouse_msgs__rosidl_typesupport_cppExport.cmake
[91.951s] -- Installing: /home/ubuntu/ros2_ws/install/raspimouse_msgs/share/raspimouse_msgs/cmake/raspimouse_msgs__rosidl_typesupport_cppExport-noconfig.cmake
[91.953s] -- Up-to-date: /home/ubuntu/ros2_ws/install/raspimouse_msgs/share/raspimouse_msgs/cmake/rosidl_cmake-extras.cmake
[91.955s] -- Up-to-date: /home/ubuntu/ros2_ws/install/raspimouse_msgs/share/raspimouse_msgs/cmake/ament_cmake_export_dependencies-extras.cmake
[91.959s] -- Up-to-date: /home/ubuntu/ros2_ws/install/raspimouse_msgs/share/raspimouse_msgs/cmake/ament_cmake_export_libraries-extras.cmake
[91.961s] -- Up-to-date: /home/ubuntu/ros2_ws/install/raspimouse_msgs/share/raspimouse_msgs/cmake/ament_cmake_export_targets-extras.cmake
[91.962s] -- Up-to-date: /home/ubuntu/ros2_ws/install/raspimouse_msgs/share/raspimouse_msgs/cmake/ament_cmake_export_include_directories-extras.cmake
[91.964s] -- Up-to-date: /home/ubuntu/ros2_ws/install/raspimouse_msgs/share/raspimouse_msgs/cmake/rosidl_cmake_export_typesupport_libraries-extras.cmake
[91.965s] -- Up-to-date: /home/ubuntu/ros2_ws/install/raspimouse_msgs/share/raspimouse_msgs/cmake/rosidl_cmake_export_typesupport_targets-extras.cmake
[91.967s] -- Installing: /home/ubuntu/ros2_ws/install/raspimouse_msgs/share/raspimouse_msgs/cmake/raspimouse_msgsConfig.cmake
[91.968s] -- Installing: /home/ubuntu/ros2_ws/install/raspimouse_msgs/share/raspimouse_msgs/cmake/raspimouse_msgsConfig-version.cmake
[91.969s] -- Installing: /home/ubuntu/ros2_ws/install/raspimouse_msgs/share/raspimouse_msgs/package.xml
[91.994s] Invoked command in '/home/ubuntu/ros2_ws/build/raspimouse_msgs' returned '0': CMAKE_PREFIX_PATH=${CMAKE_PREFIX_PATH}:/home/ubuntu/ros2_ws/install/raspimouse:/opt/ros/foxy /usr/bin/cmake --install /home/ubuntu/ros2_ws/build/raspimouse_msgs
