[2.486s] Invoking command in '/home/ubuntu/ros2_ws/src/raspimouse': PYTHONPATH=/home/ubuntu/ros2_ws/install/raspimouse/lib/python3.8/site-packages:${PYTHONPATH} /usr/bin/python3 setup.py egg_info --egg-base ../../build/raspimouse build --build-base /home/ubuntu/ros2_ws/build/raspimouse/build install --prefix /home/ubuntu/ros2_ws/install/raspimouse --record /home/ubuntu/ros2_ws/build/raspimouse/install.log --single-version-externally-managed
[5.883s] running egg_info
[5.892s] writing ../../build/raspimouse/raspimouse.egg-info/PKG-INFO
[5.898s] writing dependency_links to ../../build/raspimouse/raspimouse.egg-info/dependency_links.txt
[5.904s] writing entry points to ../../build/raspimouse/raspimouse.egg-info/entry_points.txt
[5.909s] writing requirements to ../../build/raspimouse/raspimouse.egg-info/requires.txt
[5.914s] writing top-level names to ../../build/raspimouse/raspimouse.egg-info/top_level.txt
[6.573s] reading manifest file '../../build/raspimouse/raspimouse.egg-info/SOURCES.txt'
[6.588s] writing manifest file '../../build/raspimouse/raspimouse.egg-info/SOURCES.txt'
[6.594s] running build
[6.597s] running build_py
[6.606s] copying raspimouse/lightsensors.py -> /home/ubuntu/ros2_ws/build/raspimouse/build/lib/raspimouse
[6.617s] running install
[6.641s] running install_lib
[6.667s] copying /home/ubuntu/ros2_ws/build/raspimouse/build/lib/raspimouse/lightsensors.py -> /home/ubuntu/ros2_ws/install/raspimouse/lib/python3.8/site-packages/raspimouse
[6.681s] byte-compiling /home/ubuntu/ros2_ws/install/raspimouse/lib/python3.8/site-packages/raspimouse/lightsensors.py to lightsensors.cpython-38.pyc
[6.704s] running install_data
[6.729s] running install_egg_info
[6.764s] removing '/home/ubuntu/ros2_ws/install/raspimouse/lib/python3.8/site-packages/raspimouse-0.0.0-py3.8.egg-info' (and everything under it)
[6.796s] Copying ../../build/raspimouse/raspimouse.egg-info to /home/ubuntu/ros2_ws/install/raspimouse/lib/python3.8/site-packages/raspimouse-0.0.0-py3.8.egg-info
[6.813s] running install_scripts
[7.365s] Installing buzzer script to /home/ubuntu/ros2_ws/install/raspimouse/lib/raspimouse
[7.375s] Installing buzzer2_sub_node script to /home/ubuntu/ros2_ws/install/raspimouse/lib/raspimouse
[7.378s] Installing buzzer3_sub_node script to /home/ubuntu/ros2_ws/install/raspimouse/lib/raspimouse
[7.381s] Installing buzzer4_sub_node script to /home/ubuntu/ros2_ws/install/raspimouse/lib/raspimouse
[7.383s] Installing buzzer_pub_node script to /home/ubuntu/ros2_ws/install/raspimouse/lib/raspimouse
[7.392s] Installing lightsensors script to /home/ubuntu/ros2_ws/install/raspimouse/lib/raspimouse
[7.400s] Installing lightsensors_sub script to /home/ubuntu/ros2_ws/install/raspimouse/lib/raspimouse
[7.402s] Installing motors script to /home/ubuntu/ros2_ws/install/raspimouse/lib/raspimouse
[7.403s] Installing motors1 script to /home/ubuntu/ros2_ws/install/raspimouse/lib/raspimouse
[7.405s] Installing motors2 script to /home/ubuntu/ros2_ws/install/raspimouse/lib/raspimouse
[7.412s] Installing move script to /home/ubuntu/ros2_ws/install/raspimouse/lib/raspimouse
[7.414s] writing list of installed files to '/home/ubuntu/ros2_ws/build/raspimouse/install.log'
[7.755s] Invoked command in '/home/ubuntu/ros2_ws/src/raspimouse' returned '0': PYTHONPATH=/home/ubuntu/ros2_ws/install/raspimouse/lib/python3.8/site-packages:${PYTHONPATH} /usr/bin/python3 setup.py egg_info --egg-base ../../build/raspimouse build --build-base /home/ubuntu/ros2_ws/build/raspimouse/build install --prefix /home/ubuntu/ros2_ws/install/raspimouse --record /home/ubuntu/ros2_ws/build/raspimouse/install.log --single-version-externally-managed
