[1.980s] Invoking command in '/home/ubuntu/ros2_ws/src/raspimouse': PYTHONPATH=/home/ubuntu/ros2_ws/install/raspimouse/lib/python3.8/site-packages:${PYTHONPATH} /usr/bin/python3 setup.py egg_info --egg-base ../../build/raspimouse build --build-base /home/ubuntu/ros2_ws/build/raspimouse/build install --prefix /home/ubuntu/ros2_ws/install/raspimouse --record /home/ubuntu/ros2_ws/build/raspimouse/install.log --single-version-externally-managed
[3.696s] running egg_info
[3.701s] writing ../../build/raspimouse/raspimouse.egg-info/PKG-INFO
[3.703s] writing dependency_links to ../../build/raspimouse/raspimouse.egg-info/dependency_links.txt
[3.706s] writing entry points to ../../build/raspimouse/raspimouse.egg-info/entry_points.txt
[3.708s] writing requirements to ../../build/raspimouse/raspimouse.egg-info/requires.txt
[3.710s] writing top-level names to ../../build/raspimouse/raspimouse.egg-info/top_level.txt
[4.034s] reading manifest file '../../build/raspimouse/raspimouse.egg-info/SOURCES.txt'
[4.044s] writing manifest file '../../build/raspimouse/raspimouse.egg-info/SOURCES.txt'
[4.046s] running build
[4.048s] running build_py
[4.049s] copying raspimouse/buzzer_subscription_node.py -> /home/ubuntu/ros2_ws/build/raspimouse/build/lib/raspimouse
[4.052s] running install
[4.059s] running install_lib
[4.069s] copying /home/ubuntu/ros2_ws/build/raspimouse/build/lib/raspimouse/buzzer_subscription_node.py -> /home/ubuntu/ros2_ws/install/raspimouse/lib/python3.8/site-packages/raspimouse
[4.076s] byte-compiling /home/ubuntu/ros2_ws/install/raspimouse/lib/python3.8/site-packages/raspimouse/buzzer_subscription_node.py to buzzer_subscription_node.cpython-38.pyc
[4.090s] running install_data
[4.095s] running install_egg_info
[4.109s] removing '/home/ubuntu/ros2_ws/install/raspimouse/lib/python3.8/site-packages/raspimouse-0.0.0-py3.8.egg-info' (and everything under it)
[4.113s] Copying ../../build/raspimouse/raspimouse.egg-info to /home/ubuntu/ros2_ws/install/raspimouse/lib/python3.8/site-packages/raspimouse-0.0.0-py3.8.egg-info
[4.126s] running install_scripts
[4.267s] Installing buzzer_node script to /home/ubuntu/ros2_ws/install/raspimouse/lib/raspimouse
[4.269s] Installing buzzer_subscription_node script to /home/ubuntu/ros2_ws/install/raspimouse/lib/raspimouse
[4.273s] writing list of installed files to '/home/ubuntu/ros2_ws/build/raspimouse/install.log'
[4.472s] Invoked command in '/home/ubuntu/ros2_ws/src/raspimouse' returned '0': PYTHONPATH=/home/ubuntu/ros2_ws/install/raspimouse/lib/python3.8/site-packages:${PYTHONPATH} /usr/bin/python3 setup.py egg_info --egg-base ../../build/raspimouse build --build-base /home/ubuntu/ros2_ws/build/raspimouse/build install --prefix /home/ubuntu/ros2_ws/install/raspimouse --record /home/ubuntu/ros2_ws/build/raspimouse/install.log --single-version-externally-managed
