[2.787s] Invoking command in '/home/ubuntu/ros2_ws/src/raspimouse': PYTHONPATH=/home/ubuntu/ros2_ws/install/raspimouse/lib/python3.8/site-packages:${PYTHONPATH} /usr/bin/python3 setup.py egg_info --egg-base ../../build/raspimouse build --build-base /home/ubuntu/ros2_ws/build/raspimouse/build install --prefix /home/ubuntu/ros2_ws/install/raspimouse --record /home/ubuntu/ros2_ws/build/raspimouse/install.log --single-version-externally-managed
[5.545s] running egg_info
[5.554s] writing ../../build/raspimouse/raspimouse.egg-info/PKG-INFO
[5.560s] writing dependency_links to ../../build/raspimouse/raspimouse.egg-info/dependency_links.txt
[5.566s] writing entry points to ../../build/raspimouse/raspimouse.egg-info/entry_points.txt
[5.571s] writing requirements to ../../build/raspimouse/raspimouse.egg-info/requires.txt
[5.576s] writing top-level names to ../../build/raspimouse/raspimouse.egg-info/top_level.txt
[6.155s] reading manifest file '../../build/raspimouse/raspimouse.egg-info/SOURCES.txt'
[6.172s] writing manifest file '../../build/raspimouse/raspimouse.egg-info/SOURCES.txt'
[6.187s] running build
[6.189s] running build_py
[6.191s] copying raspimouse/move.py -> /home/ubuntu/ros2_ws/build/raspimouse/build/lib/raspimouse
[6.209s] running install
[6.225s] running install_lib
[6.257s] copying /home/ubuntu/ros2_ws/build/raspimouse/build/lib/raspimouse/move.py -> /home/ubuntu/ros2_ws/install/raspimouse/lib/python3.8/site-packages/raspimouse
[6.273s] byte-compiling /home/ubuntu/ros2_ws/install/raspimouse/lib/python3.8/site-packages/raspimouse/move.py to move.cpython-38.pyc
[6.942s] running install_data
[6.957s] running install_egg_info
[6.988s] removing '/home/ubuntu/ros2_ws/install/raspimouse/lib/python3.8/site-packages/raspimouse-0.0.0-py3.8.egg-info' (and everything under it)
[8.154s] Copying ../../build/raspimouse/raspimouse.egg-info to /home/ubuntu/ros2_ws/install/raspimouse/lib/python3.8/site-packages/raspimouse-0.0.0-py3.8.egg-info
[8.448s] running install_scripts
[8.762s] Installing buzzer script to /home/ubuntu/ros2_ws/install/raspimouse/lib/raspimouse
[8.764s] Installing buzzer2_sub_node script to /home/ubuntu/ros2_ws/install/raspimouse/lib/raspimouse
[8.767s] Installing buzzer3_sub_node script to /home/ubuntu/ros2_ws/install/raspimouse/lib/raspimouse
[8.771s] Installing buzzer4_sub_node script to /home/ubuntu/ros2_ws/install/raspimouse/lib/raspimouse
[8.773s] Installing buzzer_pub_node script to /home/ubuntu/ros2_ws/install/raspimouse/lib/raspimouse
[8.776s] Installing lightsensors script to /home/ubuntu/ros2_ws/install/raspimouse/lib/raspimouse
[8.792s] Installing lightsensors_sub script to /home/ubuntu/ros2_ws/install/raspimouse/lib/raspimouse
[8.794s] Installing motors script to /home/ubuntu/ros2_ws/install/raspimouse/lib/raspimouse
[8.804s] Installing motors1 script to /home/ubuntu/ros2_ws/install/raspimouse/lib/raspimouse
[8.817s] Installing motors2 script to /home/ubuntu/ros2_ws/install/raspimouse/lib/raspimouse
[8.834s] Installing move script to /home/ubuntu/ros2_ws/install/raspimouse/lib/raspimouse
[8.836s] writing list of installed files to '/home/ubuntu/ros2_ws/build/raspimouse/install.log'
[9.124s] Invoked command in '/home/ubuntu/ros2_ws/src/raspimouse' returned '0': PYTHONPATH=/home/ubuntu/ros2_ws/install/raspimouse/lib/python3.8/site-packages:${PYTHONPATH} /usr/bin/python3 setup.py egg_info --egg-base ../../build/raspimouse build --build-base /home/ubuntu/ros2_ws/build/raspimouse/build install --prefix /home/ubuntu/ros2_ws/install/raspimouse --record /home/ubuntu/ros2_ws/build/raspimouse/install.log --single-version-externally-managed
