[3.337s] Invoking command in '/home/ubuntu/ros2_ws/src/raspimouse': PYTHONPATH=/home/ubuntu/ros2_ws/install/raspimouse/lib/python3.8/site-packages:${PYTHONPATH} /usr/bin/python3 setup.py egg_info --egg-base ../../build/raspimouse build --build-base /home/ubuntu/ros2_ws/build/raspimouse/build install --prefix /home/ubuntu/ros2_ws/install/raspimouse --record /home/ubuntu/ros2_ws/build/raspimouse/install.log --single-version-externally-managed
[6.699s] running egg_info
[6.707s] writing ../../build/raspimouse/raspimouse.egg-info/PKG-INFO
[6.713s] writing dependency_links to ../../build/raspimouse/raspimouse.egg-info/dependency_links.txt
[6.722s] writing entry points to ../../build/raspimouse/raspimouse.egg-info/entry_points.txt
[6.727s] writing requirements to ../../build/raspimouse/raspimouse.egg-info/requires.txt
[6.731s] writing top-level names to ../../build/raspimouse/raspimouse.egg-info/top_level.txt
[7.269s] reading manifest file '../../build/raspimouse/raspimouse.egg-info/SOURCES.txt'
[7.286s] writing manifest file '../../build/raspimouse/raspimouse.egg-info/SOURCES.txt'
[7.288s] running build
[7.291s] running build_py
[7.311s] running install
[7.326s] running install_lib
[7.362s] running install_data
[7.376s] running install_egg_info
[7.412s] removing '/home/ubuntu/ros2_ws/install/raspimouse/lib/python3.8/site-packages/raspimouse-0.0.0-py3.8.egg-info' (and everything under it)
[7.425s] Copying ../../build/raspimouse/raspimouse.egg-info to /home/ubuntu/ros2_ws/install/raspimouse/lib/python3.8/site-packages/raspimouse-0.0.0-py3.8.egg-info
[7.450s] running install_scripts
[7.708s] Installing buzzer script to /home/ubuntu/ros2_ws/install/raspimouse/lib/raspimouse
[7.711s] Installing buzzer2_sub_node script to /home/ubuntu/ros2_ws/install/raspimouse/lib/raspimouse
[7.714s] Installing buzzer3_sub_node script to /home/ubuntu/ros2_ws/install/raspimouse/lib/raspimouse
[7.717s] Installing buzzer4_sub_node script to /home/ubuntu/ros2_ws/install/raspimouse/lib/raspimouse
[7.722s] Installing buzzer_pub_node script to /home/ubuntu/ros2_ws/install/raspimouse/lib/raspimouse
[7.724s] Installing lightsensors script to /home/ubuntu/ros2_ws/install/raspimouse/lib/raspimouse
[7.728s] Installing lightsensors_sub script to /home/ubuntu/ros2_ws/install/raspimouse/lib/raspimouse
[7.730s] Installing motors script to /home/ubuntu/ros2_ws/install/raspimouse/lib/raspimouse
[7.735s] Installing motors1 script to /home/ubuntu/ros2_ws/install/raspimouse/lib/raspimouse
[7.737s] Installing motors2 script to /home/ubuntu/ros2_ws/install/raspimouse/lib/raspimouse
[7.752s] Installing move script to /home/ubuntu/ros2_ws/install/raspimouse/lib/raspimouse
[7.756s] writing list of installed files to '/home/ubuntu/ros2_ws/build/raspimouse/install.log'
[8.048s] Invoked command in '/home/ubuntu/ros2_ws/src/raspimouse' returned '0': PYTHONPATH=/home/ubuntu/ros2_ws/install/raspimouse/lib/python3.8/site-packages:${PYTHONPATH} /usr/bin/python3 setup.py egg_info --egg-base ../../build/raspimouse build --build-base /home/ubuntu/ros2_ws/build/raspimouse/build install --prefix /home/ubuntu/ros2_ws/install/raspimouse --record /home/ubuntu/ros2_ws/build/raspimouse/install.log --single-version-externally-managed
