[1.830s] Invoking command in '/home/ubuntu/ros2_ws/build/raspimouse_msgs': CMAKE_PREFIX_PATH=${CMAKE_PREFIX_PATH}:/home/ubuntu/ros2_ws/install/raspimouse_run_corridor:/home/ubuntu/ros2_ws/install/raspimouse_ros2:/home/ubuntu/ros2_ws/install/raspimouse:/opt/ros/foxy /usr/bin/cmake /home/ubuntu/ros2_ws/src/raspimouse_msgs -DCMAKE_INSTALL_PREFIX=/home/ubuntu/ros2_ws/install/raspimouse_msgs
[4.410s] -- The C compiler identification is GNU 9.3.0
[6.055s] -- The CXX compiler identification is GNU 9.3.0
[6.126s] -- Check for working C compiler: /usr/bin/cc
[6.836s] -- Check for working C compiler: /usr/bin/cc -- works
[6.852s] -- Detecting C compiler ABI info
[7.513s] -- Detecting C compiler ABI info - done
[7.624s] -- Detecting C compile features
[7.631s] -- Detecting C compile features - done
[7.660s] -- Check for working CXX compiler: /usr/bin/c++
[8.380s] -- Check for working CXX compiler: /usr/bin/c++ -- works
[8.392s] -- Detecting CXX compiler ABI info
[9.120s] -- Detecting CXX compiler ABI info - done
[9.234s] -- Detecting CXX compile features
[9.238s] -- Detecting CXX compile features - done
[9.281s] -- Found ament_cmake: 0.9.9 (/opt/ros/foxy/share/ament_cmake/cmake)
[9.588s] -- Found PythonInterp: /usr/bin/python3 (found suitable version "3.8.10", minimum required is "3") 
[9.589s] -- Using PYTHON_EXECUTABLE: /usr/bin/python3
[14.202s] -- Found rosidl_default_generators: 1.0.1 (/opt/ros/foxy/share/rosidl_default_generators/cmake)
[14.256s] -- Using all available rosidl_typesupport_c: rosidl_typesupport_fastrtps_c;rosidl_typesupport_introspection_c
[14.364s] -- Found rosidl_adapter: 1.2.1 (/opt/ros/foxy/share/rosidl_adapter/cmake)
[15.335s] -- Found OpenSSL: /usr/lib/aarch64-linux-gnu/libcrypto.so (found version "1.1.1f")  
[15.553s] -- Found FastRTPS: /opt/ros/foxy/include  
[16.546s] -- Using all available rosidl_typesupport_cpp: rosidl_typesupport_fastrtps_cpp;rosidl_typesupport_introspection_cpp
[17.069s] -- Found PythonInterp: /usr/bin/python3 (found version "3.8.10") 
[19.452s] -- Found ament_cmake_ros: 0.9.2 (/opt/ros/foxy/share/ament_cmake_ros/cmake)
[20.619s] -- Using all available rosidl_typesupport_c: rosidl_typesupport_fastrtps_c;rosidl_typesupport_introspection_c
[20.873s] -- Using all available rosidl_typesupport_cpp: rosidl_typesupport_fastrtps_cpp;rosidl_typesupport_introspection_cpp
[21.093s] -- Found PythonInterp: /usr/bin/python3 (found suitable version "3.8.10", minimum required is "3.5") 
[21.119s] -- Found python_cmake_module: 0.8.1 (/opt/ros/foxy/share/python_cmake_module/cmake)
[21.526s] -- Found PythonLibs: /usr/lib/aarch64-linux-gnu/libpython3.8.so (found suitable version "3.8.10", minimum required is "3.5") 
[21.527s] -- Using PYTHON_EXECUTABLE: /usr/bin/python3
[21.529s] -- Using PYTHON_INCLUDE_DIRS: /usr/include/python3.8
[21.530s] -- Using PYTHON_LIBRARIES: /usr/lib/aarch64-linux-gnu/libpython3.8.so
[21.715s] -- Found PythonExtra: .so  
[22.189s] -- Found ament_lint_auto: 0.9.6 (/opt/ros/foxy/share/ament_lint_auto/cmake)
[22.484s] -- Added test 'copyright' to check source files copyright and LICENSE
[22.527s] -- Added test 'lint_cmake' to check CMake code style
[22.549s] -- Added test 'xmllint' to check XML markup files
[22.616s] -- Configuring done
[23.237s] -- Generating done
[23.265s] -- Build files have been written to: /home/ubuntu/ros2_ws/build/raspimouse_msgs
[23.329s] Invoked command in '/home/ubuntu/ros2_ws/build/raspimouse_msgs' returned '0': CMAKE_PREFIX_PATH=${CMAKE_PREFIX_PATH}:/home/ubuntu/ros2_ws/install/raspimouse_run_corridor:/home/ubuntu/ros2_ws/install/raspimouse_ros2:/home/ubuntu/ros2_ws/install/raspimouse:/opt/ros/foxy /usr/bin/cmake /home/ubuntu/ros2_ws/src/raspimouse_msgs -DCMAKE_INSTALL_PREFIX=/home/ubuntu/ros2_ws/install/raspimouse_msgs
[23.348s] Invoking command in '/home/ubuntu/ros2_ws/build/raspimouse_msgs': CMAKE_PREFIX_PATH=${CMAKE_PREFIX_PATH}:/home/ubuntu/ros2_ws/install/raspimouse_run_corridor:/home/ubuntu/ros2_ws/install/raspimouse_ros2:/home/ubuntu/ros2_ws/install/raspimouse:/opt/ros/foxy /usr/bin/cmake --build /home/ubuntu/ros2_ws/build/raspimouse_msgs -- -j4 -l4
[23.669s] [35m[1mScanning dependencies of target raspimouse_msgs__cpp[0m
[23.673s] [  1%] [34m[1mGenerating C code for ROS interfaces[0m
[23.754s] [  2%] [34m[1mGenerating C++ code for ROS interfaces[0m
[34.618s] [  2%] Built target raspimouse_msgs__cpp
[34.729s] [  3%] [34m[1mGenerating C++ type support dispatch for ROS interfaces[0m
[34.736s] [  4%] [34m[1mGenerating C++ type support for eProsima Fast-RTPS[0m
[34.776s] [  5%] [34m[1mGenerating C++ introspection for ROS interfaces[0m
[35.081s] [35m[1mScanning dependencies of target raspimouse_msgs__rosidl_generator_c[0m
[35.257s] [  6%] [32mBuilding C object CMakeFiles/raspimouse_msgs__rosidl_generator_c.dir/rosidl_generator_c/raspimouse_msgs/msg/detail/light_sensors__functions.c.o[0m
[36.246s] [  8%] [32mBuilding C object CMakeFiles/raspimouse_msgs__rosidl_generator_c.dir/rosidl_generator_c/raspimouse_msgs/srv/detail/light_sensors_service__functions.c.o[0m
[36.643s] [  9%] [32mBuilding C object CMakeFiles/raspimouse_msgs__rosidl_generator_c.dir/rosidl_generator_c/raspimouse_msgs/msg/detail/motor_freqs__functions.c.o[0m
[38.716s] [ 10%] [32mBuilding C object CMakeFiles/raspimouse_msgs__rosidl_generator_c.dir/rosidl_generator_c/raspimouse_msgs/srv/detail/motor_freqs_service__functions.c.o[0m
[39.119s] [ 11%] [32mBuilding C object CMakeFiles/raspimouse_msgs__rosidl_generator_c.dir/rosidl_generator_c/raspimouse_msgs/msg/detail/timed_motion__functions.c.o[0m
[39.472s] [ 12%] [32mBuilding C object CMakeFiles/raspimouse_msgs__rosidl_generator_c.dir/rosidl_generator_c/raspimouse_msgs/srv/detail/timed_motion_service__functions.c.o[0m
[39.873s] [ 13%] [32mBuilding C object CMakeFiles/raspimouse_msgs__rosidl_generator_c.dir/rosidl_generator_c/raspimouse_msgs/action/detail/music__functions.c.o[0m
[40.852s] [ 14%] [32mBuilding C object CMakeFiles/raspimouse_msgs__rosidl_generator_c.dir/rosidl_generator_c/raspimouse_msgs/action/detail/movement__functions.c.o[0m
[41.790s] [ 16%] [32m[1mLinking C shared library libraspimouse_msgs__rosidl_generator_c.so[0m
[42.891s] [35m[1mScanning dependencies of target raspimouse_msgs__rosidl_typesupport_cpp[0m
[42.906s] [ 16%] Built target raspimouse_msgs__rosidl_generator_c
[42.992s] [ 17%] [34m[1mGenerating C introspection for ROS interfaces[0m
[43.405s] [ 18%] [32mBuilding CXX object CMakeFiles/raspimouse_msgs__rosidl_typesupport_cpp.dir/rosidl_typesupport_cpp/raspimouse_msgs/msg/light_sensors__type_support.cpp.o[0m
[45.640s] [35m[1mScanning dependencies of target raspimouse_msgs__rosidl_typesupport_introspection_cpp[0m
[45.835s] [ 19%] [32mBuilding CXX object CMakeFiles/raspimouse_msgs__rosidl_typesupport_introspection_cpp.dir/rosidl_typesupport_introspection_cpp/raspimouse_msgs/msg/detail/light_sensors__type_support.cpp.o[0m
[50.513s] [ 20%] [32mBuilding CXX object CMakeFiles/raspimouse_msgs__rosidl_typesupport_cpp.dir/rosidl_typesupport_cpp/raspimouse_msgs/srv/light_sensors_service__type_support.cpp.o[0m
[50.975s] [35m[1mScanning dependencies of target raspimouse_msgs__rosidl_typesupport_fastrtps_cpp[0m
[52.537s] [ 21%] [32mBuilding CXX object CMakeFiles/raspimouse_msgs__rosidl_typesupport_introspection_cpp.dir/rosidl_typesupport_introspection_cpp/raspimouse_msgs/srv/detail/light_sensors_service__type_support.cpp.o[0m
[52.810s] [ 22%] [32mBuilding CXX object CMakeFiles/raspimouse_msgs__rosidl_typesupport_fastrtps_cpp.dir/rosidl_typesupport_fastrtps_cpp/raspimouse_msgs/msg/detail/dds_fastrtps/light_sensors__type_support.cpp.o[0m
[53.625s] [ 24%] [32mBuilding CXX object CMakeFiles/raspimouse_msgs__rosidl_typesupport_cpp.dir/rosidl_typesupport_cpp/raspimouse_msgs/msg/motor_freqs__type_support.cpp.o[0m
[55.520s] [ 25%] [32mBuilding CXX object CMakeFiles/raspimouse_msgs__rosidl_typesupport_introspection_cpp.dir/rosidl_typesupport_introspection_cpp/raspimouse_msgs/msg/detail/motor_freqs__type_support.cpp.o[0m
[57.771s] [35m[1mScanning dependencies of target raspimouse_msgs__rosidl_typesupport_introspection_c[0m
[57.970s] [ 26%] [32mBuilding CXX object CMakeFiles/raspimouse_msgs__rosidl_typesupport_cpp.dir/rosidl_typesupport_cpp/raspimouse_msgs/srv/motor_freqs_service__type_support.cpp.o[0m
[58.238s] [ 27%] [32mBuilding CXX object CMakeFiles/raspimouse_msgs__rosidl_typesupport_fastrtps_cpp.dir/rosidl_typesupport_fastrtps_cpp/raspimouse_msgs/srv/detail/dds_fastrtps/light_sensors_service__type_support.cpp.o[0m
[58.543s] [ 28%] [32mBuilding CXX object CMakeFiles/raspimouse_msgs__rosidl_typesupport_introspection_cpp.dir/rosidl_typesupport_introspection_cpp/raspimouse_msgs/srv/detail/motor_freqs_service__type_support.cpp.o[0m
[58.663s] [ 29%] [32mBuilding C object CMakeFiles/raspimouse_msgs__rosidl_typesupport_introspection_c.dir/rosidl_typesupport_introspection_c/raspimouse_msgs/msg/detail/light_sensors__type_support.c.o[0m
[58.976s] [ 31%] [32mBuilding C object CMakeFiles/raspimouse_msgs__rosidl_typesupport_introspection_c.dir/rosidl_typesupport_introspection_c/raspimouse_msgs/srv/detail/light_sensors_service__type_support.c.o[0m
[59.354s] [ 32%] [32mBuilding C object CMakeFiles/raspimouse_msgs__rosidl_typesupport_introspection_c.dir/rosidl_typesupport_introspection_c/raspimouse_msgs/msg/detail/motor_freqs__type_support.c.o[0m
[59.695s] [ 33%] [32mBuilding C object CMakeFiles/raspimouse_msgs__rosidl_typesupport_introspection_c.dir/rosidl_typesupport_introspection_c/raspimouse_msgs/srv/detail/motor_freqs_service__type_support.c.o[0m
[60.080s] [ 34%] [32mBuilding C object CMakeFiles/raspimouse_msgs__rosidl_typesupport_introspection_c.dir/rosidl_typesupport_introspection_c/raspimouse_msgs/msg/detail/timed_motion__type_support.c.o[0m
[60.441s] [ 35%] [32mBuilding C object CMakeFiles/raspimouse_msgs__rosidl_typesupport_introspection_c.dir/rosidl_typesupport_introspection_c/raspimouse_msgs/srv/detail/timed_motion_service__type_support.c.o[0m
[60.839s] [ 36%] [32mBuilding C object CMakeFiles/raspimouse_msgs__rosidl_typesupport_introspection_c.dir/rosidl_typesupport_introspection_c/raspimouse_msgs/action/detail/music__type_support.c.o[0m
[61.186s] [ 37%] [32mBuilding CXX object CMakeFiles/raspimouse_msgs__rosidl_typesupport_cpp.dir/rosidl_typesupport_cpp/raspimouse_msgs/msg/timed_motion__type_support.cpp.o[0m
[62.258s] [ 39%] [32mBuilding C object CMakeFiles/raspimouse_msgs__rosidl_typesupport_introspection_c.dir/rosidl_typesupport_introspection_c/raspimouse_msgs/action/detail/movement__type_support.c.o[0m
[62.392s] [ 40%] [32mBuilding CXX object CMakeFiles/raspimouse_msgs__rosidl_typesupport_introspection_cpp.dir/rosidl_typesupport_introspection_cpp/raspimouse_msgs/msg/detail/timed_motion__type_support.cpp.o[0m
[62.785s] [ 41%] [32mBuilding CXX object CMakeFiles/raspimouse_msgs__rosidl_typesupport_fastrtps_cpp.dir/rosidl_typesupport_fastrtps_cpp/raspimouse_msgs/msg/detail/dds_fastrtps/motor_freqs__type_support.cpp.o[0m
[62.795s] [ 42%] [32m[1mLinking C shared library libraspimouse_msgs__rosidl_typesupport_introspection_c.so[0m
[63.149s] [ 42%] Built target raspimouse_msgs__rosidl_typesupport_introspection_c
[63.243s] [ 43%] [32mBuilding CXX object CMakeFiles/raspimouse_msgs__rosidl_typesupport_introspection_cpp.dir/rosidl_typesupport_introspection_cpp/raspimouse_msgs/srv/detail/timed_motion_service__type_support.cpp.o[0m
[64.087s] [ 44%] [32mBuilding CXX object CMakeFiles/raspimouse_msgs__rosidl_typesupport_cpp.dir/rosidl_typesupport_cpp/raspimouse_msgs/srv/timed_motion_service__type_support.cpp.o[0m
[65.575s] [ 45%] [32mBuilding CXX object CMakeFiles/raspimouse_msgs__rosidl_typesupport_introspection_cpp.dir/rosidl_typesupport_introspection_cpp/raspimouse_msgs/action/detail/music__type_support.cpp.o[0m
[67.880s] [ 47%] [32mBuilding CXX object CMakeFiles/raspimouse_msgs__rosidl_typesupport_cpp.dir/rosidl_typesupport_cpp/raspimouse_msgs/action/music__type_support.cpp.o[0m
[68.188s] [ 48%] [32mBuilding CXX object CMakeFiles/raspimouse_msgs__rosidl_typesupport_fastrtps_cpp.dir/rosidl_typesupport_fastrtps_cpp/raspimouse_msgs/srv/detail/dds_fastrtps/motor_freqs_service__type_support.cpp.o[0m
[69.477s] [ 49%] [32mBuilding CXX object CMakeFiles/raspimouse_msgs__rosidl_typesupport_introspection_cpp.dir/rosidl_typesupport_introspection_cpp/raspimouse_msgs/action/detail/movement__type_support.cpp.o[0m
[71.077s] [ 50%] [32mBuilding CXX object CMakeFiles/raspimouse_msgs__rosidl_typesupport_cpp.dir/rosidl_typesupport_cpp/raspimouse_msgs/action/movement__type_support.cpp.o[0m
[72.929s] [ 51%] [32mBuilding CXX object CMakeFiles/raspimouse_msgs__rosidl_typesupport_fastrtps_cpp.dir/rosidl_typesupport_fastrtps_cpp/raspimouse_msgs/msg/detail/dds_fastrtps/timed_motion__type_support.cpp.o[0m
[73.231s] [ 52%] [32m[1mLinking CXX shared library libraspimouse_msgs__rosidl_typesupport_introspection_cpp.so[0m
[73.991s] [ 52%] Built target raspimouse_msgs__rosidl_typesupport_introspection_cpp
[74.285s] [ 54%] [32m[1mLinking CXX shared library libraspimouse_msgs__rosidl_typesupport_cpp.so[0m
[74.627s] [ 54%] Built target raspimouse_msgs__rosidl_typesupport_cpp
[77.880s] [ 55%] [32mBuilding CXX object CMakeFiles/raspimouse_msgs__rosidl_typesupport_fastrtps_cpp.dir/rosidl_typesupport_fastrtps_cpp/raspimouse_msgs/action/detail/dds_fastrtps/music__type_support.cpp.o[0m
[82.635s] [ 56%] [32mBuilding CXX object CMakeFiles/raspimouse_msgs__rosidl_typesupport_fastrtps_cpp.dir/rosidl_typesupport_fastrtps_cpp/raspimouse_msgs/action/detail/dds_fastrtps/movement__type_support.cpp.o[0m
[89.090s] [ 57%] [32mBuilding CXX object CMakeFiles/raspimouse_msgs__rosidl_typesupport_fastrtps_cpp.dir/rosidl_typesupport_fastrtps_cpp/raspimouse_msgs/srv/detail/dds_fastrtps/timed_motion_service__type_support.cpp.o[0m
[92.639s] [ 58%] [32m[1mLinking CXX shared library libraspimouse_msgs__rosidl_typesupport_fastrtps_cpp.so[0m
[93.495s] [ 58%] Built target raspimouse_msgs__rosidl_typesupport_fastrtps_cpp
[93.573s] [ 59%] [34m[1mGenerating C type support dispatch for ROS interfaces[0m
[99.147s] [35m[1mScanning dependencies of target raspimouse_msgs__rosidl_typesupport_c[0m
[99.302s] [ 60%] [32mBuilding CXX object CMakeFiles/raspimouse_msgs__rosidl_typesupport_c.dir/rosidl_typesupport_c/raspimouse_msgs/msg/light_sensors__type_support.cpp.o[0m
[99.306s] [ 62%] [32mBuilding CXX object CMakeFiles/raspimouse_msgs__rosidl_typesupport_c.dir/rosidl_typesupport_c/raspimouse_msgs/srv/light_sensors_service__type_support.cpp.o[0m
[99.937s] [ 63%] [32mBuilding CXX object CMakeFiles/raspimouse_msgs__rosidl_typesupport_c.dir/rosidl_typesupport_c/raspimouse_msgs/msg/motor_freqs__type_support.cpp.o[0m
[100.136s] [ 64%] [32mBuilding CXX object CMakeFiles/raspimouse_msgs__rosidl_typesupport_c.dir/rosidl_typesupport_c/raspimouse_msgs/srv/motor_freqs_service__type_support.cpp.o[0m
[100.180s] [ 65%] [32mBuilding CXX object CMakeFiles/raspimouse_msgs__rosidl_typesupport_c.dir/rosidl_typesupport_c/raspimouse_msgs/msg/timed_motion__type_support.cpp.o[0m
[100.666s] [ 66%] [32mBuilding CXX object CMakeFiles/raspimouse_msgs__rosidl_typesupport_c.dir/rosidl_typesupport_c/raspimouse_msgs/srv/timed_motion_service__type_support.cpp.o[0m
[100.669s] [ 67%] [32mBuilding CXX object CMakeFiles/raspimouse_msgs__rosidl_typesupport_c.dir/rosidl_typesupport_c/raspimouse_msgs/action/music__type_support.cpp.o[0m
[100.928s] [ 68%] [32mBuilding CXX object CMakeFiles/raspimouse_msgs__rosidl_typesupport_c.dir/rosidl_typesupport_c/raspimouse_msgs/action/movement__type_support.cpp.o[0m
[101.588s] [ 70%] [32m[1mLinking CXX shared library libraspimouse_msgs__rosidl_typesupport_c.so[0m
[101.897s] [ 70%] Built target raspimouse_msgs__rosidl_typesupport_c
[101.977s] [ 71%] [34m[1mGenerating C type support for eProsima Fast-RTPS[0m
[110.837s] [35m[1mScanning dependencies of target raspimouse_msgs__rosidl_typesupport_fastrtps_c[0m
[111.139s] [ 72%] [32mBuilding CXX object CMakeFiles/raspimouse_msgs__rosidl_typesupport_fastrtps_c.dir/rosidl_typesupport_fastrtps_c/raspimouse_msgs/msg/detail/light_sensors__type_support_c.cpp.o[0m
[111.146s] [ 73%] [32mBuilding CXX object CMakeFiles/raspimouse_msgs__rosidl_typesupport_fastrtps_c.dir/rosidl_typesupport_fastrtps_c/raspimouse_msgs/srv/detail/light_sensors_service__type_support_c.cpp.o[0m
[111.155s] [ 74%] [32mBuilding CXX object CMakeFiles/raspimouse_msgs__rosidl_typesupport_fastrtps_c.dir/rosidl_typesupport_fastrtps_c/raspimouse_msgs/msg/detail/motor_freqs__type_support_c.cpp.o[0m
[111.156s] [ 75%] [32mBuilding CXX object CMakeFiles/raspimouse_msgs__rosidl_typesupport_fastrtps_c.dir/rosidl_typesupport_fastrtps_c/raspimouse_msgs/srv/detail/motor_freqs_service__type_support_c.cpp.o[0m
[115.641s] [ 77%] [32mBuilding CXX object CMakeFiles/raspimouse_msgs__rosidl_typesupport_fastrtps_c.dir/rosidl_typesupport_fastrtps_c/raspimouse_msgs/msg/detail/timed_motion__type_support_c.cpp.o[0m
[115.843s] [ 78%] [32mBuilding CXX object CMakeFiles/raspimouse_msgs__rosidl_typesupport_fastrtps_c.dir/rosidl_typesupport_fastrtps_c/raspimouse_msgs/srv/detail/timed_motion_service__type_support_c.cpp.o[0m
[116.156s] [ 79%] [32mBuilding CXX object CMakeFiles/raspimouse_msgs__rosidl_typesupport_fastrtps_c.dir/rosidl_typesupport_fastrtps_c/raspimouse_msgs/action/detail/music__type_support_c.cpp.o[0m
[116.473s] [ 80%] [32mBuilding CXX object CMakeFiles/raspimouse_msgs__rosidl_typesupport_fastrtps_c.dir/rosidl_typesupport_fastrtps_c/raspimouse_msgs/action/detail/movement__type_support_c.cpp.o[0m
[122.249s] [ 81%] [32m[1mLinking CXX shared library libraspimouse_msgs__rosidl_typesupport_fastrtps_c.so[0m
[123.028s] [ 81%] Built target raspimouse_msgs__rosidl_typesupport_fastrtps_c
[123.101s] [35m[1mScanning dependencies of target raspimouse_msgs[0m
[123.179s] [ 81%] Built target raspimouse_msgs
[123.621s] [35m[1mScanning dependencies of target raspimouse_msgs__py[0m
[123.706s] [ 82%] [34m[1mGenerating Python code for ROS interfaces[0m
[145.175s] [ 82%] Built target raspimouse_msgs__py
[145.251s] [35m[1mScanning dependencies of target raspimouse_msgs__python[0m
[146.932s] [ 83%] [32mBuilding C object CMakeFiles/raspimouse_msgs__python.dir/rosidl_generator_py/raspimouse_msgs/msg/_light_sensors_s.c.o[0m
[146.936s] [ 85%] [32mBuilding C object CMakeFiles/raspimouse_msgs__python.dir/rosidl_generator_py/raspimouse_msgs/srv/_light_sensors_service_s.c.o[0m
[146.944s] [ 86%] [32mBuilding C object CMakeFiles/raspimouse_msgs__python.dir/rosidl_generator_py/raspimouse_msgs/srv/_motor_freqs_service_s.c.o[0m
[146.947s] [ 87%] [32mBuilding C object CMakeFiles/raspimouse_msgs__python.dir/rosidl_generator_py/raspimouse_msgs/msg/_motor_freqs_s.c.o[0m
[148.138s] [ 88%] [32mBuilding C object CMakeFiles/raspimouse_msgs__python.dir/rosidl_generator_py/raspimouse_msgs/msg/_timed_motion_s.c.o[0m
[148.418s] [ 89%] [32mBuilding C object CMakeFiles/raspimouse_msgs__python.dir/rosidl_generator_py/raspimouse_msgs/srv/_timed_motion_service_s.c.o[0m
[148.724s] [ 90%] [32mBuilding C object CMakeFiles/raspimouse_msgs__python.dir/rosidl_generator_py/raspimouse_msgs/action/_music_s.c.o[0m
[148.757s] [ 91%] [32mBuilding C object CMakeFiles/raspimouse_msgs__python.dir/rosidl_generator_py/raspimouse_msgs/action/_movement_s.c.o[0m
[150.519s] [ 93%] [32m[1mLinking C shared library rosidl_generator_py/raspimouse_msgs/libraspimouse_msgs__python.so[0m
[150.960s] [ 93%] Built target raspimouse_msgs__python
[151.038s] [35m[1mScanning dependencies of target raspimouse_msgs__rosidl_typesupport_introspection_c__pyext[0m
[151.042s] [35m[1mScanning dependencies of target raspimouse_msgs__rosidl_typesupport_c__pyext[0m
[151.046s] [35m[1mScanning dependencies of target raspimouse_msgs__rosidl_typesupport_fastrtps_c__pyext[0m
[151.209s] [ 94%] [32mBuilding C object CMakeFiles/raspimouse_msgs__rosidl_typesupport_c__pyext.dir/rosidl_generator_py/raspimouse_msgs/_raspimouse_msgs_s.ep.rosidl_typesupport_c.c.o[0m
[151.226s] [ 95%] [32mBuilding C object CMakeFiles/raspimouse_msgs__rosidl_typesupport_introspection_c__pyext.dir/rosidl_generator_py/raspimouse_msgs/_raspimouse_msgs_s.ep.rosidl_typesupport_introspection_c.c.o[0m
[151.257s] [ 96%] [32mBuilding C object CMakeFiles/raspimouse_msgs__rosidl_typesupport_fastrtps_c__pyext.dir/rosidl_generator_py/raspimouse_msgs/_raspimouse_msgs_s.ep.rosidl_typesupport_fastrtps_c.c.o[0m
[152.936s] [ 97%] [32m[1mLinking C shared library rosidl_generator_py/raspimouse_msgs/raspimouse_msgs_s__rosidl_typesupport_c.cpython-38-aarch64-linux-gnu.so[0m
[153.246s] [ 98%] [32m[1mLinking C shared library rosidl_generator_py/raspimouse_msgs/raspimouse_msgs_s__rosidl_typesupport_introspection_c.cpython-38-aarch64-linux-gnu.so[0m
[153.326s] [ 98%] Built target raspimouse_msgs__rosidl_typesupport_c__pyext
[153.543s] [100%] [32m[1mLinking CXX shared library rosidl_generator_py/raspimouse_msgs/raspimouse_msgs_s__rosidl_typesupport_fastrtps_c.cpython-38-aarch64-linux-gnu.so[0m
[153.643s] [100%] Built target raspimouse_msgs__rosidl_typesupport_introspection_c__pyext
[154.182s] [100%] Built target raspimouse_msgs__rosidl_typesupport_fastrtps_c__pyext
[154.497s] Invoked command in '/home/ubuntu/ros2_ws/build/raspimouse_msgs' returned '0': CMAKE_PREFIX_PATH=${CMAKE_PREFIX_PATH}:/home/ubuntu/ros2_ws/install/raspimouse_run_corridor:/home/ubuntu/ros2_ws/install/raspimouse_ros2:/home/ubuntu/ros2_ws/install/raspimouse:/opt/ros/foxy /usr/bin/cmake --build /home/ubuntu/ros2_ws/build/raspimouse_msgs -- -j4 -l4
[156.146s] Invoking command in '/home/ubuntu/ros2_ws/build/raspimouse_msgs': CMAKE_PREFIX_PATH=${CMAKE_PREFIX_PATH}:/home/ubuntu/ros2_ws/install/raspimouse_run_corridor:/home/ubuntu/ros2_ws/install/raspimouse_ros2:/home/ubuntu/ros2_ws/install/raspimouse:/opt/ros/foxy /usr/bin/cmake --install /home/ubuntu/ros2_ws/build/raspimouse_msgs
[156.207s] -- Install configuration: ""
[156.208s] -- Installing: /home/ubuntu/ros2_ws/install/raspimouse_msgs/share/ament_index/resource_index/rosidl_interfaces/raspimouse_msgs
[156.210s] -- Installing: /home/ubuntu/ros2_ws/install/raspimouse_msgs/include/raspimouse_msgs
[156.212s] -- Installing: /home/ubuntu/ros2_ws/install/raspimouse_msgs/include/raspimouse_msgs/msg
[156.213s] -- Installing: /home/ubuntu/ros2_ws/install/raspimouse_msgs/include/raspimouse_msgs/msg/timed_motion.h
[156.300s] -- Installing: /home/ubuntu/ros2_ws/install/raspimouse_msgs/include/raspimouse_msgs/msg/motor_freqs.h
[156.302s] -- Installing: /home/ubuntu/ros2_ws/install/raspimouse_msgs/include/raspimouse_msgs/msg/detail
[156.304s] -- Installing: /home/ubuntu/ros2_ws/install/raspimouse_msgs/include/raspimouse_msgs/msg/detail/light_sensors__functions.c
[156.307s] -- Installing: /home/ubuntu/ros2_ws/install/raspimouse_msgs/include/raspimouse_msgs/msg/detail/timed_motion__functions.c
[156.310s] -- Installing: /home/ubuntu/ros2_ws/install/raspimouse_msgs/include/raspimouse_msgs/msg/detail/timed_motion__functions.h
[156.311s] -- Installing: /home/ubuntu/ros2_ws/install/raspimouse_msgs/include/raspimouse_msgs/msg/detail/light_sensors__struct.h
[156.313s] -- Installing: /home/ubuntu/ros2_ws/install/raspimouse_msgs/include/raspimouse_msgs/msg/detail/motor_freqs__struct.h
[156.315s] -- Installing: /home/ubuntu/ros2_ws/install/raspimouse_msgs/include/raspimouse_msgs/msg/detail/motor_freqs__functions.c
[156.316s] -- Installing: /home/ubuntu/ros2_ws/install/raspimouse_msgs/include/raspimouse_msgs/msg/detail/light_sensors__functions.h
[156.318s] -- Installing: /home/ubuntu/ros2_ws/install/raspimouse_msgs/include/raspimouse_msgs/msg/detail/motor_freqs__type_support.h
[156.320s] -- Installing: /home/ubuntu/ros2_ws/install/raspimouse_msgs/include/raspimouse_msgs/msg/detail/timed_motion__type_support.h
[156.322s] -- Installing: /home/ubuntu/ros2_ws/install/raspimouse_msgs/include/raspimouse_msgs/msg/detail/light_sensors__type_support.h
[156.323s] -- Installing: /home/ubuntu/ros2_ws/install/raspimouse_msgs/include/raspimouse_msgs/msg/detail/motor_freqs__functions.h
[156.325s] -- Installing: /home/ubuntu/ros2_ws/install/raspimouse_msgs/include/raspimouse_msgs/msg/detail/timed_motion__struct.h
[156.327s] -- Installing: /home/ubuntu/ros2_ws/install/raspimouse_msgs/include/raspimouse_msgs/msg/rosidl_generator_c__visibility_control.h
[156.329s] -- Installing: /home/ubuntu/ros2_ws/install/raspimouse_msgs/include/raspimouse_msgs/msg/light_sensors.h
[156.330s] -- Installing: /home/ubuntu/ros2_ws/install/raspimouse_msgs/include/raspimouse_msgs/srv
[156.331s] -- Installing: /home/ubuntu/ros2_ws/install/raspimouse_msgs/include/raspimouse_msgs/srv/detail
[156.332s] -- Installing: /home/ubuntu/ros2_ws/install/raspimouse_msgs/include/raspimouse_msgs/srv/detail/light_sensors_service__functions.h
[156.334s] -- Installing: /home/ubuntu/ros2_ws/install/raspimouse_msgs/include/raspimouse_msgs/srv/detail/light_sensors_service__type_support.h
[156.336s] -- Installing: /home/ubuntu/ros2_ws/install/raspimouse_msgs/include/raspimouse_msgs/srv/detail/motor_freqs_service__struct.h
[156.338s] -- Installing: /home/ubuntu/ros2_ws/install/raspimouse_msgs/include/raspimouse_msgs/srv/detail/motor_freqs_service__functions.c
[156.339s] -- Installing: /home/ubuntu/ros2_ws/install/raspimouse_msgs/include/raspimouse_msgs/srv/detail/motor_freqs_service__type_support.h
[156.341s] -- Installing: /home/ubuntu/ros2_ws/install/raspimouse_msgs/include/raspimouse_msgs/srv/detail/timed_motion_service__struct.h
[156.343s] -- Installing: /home/ubuntu/ros2_ws/install/raspimouse_msgs/include/raspimouse_msgs/srv/detail/motor_freqs_service__functions.h
[156.345s] -- Installing: /home/ubuntu/ros2_ws/install/raspimouse_msgs/include/raspimouse_msgs/srv/detail/timed_motion_service__functions.h
[156.347s] -- Installing: /home/ubuntu/ros2_ws/install/raspimouse_msgs/include/raspimouse_msgs/srv/detail/light_sensors_service__struct.h
[156.349s] -- Installing: /home/ubuntu/ros2_ws/install/raspimouse_msgs/include/raspimouse_msgs/srv/detail/timed_motion_service__type_support.h
[156.350s] -- Installing: /home/ubuntu/ros2_ws/install/raspimouse_msgs/include/raspimouse_msgs/srv/detail/light_sensors_service__functions.c
[156.353s] -- Installing: /home/ubuntu/ros2_ws/install/raspimouse_msgs/include/raspimouse_msgs/srv/detail/timed_motion_service__functions.c
[156.354s] -- Installing: /home/ubuntu/ros2_ws/install/raspimouse_msgs/include/raspimouse_msgs/srv/motor_freqs_service.h
[156.356s] -- Installing: /home/ubuntu/ros2_ws/install/raspimouse_msgs/include/raspimouse_msgs/srv/light_sensors_service.h
[156.358s] -- Installing: /home/ubuntu/ros2_ws/install/raspimouse_msgs/include/raspimouse_msgs/srv/timed_motion_service.h
[156.359s] -- Installing: /home/ubuntu/ros2_ws/install/raspimouse_msgs/include/raspimouse_msgs/action
[156.360s] -- Installing: /home/ubuntu/ros2_ws/install/raspimouse_msgs/include/raspimouse_msgs/action/music.h
[156.362s] -- Installing: /home/ubuntu/ros2_ws/install/raspimouse_msgs/include/raspimouse_msgs/action/detail
[156.363s] -- Installing: /home/ubuntu/ros2_ws/install/raspimouse_msgs/include/raspimouse_msgs/action/detail/movement__functions.h
[156.365s] -- Installing: /home/ubuntu/ros2_ws/install/raspimouse_msgs/include/raspimouse_msgs/action/detail/music__functions.c
[156.367s] -- Installing: /home/ubuntu/ros2_ws/install/raspimouse_msgs/include/raspimouse_msgs/action/detail/music__struct.h
[156.369s] -- Installing: /home/ubuntu/ros2_ws/install/raspimouse_msgs/include/raspimouse_msgs/action/detail/music__functions.h
[156.371s] -- Installing: /home/ubuntu/ros2_ws/install/raspimouse_msgs/include/raspimouse_msgs/action/detail/movement__struct.h
[156.373s] -- Installing: /home/ubuntu/ros2_ws/install/raspimouse_msgs/include/raspimouse_msgs/action/detail/movement__functions.c
[156.375s] -- Installing: /home/ubuntu/ros2_ws/install/raspimouse_msgs/include/raspimouse_msgs/action/detail/movement__type_support.h
[156.376s] -- Installing: /home/ubuntu/ros2_ws/install/raspimouse_msgs/include/raspimouse_msgs/action/detail/music__type_support.h
[156.378s] -- Installing: /home/ubuntu/ros2_ws/install/raspimouse_msgs/include/raspimouse_msgs/action/movement.h
[156.381s] -- Installing: /home/ubuntu/ros2_ws/install/raspimouse_msgs/share/raspimouse_msgs/environment/library_path.sh
[156.383s] -- Installing: /home/ubuntu/ros2_ws/install/raspimouse_msgs/share/raspimouse_msgs/environment/library_path.dsv
[156.386s] -- Installing: /home/ubuntu/ros2_ws/install/raspimouse_msgs/lib/libraspimouse_msgs__rosidl_generator_c.so
[156.391s] -- Set runtime path of "/home/ubuntu/ros2_ws/install/raspimouse_msgs/lib/libraspimouse_msgs__rosidl_generator_c.so" to ""
[156.392s] -- Up-to-date: /home/ubuntu/ros2_ws/install/raspimouse_msgs/include/raspimouse_msgs
[156.393s] -- Up-to-date: /home/ubuntu/ros2_ws/install/raspimouse_msgs/include/raspimouse_msgs/msg
[156.394s] -- Up-to-date: /home/ubuntu/ros2_ws/install/raspimouse_msgs/include/raspimouse_msgs/msg/detail
[156.395s] -- Installing: /home/ubuntu/ros2_ws/install/raspimouse_msgs/include/raspimouse_msgs/msg/detail/timed_motion__rosidl_typesupport_fastrtps_c.h
[156.396s] -- Installing: /home/ubuntu/ros2_ws/install/raspimouse_msgs/include/raspimouse_msgs/msg/detail/light_sensors__rosidl_typesupport_fastrtps_c.h
[156.397s] -- Installing: /home/ubuntu/ros2_ws/install/raspimouse_msgs/include/raspimouse_msgs/msg/detail/motor_freqs__rosidl_typesupport_fastrtps_c.h
[156.399s] -- Installing: /home/ubuntu/ros2_ws/install/raspimouse_msgs/include/raspimouse_msgs/msg/rosidl_typesupport_fastrtps_c__visibility_control.h
[156.401s] -- Up-to-date: /home/ubuntu/ros2_ws/install/raspimouse_msgs/include/raspimouse_msgs/srv
[156.402s] -- Up-to-date: /home/ubuntu/ros2_ws/install/raspimouse_msgs/include/raspimouse_msgs/srv/detail
[156.403s] -- Installing: /home/ubuntu/ros2_ws/install/raspimouse_msgs/include/raspimouse_msgs/srv/detail/motor_freqs_service__rosidl_typesupport_fastrtps_c.h
[156.404s] -- Installing: /home/ubuntu/ros2_ws/install/raspimouse_msgs/include/raspimouse_msgs/srv/detail/timed_motion_service__rosidl_typesupport_fastrtps_c.h
[156.406s] -- Installing: /home/ubuntu/ros2_ws/install/raspimouse_msgs/include/raspimouse_msgs/srv/detail/light_sensors_service__rosidl_typesupport_fastrtps_c.h
[156.408s] -- Up-to-date: /home/ubuntu/ros2_ws/install/raspimouse_msgs/include/raspimouse_msgs/action
[156.409s] -- Up-to-date: /home/ubuntu/ros2_ws/install/raspimouse_msgs/include/raspimouse_msgs/action/detail
[156.410s] -- Installing: /home/ubuntu/ros2_ws/install/raspimouse_msgs/include/raspimouse_msgs/action/detail/movement__rosidl_typesupport_fastrtps_c.h
[156.411s] -- Installing: /home/ubuntu/ros2_ws/install/raspimouse_msgs/include/raspimouse_msgs/action/detail/music__rosidl_typesupport_fastrtps_c.h
[156.414s] -- Installing: /home/ubuntu/ros2_ws/install/raspimouse_msgs/lib/libraspimouse_msgs__rosidl_typesupport_fastrtps_c.so
[156.419s] -- Set runtime path of "/home/ubuntu/ros2_ws/install/raspimouse_msgs/lib/libraspimouse_msgs__rosidl_typesupport_fastrtps_c.so" to ""
[156.421s] -- Up-to-date: /home/ubuntu/ros2_ws/install/raspimouse_msgs/include/raspimouse_msgs
[156.422s] -- Up-to-date: /home/ubuntu/ros2_ws/install/raspimouse_msgs/include/raspimouse_msgs/msg
[156.423s] -- Up-to-date: /home/ubuntu/ros2_ws/install/raspimouse_msgs/include/raspimouse_msgs/msg/detail
[156.424s] -- Installing: /home/ubuntu/ros2_ws/install/raspimouse_msgs/include/raspimouse_msgs/msg/detail/light_sensors__rosidl_typesupport_fastrtps_cpp.hpp
[156.425s] -- Installing: /home/ubuntu/ros2_ws/install/raspimouse_msgs/include/raspimouse_msgs/msg/detail/dds_fastrtps
[156.425s] -- Installing: /home/ubuntu/ros2_ws/install/raspimouse_msgs/include/raspimouse_msgs/msg/detail/timed_motion__rosidl_typesupport_fastrtps_cpp.hpp
[156.427s] -- Installing: /home/ubuntu/ros2_ws/install/raspimouse_msgs/include/raspimouse_msgs/msg/detail/motor_freqs__rosidl_typesupport_fastrtps_cpp.hpp
[156.429s] -- Installing: /home/ubuntu/ros2_ws/install/raspimouse_msgs/include/raspimouse_msgs/msg/rosidl_typesupport_fastrtps_cpp__visibility_control.h
[156.431s] -- Up-to-date: /home/ubuntu/ros2_ws/install/raspimouse_msgs/include/raspimouse_msgs/srv
[156.432s] -- Up-to-date: /home/ubuntu/ros2_ws/install/raspimouse_msgs/include/raspimouse_msgs/srv/detail
[156.433s] -- Installing: /home/ubuntu/ros2_ws/install/raspimouse_msgs/include/raspimouse_msgs/srv/detail/timed_motion_service__rosidl_typesupport_fastrtps_cpp.hpp
[156.434s] -- Installing: /home/ubuntu/ros2_ws/install/raspimouse_msgs/include/raspimouse_msgs/srv/detail/dds_fastrtps
[156.435s] -- Installing: /home/ubuntu/ros2_ws/install/raspimouse_msgs/include/raspimouse_msgs/srv/detail/light_sensors_service__rosidl_typesupport_fastrtps_cpp.hpp
[156.437s] -- Installing: /home/ubuntu/ros2_ws/install/raspimouse_msgs/include/raspimouse_msgs/srv/detail/motor_freqs_service__rosidl_typesupport_fastrtps_cpp.hpp
[156.439s] -- Up-to-date: /home/ubuntu/ros2_ws/install/raspimouse_msgs/include/raspimouse_msgs/action
[156.440s] -- Up-to-date: /home/ubuntu/ros2_ws/install/raspimouse_msgs/include/raspimouse_msgs/action/detail
[156.441s] -- Installing: /home/ubuntu/ros2_ws/install/raspimouse_msgs/include/raspimouse_msgs/action/detail/music__rosidl_typesupport_fastrtps_cpp.hpp
[156.442s] -- Installing: /home/ubuntu/ros2_ws/install/raspimouse_msgs/include/raspimouse_msgs/action/detail/dds_fastrtps
[156.444s] -- Installing: /home/ubuntu/ros2_ws/install/raspimouse_msgs/include/raspimouse_msgs/action/detail/movement__rosidl_typesupport_fastrtps_cpp.hpp
[156.447s] -- Installing: /home/ubuntu/ros2_ws/install/raspimouse_msgs/lib/libraspimouse_msgs__rosidl_typesupport_fastrtps_cpp.so
[156.453s] -- Set runtime path of "/home/ubuntu/ros2_ws/install/raspimouse_msgs/lib/libraspimouse_msgs__rosidl_typesupport_fastrtps_cpp.so" to ""
[156.454s] -- Up-to-date: /home/ubuntu/ros2_ws/install/raspimouse_msgs/include/raspimouse_msgs
[156.455s] -- Up-to-date: /home/ubuntu/ros2_ws/install/raspimouse_msgs/include/raspimouse_msgs/msg
[156.456s] -- Up-to-date: /home/ubuntu/ros2_ws/install/raspimouse_msgs/include/raspimouse_msgs/msg/detail
[156.458s] -- Installing: /home/ubuntu/ros2_ws/install/raspimouse_msgs/include/raspimouse_msgs/msg/detail/light_sensors__type_support.c
[156.458s] -- Installing: /home/ubuntu/ros2_ws/install/raspimouse_msgs/include/raspimouse_msgs/msg/detail/light_sensors__rosidl_typesupport_introspection_c.h
[156.460s] -- Installing: /home/ubuntu/ros2_ws/install/raspimouse_msgs/include/raspimouse_msgs/msg/detail/timed_motion__rosidl_typesupport_introspection_c.h
[156.462s] -- Installing: /home/ubuntu/ros2_ws/install/raspimouse_msgs/include/raspimouse_msgs/msg/detail/motor_freqs__rosidl_typesupport_introspection_c.h
[156.463s] -- Installing: /home/ubuntu/ros2_ws/install/raspimouse_msgs/include/raspimouse_msgs/msg/detail/motor_freqs__type_support.c
[156.465s] -- Installing: /home/ubuntu/ros2_ws/install/raspimouse_msgs/include/raspimouse_msgs/msg/detail/timed_motion__type_support.c
[156.467s] -- Installing: /home/ubuntu/ros2_ws/install/raspimouse_msgs/include/raspimouse_msgs/msg/rosidl_typesupport_introspection_c__visibility_control.h
[156.469s] -- Up-to-date: /home/ubuntu/ros2_ws/install/raspimouse_msgs/include/raspimouse_msgs/srv
[156.470s] -- Up-to-date: /home/ubuntu/ros2_ws/install/raspimouse_msgs/include/raspimouse_msgs/srv/detail
[156.471s] -- Installing: /home/ubuntu/ros2_ws/install/raspimouse_msgs/include/raspimouse_msgs/srv/detail/light_sensors_service__rosidl_typesupport_introspection_c.h
[156.472s] -- Installing: /home/ubuntu/ros2_ws/install/raspimouse_msgs/include/raspimouse_msgs/srv/detail/timed_motion_service__rosidl_typesupport_introspection_c.h
[156.475s] -- Installing: /home/ubuntu/ros2_ws/install/raspimouse_msgs/include/raspimouse_msgs/srv/detail/motor_freqs_service__rosidl_typesupport_introspection_c.h
[156.476s] -- Installing: /home/ubuntu/ros2_ws/install/raspimouse_msgs/include/raspimouse_msgs/srv/detail/timed_motion_service__type_support.c
[156.478s] -- Installing: /home/ubuntu/ros2_ws/install/raspimouse_msgs/include/raspimouse_msgs/srv/detail/motor_freqs_service__type_support.c
[156.480s] -- Installing: /home/ubuntu/ros2_ws/install/raspimouse_msgs/include/raspimouse_msgs/srv/detail/light_sensors_service__type_support.c
[156.482s] -- Up-to-date: /home/ubuntu/ros2_ws/install/raspimouse_msgs/include/raspimouse_msgs/action
[156.483s] -- Up-to-date: /home/ubuntu/ros2_ws/install/raspimouse_msgs/include/raspimouse_msgs/action/detail
[156.484s] -- Installing: /home/ubuntu/ros2_ws/install/raspimouse_msgs/include/raspimouse_msgs/action/detail/music__rosidl_typesupport_introspection_c.h
[156.486s] -- Installing: /home/ubuntu/ros2_ws/install/raspimouse_msgs/include/raspimouse_msgs/action/detail/movement__rosidl_typesupport_introspection_c.h
[156.488s] -- Installing: /home/ubuntu/ros2_ws/install/raspimouse_msgs/include/raspimouse_msgs/action/detail/music__type_support.c
[156.490s] -- Installing: /home/ubuntu/ros2_ws/install/raspimouse_msgs/include/raspimouse_msgs/action/detail/movement__type_support.c
[156.493s] -- Installing: /home/ubuntu/ros2_ws/install/raspimouse_msgs/lib/libraspimouse_msgs__rosidl_typesupport_introspection_c.so
[156.498s] -- Set runtime path of "/home/ubuntu/ros2_ws/install/raspimouse_msgs/lib/libraspimouse_msgs__rosidl_typesupport_introspection_c.so" to ""
[156.499s] -- Installing: /home/ubuntu/ros2_ws/install/raspimouse_msgs/lib/libraspimouse_msgs__rosidl_typesupport_c.so
[156.504s] -- Set runtime path of "/home/ubuntu/ros2_ws/install/raspimouse_msgs/lib/libraspimouse_msgs__rosidl_typesupport_c.so" to ""
[156.505s] -- Up-to-date: /home/ubuntu/ros2_ws/install/raspimouse_msgs/include/raspimouse_msgs
[156.506s] -- Up-to-date: /home/ubuntu/ros2_ws/install/raspimouse_msgs/include/raspimouse_msgs/msg
[156.507s] -- Up-to-date: /home/ubuntu/ros2_ws/install/raspimouse_msgs/include/raspimouse_msgs/msg/detail
[156.508s] -- Installing: /home/ubuntu/ros2_ws/install/raspimouse_msgs/include/raspimouse_msgs/msg/detail/light_sensors__struct.hpp
[156.509s] -- Installing: /home/ubuntu/ros2_ws/install/raspimouse_msgs/include/raspimouse_msgs/msg/detail/timed_motion__traits.hpp
[156.510s] -- Installing: /home/ubuntu/ros2_ws/install/raspimouse_msgs/include/raspimouse_msgs/msg/detail/light_sensors__builder.hpp
[156.512s] -- Installing: /home/ubuntu/ros2_ws/install/raspimouse_msgs/include/raspimouse_msgs/msg/detail/timed_motion__struct.hpp
[156.514s] -- Installing: /home/ubuntu/ros2_ws/install/raspimouse_msgs/include/raspimouse_msgs/msg/detail/timed_motion__builder.hpp
[156.515s] -- Installing: /home/ubuntu/ros2_ws/install/raspimouse_msgs/include/raspimouse_msgs/msg/detail/motor_freqs__struct.hpp
[156.517s] -- Installing: /home/ubuntu/ros2_ws/install/raspimouse_msgs/include/raspimouse_msgs/msg/detail/motor_freqs__traits.hpp
[156.519s] -- Installing: /home/ubuntu/ros2_ws/install/raspimouse_msgs/include/raspimouse_msgs/msg/detail/motor_freqs__builder.hpp
[156.521s] -- Installing: /home/ubuntu/ros2_ws/install/raspimouse_msgs/include/raspimouse_msgs/msg/detail/light_sensors__traits.hpp
[156.522s] -- Installing: /home/ubuntu/ros2_ws/install/raspimouse_msgs/include/raspimouse_msgs/msg/timed_motion.hpp
[156.524s] -- Installing: /home/ubuntu/ros2_ws/install/raspimouse_msgs/include/raspimouse_msgs/msg/light_sensors.hpp
[156.526s] -- Installing: /home/ubuntu/ros2_ws/install/raspimouse_msgs/include/raspimouse_msgs/msg/motor_freqs.hpp
[156.527s] -- Up-to-date: /home/ubuntu/ros2_ws/install/raspimouse_msgs/include/raspimouse_msgs/srv
[156.528s] -- Up-to-date: /home/ubuntu/ros2_ws/install/raspimouse_msgs/include/raspimouse_msgs/srv/detail
[156.529s] -- Installing: /home/ubuntu/ros2_ws/install/raspimouse_msgs/include/raspimouse_msgs/srv/detail/motor_freqs_service__traits.hpp
[156.530s] -- Installing: /home/ubuntu/ros2_ws/install/raspimouse_msgs/include/raspimouse_msgs/srv/detail/motor_freqs_service__struct.hpp
[156.532s] -- Installing: /home/ubuntu/ros2_ws/install/raspimouse_msgs/include/raspimouse_msgs/srv/detail/light_sensors_service__struct.hpp
[156.534s] -- Installing: /home/ubuntu/ros2_ws/install/raspimouse_msgs/include/raspimouse_msgs/srv/detail/timed_motion_service__struct.hpp
[156.536s] -- Installing: /home/ubuntu/ros2_ws/install/raspimouse_msgs/include/raspimouse_msgs/srv/detail/light_sensors_service__builder.hpp
[156.538s] -- Installing: /home/ubuntu/ros2_ws/install/raspimouse_msgs/include/raspimouse_msgs/srv/detail/light_sensors_service__traits.hpp
[156.540s] -- Installing: /home/ubuntu/ros2_ws/install/raspimouse_msgs/include/raspimouse_msgs/srv/detail/motor_freqs_service__builder.hpp
[156.542s] -- Installing: /home/ubuntu/ros2_ws/install/raspimouse_msgs/include/raspimouse_msgs/srv/detail/timed_motion_service__builder.hpp
[156.543s] -- Installing: /home/ubuntu/ros2_ws/install/raspimouse_msgs/include/raspimouse_msgs/srv/detail/timed_motion_service__traits.hpp
[156.545s] -- Installing: /home/ubuntu/ros2_ws/install/raspimouse_msgs/include/raspimouse_msgs/srv/timed_motion_service.hpp
[156.547s] -- Installing: /home/ubuntu/ros2_ws/install/raspimouse_msgs/include/raspimouse_msgs/srv/light_sensors_service.hpp
[156.548s] -- Installing: /home/ubuntu/ros2_ws/install/raspimouse_msgs/include/raspimouse_msgs/srv/motor_freqs_service.hpp
[156.550s] -- Up-to-date: /home/ubuntu/ros2_ws/install/raspimouse_msgs/include/raspimouse_msgs/action
[156.551s] -- Installing: /home/ubuntu/ros2_ws/install/raspimouse_msgs/include/raspimouse_msgs/action/movement.hpp
[156.553s] -- Up-to-date: /home/ubuntu/ros2_ws/install/raspimouse_msgs/include/raspimouse_msgs/action/detail
[156.554s] -- Installing: /home/ubuntu/ros2_ws/install/raspimouse_msgs/include/raspimouse_msgs/action/detail/music__builder.hpp
[156.555s] -- Installing: /home/ubuntu/ros2_ws/install/raspimouse_msgs/include/raspimouse_msgs/action/detail/movement__builder.hpp
[156.557s] -- Installing: /home/ubuntu/ros2_ws/install/raspimouse_msgs/include/raspimouse_msgs/action/detail/movement__traits.hpp
[156.559s] -- Installing: /home/ubuntu/ros2_ws/install/raspimouse_msgs/include/raspimouse_msgs/action/detail/music__traits.hpp
[156.561s] -- Installing: /home/ubuntu/ros2_ws/install/raspimouse_msgs/include/raspimouse_msgs/action/detail/music__struct.hpp
[156.563s] -- Installing: /home/ubuntu/ros2_ws/install/raspimouse_msgs/include/raspimouse_msgs/action/detail/movement__struct.hpp
[156.565s] -- Installing: /home/ubuntu/ros2_ws/install/raspimouse_msgs/include/raspimouse_msgs/action/music.hpp
[156.567s] -- Up-to-date: /home/ubuntu/ros2_ws/install/raspimouse_msgs/include/raspimouse_msgs
[156.568s] -- Up-to-date: /home/ubuntu/ros2_ws/install/raspimouse_msgs/include/raspimouse_msgs/msg
[156.569s] -- Up-to-date: /home/ubuntu/ros2_ws/install/raspimouse_msgs/include/raspimouse_msgs/msg/detail
[156.570s] -- Installing: /home/ubuntu/ros2_ws/install/raspimouse_msgs/include/raspimouse_msgs/msg/detail/motor_freqs__type_support.cpp
[156.571s] -- Installing: /home/ubuntu/ros2_ws/install/raspimouse_msgs/include/raspimouse_msgs/msg/detail/light_sensors__type_support.cpp
[156.573s] -- Installing: /home/ubuntu/ros2_ws/install/raspimouse_msgs/include/raspimouse_msgs/msg/detail/timed_motion__rosidl_typesupport_introspection_cpp.hpp
[156.575s] -- Installing: /home/ubuntu/ros2_ws/install/raspimouse_msgs/include/raspimouse_msgs/msg/detail/light_sensors__rosidl_typesupport_introspection_cpp.hpp
[156.577s] -- Installing: /home/ubuntu/ros2_ws/install/raspimouse_msgs/include/raspimouse_msgs/msg/detail/motor_freqs__rosidl_typesupport_introspection_cpp.hpp
[156.579s] -- Installing: /home/ubuntu/ros2_ws/install/raspimouse_msgs/include/raspimouse_msgs/msg/detail/timed_motion__type_support.cpp
[156.580s] -- Up-to-date: /home/ubuntu/ros2_ws/install/raspimouse_msgs/include/raspimouse_msgs/srv
[156.581s] -- Up-to-date: /home/ubuntu/ros2_ws/install/raspimouse_msgs/include/raspimouse_msgs/srv/detail
[156.582s] -- Installing: /home/ubuntu/ros2_ws/install/raspimouse_msgs/include/raspimouse_msgs/srv/detail/light_sensors_service__rosidl_typesupport_introspection_cpp.hpp
[156.584s] -- Installing: /home/ubuntu/ros2_ws/install/raspimouse_msgs/include/raspimouse_msgs/srv/detail/motor_freqs_service__rosidl_typesupport_introspection_cpp.hpp
[156.586s] -- Installing: /home/ubuntu/ros2_ws/install/raspimouse_msgs/include/raspimouse_msgs/srv/detail/motor_freqs_service__type_support.cpp
[156.588s] -- Installing: /home/ubuntu/ros2_ws/install/raspimouse_msgs/include/raspimouse_msgs/srv/detail/light_sensors_service__type_support.cpp
[156.590s] -- Installing: /home/ubuntu/ros2_ws/install/raspimouse_msgs/include/raspimouse_msgs/srv/detail/timed_motion_service__type_support.cpp
[156.592s] -- Installing: /home/ubuntu/ros2_ws/install/raspimouse_msgs/include/raspimouse_msgs/srv/detail/timed_motion_service__rosidl_typesupport_introspection_cpp.hpp
[156.594s] -- Up-to-date: /home/ubuntu/ros2_ws/install/raspimouse_msgs/include/raspimouse_msgs/action
[156.595s] -- Up-to-date: /home/ubuntu/ros2_ws/install/raspimouse_msgs/include/raspimouse_msgs/action/detail
[156.596s] -- Installing: /home/ubuntu/ros2_ws/install/raspimouse_msgs/include/raspimouse_msgs/action/detail/movement__rosidl_typesupport_introspection_cpp.hpp
[156.597s] -- Installing: /home/ubuntu/ros2_ws/install/raspimouse_msgs/include/raspimouse_msgs/action/detail/music__rosidl_typesupport_introspection_cpp.hpp
[156.600s] -- Installing: /home/ubuntu/ros2_ws/install/raspimouse_msgs/include/raspimouse_msgs/action/detail/movement__type_support.cpp
[156.602s] -- Installing: /home/ubuntu/ros2_ws/install/raspimouse_msgs/include/raspimouse_msgs/action/detail/music__type_support.cpp
[156.605s] -- Installing: /home/ubuntu/ros2_ws/install/raspimouse_msgs/lib/libraspimouse_msgs__rosidl_typesupport_introspection_cpp.so
[156.611s] -- Set runtime path of "/home/ubuntu/ros2_ws/install/raspimouse_msgs/lib/libraspimouse_msgs__rosidl_typesupport_introspection_cpp.so" to ""
[156.613s] -- Installing: /home/ubuntu/ros2_ws/install/raspimouse_msgs/lib/libraspimouse_msgs__rosidl_typesupport_cpp.so
[156.617s] -- Set runtime path of "/home/ubuntu/ros2_ws/install/raspimouse_msgs/lib/libraspimouse_msgs__rosidl_typesupport_cpp.so" to ""
[156.618s] -- Installing: /home/ubuntu/ros2_ws/install/raspimouse_msgs/share/raspimouse_msgs/environment/pythonpath.sh
[156.620s] -- Installing: /home/ubuntu/ros2_ws/install/raspimouse_msgs/share/raspimouse_msgs/environment/pythonpath.dsv
[156.623s] -- Installing: /home/ubuntu/ros2_ws/install/raspimouse_msgs/lib/python3.8/site-packages/raspimouse_msgs/__init__.py
[157.677s] Compiling '/home/ubuntu/ros2_ws/install/raspimouse_msgs/lib/python3.8/site-packages/raspimouse_msgs/__init__.py'...
[157.722s] -- Installing: /home/ubuntu/ros2_ws/install/raspimouse_msgs/lib/python3.8/site-packages/raspimouse_msgs/msg
[157.723s] -- Installing: /home/ubuntu/ros2_ws/install/raspimouse_msgs/lib/python3.8/site-packages/raspimouse_msgs/msg/_light_sensors.py
[157.725s] -- Installing: /home/ubuntu/ros2_ws/install/raspimouse_msgs/lib/python3.8/site-packages/raspimouse_msgs/msg/__init__.py
[157.727s] -- Installing: /home/ubuntu/ros2_ws/install/raspimouse_msgs/lib/python3.8/site-packages/raspimouse_msgs/msg/_timed_motion_s.c
[157.729s] -- Installing: /home/ubuntu/ros2_ws/install/raspimouse_msgs/lib/python3.8/site-packages/raspimouse_msgs/msg/_timed_motion.py
[157.731s] -- Installing: /home/ubuntu/ros2_ws/install/raspimouse_msgs/lib/python3.8/site-packages/raspimouse_msgs/msg/_motor_freqs.py
[157.733s] -- Installing: /home/ubuntu/ros2_ws/install/raspimouse_msgs/lib/python3.8/site-packages/raspimouse_msgs/msg/_motor_freqs_s.c
[157.734s] -- Installing: /home/ubuntu/ros2_ws/install/raspimouse_msgs/lib/python3.8/site-packages/raspimouse_msgs/msg/_light_sensors_s.c
[157.737s] -- Installing: /home/ubuntu/ros2_ws/install/raspimouse_msgs/lib/python3.8/site-packages/raspimouse_msgs/srv
[157.739s] -- Installing: /home/ubuntu/ros2_ws/install/raspimouse_msgs/lib/python3.8/site-packages/raspimouse_msgs/srv/__init__.py
[157.740s] -- Installing: /home/ubuntu/ros2_ws/install/raspimouse_msgs/lib/python3.8/site-packages/raspimouse_msgs/srv/_light_sensors_service_s.c
[157.742s] -- Installing: /home/ubuntu/ros2_ws/install/raspimouse_msgs/lib/python3.8/site-packages/raspimouse_msgs/srv/_motor_freqs_service.py
[157.744s] -- Installing: /home/ubuntu/ros2_ws/install/raspimouse_msgs/lib/python3.8/site-packages/raspimouse_msgs/srv/_light_sensors_service.py
[157.746s] -- Installing: /home/ubuntu/ros2_ws/install/raspimouse_msgs/lib/python3.8/site-packages/raspimouse_msgs/srv/_motor_freqs_service_s.c
[157.747s] -- Installing: /home/ubuntu/ros2_ws/install/raspimouse_msgs/lib/python3.8/site-packages/raspimouse_msgs/srv/_timed_motion_service_s.c
[157.749s] -- Installing: /home/ubuntu/ros2_ws/install/raspimouse_msgs/lib/python3.8/site-packages/raspimouse_msgs/srv/_timed_motion_service.py
[157.752s] -- Installing: /home/ubuntu/ros2_ws/install/raspimouse_msgs/lib/python3.8/site-packages/raspimouse_msgs/action
[157.753s] -- Installing: /home/ubuntu/ros2_ws/install/raspimouse_msgs/lib/python3.8/site-packages/raspimouse_msgs/action/__init__.py
[157.754s] -- Installing: /home/ubuntu/ros2_ws/install/raspimouse_msgs/lib/python3.8/site-packages/raspimouse_msgs/action/_movement_s.c
[157.757s] -- Installing: /home/ubuntu/ros2_ws/install/raspimouse_msgs/lib/python3.8/site-packages/raspimouse_msgs/action/_music.py
[157.759s] -- Installing: /home/ubuntu/ros2_ws/install/raspimouse_msgs/lib/python3.8/site-packages/raspimouse_msgs/action/_movement.py
[157.761s] -- Installing: /home/ubuntu/ros2_ws/install/raspimouse_msgs/lib/python3.8/site-packages/raspimouse_msgs/action/_music_s.c
[157.765s] -- Installing: /home/ubuntu/ros2_ws/install/raspimouse_msgs/lib/python3.8/site-packages/raspimouse_msgs/raspimouse_msgs_s__rosidl_typesupport_fastrtps_c.cpython-38-aarch64-linux-gnu.so
[157.771s] -- Set runtime path of "/home/ubuntu/ros2_ws/install/raspimouse_msgs/lib/python3.8/site-packages/raspimouse_msgs/raspimouse_msgs_s__rosidl_typesupport_fastrtps_c.cpython-38-aarch64-linux-gnu.so" to ""
[157.773s] -- Installing: /home/ubuntu/ros2_ws/install/raspimouse_msgs/lib/python3.8/site-packages/raspimouse_msgs/raspimouse_msgs_s__rosidl_typesupport_introspection_c.cpython-38-aarch64-linux-gnu.so
[157.779s] -- Set runtime path of "/home/ubuntu/ros2_ws/install/raspimouse_msgs/lib/python3.8/site-packages/raspimouse_msgs/raspimouse_msgs_s__rosidl_typesupport_introspection_c.cpython-38-aarch64-linux-gnu.so" to ""
[157.781s] -- Installing: /home/ubuntu/ros2_ws/install/raspimouse_msgs/lib/python3.8/site-packages/raspimouse_msgs/raspimouse_msgs_s__rosidl_typesupport_c.cpython-38-aarch64-linux-gnu.so
[157.787s] -- Set runtime path of "/home/ubuntu/ros2_ws/install/raspimouse_msgs/lib/python3.8/site-packages/raspimouse_msgs/raspimouse_msgs_s__rosidl_typesupport_c.cpython-38-aarch64-linux-gnu.so" to ""
[157.789s] -- Installing: /home/ubuntu/ros2_ws/install/raspimouse_msgs/lib/libraspimouse_msgs__python.so
[157.794s] -- Set runtime path of "/home/ubuntu/ros2_ws/install/raspimouse_msgs/lib/libraspimouse_msgs__python.so" to ""
[157.795s] -- Installing: /home/ubuntu/ros2_ws/install/raspimouse_msgs/share/raspimouse_msgs/msg/LightSensors.idl
[157.797s] -- Installing: /home/ubuntu/ros2_ws/install/raspimouse_msgs/share/raspimouse_msgs/srv/LightSensorsService.idl
[157.799s] -- Installing: /home/ubuntu/ros2_ws/install/raspimouse_msgs/share/raspimouse_msgs/msg/MotorFreqs.idl
[157.802s] -- Installing: /home/ubuntu/ros2_ws/install/raspimouse_msgs/share/raspimouse_msgs/srv/MotorFreqsService.idl
[157.804s] -- Installing: /home/ubuntu/ros2_ws/install/raspimouse_msgs/share/raspimouse_msgs/msg/TimedMotion.idl
[157.806s] -- Installing: /home/ubuntu/ros2_ws/install/raspimouse_msgs/share/raspimouse_msgs/srv/TimedMotionService.idl
[157.808s] -- Installing: /home/ubuntu/ros2_ws/install/raspimouse_msgs/share/raspimouse_msgs/action/Music.idl
[157.810s] -- Installing: /home/ubuntu/ros2_ws/install/raspimouse_msgs/share/raspimouse_msgs/action/Movement.idl
[157.812s] -- Installing: /home/ubuntu/ros2_ws/install/raspimouse_msgs/share/raspimouse_msgs/msg/LightSensors.msg
[157.814s] -- Installing: /home/ubuntu/ros2_ws/install/raspimouse_msgs/share/raspimouse_msgs/srv/LightSensorsService.srv
[157.816s] -- Installing: /home/ubuntu/ros2_ws/install/raspimouse_msgs/share/raspimouse_msgs/srv/LightSensorsService_Request.msg
[157.818s] -- Installing: /home/ubuntu/ros2_ws/install/raspimouse_msgs/share/raspimouse_msgs/srv/LightSensorsService_Response.msg
[157.820s] -- Installing: /home/ubuntu/ros2_ws/install/raspimouse_msgs/share/raspimouse_msgs/msg/MotorFreqs.msg
[157.822s] -- Installing: /home/ubuntu/ros2_ws/install/raspimouse_msgs/share/raspimouse_msgs/srv/MotorFreqsService.srv
[157.824s] -- Installing: /home/ubuntu/ros2_ws/install/raspimouse_msgs/share/raspimouse_msgs/srv/MotorFreqsService_Request.msg
[157.827s] -- Installing: /home/ubuntu/ros2_ws/install/raspimouse_msgs/share/raspimouse_msgs/srv/MotorFreqsService_Response.msg
[157.829s] -- Installing: /home/ubuntu/ros2_ws/install/raspimouse_msgs/share/raspimouse_msgs/msg/TimedMotion.msg
[157.831s] -- Installing: /home/ubuntu/ros2_ws/install/raspimouse_msgs/share/raspimouse_msgs/srv/TimedMotionService.srv
[157.833s] -- Installing: /home/ubuntu/ros2_ws/install/raspimouse_msgs/share/raspimouse_msgs/srv/TimedMotionService_Request.msg
[157.835s] -- Installing: /home/ubuntu/ros2_ws/install/raspimouse_msgs/share/raspimouse_msgs/srv/TimedMotionService_Response.msg
[157.837s] -- Installing: /home/ubuntu/ros2_ws/install/raspimouse_msgs/share/raspimouse_msgs/action/Music.action
[157.840s] -- Installing: /home/ubuntu/ros2_ws/install/raspimouse_msgs/share/raspimouse_msgs/action/Movement.action
[157.842s] -- Installing: /home/ubuntu/ros2_ws/install/raspimouse_msgs/share/ament_index/resource_index/package_run_dependencies/raspimouse_msgs
[157.845s] -- Installing: /home/ubuntu/ros2_ws/install/raspimouse_msgs/share/ament_index/resource_index/parent_prefix_path/raspimouse_msgs
[157.847s] -- Installing: /home/ubuntu/ros2_ws/install/raspimouse_msgs/share/raspimouse_msgs/environment/ament_prefix_path.sh
[157.849s] -- Installing: /home/ubuntu/ros2_ws/install/raspimouse_msgs/share/raspimouse_msgs/environment/ament_prefix_path.dsv
[157.851s] -- Installing: /home/ubuntu/ros2_ws/install/raspimouse_msgs/share/raspimouse_msgs/environment/path.sh
[157.853s] -- Installing: /home/ubuntu/ros2_ws/install/raspimouse_msgs/share/raspimouse_msgs/environment/path.dsv
[157.855s] -- Installing: /home/ubuntu/ros2_ws/install/raspimouse_msgs/share/raspimouse_msgs/local_setup.bash
[157.857s] -- Installing: /home/ubuntu/ros2_ws/install/raspimouse_msgs/share/raspimouse_msgs/local_setup.sh
[157.859s] -- Installing: /home/ubuntu/ros2_ws/install/raspimouse_msgs/share/raspimouse_msgs/local_setup.zsh
[157.861s] -- Installing: /home/ubuntu/ros2_ws/install/raspimouse_msgs/share/raspimouse_msgs/local_setup.dsv
[157.863s] -- Installing: /home/ubuntu/ros2_ws/install/raspimouse_msgs/share/raspimouse_msgs/package.dsv
[157.866s] -- Installing: /home/ubuntu/ros2_ws/install/raspimouse_msgs/share/ament_index/resource_index/packages/raspimouse_msgs
[157.869s] -- Installing: /home/ubuntu/ros2_ws/install/raspimouse_msgs/share/raspimouse_msgs/cmake/raspimouse_msgs__rosidl_generator_cExport.cmake
[157.871s] -- Installing: /home/ubuntu/ros2_ws/install/raspimouse_msgs/share/raspimouse_msgs/cmake/raspimouse_msgs__rosidl_generator_cExport-noconfig.cmake
[157.874s] -- Installing: /home/ubuntu/ros2_ws/install/raspimouse_msgs/share/raspimouse_msgs/cmake/raspimouse_msgs__rosidl_typesupport_introspection_cExport.cmake
[157.877s] -- Installing: /home/ubuntu/ros2_ws/install/raspimouse_msgs/share/raspimouse_msgs/cmake/raspimouse_msgs__rosidl_typesupport_introspection_cExport-noconfig.cmake
[157.879s] -- Installing: /home/ubuntu/ros2_ws/install/raspimouse_msgs/share/raspimouse_msgs/cmake/raspimouse_msgs__rosidl_typesupport_cExport.cmake
[157.882s] -- Installing: /home/ubuntu/ros2_ws/install/raspimouse_msgs/share/raspimouse_msgs/cmake/raspimouse_msgs__rosidl_typesupport_cExport-noconfig.cmake
[157.884s] -- Installing: /home/ubuntu/ros2_ws/install/raspimouse_msgs/share/raspimouse_msgs/cmake/raspimouse_msgs__rosidl_generator_cppExport.cmake
[157.887s] -- Installing: /home/ubuntu/ros2_ws/install/raspimouse_msgs/share/raspimouse_msgs/cmake/raspimouse_msgs__rosidl_typesupport_introspection_cppExport.cmake
[157.890s] -- Installing: /home/ubuntu/ros2_ws/install/raspimouse_msgs/share/raspimouse_msgs/cmake/raspimouse_msgs__rosidl_typesupport_introspection_cppExport-noconfig.cmake
[157.893s] -- Installing: /home/ubuntu/ros2_ws/install/raspimouse_msgs/share/raspimouse_msgs/cmake/raspimouse_msgs__rosidl_typesupport_cppExport.cmake
[157.895s] -- Installing: /home/ubuntu/ros2_ws/install/raspimouse_msgs/share/raspimouse_msgs/cmake/raspimouse_msgs__rosidl_typesupport_cppExport-noconfig.cmake
[157.897s] -- Installing: /home/ubuntu/ros2_ws/install/raspimouse_msgs/share/raspimouse_msgs/cmake/rosidl_cmake-extras.cmake
[157.900s] -- Installing: /home/ubuntu/ros2_ws/install/raspimouse_msgs/share/raspimouse_msgs/cmake/ament_cmake_export_dependencies-extras.cmake
[157.902s] -- Installing: /home/ubuntu/ros2_ws/install/raspimouse_msgs/share/raspimouse_msgs/cmake/ament_cmake_export_libraries-extras.cmake
[157.904s] -- Installing: /home/ubuntu/ros2_ws/install/raspimouse_msgs/share/raspimouse_msgs/cmake/ament_cmake_export_targets-extras.cmake
[157.907s] -- Installing: /home/ubuntu/ros2_ws/install/raspimouse_msgs/share/raspimouse_msgs/cmake/ament_cmake_export_include_directories-extras.cmake
[157.909s] -- Installing: /home/ubuntu/ros2_ws/install/raspimouse_msgs/share/raspimouse_msgs/cmake/rosidl_cmake_export_typesupport_libraries-extras.cmake
[157.911s] -- Installing: /home/ubuntu/ros2_ws/install/raspimouse_msgs/share/raspimouse_msgs/cmake/rosidl_cmake_export_typesupport_targets-extras.cmake
[157.913s] -- Installing: /home/ubuntu/ros2_ws/install/raspimouse_msgs/share/raspimouse_msgs/cmake/raspimouse_msgsConfig.cmake
[157.915s] -- Installing: /home/ubuntu/ros2_ws/install/raspimouse_msgs/share/raspimouse_msgs/cmake/raspimouse_msgsConfig-version.cmake
[157.917s] -- Installing: /home/ubuntu/ros2_ws/install/raspimouse_msgs/share/raspimouse_msgs/package.xml
[157.938s] Invoked command in '/home/ubuntu/ros2_ws/build/raspimouse_msgs' returned '0': CMAKE_PREFIX_PATH=${CMAKE_PREFIX_PATH}:/home/ubuntu/ros2_ws/install/raspimouse_run_corridor:/home/ubuntu/ros2_ws/install/raspimouse_ros2:/home/ubuntu/ros2_ws/install/raspimouse:/opt/ros/foxy /usr/bin/cmake --install /home/ubuntu/ros2_ws/build/raspimouse_msgs
