[2.912s] Invoking command in '/home/ubuntu/ros2_ws/src/raspimouse': PYTHONPATH=/home/ubuntu/ros2_ws/install/raspimouse/lib/python3.8/site-packages:${PYTHONPATH} /usr/bin/python3 setup.py egg_info --egg-base ../../build/raspimouse build --build-base /home/ubuntu/ros2_ws/build/raspimouse/build install --prefix /home/ubuntu/ros2_ws/install/raspimouse --record /home/ubuntu/ros2_ws/build/raspimouse/install.log --single-version-externally-managed
[5.848s] running egg_info
[5.854s] writing ../../build/raspimouse/raspimouse.egg-info/PKG-INFO
[5.858s] writing dependency_links to ../../build/raspimouse/raspimouse.egg-info/dependency_links.txt
[5.861s] writing entry points to ../../build/raspimouse/raspimouse.egg-info/entry_points.txt
[5.864s] writing requirements to ../../build/raspimouse/raspimouse.egg-info/requires.txt
[5.872s] writing top-level names to ../../build/raspimouse/raspimouse.egg-info/top_level.txt
[6.309s] reading manifest file '../../build/raspimouse/raspimouse.egg-info/SOURCES.txt'
[6.325s] writing manifest file '../../build/raspimouse/raspimouse.egg-info/SOURCES.txt'
[6.331s] running build
[6.333s] running build_py
[6.350s] running install
[6.361s] running install_lib
[6.399s] running install_data
[6.406s] running install_egg_info
[6.425s] removing '/home/ubuntu/ros2_ws/install/raspimouse/lib/python3.8/site-packages/raspimouse-0.0.0-py3.8.egg-info' (and everything under it)
[6.435s] Copying ../../build/raspimouse/raspimouse.egg-info to /home/ubuntu/ros2_ws/install/raspimouse/lib/python3.8/site-packages/raspimouse-0.0.0-py3.8.egg-info
[6.452s] running install_scripts
[6.807s] Installing buzzer script to /home/ubuntu/ros2_ws/install/raspimouse/lib/raspimouse
[6.810s] Installing buzzer2_sub_node script to /home/ubuntu/ros2_ws/install/raspimouse/lib/raspimouse
[6.813s] Installing buzzer3_sub_node script to /home/ubuntu/ros2_ws/install/raspimouse/lib/raspimouse
[6.816s] Installing buzzer4_sub_node script to /home/ubuntu/ros2_ws/install/raspimouse/lib/raspimouse
[6.820s] Installing buzzer_pub_node script to /home/ubuntu/ros2_ws/install/raspimouse/lib/raspimouse
[6.822s] Installing lightsensors script to /home/ubuntu/ros2_ws/install/raspimouse/lib/raspimouse
[6.839s] Installing lightsensors_sub script to /home/ubuntu/ros2_ws/install/raspimouse/lib/raspimouse
[6.851s] Installing motor_action_server script to /home/ubuntu/ros2_ws/install/raspimouse/lib/raspimouse
[6.854s] Installing motors script to /home/ubuntu/ros2_ws/install/raspimouse/lib/raspimouse
[6.857s] Installing motors1 script to /home/ubuntu/ros2_ws/install/raspimouse/lib/raspimouse
[6.862s] Installing motors2 script to /home/ubuntu/ros2_ws/install/raspimouse/lib/raspimouse
[6.863s] Installing move script to /home/ubuntu/ros2_ws/install/raspimouse/lib/raspimouse
[6.869s] writing list of installed files to '/home/ubuntu/ros2_ws/build/raspimouse/install.log'
[7.295s] Invoked command in '/home/ubuntu/ros2_ws/src/raspimouse' returned '0': PYTHONPATH=/home/ubuntu/ros2_ws/install/raspimouse/lib/python3.8/site-packages:${PYTHONPATH} /usr/bin/python3 setup.py egg_info --egg-base ../../build/raspimouse build --build-base /home/ubuntu/ros2_ws/build/raspimouse/build install --prefix /home/ubuntu/ros2_ws/install/raspimouse --record /home/ubuntu/ros2_ws/build/raspimouse/install.log --single-version-externally-managed
