[0.365s] Invoking command in '/home/ubuntu/ros2_ws/build/raspimouse_launch': CMAKE_PREFIX_PATH=${CMAKE_PREFIX_PATH}:/home/ubuntu/ros2_ws/install/raspimouse_ros2:/home/ubuntu/ros2_ws/install/raspimouse:/opt/ros/foxy /usr/bin/cmake --build /home/ubuntu/ros2_ws/build/raspimouse_launch -- -j4 -l4
[8.933s] Invoked command in '/home/ubuntu/ros2_ws/build/raspimouse_launch' returned '0': CMAKE_PREFIX_PATH=${CMAKE_PREFIX_PATH}:/home/ubuntu/ros2_ws/install/raspimouse_ros2:/home/ubuntu/ros2_ws/install/raspimouse:/opt/ros/foxy /usr/bin/cmake --build /home/ubuntu/ros2_ws/build/raspimouse_launch -- -j4 -l4
[9.465s] Invoking command in '/home/ubuntu/ros2_ws/build/raspimouse_launch': CMAKE_PREFIX_PATH=${CMAKE_PREFIX_PATH}:/home/ubuntu/ros2_ws/install/raspimouse_ros2:/home/ubuntu/ros2_ws/install/raspimouse:/opt/ros/foxy /usr/bin/cmake --install /home/ubuntu/ros2_ws/build/raspimouse_launch
[9.598s] -- Install configuration: ""
[9.601s] -- Up-to-date: /home/ubuntu/ros2_ws/install/raspimouse_launch/share/raspimouse_launch//launch
[9.604s] -- Installing: /home/ubuntu/ros2_ws/install/raspimouse_launch/share/raspimouse_launch//launch/raspimouse_launch.py
[9.615s] -- Up-to-date: /home/ubuntu/ros2_ws/install/raspimouse_launch/share/ament_index/resource_index/package_run_dependencies/raspimouse_launch
[9.618s] -- Up-to-date: /home/ubuntu/ros2_ws/install/raspimouse_launch/share/ament_index/resource_index/parent_prefix_path/raspimouse_launch
[9.621s] -- Up-to-date: /home/ubuntu/ros2_ws/install/raspimouse_launch/share/raspimouse_launch/environment/ament_prefix_path.sh
[9.625s] -- Up-to-date: /home/ubuntu/ros2_ws/install/raspimouse_launch/share/raspimouse_launch/environment/ament_prefix_path.dsv
[9.630s] -- Up-to-date: /home/ubuntu/ros2_ws/install/raspimouse_launch/share/raspimouse_launch/environment/path.sh
[9.633s] -- Up-to-date: /home/ubuntu/ros2_ws/install/raspimouse_launch/share/raspimouse_launch/environment/path.dsv
[9.637s] -- Up-to-date: /home/ubuntu/ros2_ws/install/raspimouse_launch/share/raspimouse_launch/local_setup.bash
[9.648s] -- Up-to-date: /home/ubuntu/ros2_ws/install/raspimouse_launch/share/raspimouse_launch/local_setup.sh
[9.650s] -- Up-to-date: /home/ubuntu/ros2_ws/install/raspimouse_launch/share/raspimouse_launch/local_setup.zsh
[9.652s] -- Up-to-date: /home/ubuntu/ros2_ws/install/raspimouse_launch/share/raspimouse_launch/local_setup.dsv
[9.653s] -- Installing: /home/ubuntu/ros2_ws/install/raspimouse_launch/share/raspimouse_launch/package.dsv
[9.656s] -- Up-to-date: /home/ubuntu/ros2_ws/install/raspimouse_launch/share/ament_index/resource_index/packages/raspimouse_launch
[9.658s] -- Up-to-date: /home/ubuntu/ros2_ws/install/raspimouse_launch/share/raspimouse_launch/cmake/raspimouse_launchConfig.cmake
[9.660s] -- Up-to-date: /home/ubuntu/ros2_ws/install/raspimouse_launch/share/raspimouse_launch/cmake/raspimouse_launchConfig-version.cmake
[9.661s] -- Up-to-date: /home/ubuntu/ros2_ws/install/raspimouse_launch/share/raspimouse_launch/package.xml
[9.686s] Invoked command in '/home/ubuntu/ros2_ws/build/raspimouse_launch' returned '0': CMAKE_PREFIX_PATH=${CMAKE_PREFIX_PATH}:/home/ubuntu/ros2_ws/install/raspimouse_ros2:/home/ubuntu/ros2_ws/install/raspimouse:/opt/ros/foxy /usr/bin/cmake --install /home/ubuntu/ros2_ws/build/raspimouse_launch
