[0.252s] Invoking command in '/home/ubuntu/ros2_ws/build/raspimouse_launch': AMENT_PREFIX_PATH=/home/ubuntu/ros2_ws/install/raspimouse:/home/ubuntu/ros2_ws/install/raspimouse_run_corridor:/home/ubuntu/ros2_ws/install/raspimouse_msgs:/home/ubuntu/ros2_ws/install/raspimouse_launch:/opt/ros/foxy CMAKE_PREFIX_PATH=${CMAKE_PREFIX_PATH}:/home/ubuntu/ros2_ws/install/raspimouse_run_corridor:/home/ubuntu/ros2_ws/install/raspimouse:/opt/ros/foxy PYTHONPATH=/home/ubuntu/ros2_ws/install/raspimouse/lib/python3.8/site-packages:/home/ubuntu/ros2_ws/install/raspimouse_run_corridor/lib/python3.8/site-packages:/home/ubuntu/ros2_ws/install/raspimouse_msgs/lib/python3.8/site-packages:/opt/ros/foxy/lib/python3.8/site-packages /usr/bin/cmake --build /home/ubuntu/ros2_ws/build/raspimouse_launch -- -j4 -l4
[2.960s] Invoked command in '/home/ubuntu/ros2_ws/build/raspimouse_launch' returned '0': AMENT_PREFIX_PATH=/home/ubuntu/ros2_ws/install/raspimouse:/home/ubuntu/ros2_ws/install/raspimouse_run_corridor:/home/ubuntu/ros2_ws/install/raspimouse_msgs:/home/ubuntu/ros2_ws/install/raspimouse_launch:/opt/ros/foxy CMAKE_PREFIX_PATH=${CMAKE_PREFIX_PATH}:/home/ubuntu/ros2_ws/install/raspimouse_run_corridor:/home/ubuntu/ros2_ws/install/raspimouse:/opt/ros/foxy PYTHONPATH=/home/ubuntu/ros2_ws/install/raspimouse/lib/python3.8/site-packages:/home/ubuntu/ros2_ws/install/raspimouse_run_corridor/lib/python3.8/site-packages:/home/ubuntu/ros2_ws/install/raspimouse_msgs/lib/python3.8/site-packages:/opt/ros/foxy/lib/python3.8/site-packages /usr/bin/cmake --build /home/ubuntu/ros2_ws/build/raspimouse_launch -- -j4 -l4
[3.211s] Invoking command in '/home/ubuntu/ros2_ws/build/raspimouse_launch': AMENT_PREFIX_PATH=/home/ubuntu/ros2_ws/install/raspimouse:/home/ubuntu/ros2_ws/install/raspimouse_run_corridor:/home/ubuntu/ros2_ws/install/raspimouse_msgs:/home/ubuntu/ros2_ws/install/raspimouse_launch:/opt/ros/foxy CMAKE_PREFIX_PATH=${CMAKE_PREFIX_PATH}:/home/ubuntu/ros2_ws/install/raspimouse_run_corridor:/home/ubuntu/ros2_ws/install/raspimouse:/opt/ros/foxy PYTHONPATH=/home/ubuntu/ros2_ws/install/raspimouse/lib/python3.8/site-packages:/home/ubuntu/ros2_ws/install/raspimouse_run_corridor/lib/python3.8/site-packages:/home/ubuntu/ros2_ws/install/raspimouse_msgs/lib/python3.8/site-packages:/opt/ros/foxy/lib/python3.8/site-packages /usr/bin/cmake --install /home/ubuntu/ros2_ws/build/raspimouse_launch
[3.729s] -- Install configuration: ""
[3.737s] -- Up-to-date: /home/ubuntu/ros2_ws/install/raspimouse_launch/share/raspimouse_launch//launch
[3.739s] -- Up-to-date: /home/ubuntu/ros2_ws/install/raspimouse_launch/share/raspimouse_launch//launch/raspimouse_launch.py
[3.740s] -- Up-to-date: /home/ubuntu/ros2_ws/install/raspimouse_launch/share/ament_index/resource_index/package_run_dependencies/raspimouse_launch
[3.742s] -- Up-to-date: /home/ubuntu/ros2_ws/install/raspimouse_launch/share/ament_index/resource_index/parent_prefix_path/raspimouse_launch
[3.751s] -- Up-to-date: /home/ubuntu/ros2_ws/install/raspimouse_launch/share/raspimouse_launch/environment/ament_prefix_path.sh
[3.754s] -- Up-to-date: /home/ubuntu/ros2_ws/install/raspimouse_launch/share/raspimouse_launch/environment/ament_prefix_path.dsv
[3.758s] -- Up-to-date: /home/ubuntu/ros2_ws/install/raspimouse_launch/share/raspimouse_launch/environment/path.sh
[3.759s] -- Up-to-date: /home/ubuntu/ros2_ws/install/raspimouse_launch/share/raspimouse_launch/environment/path.dsv
[3.763s] -- Up-to-date: /home/ubuntu/ros2_ws/install/raspimouse_launch/share/raspimouse_launch/local_setup.bash
[3.766s] -- Up-to-date: /home/ubuntu/ros2_ws/install/raspimouse_launch/share/raspimouse_launch/local_setup.sh
[3.768s] -- Up-to-date: /home/ubuntu/ros2_ws/install/raspimouse_launch/share/raspimouse_launch/local_setup.zsh
[3.771s] -- Up-to-date: /home/ubuntu/ros2_ws/install/raspimouse_launch/share/raspimouse_launch/local_setup.dsv
[3.773s] -- Installing: /home/ubuntu/ros2_ws/install/raspimouse_launch/share/raspimouse_launch/package.dsv
[3.780s] -- Up-to-date: /home/ubuntu/ros2_ws/install/raspimouse_launch/share/ament_index/resource_index/packages/raspimouse_launch
[3.782s] -- Up-to-date: /home/ubuntu/ros2_ws/install/raspimouse_launch/share/raspimouse_launch/cmake/raspimouse_launchConfig.cmake
[3.789s] -- Up-to-date: /home/ubuntu/ros2_ws/install/raspimouse_launch/share/raspimouse_launch/cmake/raspimouse_launchConfig-version.cmake
[3.791s] -- Up-to-date: /home/ubuntu/ros2_ws/install/raspimouse_launch/share/raspimouse_launch/package.xml
[3.872s] Invoked command in '/home/ubuntu/ros2_ws/build/raspimouse_launch' returned '0': AMENT_PREFIX_PATH=/home/ubuntu/ros2_ws/install/raspimouse:/home/ubuntu/ros2_ws/install/raspimouse_run_corridor:/home/ubuntu/ros2_ws/install/raspimouse_msgs:/home/ubuntu/ros2_ws/install/raspimouse_launch:/opt/ros/foxy CMAKE_PREFIX_PATH=${CMAKE_PREFIX_PATH}:/home/ubuntu/ros2_ws/install/raspimouse_run_corridor:/home/ubuntu/ros2_ws/install/raspimouse:/opt/ros/foxy PYTHONPATH=/home/ubuntu/ros2_ws/install/raspimouse/lib/python3.8/site-packages:/home/ubuntu/ros2_ws/install/raspimouse_run_corridor/lib/python3.8/site-packages:/home/ubuntu/ros2_ws/install/raspimouse_msgs/lib/python3.8/site-packages:/opt/ros/foxy/lib/python3.8/site-packages /usr/bin/cmake --install /home/ubuntu/ros2_ws/build/raspimouse_launch
