[3.300s] Invoking command in '/home/ubuntu/ros2_ws/src/raspimouse': PYTHONPATH=/home/ubuntu/ros2_ws/install/raspimouse/lib/python3.8/site-packages:${PYTHONPATH} /usr/bin/python3 setup.py egg_info --egg-base ../../build/raspimouse build --build-base /home/ubuntu/ros2_ws/build/raspimouse/build install --prefix /home/ubuntu/ros2_ws/install/raspimouse --record /home/ubuntu/ros2_ws/build/raspimouse/install.log --single-version-externally-managed
[6.607s] running egg_info
[6.626s] writing ../../build/raspimouse/raspimouse.egg-info/PKG-INFO
[6.636s] writing dependency_links to ../../build/raspimouse/raspimouse.egg-info/dependency_links.txt
[6.645s] writing entry points to ../../build/raspimouse/raspimouse.egg-info/entry_points.txt
[6.648s] writing requirements to ../../build/raspimouse/raspimouse.egg-info/requires.txt
[6.650s] writing top-level names to ../../build/raspimouse/raspimouse.egg-info/top_level.txt
[7.234s] reading manifest file '../../build/raspimouse/raspimouse.egg-info/SOURCES.txt'
[7.251s] writing manifest file '../../build/raspimouse/raspimouse.egg-info/SOURCES.txt'
[7.253s] running build
[7.254s] running build_py
[7.261s] copying raspimouse/move.py -> /home/ubuntu/ros2_ws/build/raspimouse/build/lib/raspimouse
[7.271s] running install
[7.283s] running install_lib
[7.306s] copying /home/ubuntu/ros2_ws/build/raspimouse/build/lib/raspimouse/move.py -> /home/ubuntu/ros2_ws/install/raspimouse/lib/python3.8/site-packages/raspimouse
[7.318s] byte-compiling /home/ubuntu/ros2_ws/install/raspimouse/lib/python3.8/site-packages/raspimouse/move.py to move.cpython-38.pyc
[7.373s] running install_data
[7.383s] running install_egg_info
[7.414s] removing '/home/ubuntu/ros2_ws/install/raspimouse/lib/python3.8/site-packages/raspimouse-0.0.0-py3.8.egg-info' (and everything under it)
[7.423s] Copying ../../build/raspimouse/raspimouse.egg-info to /home/ubuntu/ros2_ws/install/raspimouse/lib/python3.8/site-packages/raspimouse-0.0.0-py3.8.egg-info
[7.441s] running install_scripts
[7.740s] Installing buzzer script to /home/ubuntu/ros2_ws/install/raspimouse/lib/raspimouse
[7.745s] Installing buzzer2_sub_node script to /home/ubuntu/ros2_ws/install/raspimouse/lib/raspimouse
[7.750s] Installing buzzer3_sub_node script to /home/ubuntu/ros2_ws/install/raspimouse/lib/raspimouse
[7.754s] Installing buzzer4_sub_node script to /home/ubuntu/ros2_ws/install/raspimouse/lib/raspimouse
[7.759s] Installing buzzer_pub_node script to /home/ubuntu/ros2_ws/install/raspimouse/lib/raspimouse
[7.763s] Installing lightsensors script to /home/ubuntu/ros2_ws/install/raspimouse/lib/raspimouse
[7.768s] Installing lightsensors_sub script to /home/ubuntu/ros2_ws/install/raspimouse/lib/raspimouse
[7.772s] Installing motors script to /home/ubuntu/ros2_ws/install/raspimouse/lib/raspimouse
[7.777s] Installing motors1 script to /home/ubuntu/ros2_ws/install/raspimouse/lib/raspimouse
[7.782s] Installing motors2 script to /home/ubuntu/ros2_ws/install/raspimouse/lib/raspimouse
[7.787s] Installing move script to /home/ubuntu/ros2_ws/install/raspimouse/lib/raspimouse
[7.796s] writing list of installed files to '/home/ubuntu/ros2_ws/build/raspimouse/install.log'
[8.108s] Invoked command in '/home/ubuntu/ros2_ws/src/raspimouse' returned '0': PYTHONPATH=/home/ubuntu/ros2_ws/install/raspimouse/lib/python3.8/site-packages:${PYTHONPATH} /usr/bin/python3 setup.py egg_info --egg-base ../../build/raspimouse build --build-base /home/ubuntu/ros2_ws/build/raspimouse/build install --prefix /home/ubuntu/ros2_ws/install/raspimouse --record /home/ubuntu/ros2_ws/build/raspimouse/install.log --single-version-externally-managed
