[3.296s] Invoking command in '/home/ubuntu/ros2_ws/src/raspimouse': PYTHONPATH=/home/ubuntu/ros2_ws/install/raspimouse/lib/python3.8/site-packages:${PYTHONPATH} /usr/bin/python3 setup.py egg_info --egg-base ../../build/raspimouse build --build-base /home/ubuntu/ros2_ws/build/raspimouse/build install --prefix /home/ubuntu/ros2_ws/install/raspimouse --record /home/ubuntu/ros2_ws/build/raspimouse/install.log --single-version-externally-managed
[5.684s] running egg_info
[5.690s] writing ../../build/raspimouse/raspimouse.egg-info/PKG-INFO
[5.693s] writing dependency_links to ../../build/raspimouse/raspimouse.egg-info/dependency_links.txt
[5.696s] writing entry points to ../../build/raspimouse/raspimouse.egg-info/entry_points.txt
[5.699s] writing requirements to ../../build/raspimouse/raspimouse.egg-info/requires.txt
[5.700s] writing top-level names to ../../build/raspimouse/raspimouse.egg-info/top_level.txt
[6.188s] reading manifest file '../../build/raspimouse/raspimouse.egg-info/SOURCES.txt'
[6.200s] writing manifest file '../../build/raspimouse/raspimouse.egg-info/SOURCES.txt'
[6.203s] running build
[6.205s] running build_py
[6.208s] running install
[6.220s] running install_lib
[6.242s] running install_data
[6.249s] running install_egg_info
[6.274s] removing '/home/ubuntu/ros2_ws/install/raspimouse/lib/python3.8/site-packages/raspimouse-0.0.0-py3.8.egg-info' (and everything under it)
[6.288s] Copying ../../build/raspimouse/raspimouse.egg-info to /home/ubuntu/ros2_ws/install/raspimouse/lib/python3.8/site-packages/raspimouse-0.0.0-py3.8.egg-info
[6.307s] running install_scripts
[6.501s] Installing buzzer_node script to /home/ubuntu/ros2_ws/install/raspimouse/lib/raspimouse
[6.504s] Installing buzzer_subscription_node script to /home/ubuntu/ros2_ws/install/raspimouse/lib/raspimouse
[6.509s] writing list of installed files to '/home/ubuntu/ros2_ws/build/raspimouse/install.log'
[6.734s] Invoked command in '/home/ubuntu/ros2_ws/src/raspimouse' returned '0': PYTHONPATH=/home/ubuntu/ros2_ws/install/raspimouse/lib/python3.8/site-packages:${PYTHONPATH} /usr/bin/python3 setup.py egg_info --egg-base ../../build/raspimouse build --build-base /home/ubuntu/ros2_ws/build/raspimouse/build install --prefix /home/ubuntu/ros2_ws/install/raspimouse --record /home/ubuntu/ros2_ws/build/raspimouse/install.log --single-version-externally-managed
