[2.671s] Invoking command in '/home/ubuntu/ros2_ws/src/raspimouse_run_corridor': AMENT_PREFIX_PATH=/home/ubuntu/ros2_ws/install/raspimouse:/home/ubuntu/ros2_ws/install/raspimouse_run_corridor:/home/ubuntu/ros2_ws/install/raspimouse_msgs:/home/ubuntu/ros2_ws/install/raspimouse_launch:/opt/ros/foxy PYTHONPATH=/home/ubuntu/ros2_ws/install/raspimouse_run_corridor/lib/python3.8/site-packages:/home/ubuntu/ros2_ws/install/raspimouse/lib/python3.8/site-packages:/home/ubuntu/ros2_ws/install/raspimouse_run_corridor/lib/python3.8/site-packages:/home/ubuntu/ros2_ws/install/raspimouse_msgs/lib/python3.8/site-packages:/opt/ros/foxy/lib/python3.8/site-packages /usr/bin/python3 setup.py egg_info --egg-base ../../build/raspimouse_run_corridor build --build-base /home/ubuntu/ros2_ws/build/raspimouse_run_corridor/build install --prefix /home/ubuntu/ros2_ws/install/raspimouse_run_corridor --record /home/ubuntu/ros2_ws/build/raspimouse_run_corridor/install.log --single-version-externally-managed
[5.296s] running egg_info
[5.306s] writing ../../build/raspimouse_run_corridor/raspimouse_run_corridor.egg-info/PKG-INFO
[5.311s] writing dependency_links to ../../build/raspimouse_run_corridor/raspimouse_run_corridor.egg-info/dependency_links.txt
[5.319s] writing entry points to ../../build/raspimouse_run_corridor/raspimouse_run_corridor.egg-info/entry_points.txt
[5.324s] writing requirements to ../../build/raspimouse_run_corridor/raspimouse_run_corridor.egg-info/requires.txt
[5.330s] writing top-level names to ../../build/raspimouse_run_corridor/raspimouse_run_corridor.egg-info/top_level.txt
[5.660s] reading manifest file '../../build/raspimouse_run_corridor/raspimouse_run_corridor.egg-info/SOURCES.txt'
[5.672s] writing manifest file '../../build/raspimouse_run_corridor/raspimouse_run_corridor.egg-info/SOURCES.txt'
[5.678s] running build
[5.680s] running build_py
[5.682s] running install
[5.688s] running install_lib
[5.704s] running install_data
[5.708s] running install_egg_info
[5.725s] removing '/home/ubuntu/ros2_ws/install/raspimouse_run_corridor/lib/python3.8/site-packages/raspimouse_run_corridor-0.0.1-py3.8.egg-info' (and everything under it)
[5.731s] Copying ../../build/raspimouse_run_corridor/raspimouse_run_corridor.egg-info to /home/ubuntu/ros2_ws/install/raspimouse_run_corridor/lib/python3.8/site-packages/raspimouse_run_corridor-0.0.1-py3.8.egg-info
[5.743s] running install_scripts
[5.900s] Installing wall_stop script to /home/ubuntu/ros2_ws/install/raspimouse_run_corridor/lib/raspimouse_run_corridor
[5.903s] Installing wall_stop_service script to /home/ubuntu/ros2_ws/install/raspimouse_run_corridor/lib/raspimouse_run_corridor
[5.907s] writing list of installed files to '/home/ubuntu/ros2_ws/build/raspimouse_run_corridor/install.log'
[6.126s] Invoked command in '/home/ubuntu/ros2_ws/src/raspimouse_run_corridor' returned '0': AMENT_PREFIX_PATH=/home/ubuntu/ros2_ws/install/raspimouse:/home/ubuntu/ros2_ws/install/raspimouse_run_corridor:/home/ubuntu/ros2_ws/install/raspimouse_msgs:/home/ubuntu/ros2_ws/install/raspimouse_launch:/opt/ros/foxy PYTHONPATH=/home/ubuntu/ros2_ws/install/raspimouse_run_corridor/lib/python3.8/site-packages:/home/ubuntu/ros2_ws/install/raspimouse/lib/python3.8/site-packages:/home/ubuntu/ros2_ws/install/raspimouse_run_corridor/lib/python3.8/site-packages:/home/ubuntu/ros2_ws/install/raspimouse_msgs/lib/python3.8/site-packages:/opt/ros/foxy/lib/python3.8/site-packages /usr/bin/python3 setup.py egg_info --egg-base ../../build/raspimouse_run_corridor build --build-base /home/ubuntu/ros2_ws/build/raspimouse_run_corridor/build install --prefix /home/ubuntu/ros2_ws/install/raspimouse_run_corridor --record /home/ubuntu/ros2_ws/build/raspimouse_run_corridor/install.log --single-version-externally-managed
