[1.909s] Invoking command in '/home/ubuntu/ros2_ws/build/raspimouse_msgs': CMAKE_PREFIX_PATH=${CMAKE_PREFIX_PATH}:/home/ubuntu/ros2_ws/install/raspimouse:/opt/ros/foxy /usr/bin/cmake --build /home/ubuntu/ros2_ws/build/raspimouse_msgs -- -j4 -l4
[3.676s] [  1%] Built target raspimouse_msgs__cpp
[3.708s] [ 12%] Built target raspimouse_msgs__rosidl_generator_c
[3.962s] [ 23%] Built target raspimouse_msgs__rosidl_typesupport_cpp
[4.011s] [ 34%] Built target raspimouse_msgs__rosidl_typesupport_introspection_cpp
[4.025s] [ 45%] Built target raspimouse_msgs__rosidl_typesupport_fastrtps_cpp
[4.047s] [ 56%] Built target raspimouse_msgs__rosidl_typesupport_introspection_c
[4.207s] [ 67%] Built target raspimouse_msgs__rosidl_typesupport_c
[4.305s] [ 78%] Built target raspimouse_msgs__rosidl_typesupport_fastrtps_c
[4.480s] [ 78%] Built target raspimouse_msgs
[4.683s] [ 80%] Built target raspimouse_msgs__py
[4.985s] [ 89%] Built target raspimouse_msgs__python
[5.223s] [ 96%] Built target raspimouse_msgs__rosidl_typesupport_c__pyext
[5.224s] [ 96%] Built target raspimouse_msgs__rosidl_typesupport_introspection_c__pyext
[5.237s] [100%] Built target raspimouse_msgs__rosidl_typesupport_fastrtps_c__pyext
[5.507s] Invoked command in '/home/ubuntu/ros2_ws/build/raspimouse_msgs' returned '0': CMAKE_PREFIX_PATH=${CMAKE_PREFIX_PATH}:/home/ubuntu/ros2_ws/install/raspimouse:/opt/ros/foxy /usr/bin/cmake --build /home/ubuntu/ros2_ws/build/raspimouse_msgs -- -j4 -l4
[6.660s] Invoking command in '/home/ubuntu/ros2_ws/build/raspimouse_msgs': CMAKE_PREFIX_PATH=${CMAKE_PREFIX_PATH}:/home/ubuntu/ros2_ws/install/raspimouse:/opt/ros/foxy /usr/bin/cmake --install /home/ubuntu/ros2_ws/build/raspimouse_msgs
[6.732s] -- Install configuration: ""
[6.734s] -- Up-to-date: /home/ubuntu/ros2_ws/install/raspimouse_msgs/share/ament_index/resource_index/rosidl_interfaces/raspimouse_msgs
[6.736s] -- Up-to-date: /home/ubuntu/ros2_ws/install/raspimouse_msgs/include/raspimouse_msgs
[6.738s] -- Up-to-date: /home/ubuntu/ros2_ws/install/raspimouse_msgs/include/raspimouse_msgs/msg
[6.739s] -- Up-to-date: /home/ubuntu/ros2_ws/install/raspimouse_msgs/include/raspimouse_msgs/msg/motor_freqs.h
[6.740s] -- Up-to-date: /home/ubuntu/ros2_ws/install/raspimouse_msgs/include/raspimouse_msgs/msg/detail
[6.742s] -- Up-to-date: /home/ubuntu/ros2_ws/install/raspimouse_msgs/include/raspimouse_msgs/msg/detail/light_sensors__functions.c
[6.744s] -- Up-to-date: /home/ubuntu/ros2_ws/install/raspimouse_msgs/include/raspimouse_msgs/msg/detail/light_sensors__struct.h
[6.745s] -- Up-to-date: /home/ubuntu/ros2_ws/install/raspimouse_msgs/include/raspimouse_msgs/msg/detail/motor_freqs__struct.h
[6.747s] -- Up-to-date: /home/ubuntu/ros2_ws/install/raspimouse_msgs/include/raspimouse_msgs/msg/detail/motor_freqs__functions.c
[6.748s] -- Up-to-date: /home/ubuntu/ros2_ws/install/raspimouse_msgs/include/raspimouse_msgs/msg/detail/light_sensors__functions.h
[6.749s] -- Up-to-date: /home/ubuntu/ros2_ws/install/raspimouse_msgs/include/raspimouse_msgs/msg/detail/motor_freqs__type_support.h
[6.750s] -- Up-to-date: /home/ubuntu/ros2_ws/install/raspimouse_msgs/include/raspimouse_msgs/msg/detail/light_sensors__type_support.h
[6.752s] -- Up-to-date: /home/ubuntu/ros2_ws/install/raspimouse_msgs/include/raspimouse_msgs/msg/detail/motor_freqs__functions.h
[6.753s] -- Up-to-date: /home/ubuntu/ros2_ws/install/raspimouse_msgs/include/raspimouse_msgs/msg/rosidl_generator_c__visibility_control.h
[6.755s] -- Up-to-date: /home/ubuntu/ros2_ws/install/raspimouse_msgs/include/raspimouse_msgs/msg/light_sensors.h
[6.756s] -- Up-to-date: /home/ubuntu/ros2_ws/install/raspimouse_msgs/include/raspimouse_msgs/srv
[6.758s] -- Up-to-date: /home/ubuntu/ros2_ws/install/raspimouse_msgs/include/raspimouse_msgs/srv/detail
[6.759s] -- Up-to-date: /home/ubuntu/ros2_ws/install/raspimouse_msgs/include/raspimouse_msgs/srv/detail/light_sensors_service__functions.h
[6.761s] -- Up-to-date: /home/ubuntu/ros2_ws/install/raspimouse_msgs/include/raspimouse_msgs/srv/detail/light_sensors_service__type_support.h
[6.762s] -- Up-to-date: /home/ubuntu/ros2_ws/install/raspimouse_msgs/include/raspimouse_msgs/srv/detail/motor_freqs_service__struct.h
[6.763s] -- Up-to-date: /home/ubuntu/ros2_ws/install/raspimouse_msgs/include/raspimouse_msgs/srv/detail/motor_freqs_service__functions.c
[6.764s] -- Up-to-date: /home/ubuntu/ros2_ws/install/raspimouse_msgs/include/raspimouse_msgs/srv/detail/motor_freqs_service__type_support.h
[6.765s] -- Up-to-date: /home/ubuntu/ros2_ws/install/raspimouse_msgs/include/raspimouse_msgs/srv/detail/motor_freqs_service__functions.h
[6.766s] -- Up-to-date: /home/ubuntu/ros2_ws/install/raspimouse_msgs/include/raspimouse_msgs/srv/detail/light_sensors_service__struct.h
[6.767s] -- Up-to-date: /home/ubuntu/ros2_ws/install/raspimouse_msgs/include/raspimouse_msgs/srv/detail/light_sensors_service__functions.c
[6.768s] -- Up-to-date: /home/ubuntu/ros2_ws/install/raspimouse_msgs/include/raspimouse_msgs/srv/motor_freqs_service.h
[6.769s] -- Up-to-date: /home/ubuntu/ros2_ws/install/raspimouse_msgs/include/raspimouse_msgs/srv/light_sensors_service.h
[6.770s] -- Up-to-date: /home/ubuntu/ros2_ws/install/raspimouse_msgs/share/raspimouse_msgs/environment/library_path.sh
[6.771s] -- Up-to-date: /home/ubuntu/ros2_ws/install/raspimouse_msgs/share/raspimouse_msgs/environment/library_path.dsv
[6.772s] -- Up-to-date: /home/ubuntu/ros2_ws/install/raspimouse_msgs/lib/libraspimouse_msgs__rosidl_generator_c.so
[6.774s] -- Up-to-date: /home/ubuntu/ros2_ws/install/raspimouse_msgs/include/raspimouse_msgs
[6.774s] -- Up-to-date: /home/ubuntu/ros2_ws/install/raspimouse_msgs/include/raspimouse_msgs/msg
[6.775s] -- Up-to-date: /home/ubuntu/ros2_ws/install/raspimouse_msgs/include/raspimouse_msgs/msg/detail
[6.776s] -- Up-to-date: /home/ubuntu/ros2_ws/install/raspimouse_msgs/include/raspimouse_msgs/msg/detail/light_sensors__rosidl_typesupport_fastrtps_c.h
[6.777s] -- Up-to-date: /home/ubuntu/ros2_ws/install/raspimouse_msgs/include/raspimouse_msgs/msg/detail/motor_freqs__rosidl_typesupport_fastrtps_c.h
[6.777s] -- Up-to-date: /home/ubuntu/ros2_ws/install/raspimouse_msgs/include/raspimouse_msgs/msg/rosidl_typesupport_fastrtps_c__visibility_control.h
[6.778s] -- Up-to-date: /home/ubuntu/ros2_ws/install/raspimouse_msgs/include/raspimouse_msgs/srv
[6.779s] -- Up-to-date: /home/ubuntu/ros2_ws/install/raspimouse_msgs/include/raspimouse_msgs/srv/detail
[6.780s] -- Up-to-date: /home/ubuntu/ros2_ws/install/raspimouse_msgs/include/raspimouse_msgs/srv/detail/motor_freqs_service__rosidl_typesupport_fastrtps_c.h
[6.781s] -- Up-to-date: /home/ubuntu/ros2_ws/install/raspimouse_msgs/include/raspimouse_msgs/srv/detail/light_sensors_service__rosidl_typesupport_fastrtps_c.h
[6.782s] -- Up-to-date: /home/ubuntu/ros2_ws/install/raspimouse_msgs/lib/libraspimouse_msgs__rosidl_typesupport_fastrtps_c.so
[6.783s] -- Up-to-date: /home/ubuntu/ros2_ws/install/raspimouse_msgs/include/raspimouse_msgs
[6.784s] -- Up-to-date: /home/ubuntu/ros2_ws/install/raspimouse_msgs/include/raspimouse_msgs/msg
[6.786s] -- Up-to-date: /home/ubuntu/ros2_ws/install/raspimouse_msgs/include/raspimouse_msgs/msg/detail
[6.787s] -- Up-to-date: /home/ubuntu/ros2_ws/install/raspimouse_msgs/include/raspimouse_msgs/msg/detail/light_sensors__rosidl_typesupport_fastrtps_cpp.hpp
[6.788s] -- Up-to-date: /home/ubuntu/ros2_ws/install/raspimouse_msgs/include/raspimouse_msgs/msg/detail/dds_fastrtps
[6.789s] -- Up-to-date: /home/ubuntu/ros2_ws/install/raspimouse_msgs/include/raspimouse_msgs/msg/detail/motor_freqs__rosidl_typesupport_fastrtps_cpp.hpp
[6.790s] -- Up-to-date: /home/ubuntu/ros2_ws/install/raspimouse_msgs/include/raspimouse_msgs/msg/rosidl_typesupport_fastrtps_cpp__visibility_control.h
[6.790s] -- Up-to-date: /home/ubuntu/ros2_ws/install/raspimouse_msgs/include/raspimouse_msgs/srv
[6.791s] -- Up-to-date: /home/ubuntu/ros2_ws/install/raspimouse_msgs/include/raspimouse_msgs/srv/detail
[6.792s] -- Up-to-date: /home/ubuntu/ros2_ws/install/raspimouse_msgs/include/raspimouse_msgs/srv/detail/dds_fastrtps
[6.793s] -- Up-to-date: /home/ubuntu/ros2_ws/install/raspimouse_msgs/include/raspimouse_msgs/srv/detail/light_sensors_service__rosidl_typesupport_fastrtps_cpp.hpp
[6.794s] -- Up-to-date: /home/ubuntu/ros2_ws/install/raspimouse_msgs/include/raspimouse_msgs/srv/detail/motor_freqs_service__rosidl_typesupport_fastrtps_cpp.hpp
[6.796s] -- Up-to-date: /home/ubuntu/ros2_ws/install/raspimouse_msgs/lib/libraspimouse_msgs__rosidl_typesupport_fastrtps_cpp.so
[6.798s] -- Up-to-date: /home/ubuntu/ros2_ws/install/raspimouse_msgs/include/raspimouse_msgs
[6.799s] -- Up-to-date: /home/ubuntu/ros2_ws/install/raspimouse_msgs/include/raspimouse_msgs/msg
[6.801s] -- Up-to-date: /home/ubuntu/ros2_ws/install/raspimouse_msgs/include/raspimouse_msgs/msg/detail
[6.802s] -- Up-to-date: /home/ubuntu/ros2_ws/install/raspimouse_msgs/include/raspimouse_msgs/msg/detail/light_sensors__type_support.c
[6.803s] -- Up-to-date: /home/ubuntu/ros2_ws/install/raspimouse_msgs/include/raspimouse_msgs/msg/detail/light_sensors__rosidl_typesupport_introspection_c.h
[6.804s] -- Up-to-date: /home/ubuntu/ros2_ws/install/raspimouse_msgs/include/raspimouse_msgs/msg/detail/motor_freqs__rosidl_typesupport_introspection_c.h
[6.805s] -- Up-to-date: /home/ubuntu/ros2_ws/install/raspimouse_msgs/include/raspimouse_msgs/msg/detail/motor_freqs__type_support.c
[6.806s] -- Up-to-date: /home/ubuntu/ros2_ws/install/raspimouse_msgs/include/raspimouse_msgs/msg/rosidl_typesupport_introspection_c__visibility_control.h
[6.807s] -- Up-to-date: /home/ubuntu/ros2_ws/install/raspimouse_msgs/include/raspimouse_msgs/srv
[6.808s] -- Up-to-date: /home/ubuntu/ros2_ws/install/raspimouse_msgs/include/raspimouse_msgs/srv/detail
[6.809s] -- Up-to-date: /home/ubuntu/ros2_ws/install/raspimouse_msgs/include/raspimouse_msgs/srv/detail/light_sensors_service__rosidl_typesupport_introspection_c.h
[6.810s] -- Up-to-date: /home/ubuntu/ros2_ws/install/raspimouse_msgs/include/raspimouse_msgs/srv/detail/motor_freqs_service__rosidl_typesupport_introspection_c.h
[6.811s] -- Up-to-date: /home/ubuntu/ros2_ws/install/raspimouse_msgs/include/raspimouse_msgs/srv/detail/motor_freqs_service__type_support.c
[6.811s] -- Up-to-date: /home/ubuntu/ros2_ws/install/raspimouse_msgs/include/raspimouse_msgs/srv/detail/light_sensors_service__type_support.c
[6.813s] -- Up-to-date: /home/ubuntu/ros2_ws/install/raspimouse_msgs/lib/libraspimouse_msgs__rosidl_typesupport_introspection_c.so
[6.817s] -- Up-to-date: /home/ubuntu/ros2_ws/install/raspimouse_msgs/lib/libraspimouse_msgs__rosidl_typesupport_c.so
[6.819s] -- Up-to-date: /home/ubuntu/ros2_ws/install/raspimouse_msgs/include/raspimouse_msgs
[6.821s] -- Up-to-date: /home/ubuntu/ros2_ws/install/raspimouse_msgs/include/raspimouse_msgs/msg
[6.822s] -- Up-to-date: /home/ubuntu/ros2_ws/install/raspimouse_msgs/include/raspimouse_msgs/msg/detail
[6.823s] -- Up-to-date: /home/ubuntu/ros2_ws/install/raspimouse_msgs/include/raspimouse_msgs/msg/detail/light_sensors__struct.hpp
[6.824s] -- Up-to-date: /home/ubuntu/ros2_ws/install/raspimouse_msgs/include/raspimouse_msgs/msg/detail/light_sensors__builder.hpp
[6.826s] -- Up-to-date: /home/ubuntu/ros2_ws/install/raspimouse_msgs/include/raspimouse_msgs/msg/detail/motor_freqs__struct.hpp
[6.827s] -- Up-to-date: /home/ubuntu/ros2_ws/install/raspimouse_msgs/include/raspimouse_msgs/msg/detail/motor_freqs__traits.hpp
[6.828s] -- Up-to-date: /home/ubuntu/ros2_ws/install/raspimouse_msgs/include/raspimouse_msgs/msg/detail/motor_freqs__builder.hpp
[6.829s] -- Up-to-date: /home/ubuntu/ros2_ws/install/raspimouse_msgs/include/raspimouse_msgs/msg/detail/light_sensors__traits.hpp
[6.830s] -- Up-to-date: /home/ubuntu/ros2_ws/install/raspimouse_msgs/include/raspimouse_msgs/msg/light_sensors.hpp
[6.832s] -- Up-to-date: /home/ubuntu/ros2_ws/install/raspimouse_msgs/include/raspimouse_msgs/msg/motor_freqs.hpp
[6.833s] -- Up-to-date: /home/ubuntu/ros2_ws/install/raspimouse_msgs/include/raspimouse_msgs/srv
[6.834s] -- Up-to-date: /home/ubuntu/ros2_ws/install/raspimouse_msgs/include/raspimouse_msgs/srv/detail
[6.835s] -- Up-to-date: /home/ubuntu/ros2_ws/install/raspimouse_msgs/include/raspimouse_msgs/srv/detail/motor_freqs_service__traits.hpp
[6.836s] -- Up-to-date: /home/ubuntu/ros2_ws/install/raspimouse_msgs/include/raspimouse_msgs/srv/detail/motor_freqs_service__struct.hpp
[6.837s] -- Up-to-date: /home/ubuntu/ros2_ws/install/raspimouse_msgs/include/raspimouse_msgs/srv/detail/light_sensors_service__struct.hpp
[6.838s] -- Up-to-date: /home/ubuntu/ros2_ws/install/raspimouse_msgs/include/raspimouse_msgs/srv/detail/light_sensors_service__builder.hpp
[6.839s] -- Up-to-date: /home/ubuntu/ros2_ws/install/raspimouse_msgs/include/raspimouse_msgs/srv/detail/light_sensors_service__traits.hpp
[6.840s] -- Up-to-date: /home/ubuntu/ros2_ws/install/raspimouse_msgs/include/raspimouse_msgs/srv/detail/motor_freqs_service__builder.hpp
[6.840s] -- Up-to-date: /home/ubuntu/ros2_ws/install/raspimouse_msgs/include/raspimouse_msgs/srv/light_sensors_service.hpp
[6.841s] -- Up-to-date: /home/ubuntu/ros2_ws/install/raspimouse_msgs/include/raspimouse_msgs/srv/motor_freqs_service.hpp
[6.842s] -- Up-to-date: /home/ubuntu/ros2_ws/install/raspimouse_msgs/include/raspimouse_msgs
[6.843s] -- Up-to-date: /home/ubuntu/ros2_ws/install/raspimouse_msgs/include/raspimouse_msgs/msg
[6.844s] -- Up-to-date: /home/ubuntu/ros2_ws/install/raspimouse_msgs/include/raspimouse_msgs/msg/detail
[6.845s] -- Up-to-date: /home/ubuntu/ros2_ws/install/raspimouse_msgs/include/raspimouse_msgs/msg/detail/motor_freqs__type_support.cpp
[6.846s] -- Up-to-date: /home/ubuntu/ros2_ws/install/raspimouse_msgs/include/raspimouse_msgs/msg/detail/light_sensors__type_support.cpp
[6.847s] -- Up-to-date: /home/ubuntu/ros2_ws/install/raspimouse_msgs/include/raspimouse_msgs/msg/detail/light_sensors__rosidl_typesupport_introspection_cpp.hpp
[6.847s] -- Up-to-date: /home/ubuntu/ros2_ws/install/raspimouse_msgs/include/raspimouse_msgs/msg/detail/motor_freqs__rosidl_typesupport_introspection_cpp.hpp
[6.848s] -- Up-to-date: /home/ubuntu/ros2_ws/install/raspimouse_msgs/include/raspimouse_msgs/srv
[6.849s] -- Up-to-date: /home/ubuntu/ros2_ws/install/raspimouse_msgs/include/raspimouse_msgs/srv/detail
[6.850s] -- Up-to-date: /home/ubuntu/ros2_ws/install/raspimouse_msgs/include/raspimouse_msgs/srv/detail/light_sensors_service__rosidl_typesupport_introspection_cpp.hpp
[6.851s] -- Up-to-date: /home/ubuntu/ros2_ws/install/raspimouse_msgs/include/raspimouse_msgs/srv/detail/motor_freqs_service__rosidl_typesupport_introspection_cpp.hpp
[6.852s] -- Up-to-date: /home/ubuntu/ros2_ws/install/raspimouse_msgs/include/raspimouse_msgs/srv/detail/motor_freqs_service__type_support.cpp
[6.853s] -- Up-to-date: /home/ubuntu/ros2_ws/install/raspimouse_msgs/include/raspimouse_msgs/srv/detail/light_sensors_service__type_support.cpp
[6.854s] -- Up-to-date: /home/ubuntu/ros2_ws/install/raspimouse_msgs/lib/libraspimouse_msgs__rosidl_typesupport_introspection_cpp.so
[6.855s] -- Up-to-date: /home/ubuntu/ros2_ws/install/raspimouse_msgs/lib/libraspimouse_msgs__rosidl_typesupport_cpp.so
[6.856s] -- Up-to-date: /home/ubuntu/ros2_ws/install/raspimouse_msgs/share/raspimouse_msgs/environment/pythonpath.sh
[6.857s] -- Up-to-date: /home/ubuntu/ros2_ws/install/raspimouse_msgs/share/raspimouse_msgs/environment/pythonpath.dsv
[6.858s] -- Up-to-date: /home/ubuntu/ros2_ws/install/raspimouse_msgs/lib/python3.8/site-packages/raspimouse_msgs/__init__.py
[7.162s] -- Up-to-date: /home/ubuntu/ros2_ws/install/raspimouse_msgs/lib/python3.8/site-packages/raspimouse_msgs/msg
[7.163s] -- Up-to-date: /home/ubuntu/ros2_ws/install/raspimouse_msgs/lib/python3.8/site-packages/raspimouse_msgs/msg/_light_sensors.py
[7.165s] -- Up-to-date: /home/ubuntu/ros2_ws/install/raspimouse_msgs/lib/python3.8/site-packages/raspimouse_msgs/msg/__init__.py
[7.166s] -- Up-to-date: /home/ubuntu/ros2_ws/install/raspimouse_msgs/lib/python3.8/site-packages/raspimouse_msgs/msg/_motor_freqs.py
[7.167s] -- Up-to-date: /home/ubuntu/ros2_ws/install/raspimouse_msgs/lib/python3.8/site-packages/raspimouse_msgs/msg/_motor_freqs_s.c
[7.168s] -- Up-to-date: /home/ubuntu/ros2_ws/install/raspimouse_msgs/lib/python3.8/site-packages/raspimouse_msgs/msg/_light_sensors_s.c
[7.170s] -- Up-to-date: /home/ubuntu/ros2_ws/install/raspimouse_msgs/lib/python3.8/site-packages/raspimouse_msgs/srv
[7.171s] -- Up-to-date: /home/ubuntu/ros2_ws/install/raspimouse_msgs/lib/python3.8/site-packages/raspimouse_msgs/srv/__init__.py
[7.172s] -- Up-to-date: /home/ubuntu/ros2_ws/install/raspimouse_msgs/lib/python3.8/site-packages/raspimouse_msgs/srv/_light_sensors_service_s.c
[7.172s] -- Up-to-date: /home/ubuntu/ros2_ws/install/raspimouse_msgs/lib/python3.8/site-packages/raspimouse_msgs/srv/_motor_freqs_service.py
[7.173s] -- Up-to-date: /home/ubuntu/ros2_ws/install/raspimouse_msgs/lib/python3.8/site-packages/raspimouse_msgs/srv/_light_sensors_service.py
[7.174s] -- Up-to-date: /home/ubuntu/ros2_ws/install/raspimouse_msgs/lib/python3.8/site-packages/raspimouse_msgs/srv/_motor_freqs_service_s.c
[7.178s] -- Up-to-date: /home/ubuntu/ros2_ws/install/raspimouse_msgs/lib/python3.8/site-packages/raspimouse_msgs/raspimouse_msgs_s__rosidl_typesupport_fastrtps_c.cpython-38-aarch64-linux-gnu.so
[7.188s] -- Up-to-date: /home/ubuntu/ros2_ws/install/raspimouse_msgs/lib/python3.8/site-packages/raspimouse_msgs/raspimouse_msgs_s__rosidl_typesupport_introspection_c.cpython-38-aarch64-linux-gnu.so
[7.197s] -- Up-to-date: /home/ubuntu/ros2_ws/install/raspimouse_msgs/lib/python3.8/site-packages/raspimouse_msgs/raspimouse_msgs_s__rosidl_typesupport_c.cpython-38-aarch64-linux-gnu.so
[7.205s] -- Up-to-date: /home/ubuntu/ros2_ws/install/raspimouse_msgs/lib/libraspimouse_msgs__python.so
[7.209s] -- Up-to-date: /home/ubuntu/ros2_ws/install/raspimouse_msgs/share/raspimouse_msgs/msg/LightSensors.idl
[7.211s] -- Up-to-date: /home/ubuntu/ros2_ws/install/raspimouse_msgs/share/raspimouse_msgs/srv/LightSensorsService.idl
[7.212s] -- Up-to-date: /home/ubuntu/ros2_ws/install/raspimouse_msgs/share/raspimouse_msgs/msg/MotorFreqs.idl
[7.214s] -- Up-to-date: /home/ubuntu/ros2_ws/install/raspimouse_msgs/share/raspimouse_msgs/srv/MotorFreqsService.idl
[7.215s] -- Up-to-date: /home/ubuntu/ros2_ws/install/raspimouse_msgs/share/raspimouse_msgs/msg/LightSensors.msg
[7.216s] -- Up-to-date: /home/ubuntu/ros2_ws/install/raspimouse_msgs/share/raspimouse_msgs/srv/LightSensorsService.srv
[7.219s] -- Up-to-date: /home/ubuntu/ros2_ws/install/raspimouse_msgs/share/raspimouse_msgs/srv/LightSensorsService_Request.msg
[7.221s] -- Up-to-date: /home/ubuntu/ros2_ws/install/raspimouse_msgs/share/raspimouse_msgs/srv/LightSensorsService_Response.msg
[7.222s] -- Up-to-date: /home/ubuntu/ros2_ws/install/raspimouse_msgs/share/raspimouse_msgs/msg/MotorFreqs.msg
[7.223s] -- Up-to-date: /home/ubuntu/ros2_ws/install/raspimouse_msgs/share/raspimouse_msgs/srv/MotorFreqsService.srv
[7.224s] -- Up-to-date: /home/ubuntu/ros2_ws/install/raspimouse_msgs/share/raspimouse_msgs/srv/MotorFreqsService_Request.msg
[7.226s] -- Up-to-date: /home/ubuntu/ros2_ws/install/raspimouse_msgs/share/raspimouse_msgs/srv/MotorFreqsService_Response.msg
[7.227s] -- Up-to-date: /home/ubuntu/ros2_ws/install/raspimouse_msgs/share/ament_index/resource_index/package_run_dependencies/raspimouse_msgs
[7.228s] -- Up-to-date: /home/ubuntu/ros2_ws/install/raspimouse_msgs/share/ament_index/resource_index/parent_prefix_path/raspimouse_msgs
[7.229s] -- Up-to-date: /home/ubuntu/ros2_ws/install/raspimouse_msgs/share/raspimouse_msgs/environment/ament_prefix_path.sh
[7.230s] -- Up-to-date: /home/ubuntu/ros2_ws/install/raspimouse_msgs/share/raspimouse_msgs/environment/ament_prefix_path.dsv
[7.232s] -- Up-to-date: /home/ubuntu/ros2_ws/install/raspimouse_msgs/share/raspimouse_msgs/environment/path.sh
[7.233s] -- Up-to-date: /home/ubuntu/ros2_ws/install/raspimouse_msgs/share/raspimouse_msgs/environment/path.dsv
[7.234s] -- Up-to-date: /home/ubuntu/ros2_ws/install/raspimouse_msgs/share/raspimouse_msgs/local_setup.bash
[7.235s] -- Up-to-date: /home/ubuntu/ros2_ws/install/raspimouse_msgs/share/raspimouse_msgs/local_setup.sh
[7.236s] -- Up-to-date: /home/ubuntu/ros2_ws/install/raspimouse_msgs/share/raspimouse_msgs/local_setup.zsh
[7.237s] -- Up-to-date: /home/ubuntu/ros2_ws/install/raspimouse_msgs/share/raspimouse_msgs/local_setup.dsv
[7.238s] -- Installing: /home/ubuntu/ros2_ws/install/raspimouse_msgs/share/raspimouse_msgs/package.dsv
[7.239s] -- Up-to-date: /home/ubuntu/ros2_ws/install/raspimouse_msgs/share/ament_index/resource_index/packages/raspimouse_msgs
[7.247s] -- Up-to-date: /home/ubuntu/ros2_ws/install/raspimouse_msgs/share/raspimouse_msgs/cmake/raspimouse_msgs__rosidl_generator_cExport.cmake
[7.248s] -- Up-to-date: /home/ubuntu/ros2_ws/install/raspimouse_msgs/share/raspimouse_msgs/cmake/raspimouse_msgs__rosidl_generator_cExport-noconfig.cmake
[7.254s] -- Up-to-date: /home/ubuntu/ros2_ws/install/raspimouse_msgs/share/raspimouse_msgs/cmake/raspimouse_msgs__rosidl_typesupport_introspection_cExport.cmake
[7.256s] -- Up-to-date: /home/ubuntu/ros2_ws/install/raspimouse_msgs/share/raspimouse_msgs/cmake/raspimouse_msgs__rosidl_typesupport_introspection_cExport-noconfig.cmake
[7.261s] -- Up-to-date: /home/ubuntu/ros2_ws/install/raspimouse_msgs/share/raspimouse_msgs/cmake/raspimouse_msgs__rosidl_typesupport_cExport.cmake
[7.262s] -- Up-to-date: /home/ubuntu/ros2_ws/install/raspimouse_msgs/share/raspimouse_msgs/cmake/raspimouse_msgs__rosidl_typesupport_cExport-noconfig.cmake
[7.266s] -- Up-to-date: /home/ubuntu/ros2_ws/install/raspimouse_msgs/share/raspimouse_msgs/cmake/raspimouse_msgs__rosidl_generator_cppExport.cmake
[7.271s] -- Up-to-date: /home/ubuntu/ros2_ws/install/raspimouse_msgs/share/raspimouse_msgs/cmake/raspimouse_msgs__rosidl_typesupport_introspection_cppExport.cmake
[7.272s] -- Up-to-date: /home/ubuntu/ros2_ws/install/raspimouse_msgs/share/raspimouse_msgs/cmake/raspimouse_msgs__rosidl_typesupport_introspection_cppExport-noconfig.cmake
[7.277s] -- Up-to-date: /home/ubuntu/ros2_ws/install/raspimouse_msgs/share/raspimouse_msgs/cmake/raspimouse_msgs__rosidl_typesupport_cppExport.cmake
[7.279s] -- Up-to-date: /home/ubuntu/ros2_ws/install/raspimouse_msgs/share/raspimouse_msgs/cmake/raspimouse_msgs__rosidl_typesupport_cppExport-noconfig.cmake
[7.280s] -- Up-to-date: /home/ubuntu/ros2_ws/install/raspimouse_msgs/share/raspimouse_msgs/cmake/rosidl_cmake-extras.cmake
[7.281s] -- Up-to-date: /home/ubuntu/ros2_ws/install/raspimouse_msgs/share/raspimouse_msgs/cmake/ament_cmake_export_dependencies-extras.cmake
[7.283s] -- Up-to-date: /home/ubuntu/ros2_ws/install/raspimouse_msgs/share/raspimouse_msgs/cmake/ament_cmake_export_libraries-extras.cmake
[7.284s] -- Up-to-date: /home/ubuntu/ros2_ws/install/raspimouse_msgs/share/raspimouse_msgs/cmake/ament_cmake_export_targets-extras.cmake
[7.286s] -- Up-to-date: /home/ubuntu/ros2_ws/install/raspimouse_msgs/share/raspimouse_msgs/cmake/ament_cmake_export_include_directories-extras.cmake
[7.287s] -- Up-to-date: /home/ubuntu/ros2_ws/install/raspimouse_msgs/share/raspimouse_msgs/cmake/rosidl_cmake_export_typesupport_libraries-extras.cmake
[7.289s] -- Up-to-date: /home/ubuntu/ros2_ws/install/raspimouse_msgs/share/raspimouse_msgs/cmake/rosidl_cmake_export_typesupport_targets-extras.cmake
[7.290s] -- Up-to-date: /home/ubuntu/ros2_ws/install/raspimouse_msgs/share/raspimouse_msgs/cmake/raspimouse_msgsConfig.cmake
[7.291s] -- Up-to-date: /home/ubuntu/ros2_ws/install/raspimouse_msgs/share/raspimouse_msgs/cmake/raspimouse_msgsConfig-version.cmake
[7.292s] -- Up-to-date: /home/ubuntu/ros2_ws/install/raspimouse_msgs/share/raspimouse_msgs/package.xml
[7.313s] Invoked command in '/home/ubuntu/ros2_ws/build/raspimouse_msgs' returned '0': CMAKE_PREFIX_PATH=${CMAKE_PREFIX_PATH}:/home/ubuntu/ros2_ws/install/raspimouse:/opt/ros/foxy /usr/bin/cmake --install /home/ubuntu/ros2_ws/build/raspimouse_msgs
