[2.052s] Invoking command in '/home/ubuntu/ros2_ws/src/raspimouse': PYTHONPATH=/home/ubuntu/ros2_ws/install/raspimouse/lib/python3.8/site-packages:${PYTHONPATH} /usr/bin/python3 setup.py egg_info --egg-base ../../build/raspimouse build --build-base /home/ubuntu/ros2_ws/build/raspimouse/build install --prefix /home/ubuntu/ros2_ws/install/raspimouse --record /home/ubuntu/ros2_ws/build/raspimouse/install.log --single-version-externally-managed
[4.052s] running egg_info
[4.056s] writing ../../build/raspimouse/raspimouse.egg-info/PKG-INFO
[4.060s] writing dependency_links to ../../build/raspimouse/raspimouse.egg-info/dependency_links.txt
[4.062s] writing entry points to ../../build/raspimouse/raspimouse.egg-info/entry_points.txt
[4.065s] writing requirements to ../../build/raspimouse/raspimouse.egg-info/requires.txt
[4.067s] writing top-level names to ../../build/raspimouse/raspimouse.egg-info/top_level.txt
[4.428s] reading manifest file '../../build/raspimouse/raspimouse.egg-info/SOURCES.txt'
[4.437s] writing manifest file '../../build/raspimouse/raspimouse.egg-info/SOURCES.txt'
[4.438s] running build
[4.440s] running build_py
[4.445s] copying raspimouse/motors.py -> /home/ubuntu/ros2_ws/build/raspimouse/build/lib/raspimouse
[4.449s] running install
[4.455s] running install_lib
[4.469s] copying /home/ubuntu/ros2_ws/build/raspimouse/build/lib/raspimouse/motors.py -> /home/ubuntu/ros2_ws/install/raspimouse/lib/python3.8/site-packages/raspimouse
[4.479s] byte-compiling /home/ubuntu/ros2_ws/install/raspimouse/lib/python3.8/site-packages/raspimouse/motors.py to motors.cpython-38.pyc
[4.497s] running install_data
[4.502s] running install_egg_info
[4.513s] removing '/home/ubuntu/ros2_ws/install/raspimouse/lib/python3.8/site-packages/raspimouse-0.0.0-py3.8.egg-info' (and everything under it)
[4.516s] Copying ../../build/raspimouse/raspimouse.egg-info to /home/ubuntu/ros2_ws/install/raspimouse/lib/python3.8/site-packages/raspimouse-0.0.0-py3.8.egg-info
[4.528s] running install_scripts
[4.674s] Installing buzzer2_sub_node script to /home/ubuntu/ros2_ws/install/raspimouse/lib/raspimouse
[4.676s] Installing buzzer3_sub_node script to /home/ubuntu/ros2_ws/install/raspimouse/lib/raspimouse
[4.677s] Installing buzzer_node script to /home/ubuntu/ros2_ws/install/raspimouse/lib/raspimouse
[4.681s] Installing lightsensor_sub script to /home/ubuntu/ros2_ws/install/raspimouse/lib/raspimouse
[4.682s] Installing lightsensors script to /home/ubuntu/ros2_ws/install/raspimouse/lib/raspimouse
[4.684s] Installing motors script to /home/ubuntu/ros2_ws/install/raspimouse/lib/raspimouse
[4.685s] Installing motors1 script to /home/ubuntu/ros2_ws/install/raspimouse/lib/raspimouse
[4.688s] Installing motors2 script to /home/ubuntu/ros2_ws/install/raspimouse/lib/raspimouse
[4.693s] writing list of installed files to '/home/ubuntu/ros2_ws/build/raspimouse/install.log'
[4.905s] Invoked command in '/home/ubuntu/ros2_ws/src/raspimouse' returned '0': PYTHONPATH=/home/ubuntu/ros2_ws/install/raspimouse/lib/python3.8/site-packages:${PYTHONPATH} /usr/bin/python3 setup.py egg_info --egg-base ../../build/raspimouse build --build-base /home/ubuntu/ros2_ws/build/raspimouse/build install --prefix /home/ubuntu/ros2_ws/install/raspimouse --record /home/ubuntu/ros2_ws/build/raspimouse/install.log --single-version-externally-managed
