[3.557s] Invoking command in '/home/ubuntu/ros2_ws/src/raspimouse': PYTHONPATH=/home/ubuntu/ros2_ws/install/raspimouse/lib/python3.8/site-packages:${PYTHONPATH} /usr/bin/python3 setup.py egg_info --egg-base ../../build/raspimouse build --build-base /home/ubuntu/ros2_ws/build/raspimouse/build install --prefix /home/ubuntu/ros2_ws/install/raspimouse --record /home/ubuntu/ros2_ws/build/raspimouse/install.log --single-version-externally-managed
[6.429s] running egg_info
[6.435s] writing ../../build/raspimouse/raspimouse.egg-info/PKG-INFO
[6.438s] writing dependency_links to ../../build/raspimouse/raspimouse.egg-info/dependency_links.txt
[6.452s] writing entry points to ../../build/raspimouse/raspimouse.egg-info/entry_points.txt
[6.454s] writing requirements to ../../build/raspimouse/raspimouse.egg-info/requires.txt
[6.455s] writing top-level names to ../../build/raspimouse/raspimouse.egg-info/top_level.txt
[7.287s] reading manifest file '../../build/raspimouse/raspimouse.egg-info/SOURCES.txt'
[7.299s] writing manifest file '../../build/raspimouse/raspimouse.egg-info/SOURCES.txt'
[7.301s] running build
[7.302s] running build_py
[7.569s] copying raspimouse/motors2.py -> /home/ubuntu/ros2_ws/build/raspimouse/build/lib/raspimouse
[7.577s] running install
[7.587s] running install_lib
[7.621s] copying /home/ubuntu/ros2_ws/build/raspimouse/build/lib/raspimouse/motors2.py -> /home/ubuntu/ros2_ws/install/raspimouse/lib/python3.8/site-packages/raspimouse
[7.632s] byte-compiling /home/ubuntu/ros2_ws/install/raspimouse/lib/python3.8/site-packages/raspimouse/motors2.py to motors2.cpython-38.pyc
[7.651s] running install_data
[7.685s] running install_egg_info
[7.705s] removing '/home/ubuntu/ros2_ws/install/raspimouse/lib/python3.8/site-packages/raspimouse-0.0.0-py3.8.egg-info' (and everything under it)
[7.722s] Copying ../../build/raspimouse/raspimouse.egg-info to /home/ubuntu/ros2_ws/install/raspimouse/lib/python3.8/site-packages/raspimouse-0.0.0-py3.8.egg-info
[7.739s] running install_scripts
[7.941s] Installing buzzer2_sub_node script to /home/ubuntu/ros2_ws/install/raspimouse/lib/raspimouse
[7.944s] Installing buzzer3_sub_node script to /home/ubuntu/ros2_ws/install/raspimouse/lib/raspimouse
[7.946s] Installing buzzer_node script to /home/ubuntu/ros2_ws/install/raspimouse/lib/raspimouse
[7.948s] Installing lightsensor_sub script to /home/ubuntu/ros2_ws/install/raspimouse/lib/raspimouse
[7.951s] Installing lightsensors script to /home/ubuntu/ros2_ws/install/raspimouse/lib/raspimouse
[7.953s] Installing motors1 script to /home/ubuntu/ros2_ws/install/raspimouse/lib/raspimouse
[7.954s] Installing motors2 script to /home/ubuntu/ros2_ws/install/raspimouse/lib/raspimouse
[7.957s] writing list of installed files to '/home/ubuntu/ros2_ws/build/raspimouse/install.log'
[8.214s] Invoked command in '/home/ubuntu/ros2_ws/src/raspimouse' returned '0': PYTHONPATH=/home/ubuntu/ros2_ws/install/raspimouse/lib/python3.8/site-packages:${PYTHONPATH} /usr/bin/python3 setup.py egg_info --egg-base ../../build/raspimouse build --build-base /home/ubuntu/ros2_ws/build/raspimouse/build install --prefix /home/ubuntu/ros2_ws/install/raspimouse --record /home/ubuntu/ros2_ws/build/raspimouse/install.log --single-version-externally-managed
