[2.346s] Invoking command in '/home/ubuntu/ros2_ws/src/raspimouse': PYTHONPATH=/home/ubuntu/ros2_ws/install/raspimouse/lib/python3.8/site-packages:${PYTHONPATH} /usr/bin/python3 setup.py egg_info --egg-base ../../build/raspimouse build --build-base /home/ubuntu/ros2_ws/build/raspimouse/build install --prefix /home/ubuntu/ros2_ws/install/raspimouse --record /home/ubuntu/ros2_ws/build/raspimouse/install.log --single-version-externally-managed
[4.452s] running egg_info
[4.457s] writing ../../build/raspimouse/raspimouse.egg-info/PKG-INFO
[4.461s] writing dependency_links to ../../build/raspimouse/raspimouse.egg-info/dependency_links.txt
[4.466s] writing entry points to ../../build/raspimouse/raspimouse.egg-info/entry_points.txt
[4.469s] writing requirements to ../../build/raspimouse/raspimouse.egg-info/requires.txt
[4.472s] writing top-level names to ../../build/raspimouse/raspimouse.egg-info/top_level.txt
[4.896s] reading manifest file '../../build/raspimouse/raspimouse.egg-info/SOURCES.txt'
[4.906s] writing manifest file '../../build/raspimouse/raspimouse.egg-info/SOURCES.txt'
[4.908s] running build
[4.910s] running build_py
[4.945s] running install
[4.955s] running install_lib
[5.005s] running install_data
[5.014s] running install_egg_info
[5.033s] removing '/home/ubuntu/ros2_ws/install/raspimouse/lib/python3.8/site-packages/raspimouse-0.0.0-py3.8.egg-info' (and everything under it)
[5.039s] Copying ../../build/raspimouse/raspimouse.egg-info to /home/ubuntu/ros2_ws/install/raspimouse/lib/python3.8/site-packages/raspimouse-0.0.0-py3.8.egg-info
[5.053s] running install_scripts
[5.238s] Installing buzzer2_sub_node script to /home/ubuntu/ros2_ws/install/raspimouse/lib/raspimouse
[5.244s] Installing buzzer3_sub_node script to /home/ubuntu/ros2_ws/install/raspimouse/lib/raspimouse
[5.246s] Installing buzzer_node script to /home/ubuntu/ros2_ws/install/raspimouse/lib/raspimouse
[5.247s] Installing lightsensor_sub script to /home/ubuntu/ros2_ws/install/raspimouse/lib/raspimouse
[5.258s] Installing lightsensors script to /home/ubuntu/ros2_ws/install/raspimouse/lib/raspimouse
[5.259s] Installing motors script to /home/ubuntu/ros2_ws/install/raspimouse/lib/raspimouse
[5.261s] Installing motors1 script to /home/ubuntu/ros2_ws/install/raspimouse/lib/raspimouse
[5.264s] Installing motors2 script to /home/ubuntu/ros2_ws/install/raspimouse/lib/raspimouse
[5.269s] writing list of installed files to '/home/ubuntu/ros2_ws/build/raspimouse/install.log'
[5.479s] Invoked command in '/home/ubuntu/ros2_ws/src/raspimouse' returned '0': PYTHONPATH=/home/ubuntu/ros2_ws/install/raspimouse/lib/python3.8/site-packages:${PYTHONPATH} /usr/bin/python3 setup.py egg_info --egg-base ../../build/raspimouse build --build-base /home/ubuntu/ros2_ws/build/raspimouse/build install --prefix /home/ubuntu/ros2_ws/install/raspimouse --record /home/ubuntu/ros2_ws/build/raspimouse/install.log --single-version-externally-managed
