[0.205s] Invoking command in '/home/ubuntu/ros2_ws/build/light_sensor_values': CMAKE_PREFIX_PATH=${CMAKE_PREFIX_PATH}:/home/ubuntu/ros2_ws/install/raspimouse:/opt/ros/foxy /usr/bin/cmake --build /home/ubuntu/ros2_ws/build/light_sensor_values -- -j4 -l4
[1.441s] [  3%] Built target light_sensor_values__cpp
[1.453s] [ 12%] Built target light_sensor_values__rosidl_generator_c
[1.755s] [ 22%] Built target light_sensor_values__rosidl_typesupport_fastrtps_cpp
[1.762s] [ 32%] Built target light_sensor_values__rosidl_typesupport_cpp
[1.801s] [ 41%] Built target light_sensor_values__rosidl_typesupport_introspection_c
[1.823s] [ 51%] Built target light_sensor_values__rosidl_typesupport_introspection_cpp
[1.988s] [ 61%] Built target light_sensor_values__rosidl_typesupport_c
[2.049s] [ 70%] Built target light_sensor_values__rosidl_typesupport_fastrtps_c
[2.218s] [ 70%] Built target light_sensor_values
[2.391s] [ 74%] Built target light_sensor_values__py
[2.657s] [ 80%] Built target light_sensor_values__python
[2.925s] [ 93%] Built target light_sensor_values__rosidl_typesupport_introspection_c__pyext
[2.926s] [ 93%] Built target light_sensor_values__rosidl_typesupport_c__pyext
[2.942s] [100%] Built target light_sensor_values__rosidl_typesupport_fastrtps_c__pyext
[3.041s] Invoked command in '/home/ubuntu/ros2_ws/build/light_sensor_values' returned '0': CMAKE_PREFIX_PATH=${CMAKE_PREFIX_PATH}:/home/ubuntu/ros2_ws/install/raspimouse:/opt/ros/foxy /usr/bin/cmake --build /home/ubuntu/ros2_ws/build/light_sensor_values -- -j4 -l4
[3.662s] Invoking command in '/home/ubuntu/ros2_ws/build/light_sensor_values': CMAKE_PREFIX_PATH=${CMAKE_PREFIX_PATH}:/home/ubuntu/ros2_ws/install/raspimouse:/opt/ros/foxy /usr/bin/cmake --install /home/ubuntu/ros2_ws/build/light_sensor_values
[3.748s] -- Install configuration: ""
[3.753s] -- Up-to-date: /home/ubuntu/ros2_ws/install/light_sensor_values/share/ament_index/resource_index/rosidl_interfaces/light_sensor_values
[3.756s] -- Up-to-date: /home/ubuntu/ros2_ws/install/light_sensor_values/include/light_sensor_values
[3.758s] -- Up-to-date: /home/ubuntu/ros2_ws/install/light_sensor_values/include/light_sensor_values/msg
[3.761s] -- Up-to-date: /home/ubuntu/ros2_ws/install/light_sensor_values/include/light_sensor_values/msg/light_sensor_values.h
[3.766s] -- Up-to-date: /home/ubuntu/ros2_ws/install/light_sensor_values/include/light_sensor_values/msg/detail
[3.768s] -- Up-to-date: /home/ubuntu/ros2_ws/install/light_sensor_values/include/light_sensor_values/msg/detail/light_sensor_values__type_support.h
[3.773s] -- Up-to-date: /home/ubuntu/ros2_ws/install/light_sensor_values/include/light_sensor_values/msg/detail/light_sensor_values__functions.h
[3.777s] -- Up-to-date: /home/ubuntu/ros2_ws/install/light_sensor_values/include/light_sensor_values/msg/detail/light_sensor_values__functions.c
[3.780s] -- Up-to-date: /home/ubuntu/ros2_ws/install/light_sensor_values/include/light_sensor_values/msg/detail/light_sensor_values__struct.h
[3.782s] -- Up-to-date: /home/ubuntu/ros2_ws/install/light_sensor_values/include/light_sensor_values/msg/rosidl_generator_c__visibility_control.h
[3.784s] -- Up-to-date: /home/ubuntu/ros2_ws/install/light_sensor_values/include/light_sensor_values/srv
[3.785s] -- Up-to-date: /home/ubuntu/ros2_ws/install/light_sensor_values/include/light_sensor_values/srv/detail
[3.787s] -- Up-to-date: /home/ubuntu/ros2_ws/install/light_sensor_values/include/light_sensor_values/srv/detail/light_sensor_values_servide__functions.c
[3.789s] -- Up-to-date: /home/ubuntu/ros2_ws/install/light_sensor_values/include/light_sensor_values/srv/detail/light_sensor_values_service__struct.h
[3.791s] -- Up-to-date: /home/ubuntu/ros2_ws/install/light_sensor_values/include/light_sensor_values/srv/detail/light_sensor_values_servide__functions.h
[3.794s] -- Up-to-date: /home/ubuntu/ros2_ws/install/light_sensor_values/include/light_sensor_values/srv/detail/light_sensor_values_service__functions.c
[3.796s] -- Up-to-date: /home/ubuntu/ros2_ws/install/light_sensor_values/include/light_sensor_values/srv/detail/light_sensor_values_service__functions.h
[3.798s] -- Up-to-date: /home/ubuntu/ros2_ws/install/light_sensor_values/include/light_sensor_values/srv/detail/light_sensor_values_servide__struct.h
[3.799s] -- Up-to-date: /home/ubuntu/ros2_ws/install/light_sensor_values/include/light_sensor_values/srv/detail/light_sensor_values_servide__type_support.h
[3.802s] -- Up-to-date: /home/ubuntu/ros2_ws/install/light_sensor_values/include/light_sensor_values/srv/detail/light_sensor_values_service__type_support.h
[3.803s] -- Up-to-date: /home/ubuntu/ros2_ws/install/light_sensor_values/include/light_sensor_values/srv/light_sensor_values_service.h
[3.805s] -- Up-to-date: /home/ubuntu/ros2_ws/install/light_sensor_values/include/light_sensor_values/srv/light_sensor_values_servide.h
[3.806s] -- Up-to-date: /home/ubuntu/ros2_ws/install/light_sensor_values/share/light_sensor_values/environment/library_path.sh
[3.809s] -- Up-to-date: /home/ubuntu/ros2_ws/install/light_sensor_values/share/light_sensor_values/environment/library_path.dsv
[3.811s] -- Up-to-date: /home/ubuntu/ros2_ws/install/light_sensor_values/lib/liblight_sensor_values__rosidl_generator_c.so
[3.816s] -- Up-to-date: /home/ubuntu/ros2_ws/install/light_sensor_values/include/light_sensor_values
[3.818s] -- Up-to-date: /home/ubuntu/ros2_ws/install/light_sensor_values/include/light_sensor_values/msg
[3.820s] -- Up-to-date: /home/ubuntu/ros2_ws/install/light_sensor_values/include/light_sensor_values/msg/detail
[3.822s] -- Up-to-date: /home/ubuntu/ros2_ws/install/light_sensor_values/include/light_sensor_values/msg/detail/light_sensor_values__rosidl_typesupport_fastrtps_c.h
[3.824s] -- Up-to-date: /home/ubuntu/ros2_ws/install/light_sensor_values/include/light_sensor_values/msg/rosidl_typesupport_fastrtps_c__visibility_control.h
[3.825s] -- Up-to-date: /home/ubuntu/ros2_ws/install/light_sensor_values/include/light_sensor_values/srv
[3.827s] -- Up-to-date: /home/ubuntu/ros2_ws/install/light_sensor_values/include/light_sensor_values/srv/detail
[3.829s] -- Up-to-date: /home/ubuntu/ros2_ws/install/light_sensor_values/include/light_sensor_values/srv/detail/light_sensor_values_servide__rosidl_typesupport_fastrtps_c.h
[3.831s] -- Up-to-date: /home/ubuntu/ros2_ws/install/light_sensor_values/include/light_sensor_values/srv/detail/light_sensor_values_service__rosidl_typesupport_fastrtps_c.h
[3.833s] -- Up-to-date: /home/ubuntu/ros2_ws/install/light_sensor_values/lib/liblight_sensor_values__rosidl_typesupport_fastrtps_c.so
[3.835s] -- Up-to-date: /home/ubuntu/ros2_ws/install/light_sensor_values/include/light_sensor_values
[3.837s] -- Up-to-date: /home/ubuntu/ros2_ws/install/light_sensor_values/include/light_sensor_values/msg
[3.838s] -- Up-to-date: /home/ubuntu/ros2_ws/install/light_sensor_values/include/light_sensor_values/msg/detail
[3.840s] -- Up-to-date: /home/ubuntu/ros2_ws/install/light_sensor_values/include/light_sensor_values/msg/detail/dds_fastrtps
[3.842s] -- Up-to-date: /home/ubuntu/ros2_ws/install/light_sensor_values/include/light_sensor_values/msg/detail/light_sensor_values__rosidl_typesupport_fastrtps_cpp.hpp
[3.843s] -- Up-to-date: /home/ubuntu/ros2_ws/install/light_sensor_values/include/light_sensor_values/msg/rosidl_typesupport_fastrtps_cpp__visibility_control.h
[3.844s] -- Up-to-date: /home/ubuntu/ros2_ws/install/light_sensor_values/include/light_sensor_values/srv
[3.846s] -- Up-to-date: /home/ubuntu/ros2_ws/install/light_sensor_values/include/light_sensor_values/srv/detail
[3.847s] -- Up-to-date: /home/ubuntu/ros2_ws/install/light_sensor_values/include/light_sensor_values/srv/detail/light_sensor_values_servide__rosidl_typesupport_fastrtps_cpp.hpp
[3.849s] -- Up-to-date: /home/ubuntu/ros2_ws/install/light_sensor_values/include/light_sensor_values/srv/detail/dds_fastrtps
[3.850s] -- Up-to-date: /home/ubuntu/ros2_ws/install/light_sensor_values/include/light_sensor_values/srv/detail/light_sensor_values_service__rosidl_typesupport_fastrtps_cpp.hpp
[3.851s] -- Up-to-date: /home/ubuntu/ros2_ws/install/light_sensor_values/lib/liblight_sensor_values__rosidl_typesupport_fastrtps_cpp.so
[3.853s] -- Up-to-date: /home/ubuntu/ros2_ws/install/light_sensor_values/include/light_sensor_values
[3.854s] -- Up-to-date: /home/ubuntu/ros2_ws/install/light_sensor_values/include/light_sensor_values/msg
[3.855s] -- Up-to-date: /home/ubuntu/ros2_ws/install/light_sensor_values/include/light_sensor_values/msg/detail
[3.857s] -- Up-to-date: /home/ubuntu/ros2_ws/install/light_sensor_values/include/light_sensor_values/msg/detail/light_sensor_values__rosidl_typesupport_introspection_c.h
[3.859s] -- Up-to-date: /home/ubuntu/ros2_ws/install/light_sensor_values/include/light_sensor_values/msg/detail/light_sensor_values__type_support.c
[3.860s] -- Up-to-date: /home/ubuntu/ros2_ws/install/light_sensor_values/include/light_sensor_values/msg/rosidl_typesupport_introspection_c__visibility_control.h
[3.861s] -- Up-to-date: /home/ubuntu/ros2_ws/install/light_sensor_values/include/light_sensor_values/srv
[3.863s] -- Up-to-date: /home/ubuntu/ros2_ws/install/light_sensor_values/include/light_sensor_values/srv/detail
[3.865s] -- Up-to-date: /home/ubuntu/ros2_ws/install/light_sensor_values/include/light_sensor_values/srv/detail/light_sensor_values_servide__rosidl_typesupport_introspection_c.h
[3.867s] -- Up-to-date: /home/ubuntu/ros2_ws/install/light_sensor_values/include/light_sensor_values/srv/detail/light_sensor_values_service__rosidl_typesupport_introspection_c.h
[3.869s] -- Up-to-date: /home/ubuntu/ros2_ws/install/light_sensor_values/include/light_sensor_values/srv/detail/light_sensor_values_service__type_support.c
[3.872s] -- Up-to-date: /home/ubuntu/ros2_ws/install/light_sensor_values/include/light_sensor_values/srv/detail/light_sensor_values_servide__type_support.c
[3.877s] -- Up-to-date: /home/ubuntu/ros2_ws/install/light_sensor_values/lib/liblight_sensor_values__rosidl_typesupport_introspection_c.so
[3.879s] -- Up-to-date: /home/ubuntu/ros2_ws/install/light_sensor_values/lib/liblight_sensor_values__rosidl_typesupport_c.so
[3.880s] -- Up-to-date: /home/ubuntu/ros2_ws/install/light_sensor_values/include/light_sensor_values
[3.881s] -- Up-to-date: /home/ubuntu/ros2_ws/install/light_sensor_values/include/light_sensor_values/msg
[3.882s] -- Up-to-date: /home/ubuntu/ros2_ws/install/light_sensor_values/include/light_sensor_values/msg/light_sensor_values.hpp
[3.884s] -- Up-to-date: /home/ubuntu/ros2_ws/install/light_sensor_values/include/light_sensor_values/msg/detail
[3.885s] -- Up-to-date: /home/ubuntu/ros2_ws/install/light_sensor_values/include/light_sensor_values/msg/detail/light_sensor_values__struct.hpp
[3.887s] -- Up-to-date: /home/ubuntu/ros2_ws/install/light_sensor_values/include/light_sensor_values/msg/detail/light_sensor_values__builder.hpp
[3.904s] -- Up-to-date: /home/ubuntu/ros2_ws/install/light_sensor_values/include/light_sensor_values/msg/detail/light_sensor_values__traits.hpp
[3.906s] -- Up-to-date: /home/ubuntu/ros2_ws/install/light_sensor_values/include/light_sensor_values/srv
[3.907s] -- Up-to-date: /home/ubuntu/ros2_ws/install/light_sensor_values/include/light_sensor_values/srv/detail
[3.908s] -- Up-to-date: /home/ubuntu/ros2_ws/install/light_sensor_values/include/light_sensor_values/srv/detail/light_sensor_values_servide__struct.hpp
[3.910s] -- Up-to-date: /home/ubuntu/ros2_ws/install/light_sensor_values/include/light_sensor_values/srv/detail/light_sensor_values_servide__builder.hpp
[3.911s] -- Up-to-date: /home/ubuntu/ros2_ws/install/light_sensor_values/include/light_sensor_values/srv/detail/light_sensor_values_servide__traits.hpp
[3.912s] -- Up-to-date: /home/ubuntu/ros2_ws/install/light_sensor_values/include/light_sensor_values/srv/detail/light_sensor_values_service__struct.hpp
[3.913s] -- Up-to-date: /home/ubuntu/ros2_ws/install/light_sensor_values/include/light_sensor_values/srv/detail/light_sensor_values_service__traits.hpp
[3.914s] -- Up-to-date: /home/ubuntu/ros2_ws/install/light_sensor_values/include/light_sensor_values/srv/detail/light_sensor_values_service__builder.hpp
[3.915s] -- Up-to-date: /home/ubuntu/ros2_ws/install/light_sensor_values/include/light_sensor_values/srv/light_sensor_values_service.hpp
[3.918s] -- Up-to-date: /home/ubuntu/ros2_ws/install/light_sensor_values/include/light_sensor_values/srv/light_sensor_values_servide.hpp
[3.921s] -- Up-to-date: /home/ubuntu/ros2_ws/install/light_sensor_values/include/light_sensor_values
[3.924s] -- Up-to-date: /home/ubuntu/ros2_ws/install/light_sensor_values/include/light_sensor_values/msg
[3.933s] -- Up-to-date: /home/ubuntu/ros2_ws/install/light_sensor_values/include/light_sensor_values/msg/detail
[3.934s] -- Up-to-date: /home/ubuntu/ros2_ws/install/light_sensor_values/include/light_sensor_values/msg/detail/light_sensor_values__rosidl_typesupport_introspection_cpp.hpp
[3.944s] -- Up-to-date: /home/ubuntu/ros2_ws/install/light_sensor_values/include/light_sensor_values/msg/detail/light_sensor_values__type_support.cpp
[3.945s] -- Up-to-date: /home/ubuntu/ros2_ws/install/light_sensor_values/include/light_sensor_values/srv
[3.946s] -- Up-to-date: /home/ubuntu/ros2_ws/install/light_sensor_values/include/light_sensor_values/srv/detail
[3.947s] -- Up-to-date: /home/ubuntu/ros2_ws/install/light_sensor_values/include/light_sensor_values/srv/detail/light_sensor_values_servide__type_support.cpp
[3.949s] -- Up-to-date: /home/ubuntu/ros2_ws/install/light_sensor_values/include/light_sensor_values/srv/detail/light_sensor_values_service__rosidl_typesupport_introspection_cpp.hpp
[3.950s] -- Up-to-date: /home/ubuntu/ros2_ws/install/light_sensor_values/include/light_sensor_values/srv/detail/light_sensor_values_service__type_support.cpp
[3.951s] -- Up-to-date: /home/ubuntu/ros2_ws/install/light_sensor_values/include/light_sensor_values/srv/detail/light_sensor_values_servide__rosidl_typesupport_introspection_cpp.hpp
[3.965s] -- Up-to-date: /home/ubuntu/ros2_ws/install/light_sensor_values/lib/liblight_sensor_values__rosidl_typesupport_introspection_cpp.so
[3.967s] -- Up-to-date: /home/ubuntu/ros2_ws/install/light_sensor_values/lib/liblight_sensor_values__rosidl_typesupport_cpp.so
[3.969s] -- Up-to-date: /home/ubuntu/ros2_ws/install/light_sensor_values/share/light_sensor_values/environment/pythonpath.sh
[3.971s] -- Up-to-date: /home/ubuntu/ros2_ws/install/light_sensor_values/share/light_sensor_values/environment/pythonpath.dsv
[3.972s] -- Up-to-date: /home/ubuntu/ros2_ws/install/light_sensor_values/lib/python3.8/site-packages/light_sensor_values/__init__.py
[4.368s] -- Up-to-date: /home/ubuntu/ros2_ws/install/light_sensor_values/lib/python3.8/site-packages/light_sensor_values/msg
[4.374s] -- Up-to-date: /home/ubuntu/ros2_ws/install/light_sensor_values/lib/python3.8/site-packages/light_sensor_values/msg/_light_sensor_values_s.c
[4.376s] -- Up-to-date: /home/ubuntu/ros2_ws/install/light_sensor_values/lib/python3.8/site-packages/light_sensor_values/msg/__init__.py
[4.378s] -- Up-to-date: /home/ubuntu/ros2_ws/install/light_sensor_values/lib/python3.8/site-packages/light_sensor_values/msg/_light_sensor_values.py
[4.383s] -- Up-to-date: /home/ubuntu/ros2_ws/install/light_sensor_values/lib/python3.8/site-packages/light_sensor_values/light_sensor_values_s__rosidl_typesupport_fastrtps_c.cpython-38-aarch64-linux-gnu.so
[4.393s] -- Up-to-date: /home/ubuntu/ros2_ws/install/light_sensor_values/lib/python3.8/site-packages/light_sensor_values/light_sensor_values_s__rosidl_typesupport_introspection_c.cpython-38-aarch64-linux-gnu.so
[4.405s] -- Up-to-date: /home/ubuntu/ros2_ws/install/light_sensor_values/lib/python3.8/site-packages/light_sensor_values/light_sensor_values_s__rosidl_typesupport_c.cpython-38-aarch64-linux-gnu.so
[4.414s] -- Up-to-date: /home/ubuntu/ros2_ws/install/light_sensor_values/lib/liblight_sensor_values__python.so
[4.421s] -- Up-to-date: /home/ubuntu/ros2_ws/install/light_sensor_values/share/light_sensor_values/msg/LightSensorValues.idl
[4.433s] -- Up-to-date: /home/ubuntu/ros2_ws/install/light_sensor_values/share/light_sensor_values/msg/LightSensorValues.msg
[4.434s] -- Up-to-date: /home/ubuntu/ros2_ws/install/light_sensor_values/share/ament_index/resource_index/package_run_dependencies/light_sensor_values
[4.443s] -- Up-to-date: /home/ubuntu/ros2_ws/install/light_sensor_values/share/ament_index/resource_index/parent_prefix_path/light_sensor_values
[4.445s] -- Up-to-date: /home/ubuntu/ros2_ws/install/light_sensor_values/share/light_sensor_values/environment/ament_prefix_path.sh
[4.451s] -- Up-to-date: /home/ubuntu/ros2_ws/install/light_sensor_values/share/light_sensor_values/environment/ament_prefix_path.dsv
[4.453s] -- Up-to-date: /home/ubuntu/ros2_ws/install/light_sensor_values/share/light_sensor_values/environment/path.sh
[4.455s] -- Up-to-date: /home/ubuntu/ros2_ws/install/light_sensor_values/share/light_sensor_values/environment/path.dsv
[4.457s] -- Up-to-date: /home/ubuntu/ros2_ws/install/light_sensor_values/share/light_sensor_values/local_setup.bash
[4.466s] -- Up-to-date: /home/ubuntu/ros2_ws/install/light_sensor_values/share/light_sensor_values/local_setup.sh
[4.470s] -- Up-to-date: /home/ubuntu/ros2_ws/install/light_sensor_values/share/light_sensor_values/local_setup.zsh
[4.473s] -- Up-to-date: /home/ubuntu/ros2_ws/install/light_sensor_values/share/light_sensor_values/local_setup.dsv
[4.475s] -- Installing: /home/ubuntu/ros2_ws/install/light_sensor_values/share/light_sensor_values/package.dsv
[4.479s] -- Up-to-date: /home/ubuntu/ros2_ws/install/light_sensor_values/share/ament_index/resource_index/packages/light_sensor_values
[4.481s] -- Up-to-date: /home/ubuntu/ros2_ws/install/light_sensor_values/share/light_sensor_values/cmake/light_sensor_values__rosidl_generator_cExport.cmake
[4.483s] -- Up-to-date: /home/ubuntu/ros2_ws/install/light_sensor_values/share/light_sensor_values/cmake/light_sensor_values__rosidl_generator_cExport-noconfig.cmake
[4.485s] -- Up-to-date: /home/ubuntu/ros2_ws/install/light_sensor_values/share/light_sensor_values/cmake/light_sensor_values__rosidl_typesupport_introspection_cExport.cmake
[4.487s] -- Up-to-date: /home/ubuntu/ros2_ws/install/light_sensor_values/share/light_sensor_values/cmake/light_sensor_values__rosidl_typesupport_introspection_cExport-noconfig.cmake
[4.494s] -- Up-to-date: /home/ubuntu/ros2_ws/install/light_sensor_values/share/light_sensor_values/cmake/light_sensor_values__rosidl_typesupport_cExport.cmake
[4.500s] -- Up-to-date: /home/ubuntu/ros2_ws/install/light_sensor_values/share/light_sensor_values/cmake/light_sensor_values__rosidl_typesupport_cExport-noconfig.cmake
[4.507s] -- Up-to-date: /home/ubuntu/ros2_ws/install/light_sensor_values/share/light_sensor_values/cmake/light_sensor_values__rosidl_generator_cppExport.cmake
[4.512s] -- Up-to-date: /home/ubuntu/ros2_ws/install/light_sensor_values/share/light_sensor_values/cmake/light_sensor_values__rosidl_typesupport_introspection_cppExport.cmake
[4.513s] -- Up-to-date: /home/ubuntu/ros2_ws/install/light_sensor_values/share/light_sensor_values/cmake/light_sensor_values__rosidl_typesupport_introspection_cppExport-noconfig.cmake
[4.517s] -- Up-to-date: /home/ubuntu/ros2_ws/install/light_sensor_values/share/light_sensor_values/cmake/light_sensor_values__rosidl_typesupport_cppExport.cmake
[4.520s] -- Up-to-date: /home/ubuntu/ros2_ws/install/light_sensor_values/share/light_sensor_values/cmake/light_sensor_values__rosidl_typesupport_cppExport-noconfig.cmake
[4.524s] -- Up-to-date: /home/ubuntu/ros2_ws/install/light_sensor_values/share/light_sensor_values/cmake/rosidl_cmake-extras.cmake
[4.525s] -- Up-to-date: /home/ubuntu/ros2_ws/install/light_sensor_values/share/light_sensor_values/cmake/ament_cmake_export_dependencies-extras.cmake
[4.527s] -- Up-to-date: /home/ubuntu/ros2_ws/install/light_sensor_values/share/light_sensor_values/cmake/ament_cmake_export_libraries-extras.cmake
[4.529s] -- Up-to-date: /home/ubuntu/ros2_ws/install/light_sensor_values/share/light_sensor_values/cmake/ament_cmake_export_targets-extras.cmake
[4.531s] -- Up-to-date: /home/ubuntu/ros2_ws/install/light_sensor_values/share/light_sensor_values/cmake/ament_cmake_export_include_directories-extras.cmake
[4.532s] -- Up-to-date: /home/ubuntu/ros2_ws/install/light_sensor_values/share/light_sensor_values/cmake/rosidl_cmake_export_typesupport_libraries-extras.cmake
[4.538s] -- Up-to-date: /home/ubuntu/ros2_ws/install/light_sensor_values/share/light_sensor_values/cmake/rosidl_cmake_export_typesupport_targets-extras.cmake
[4.542s] -- Up-to-date: /home/ubuntu/ros2_ws/install/light_sensor_values/share/light_sensor_values/cmake/light_sensor_valuesConfig.cmake
[4.547s] -- Up-to-date: /home/ubuntu/ros2_ws/install/light_sensor_values/share/light_sensor_values/cmake/light_sensor_valuesConfig-version.cmake
[4.550s] -- Up-to-date: /home/ubuntu/ros2_ws/install/light_sensor_values/share/light_sensor_values/package.xml
[4.569s] Invoked command in '/home/ubuntu/ros2_ws/build/light_sensor_values' returned '0': CMAKE_PREFIX_PATH=${CMAKE_PREFIX_PATH}:/home/ubuntu/ros2_ws/install/raspimouse:/opt/ros/foxy /usr/bin/cmake --install /home/ubuntu/ros2_ws/build/light_sensor_values
