[2.365s] Invoking command in '/home/ubuntu/ros2_ws/src/raspimouse': CMAKE_PREFIX_PATH=/home/ubuntu/ros2_ws/install/light_sensor_values:/home/ubuntu/ros2_ws/install/tutorial_topic:/home/ubuntu/ros2_ws/install/tutorial_package:/home/ubuntu/ros2_ws/install/tutorial_interfaces LD_LIBRARY_PATH=/home/ubuntu/ros2_ws/install/light_sensor_values/lib:/home/ubuntu/ros2_ws/install/tutorial_interfaces/lib:/opt/ros/foxy/opt/yaml_cpp_vendor/lib:/opt/ros/foxy/lib/aarch64-linux-gnu:/opt/ros/foxy/lib PYTHONPATH=/home/ubuntu/ros2_ws/install/raspimouse/lib/python3.8/site-packages:/home/ubuntu/ros2_ws/install/light_sensor_values/lib/python3.8/site-packages:/home/ubuntu/ros2_ws/install/tutorial_interfaces/lib/python3.8/site-packages:/home/ubuntu/ros2_ws/install/raspimouse/lib/python3.8/site-packages:/opt/ros/foxy/lib/python3.8/site-packages /usr/bin/python3 setup.py egg_info --egg-base ../../build/raspimouse build --build-base /home/ubuntu/ros2_ws/build/raspimouse/build install --prefix /home/ubuntu/ros2_ws/install/raspimouse --record /home/ubuntu/ros2_ws/build/raspimouse/install.log --single-version-externally-managed
[4.486s] running egg_info
[4.499s] writing ../../build/raspimouse/raspimouse.egg-info/PKG-INFO
[4.503s] writing dependency_links to ../../build/raspimouse/raspimouse.egg-info/dependency_links.txt
[4.505s] writing entry points to ../../build/raspimouse/raspimouse.egg-info/entry_points.txt
[4.507s] writing requirements to ../../build/raspimouse/raspimouse.egg-info/requires.txt
[4.511s] writing top-level names to ../../build/raspimouse/raspimouse.egg-info/top_level.txt
[4.907s] reading manifest file '../../build/raspimouse/raspimouse.egg-info/SOURCES.txt'
[4.920s] writing manifest file '../../build/raspimouse/raspimouse.egg-info/SOURCES.txt'
[4.923s] running build
[4.926s] running build_py
[4.929s] copying raspimouse/lightsensors2.py -> /home/ubuntu/ros2_ws/build/raspimouse/build/lib/raspimouse
[4.933s] running install
[4.948s] running install_lib
[4.966s] copying /home/ubuntu/ros2_ws/build/raspimouse/build/lib/raspimouse/lightsensors2.py -> /home/ubuntu/ros2_ws/install/raspimouse/lib/python3.8/site-packages/raspimouse
[4.975s] byte-compiling /home/ubuntu/ros2_ws/install/raspimouse/lib/python3.8/site-packages/raspimouse/lightsensors2.py to lightsensors2.cpython-38.pyc
[4.992s] running install_data
[5.297s] running install_egg_info
[5.317s] removing '/home/ubuntu/ros2_ws/install/raspimouse/lib/python3.8/site-packages/raspimouse-0.0.0-py3.8.egg-info' (and everything under it)
[5.323s] Copying ../../build/raspimouse/raspimouse.egg-info to /home/ubuntu/ros2_ws/install/raspimouse/lib/python3.8/site-packages/raspimouse-0.0.0-py3.8.egg-info
[5.344s] running install_scripts
[5.528s] Installing buzzer2_sub_node script to /home/ubuntu/ros2_ws/install/raspimouse/lib/raspimouse
[5.531s] Installing buzzer3_sub_node script to /home/ubuntu/ros2_ws/install/raspimouse/lib/raspimouse
[5.535s] Installing buzzer_node script to /home/ubuntu/ros2_ws/install/raspimouse/lib/raspimouse
[5.538s] Installing lightsensor_listener script to /home/ubuntu/ros2_ws/install/raspimouse/lib/raspimouse
[5.540s] Installing lightsensor_talker script to /home/ubuntu/ros2_ws/install/raspimouse/lib/raspimouse
[5.543s] Installing lightsensors2 script to /home/ubuntu/ros2_ws/install/raspimouse/lib/raspimouse
[5.546s] writing list of installed files to '/home/ubuntu/ros2_ws/build/raspimouse/install.log'
[5.801s] Invoked command in '/home/ubuntu/ros2_ws/src/raspimouse' returned '0': CMAKE_PREFIX_PATH=/home/ubuntu/ros2_ws/install/light_sensor_values:/home/ubuntu/ros2_ws/install/tutorial_topic:/home/ubuntu/ros2_ws/install/tutorial_package:/home/ubuntu/ros2_ws/install/tutorial_interfaces LD_LIBRARY_PATH=/home/ubuntu/ros2_ws/install/light_sensor_values/lib:/home/ubuntu/ros2_ws/install/tutorial_interfaces/lib:/opt/ros/foxy/opt/yaml_cpp_vendor/lib:/opt/ros/foxy/lib/aarch64-linux-gnu:/opt/ros/foxy/lib PYTHONPATH=/home/ubuntu/ros2_ws/install/raspimouse/lib/python3.8/site-packages:/home/ubuntu/ros2_ws/install/light_sensor_values/lib/python3.8/site-packages:/home/ubuntu/ros2_ws/install/tutorial_interfaces/lib/python3.8/site-packages:/home/ubuntu/ros2_ws/install/raspimouse/lib/python3.8/site-packages:/opt/ros/foxy/lib/python3.8/site-packages /usr/bin/python3 setup.py egg_info --egg-base ../../build/raspimouse build --build-base /home/ubuntu/ros2_ws/build/raspimouse/build install --prefix /home/ubuntu/ros2_ws/install/raspimouse --record /home/ubuntu/ros2_ws/build/raspimouse/install.log --single-version-externally-managed
