[2.948s] Invoking command in '/home/ubuntu/ros2_ws/src/raspimouse_run_corridor': AMENT_PREFIX_PATH=/home/ubuntu/ros2_ws/install/raspimouse:/home/ubuntu/ros2_ws/install/raspimouse_run_corridor:/home/ubuntu/ros2_ws/install/raspimouse_msgs:/home/ubuntu/ros2_ws/install/raspimouse_launch:/opt/ros/foxy PYTHONPATH=/home/ubuntu/ros2_ws/install/raspimouse_run_corridor/lib/python3.8/site-packages:/home/ubuntu/ros2_ws/install/raspimouse/lib/python3.8/site-packages:/home/ubuntu/ros2_ws/install/raspimouse_run_corridor/lib/python3.8/site-packages:/home/ubuntu/ros2_ws/install/raspimouse_msgs/lib/python3.8/site-packages:/opt/ros/foxy/lib/python3.8/site-packages /usr/bin/python3 setup.py egg_info --egg-base ../../build/raspimouse_run_corridor build --build-base /home/ubuntu/ros2_ws/build/raspimouse_run_corridor/build install --prefix /home/ubuntu/ros2_ws/install/raspimouse_run_corridor --record /home/ubuntu/ros2_ws/build/raspimouse_run_corridor/install.log --single-version-externally-managed
[6.229s] running egg_info
[6.236s] writing ../../build/raspimouse_run_corridor/raspimouse_run_corridor.egg-info/PKG-INFO
[6.240s] writing dependency_links to ../../build/raspimouse_run_corridor/raspimouse_run_corridor.egg-info/dependency_links.txt
[6.245s] writing entry points to ../../build/raspimouse_run_corridor/raspimouse_run_corridor.egg-info/entry_points.txt
[6.247s] writing requirements to ../../build/raspimouse_run_corridor/raspimouse_run_corridor.egg-info/requires.txt
[6.249s] writing top-level names to ../../build/raspimouse_run_corridor/raspimouse_run_corridor.egg-info/top_level.txt
[6.681s] reading manifest file '../../build/raspimouse_run_corridor/raspimouse_run_corridor.egg-info/SOURCES.txt'
[6.696s] writing manifest file '../../build/raspimouse_run_corridor/raspimouse_run_corridor.egg-info/SOURCES.txt'
[6.698s] running build
[6.699s] running build_py
[6.709s] running install
[6.712s] running install_lib
[6.735s] running install_data
[6.741s] running install_egg_info
[6.764s] removing '/home/ubuntu/ros2_ws/install/raspimouse_run_corridor/lib/python3.8/site-packages/raspimouse_run_corridor-0.0.1-py3.8.egg-info' (and everything under it)
[6.771s] Copying ../../build/raspimouse_run_corridor/raspimouse_run_corridor.egg-info to /home/ubuntu/ros2_ws/install/raspimouse_run_corridor/lib/python3.8/site-packages/raspimouse_run_corridor-0.0.1-py3.8.egg-info
[6.791s] running install_scripts
[6.997s] Installing wall_stop script to /home/ubuntu/ros2_ws/install/raspimouse_run_corridor/lib/raspimouse_run_corridor
[7.004s] Installing wall_stop_service script to /home/ubuntu/ros2_ws/install/raspimouse_run_corridor/lib/raspimouse_run_corridor
[7.015s] writing list of installed files to '/home/ubuntu/ros2_ws/build/raspimouse_run_corridor/install.log'
[7.307s] Invoked command in '/home/ubuntu/ros2_ws/src/raspimouse_run_corridor' returned '0': AMENT_PREFIX_PATH=/home/ubuntu/ros2_ws/install/raspimouse:/home/ubuntu/ros2_ws/install/raspimouse_run_corridor:/home/ubuntu/ros2_ws/install/raspimouse_msgs:/home/ubuntu/ros2_ws/install/raspimouse_launch:/opt/ros/foxy PYTHONPATH=/home/ubuntu/ros2_ws/install/raspimouse_run_corridor/lib/python3.8/site-packages:/home/ubuntu/ros2_ws/install/raspimouse/lib/python3.8/site-packages:/home/ubuntu/ros2_ws/install/raspimouse_run_corridor/lib/python3.8/site-packages:/home/ubuntu/ros2_ws/install/raspimouse_msgs/lib/python3.8/site-packages:/opt/ros/foxy/lib/python3.8/site-packages /usr/bin/python3 setup.py egg_info --egg-base ../../build/raspimouse_run_corridor build --build-base /home/ubuntu/ros2_ws/build/raspimouse_run_corridor/build install --prefix /home/ubuntu/ros2_ws/install/raspimouse_run_corridor --record /home/ubuntu/ros2_ws/build/raspimouse_run_corridor/install.log --single-version-externally-managed
