[3.365s] Invoking command in '/home/ubuntu/ros2_ws/src/raspimouse': PYTHONPATH=/home/ubuntu/ros2_ws/install/raspimouse_ros2/lib/python3.8/site-packages:${PYTHONPATH} /usr/bin/python3 setup.py egg_info --egg-base ../../build/raspimouse_ros2 build --build-base /home/ubuntu/ros2_ws/build/raspimouse_ros2/build install --prefix /home/ubuntu/ros2_ws/install/raspimouse_ros2 --record /home/ubuntu/ros2_ws/build/raspimouse_ros2/install.log --single-version-externally-managed
[6.374s] running egg_info
[6.376s] writing ../../build/raspimouse_ros2/raspimouse.egg-info/PKG-INFO
[6.378s] writing dependency_links to ../../build/raspimouse_ros2/raspimouse.egg-info/dependency_links.txt
[6.379s] writing entry points to ../../build/raspimouse_ros2/raspimouse.egg-info/entry_points.txt
[6.381s] writing requirements to ../../build/raspimouse_ros2/raspimouse.egg-info/requires.txt
[6.383s] writing top-level names to ../../build/raspimouse_ros2/raspimouse.egg-info/top_level.txt
[6.939s] reading manifest file '../../build/raspimouse_ros2/raspimouse.egg-info/SOURCES.txt'
[6.966s] writing manifest file '../../build/raspimouse_ros2/raspimouse.egg-info/SOURCES.txt'
[6.984s] running build
[6.985s] running build_py
[7.006s] copying raspimouse/buzzer4_sub_node.py -> /home/ubuntu/ros2_ws/build/raspimouse_ros2/build/lib/raspimouse
[7.017s] running install
[7.025s] running install_lib
[7.027s] copying /home/ubuntu/ros2_ws/build/raspimouse_ros2/build/lib/raspimouse/buzzer4_sub_node.py -> /home/ubuntu/ros2_ws/install/raspimouse_ros2/lib/python3.8/site-packages/raspimouse
[7.029s] byte-compiling /home/ubuntu/ros2_ws/install/raspimouse_ros2/lib/python3.8/site-packages/raspimouse/buzzer4_sub_node.py to buzzer4_sub_node.cpython-38.pyc
[7.031s] running install_data
[7.167s] running install_egg_info
[7.210s] removing '/home/ubuntu/ros2_ws/install/raspimouse_ros2/lib/python3.8/site-packages/raspimouse-0.0.0-py3.8.egg-info' (and everything under it)
[7.218s] Copying ../../build/raspimouse_ros2/raspimouse.egg-info to /home/ubuntu/ros2_ws/install/raspimouse_ros2/lib/python3.8/site-packages/raspimouse-0.0.0-py3.8.egg-info
[7.244s] running install_scripts
[7.492s] Installing buzzer2_sub_node script to /home/ubuntu/ros2_ws/install/raspimouse_ros2/lib/raspimouse
[7.509s] Installing buzzer3_sub_node script to /home/ubuntu/ros2_ws/install/raspimouse_ros2/lib/raspimouse
[7.514s] Installing buzzer4_sub_node script to /home/ubuntu/ros2_ws/install/raspimouse_ros2/lib/raspimouse
[7.519s] Installing buzzer_node script to /home/ubuntu/ros2_ws/install/raspimouse_ros2/lib/raspimouse
[7.525s] Installing lightsensors script to /home/ubuntu/ros2_ws/install/raspimouse_ros2/lib/raspimouse
[7.530s] Installing lightsensors_sub script to /home/ubuntu/ros2_ws/install/raspimouse_ros2/lib/raspimouse
[7.533s] Installing motors script to /home/ubuntu/ros2_ws/install/raspimouse_ros2/lib/raspimouse
[7.537s] Installing motors1 script to /home/ubuntu/ros2_ws/install/raspimouse_ros2/lib/raspimouse
[7.540s] Installing motors2 script to /home/ubuntu/ros2_ws/install/raspimouse_ros2/lib/raspimouse
[7.550s] writing list of installed files to '/home/ubuntu/ros2_ws/build/raspimouse_ros2/install.log'
[7.883s] Invoked command in '/home/ubuntu/ros2_ws/src/raspimouse' returned '0': PYTHONPATH=/home/ubuntu/ros2_ws/install/raspimouse_ros2/lib/python3.8/site-packages:${PYTHONPATH} /usr/bin/python3 setup.py egg_info --egg-base ../../build/raspimouse_ros2 build --build-base /home/ubuntu/ros2_ws/build/raspimouse_ros2/build install --prefix /home/ubuntu/ros2_ws/install/raspimouse_ros2 --record /home/ubuntu/ros2_ws/build/raspimouse_ros2/install.log --single-version-externally-managed
