[0.558s] Invoking command in '/home/ubuntu/ros2_ws/build/raspimouse_msgs': CMAKE_PREFIX_PATH=${CMAKE_PREFIX_PATH}:/home/ubuntu/ros2_ws/install/raspimouse_ros2:/home/ubuntu/ros2_ws/install/raspimouse:/opt/ros/foxy /usr/bin/cmake --build /home/ubuntu/ros2_ws/build/raspimouse_msgs -- -j4 -l4
[2.625s] [  1%] Built target raspimouse_msgs__cpp
[2.739s] [ 12%] Built target raspimouse_msgs__rosidl_generator_c
[3.196s] [ 24%] Built target raspimouse_msgs__rosidl_typesupport_introspection_c
[3.211s] [ 35%] Built target raspimouse_msgs__rosidl_typesupport_cpp
[3.257s] [ 46%] Built target raspimouse_msgs__rosidl_typesupport_introspection_cpp
[3.364s] [ 58%] Built target raspimouse_msgs__rosidl_typesupport_fastrtps_cpp
[3.784s] [ 69%] Built target raspimouse_msgs__rosidl_typesupport_c
[4.180s] [ 81%] Built target raspimouse_msgs__rosidl_typesupport_fastrtps_c
[4.479s] [ 81%] Built target raspimouse_msgs
[4.704s] [ 82%] Built target raspimouse_msgs__py
[5.288s] [ 92%] Built target raspimouse_msgs__python
[5.777s] [ 94%] Built target raspimouse_msgs__rosidl_typesupport_introspection_c__pyext
[5.820s] [ 97%] Built target raspimouse_msgs__rosidl_typesupport_c__pyext
[5.906s] [100%] Built target raspimouse_msgs__rosidl_typesupport_fastrtps_c__pyext
[6.074s] Invoked command in '/home/ubuntu/ros2_ws/build/raspimouse_msgs' returned '0': CMAKE_PREFIX_PATH=${CMAKE_PREFIX_PATH}:/home/ubuntu/ros2_ws/install/raspimouse_ros2:/home/ubuntu/ros2_ws/install/raspimouse:/opt/ros/foxy /usr/bin/cmake --build /home/ubuntu/ros2_ws/build/raspimouse_msgs -- -j4 -l4
[8.301s] Invoking command in '/home/ubuntu/ros2_ws/build/raspimouse_msgs': CMAKE_PREFIX_PATH=${CMAKE_PREFIX_PATH}:/home/ubuntu/ros2_ws/install/raspimouse_ros2:/home/ubuntu/ros2_ws/install/raspimouse:/opt/ros/foxy /usr/bin/cmake --install /home/ubuntu/ros2_ws/build/raspimouse_msgs
[8.458s] -- Install configuration: ""
[8.468s] -- Up-to-date: /home/ubuntu/ros2_ws/install/raspimouse_msgs/share/ament_index/resource_index/rosidl_interfaces/raspimouse_msgs
[8.475s] -- Up-to-date: /home/ubuntu/ros2_ws/install/raspimouse_msgs/include/raspimouse_msgs
[8.484s] -- Up-to-date: /home/ubuntu/ros2_ws/install/raspimouse_msgs/include/raspimouse_msgs/msg
[8.486s] -- Up-to-date: /home/ubuntu/ros2_ws/install/raspimouse_msgs/include/raspimouse_msgs/msg/timed_motion.h
[8.489s] -- Up-to-date: /home/ubuntu/ros2_ws/install/raspimouse_msgs/include/raspimouse_msgs/msg/motor_freqs.h
[8.492s] -- Up-to-date: /home/ubuntu/ros2_ws/install/raspimouse_msgs/include/raspimouse_msgs/msg/detail
[8.493s] -- Up-to-date: /home/ubuntu/ros2_ws/install/raspimouse_msgs/include/raspimouse_msgs/msg/detail/light_sensors__functions.c
[8.496s] -- Up-to-date: /home/ubuntu/ros2_ws/install/raspimouse_msgs/include/raspimouse_msgs/msg/detail/timed_motion__functions.c
[8.498s] -- Up-to-date: /home/ubuntu/ros2_ws/install/raspimouse_msgs/include/raspimouse_msgs/msg/detail/timed_motion__functions.h
[8.502s] -- Up-to-date: /home/ubuntu/ros2_ws/install/raspimouse_msgs/include/raspimouse_msgs/msg/detail/light_sensors__struct.h
[8.505s] -- Up-to-date: /home/ubuntu/ros2_ws/install/raspimouse_msgs/include/raspimouse_msgs/msg/detail/motor_freqs__struct.h
[8.508s] -- Up-to-date: /home/ubuntu/ros2_ws/install/raspimouse_msgs/include/raspimouse_msgs/msg/detail/motor_freqs__functions.c
[8.509s] -- Up-to-date: /home/ubuntu/ros2_ws/install/raspimouse_msgs/include/raspimouse_msgs/msg/detail/light_sensors__functions.h
[8.512s] -- Up-to-date: /home/ubuntu/ros2_ws/install/raspimouse_msgs/include/raspimouse_msgs/msg/detail/motor_freqs__type_support.h
[8.513s] -- Up-to-date: /home/ubuntu/ros2_ws/install/raspimouse_msgs/include/raspimouse_msgs/msg/detail/timed_motion__type_support.h
[8.515s] -- Up-to-date: /home/ubuntu/ros2_ws/install/raspimouse_msgs/include/raspimouse_msgs/msg/detail/light_sensors__type_support.h
[8.517s] -- Up-to-date: /home/ubuntu/ros2_ws/install/raspimouse_msgs/include/raspimouse_msgs/msg/detail/motor_freqs__functions.h
[8.519s] -- Up-to-date: /home/ubuntu/ros2_ws/install/raspimouse_msgs/include/raspimouse_msgs/msg/detail/timed_motion__struct.h
[8.522s] -- Up-to-date: /home/ubuntu/ros2_ws/install/raspimouse_msgs/include/raspimouse_msgs/msg/rosidl_generator_c__visibility_control.h
[8.524s] -- Up-to-date: /home/ubuntu/ros2_ws/install/raspimouse_msgs/include/raspimouse_msgs/msg/light_sensors.h
[8.531s] -- Up-to-date: /home/ubuntu/ros2_ws/install/raspimouse_msgs/include/raspimouse_msgs/srv
[8.544s] -- Up-to-date: /home/ubuntu/ros2_ws/install/raspimouse_msgs/include/raspimouse_msgs/srv/timed_motion.h
[8.547s] -- Up-to-date: /home/ubuntu/ros2_ws/install/raspimouse_msgs/include/raspimouse_msgs/srv/detail
[8.549s] -- Up-to-date: /home/ubuntu/ros2_ws/install/raspimouse_msgs/include/raspimouse_msgs/srv/detail/timed_motion__functions.c
[8.551s] -- Up-to-date: /home/ubuntu/ros2_ws/install/raspimouse_msgs/include/raspimouse_msgs/srv/detail/timed_motion__functions.h
[8.553s] -- Up-to-date: /home/ubuntu/ros2_ws/install/raspimouse_msgs/include/raspimouse_msgs/srv/detail/light_sensors_service__functions.h
[8.555s] -- Up-to-date: /home/ubuntu/ros2_ws/install/raspimouse_msgs/include/raspimouse_msgs/srv/detail/light_sensors_service__type_support.h
[8.559s] -- Up-to-date: /home/ubuntu/ros2_ws/install/raspimouse_msgs/include/raspimouse_msgs/srv/detail/motor_freqs_service__struct.h
[8.566s] -- Up-to-date: /home/ubuntu/ros2_ws/install/raspimouse_msgs/include/raspimouse_msgs/srv/detail/motor_freqs_service__functions.c
[8.572s] -- Up-to-date: /home/ubuntu/ros2_ws/install/raspimouse_msgs/include/raspimouse_msgs/srv/detail/motor_freqs_service__type_support.h
[8.577s] -- Up-to-date: /home/ubuntu/ros2_ws/install/raspimouse_msgs/include/raspimouse_msgs/srv/detail/timed_motion_service__struct.h
[8.579s] -- Up-to-date: /home/ubuntu/ros2_ws/install/raspimouse_msgs/include/raspimouse_msgs/srv/detail/timed_motion__type_support.h
[8.580s] -- Up-to-date: /home/ubuntu/ros2_ws/install/raspimouse_msgs/include/raspimouse_msgs/srv/detail/motor_freqs_service__functions.h
[8.582s] -- Up-to-date: /home/ubuntu/ros2_ws/install/raspimouse_msgs/include/raspimouse_msgs/srv/detail/timed_motion_service__functions.h
[8.583s] -- Up-to-date: /home/ubuntu/ros2_ws/install/raspimouse_msgs/include/raspimouse_msgs/srv/detail/timed_motion__struct.h
[8.585s] -- Up-to-date: /home/ubuntu/ros2_ws/install/raspimouse_msgs/include/raspimouse_msgs/srv/detail/light_sensors_service__struct.h
[8.586s] -- Up-to-date: /home/ubuntu/ros2_ws/install/raspimouse_msgs/include/raspimouse_msgs/srv/detail/timed_motion_service__type_support.h
[8.589s] -- Up-to-date: /home/ubuntu/ros2_ws/install/raspimouse_msgs/include/raspimouse_msgs/srv/detail/light_sensors_service__functions.c
[8.592s] -- Up-to-date: /home/ubuntu/ros2_ws/install/raspimouse_msgs/include/raspimouse_msgs/srv/detail/timed_motion_service__functions.c
[8.594s] -- Up-to-date: /home/ubuntu/ros2_ws/install/raspimouse_msgs/include/raspimouse_msgs/srv/motor_freqs_service.h
[8.596s] -- Up-to-date: /home/ubuntu/ros2_ws/install/raspimouse_msgs/include/raspimouse_msgs/srv/light_sensors_service.h
[8.598s] -- Up-to-date: /home/ubuntu/ros2_ws/install/raspimouse_msgs/include/raspimouse_msgs/srv/timed_motion_service.h
[8.600s] -- Up-to-date: /home/ubuntu/ros2_ws/install/raspimouse_msgs/include/raspimouse_msgs/action
[8.602s] -- Up-to-date: /home/ubuntu/ros2_ws/install/raspimouse_msgs/include/raspimouse_msgs/action/music.h
[8.604s] -- Up-to-date: /home/ubuntu/ros2_ws/install/raspimouse_msgs/include/raspimouse_msgs/action/detail
[8.605s] -- Up-to-date: /home/ubuntu/ros2_ws/install/raspimouse_msgs/include/raspimouse_msgs/action/detail/music__functions.c
[8.608s] -- Up-to-date: /home/ubuntu/ros2_ws/install/raspimouse_msgs/include/raspimouse_msgs/action/detail/music__struct.h
[8.610s] -- Up-to-date: /home/ubuntu/ros2_ws/install/raspimouse_msgs/include/raspimouse_msgs/action/detail/music__functions.h
[8.612s] -- Up-to-date: /home/ubuntu/ros2_ws/install/raspimouse_msgs/include/raspimouse_msgs/action/detail/music__type_support.h
[8.615s] -- Up-to-date: /home/ubuntu/ros2_ws/install/raspimouse_msgs/share/raspimouse_msgs/environment/library_path.sh
[8.618s] -- Up-to-date: /home/ubuntu/ros2_ws/install/raspimouse_msgs/share/raspimouse_msgs/environment/library_path.dsv
[8.621s] -- Up-to-date: /home/ubuntu/ros2_ws/install/raspimouse_msgs/lib/libraspimouse_msgs__rosidl_generator_c.so
[8.624s] -- Up-to-date: /home/ubuntu/ros2_ws/install/raspimouse_msgs/include/raspimouse_msgs
[8.626s] -- Up-to-date: /home/ubuntu/ros2_ws/install/raspimouse_msgs/include/raspimouse_msgs/msg
[8.628s] -- Up-to-date: /home/ubuntu/ros2_ws/install/raspimouse_msgs/include/raspimouse_msgs/msg/detail
[8.630s] -- Up-to-date: /home/ubuntu/ros2_ws/install/raspimouse_msgs/include/raspimouse_msgs/msg/detail/timed_motion__rosidl_typesupport_fastrtps_c.h
[8.633s] -- Up-to-date: /home/ubuntu/ros2_ws/install/raspimouse_msgs/include/raspimouse_msgs/msg/detail/light_sensors__rosidl_typesupport_fastrtps_c.h
[8.637s] -- Up-to-date: /home/ubuntu/ros2_ws/install/raspimouse_msgs/include/raspimouse_msgs/msg/detail/motor_freqs__rosidl_typesupport_fastrtps_c.h
[8.641s] -- Up-to-date: /home/ubuntu/ros2_ws/install/raspimouse_msgs/include/raspimouse_msgs/msg/rosidl_typesupport_fastrtps_c__visibility_control.h
[8.642s] -- Up-to-date: /home/ubuntu/ros2_ws/install/raspimouse_msgs/include/raspimouse_msgs/srv
[8.646s] -- Up-to-date: /home/ubuntu/ros2_ws/install/raspimouse_msgs/include/raspimouse_msgs/srv/detail
[8.650s] -- Up-to-date: /home/ubuntu/ros2_ws/install/raspimouse_msgs/include/raspimouse_msgs/srv/detail/timed_motion__rosidl_typesupport_fastrtps_c.h
[8.652s] -- Up-to-date: /home/ubuntu/ros2_ws/install/raspimouse_msgs/include/raspimouse_msgs/srv/detail/motor_freqs_service__rosidl_typesupport_fastrtps_c.h
[8.654s] -- Up-to-date: /home/ubuntu/ros2_ws/install/raspimouse_msgs/include/raspimouse_msgs/srv/detail/timed_motion_service__rosidl_typesupport_fastrtps_c.h
[8.656s] -- Up-to-date: /home/ubuntu/ros2_ws/install/raspimouse_msgs/include/raspimouse_msgs/srv/detail/light_sensors_service__rosidl_typesupport_fastrtps_c.h
[8.657s] -- Up-to-date: /home/ubuntu/ros2_ws/install/raspimouse_msgs/include/raspimouse_msgs/action
[8.660s] -- Up-to-date: /home/ubuntu/ros2_ws/install/raspimouse_msgs/include/raspimouse_msgs/action/detail
[8.662s] -- Up-to-date: /home/ubuntu/ros2_ws/install/raspimouse_msgs/include/raspimouse_msgs/action/detail/music__rosidl_typesupport_fastrtps_c.h
[8.664s] -- Up-to-date: /home/ubuntu/ros2_ws/install/raspimouse_msgs/lib/libraspimouse_msgs__rosidl_typesupport_fastrtps_c.so
[8.665s] -- Up-to-date: /home/ubuntu/ros2_ws/install/raspimouse_msgs/include/raspimouse_msgs
[8.668s] -- Up-to-date: /home/ubuntu/ros2_ws/install/raspimouse_msgs/include/raspimouse_msgs/msg
[8.670s] -- Up-to-date: /home/ubuntu/ros2_ws/install/raspimouse_msgs/include/raspimouse_msgs/msg/detail
[8.672s] -- Up-to-date: /home/ubuntu/ros2_ws/install/raspimouse_msgs/include/raspimouse_msgs/msg/detail/light_sensors__rosidl_typesupport_fastrtps_cpp.hpp
[8.673s] -- Up-to-date: /home/ubuntu/ros2_ws/install/raspimouse_msgs/include/raspimouse_msgs/msg/detail/dds_fastrtps
[8.677s] -- Up-to-date: /home/ubuntu/ros2_ws/install/raspimouse_msgs/include/raspimouse_msgs/msg/detail/timed_motion__rosidl_typesupport_fastrtps_cpp.hpp
[8.679s] -- Up-to-date: /home/ubuntu/ros2_ws/install/raspimouse_msgs/include/raspimouse_msgs/msg/detail/motor_freqs__rosidl_typesupport_fastrtps_cpp.hpp
[8.682s] -- Up-to-date: /home/ubuntu/ros2_ws/install/raspimouse_msgs/include/raspimouse_msgs/msg/rosidl_typesupport_fastrtps_cpp__visibility_control.h
[8.696s] -- Up-to-date: /home/ubuntu/ros2_ws/install/raspimouse_msgs/include/raspimouse_msgs/srv
[8.698s] -- Up-to-date: /home/ubuntu/ros2_ws/install/raspimouse_msgs/include/raspimouse_msgs/srv/detail
[8.701s] -- Up-to-date: /home/ubuntu/ros2_ws/install/raspimouse_msgs/include/raspimouse_msgs/srv/detail/timed_motion_service__rosidl_typesupport_fastrtps_cpp.hpp
[8.704s] -- Up-to-date: /home/ubuntu/ros2_ws/install/raspimouse_msgs/include/raspimouse_msgs/srv/detail/dds_fastrtps
[8.708s] -- Up-to-date: /home/ubuntu/ros2_ws/install/raspimouse_msgs/include/raspimouse_msgs/srv/detail/light_sensors_service__rosidl_typesupport_fastrtps_cpp.hpp
[8.711s] -- Up-to-date: /home/ubuntu/ros2_ws/install/raspimouse_msgs/include/raspimouse_msgs/srv/detail/timed_motion__rosidl_typesupport_fastrtps_cpp.hpp
[8.713s] -- Up-to-date: /home/ubuntu/ros2_ws/install/raspimouse_msgs/include/raspimouse_msgs/srv/detail/motor_freqs_service__rosidl_typesupport_fastrtps_cpp.hpp
[8.716s] -- Up-to-date: /home/ubuntu/ros2_ws/install/raspimouse_msgs/include/raspimouse_msgs/action
[8.721s] -- Up-to-date: /home/ubuntu/ros2_ws/install/raspimouse_msgs/include/raspimouse_msgs/action/detail
[8.724s] -- Up-to-date: /home/ubuntu/ros2_ws/install/raspimouse_msgs/include/raspimouse_msgs/action/detail/music__rosidl_typesupport_fastrtps_cpp.hpp
[8.726s] -- Up-to-date: /home/ubuntu/ros2_ws/install/raspimouse_msgs/include/raspimouse_msgs/action/detail/dds_fastrtps
[8.728s] -- Up-to-date: /home/ubuntu/ros2_ws/install/raspimouse_msgs/lib/libraspimouse_msgs__rosidl_typesupport_fastrtps_cpp.so
[8.730s] -- Up-to-date: /home/ubuntu/ros2_ws/install/raspimouse_msgs/include/raspimouse_msgs
[8.732s] -- Up-to-date: /home/ubuntu/ros2_ws/install/raspimouse_msgs/include/raspimouse_msgs/msg
[8.735s] -- Up-to-date: /home/ubuntu/ros2_ws/install/raspimouse_msgs/include/raspimouse_msgs/msg/detail
[8.737s] -- Up-to-date: /home/ubuntu/ros2_ws/install/raspimouse_msgs/include/raspimouse_msgs/msg/detail/light_sensors__type_support.c
[8.739s] -- Up-to-date: /home/ubuntu/ros2_ws/install/raspimouse_msgs/include/raspimouse_msgs/msg/detail/light_sensors__rosidl_typesupport_introspection_c.h
[8.741s] -- Up-to-date: /home/ubuntu/ros2_ws/install/raspimouse_msgs/include/raspimouse_msgs/msg/detail/timed_motion__rosidl_typesupport_introspection_c.h
[8.743s] -- Up-to-date: /home/ubuntu/ros2_ws/install/raspimouse_msgs/include/raspimouse_msgs/msg/detail/motor_freqs__rosidl_typesupport_introspection_c.h
[8.747s] -- Up-to-date: /home/ubuntu/ros2_ws/install/raspimouse_msgs/include/raspimouse_msgs/msg/detail/motor_freqs__type_support.c
[8.754s] -- Up-to-date: /home/ubuntu/ros2_ws/install/raspimouse_msgs/include/raspimouse_msgs/msg/detail/timed_motion__type_support.c
[8.758s] -- Up-to-date: /home/ubuntu/ros2_ws/install/raspimouse_msgs/include/raspimouse_msgs/msg/rosidl_typesupport_introspection_c__visibility_control.h
[8.761s] -- Up-to-date: /home/ubuntu/ros2_ws/install/raspimouse_msgs/include/raspimouse_msgs/srv
[8.763s] -- Up-to-date: /home/ubuntu/ros2_ws/install/raspimouse_msgs/include/raspimouse_msgs/srv/detail
[8.765s] -- Up-to-date: /home/ubuntu/ros2_ws/install/raspimouse_msgs/include/raspimouse_msgs/srv/detail/light_sensors_service__rosidl_typesupport_introspection_c.h
[8.767s] -- Up-to-date: /home/ubuntu/ros2_ws/install/raspimouse_msgs/include/raspimouse_msgs/srv/detail/timed_motion_service__rosidl_typesupport_introspection_c.h
[8.769s] -- Up-to-date: /home/ubuntu/ros2_ws/install/raspimouse_msgs/include/raspimouse_msgs/srv/detail/motor_freqs_service__rosidl_typesupport_introspection_c.h
[8.771s] -- Up-to-date: /home/ubuntu/ros2_ws/install/raspimouse_msgs/include/raspimouse_msgs/srv/detail/timed_motion_service__type_support.c
[8.773s] -- Up-to-date: /home/ubuntu/ros2_ws/install/raspimouse_msgs/include/raspimouse_msgs/srv/detail/timed_motion__rosidl_typesupport_introspection_c.h
[8.776s] -- Up-to-date: /home/ubuntu/ros2_ws/install/raspimouse_msgs/include/raspimouse_msgs/srv/detail/motor_freqs_service__type_support.c
[8.777s] -- Up-to-date: /home/ubuntu/ros2_ws/install/raspimouse_msgs/include/raspimouse_msgs/srv/detail/light_sensors_service__type_support.c
[8.780s] -- Up-to-date: /home/ubuntu/ros2_ws/install/raspimouse_msgs/include/raspimouse_msgs/srv/detail/timed_motion__type_support.c
[8.781s] -- Up-to-date: /home/ubuntu/ros2_ws/install/raspimouse_msgs/include/raspimouse_msgs/action
[8.783s] -- Up-to-date: /home/ubuntu/ros2_ws/install/raspimouse_msgs/include/raspimouse_msgs/action/detail
[8.785s] -- Up-to-date: /home/ubuntu/ros2_ws/install/raspimouse_msgs/include/raspimouse_msgs/action/detail/music__rosidl_typesupport_introspection_c.h
[8.787s] -- Up-to-date: /home/ubuntu/ros2_ws/install/raspimouse_msgs/include/raspimouse_msgs/action/detail/music__type_support.c
[8.791s] -- Up-to-date: /home/ubuntu/ros2_ws/install/raspimouse_msgs/lib/libraspimouse_msgs__rosidl_typesupport_introspection_c.so
[8.793s] -- Up-to-date: /home/ubuntu/ros2_ws/install/raspimouse_msgs/lib/libraspimouse_msgs__rosidl_typesupport_c.so
[8.813s] -- Up-to-date: /home/ubuntu/ros2_ws/install/raspimouse_msgs/include/raspimouse_msgs
[8.815s] -- Up-to-date: /home/ubuntu/ros2_ws/install/raspimouse_msgs/include/raspimouse_msgs/msg
[8.817s] -- Up-to-date: /home/ubuntu/ros2_ws/install/raspimouse_msgs/include/raspimouse_msgs/msg/detail
[8.818s] -- Up-to-date: /home/ubuntu/ros2_ws/install/raspimouse_msgs/include/raspimouse_msgs/msg/detail/light_sensors__struct.hpp
[8.823s] -- Up-to-date: /home/ubuntu/ros2_ws/install/raspimouse_msgs/include/raspimouse_msgs/msg/detail/timed_motion__traits.hpp
[8.825s] -- Up-to-date: /home/ubuntu/ros2_ws/install/raspimouse_msgs/include/raspimouse_msgs/msg/detail/light_sensors__builder.hpp
[8.826s] -- Up-to-date: /home/ubuntu/ros2_ws/install/raspimouse_msgs/include/raspimouse_msgs/msg/detail/timed_motion__struct.hpp
[8.828s] -- Up-to-date: /home/ubuntu/ros2_ws/install/raspimouse_msgs/include/raspimouse_msgs/msg/detail/timed_motion__builder.hpp
[8.840s] -- Up-to-date: /home/ubuntu/ros2_ws/install/raspimouse_msgs/include/raspimouse_msgs/msg/detail/motor_freqs__struct.hpp
[8.859s] -- Up-to-date: /home/ubuntu/ros2_ws/install/raspimouse_msgs/include/raspimouse_msgs/msg/detail/motor_freqs__traits.hpp
[8.861s] -- Up-to-date: /home/ubuntu/ros2_ws/install/raspimouse_msgs/include/raspimouse_msgs/msg/detail/motor_freqs__builder.hpp
[8.862s] -- Up-to-date: /home/ubuntu/ros2_ws/install/raspimouse_msgs/include/raspimouse_msgs/msg/detail/light_sensors__traits.hpp
[8.864s] -- Up-to-date: /home/ubuntu/ros2_ws/install/raspimouse_msgs/include/raspimouse_msgs/msg/timed_motion.hpp
[8.866s] -- Up-to-date: /home/ubuntu/ros2_ws/install/raspimouse_msgs/include/raspimouse_msgs/msg/light_sensors.hpp
[8.869s] -- Up-to-date: /home/ubuntu/ros2_ws/install/raspimouse_msgs/include/raspimouse_msgs/msg/motor_freqs.hpp
[8.874s] -- Up-to-date: /home/ubuntu/ros2_ws/install/raspimouse_msgs/include/raspimouse_msgs/srv
[8.881s] -- Up-to-date: /home/ubuntu/ros2_ws/install/raspimouse_msgs/include/raspimouse_msgs/srv/detail
[8.890s] -- Up-to-date: /home/ubuntu/ros2_ws/install/raspimouse_msgs/include/raspimouse_msgs/srv/detail/motor_freqs_service__traits.hpp
[8.892s] -- Up-to-date: /home/ubuntu/ros2_ws/install/raspimouse_msgs/include/raspimouse_msgs/srv/detail/timed_motion__traits.hpp
[8.893s] -- Up-to-date: /home/ubuntu/ros2_ws/install/raspimouse_msgs/include/raspimouse_msgs/srv/detail/timed_motion__struct.hpp
[8.895s] -- Up-to-date: /home/ubuntu/ros2_ws/install/raspimouse_msgs/include/raspimouse_msgs/srv/detail/timed_motion__builder.hpp
[8.896s] -- Up-to-date: /home/ubuntu/ros2_ws/install/raspimouse_msgs/include/raspimouse_msgs/srv/detail/motor_freqs_service__struct.hpp
[8.898s] -- Up-to-date: /home/ubuntu/ros2_ws/install/raspimouse_msgs/include/raspimouse_msgs/srv/detail/light_sensors_service__struct.hpp
[8.901s] -- Up-to-date: /home/ubuntu/ros2_ws/install/raspimouse_msgs/include/raspimouse_msgs/srv/detail/timed_motion_service__struct.hpp
[8.906s] -- Up-to-date: /home/ubuntu/ros2_ws/install/raspimouse_msgs/include/raspimouse_msgs/srv/detail/light_sensors_service__builder.hpp
[8.917s] -- Up-to-date: /home/ubuntu/ros2_ws/install/raspimouse_msgs/include/raspimouse_msgs/srv/detail/light_sensors_service__traits.hpp
[8.918s] -- Up-to-date: /home/ubuntu/ros2_ws/install/raspimouse_msgs/include/raspimouse_msgs/srv/detail/motor_freqs_service__builder.hpp
[8.920s] -- Up-to-date: /home/ubuntu/ros2_ws/install/raspimouse_msgs/include/raspimouse_msgs/srv/detail/timed_motion_service__builder.hpp
[8.921s] -- Up-to-date: /home/ubuntu/ros2_ws/install/raspimouse_msgs/include/raspimouse_msgs/srv/detail/timed_motion_service__traits.hpp
[8.922s] -- Up-to-date: /home/ubuntu/ros2_ws/install/raspimouse_msgs/include/raspimouse_msgs/srv/timed_motion_service.hpp
[8.926s] -- Up-to-date: /home/ubuntu/ros2_ws/install/raspimouse_msgs/include/raspimouse_msgs/srv/light_sensors_service.hpp
[8.938s] -- Up-to-date: /home/ubuntu/ros2_ws/install/raspimouse_msgs/include/raspimouse_msgs/srv/motor_freqs_service.hpp
[8.939s] -- Up-to-date: /home/ubuntu/ros2_ws/install/raspimouse_msgs/include/raspimouse_msgs/srv/timed_motion.hpp
[8.941s] -- Up-to-date: /home/ubuntu/ros2_ws/install/raspimouse_msgs/include/raspimouse_msgs/action
[8.942s] -- Up-to-date: /home/ubuntu/ros2_ws/install/raspimouse_msgs/include/raspimouse_msgs/action/detail
[8.944s] -- Up-to-date: /home/ubuntu/ros2_ws/install/raspimouse_msgs/include/raspimouse_msgs/action/detail/music__builder.hpp
[8.945s] -- Up-to-date: /home/ubuntu/ros2_ws/install/raspimouse_msgs/include/raspimouse_msgs/action/detail/music__traits.hpp
[8.946s] -- Up-to-date: /home/ubuntu/ros2_ws/install/raspimouse_msgs/include/raspimouse_msgs/action/detail/music__struct.hpp
[8.948s] -- Up-to-date: /home/ubuntu/ros2_ws/install/raspimouse_msgs/include/raspimouse_msgs/action/music.hpp
[8.957s] -- Up-to-date: /home/ubuntu/ros2_ws/install/raspimouse_msgs/include/raspimouse_msgs
[8.974s] -- Up-to-date: /home/ubuntu/ros2_ws/install/raspimouse_msgs/include/raspimouse_msgs/msg
[8.976s] -- Up-to-date: /home/ubuntu/ros2_ws/install/raspimouse_msgs/include/raspimouse_msgs/msg/detail
[8.977s] -- Up-to-date: /home/ubuntu/ros2_ws/install/raspimouse_msgs/include/raspimouse_msgs/msg/detail/motor_freqs__type_support.cpp
[8.978s] -- Up-to-date: /home/ubuntu/ros2_ws/install/raspimouse_msgs/include/raspimouse_msgs/msg/detail/light_sensors__type_support.cpp
[8.980s] -- Up-to-date: /home/ubuntu/ros2_ws/install/raspimouse_msgs/include/raspimouse_msgs/msg/detail/timed_motion__rosidl_typesupport_introspection_cpp.hpp
[8.981s] -- Up-to-date: /home/ubuntu/ros2_ws/install/raspimouse_msgs/include/raspimouse_msgs/msg/detail/light_sensors__rosidl_typesupport_introspection_cpp.hpp
[8.982s] -- Up-to-date: /home/ubuntu/ros2_ws/install/raspimouse_msgs/include/raspimouse_msgs/msg/detail/motor_freqs__rosidl_typesupport_introspection_cpp.hpp
[8.983s] -- Up-to-date: /home/ubuntu/ros2_ws/install/raspimouse_msgs/include/raspimouse_msgs/msg/detail/timed_motion__type_support.cpp
[8.985s] -- Up-to-date: /home/ubuntu/ros2_ws/install/raspimouse_msgs/include/raspimouse_msgs/srv
[8.986s] -- Up-to-date: /home/ubuntu/ros2_ws/install/raspimouse_msgs/include/raspimouse_msgs/srv/detail
[9.009s] -- Up-to-date: /home/ubuntu/ros2_ws/install/raspimouse_msgs/include/raspimouse_msgs/srv/detail/light_sensors_service__rosidl_typesupport_introspection_cpp.hpp
[9.010s] -- Up-to-date: /home/ubuntu/ros2_ws/install/raspimouse_msgs/include/raspimouse_msgs/srv/detail/motor_freqs_service__rosidl_typesupport_introspection_cpp.hpp
[9.011s] -- Up-to-date: /home/ubuntu/ros2_ws/install/raspimouse_msgs/include/raspimouse_msgs/srv/detail/motor_freqs_service__type_support.cpp
[9.013s] -- Up-to-date: /home/ubuntu/ros2_ws/install/raspimouse_msgs/include/raspimouse_msgs/srv/detail/light_sensors_service__type_support.cpp
[9.014s] -- Up-to-date: /home/ubuntu/ros2_ws/install/raspimouse_msgs/include/raspimouse_msgs/srv/detail/timed_motion__rosidl_typesupport_introspection_cpp.hpp
[9.015s] -- Up-to-date: /home/ubuntu/ros2_ws/install/raspimouse_msgs/include/raspimouse_msgs/srv/detail/timed_motion_service__type_support.cpp
[9.016s] -- Up-to-date: /home/ubuntu/ros2_ws/install/raspimouse_msgs/include/raspimouse_msgs/srv/detail/timed_motion_service__rosidl_typesupport_introspection_cpp.hpp
[9.018s] -- Up-to-date: /home/ubuntu/ros2_ws/install/raspimouse_msgs/include/raspimouse_msgs/srv/detail/timed_motion__type_support.cpp
[9.019s] -- Up-to-date: /home/ubuntu/ros2_ws/install/raspimouse_msgs/include/raspimouse_msgs/action
[9.021s] -- Up-to-date: /home/ubuntu/ros2_ws/install/raspimouse_msgs/include/raspimouse_msgs/action/detail
[9.022s] -- Up-to-date: /home/ubuntu/ros2_ws/install/raspimouse_msgs/include/raspimouse_msgs/action/detail/music__rosidl_typesupport_introspection_cpp.hpp
[9.024s] -- Up-to-date: /home/ubuntu/ros2_ws/install/raspimouse_msgs/include/raspimouse_msgs/action/detail/music__type_support.cpp
[9.025s] -- Up-to-date: /home/ubuntu/ros2_ws/install/raspimouse_msgs/lib/libraspimouse_msgs__rosidl_typesupport_introspection_cpp.so
[9.026s] -- Up-to-date: /home/ubuntu/ros2_ws/install/raspimouse_msgs/lib/libraspimouse_msgs__rosidl_typesupport_cpp.so
[9.030s] -- Up-to-date: /home/ubuntu/ros2_ws/install/raspimouse_msgs/share/raspimouse_msgs/environment/pythonpath.sh
[9.044s] -- Up-to-date: /home/ubuntu/ros2_ws/install/raspimouse_msgs/share/raspimouse_msgs/environment/pythonpath.dsv
[9.046s] -- Up-to-date: /home/ubuntu/ros2_ws/install/raspimouse_msgs/lib/python3.8/site-packages/raspimouse_msgs/__init__.py
[9.447s] -- Up-to-date: /home/ubuntu/ros2_ws/install/raspimouse_msgs/lib/python3.8/site-packages/raspimouse_msgs/msg
[9.454s] -- Up-to-date: /home/ubuntu/ros2_ws/install/raspimouse_msgs/lib/python3.8/site-packages/raspimouse_msgs/msg/_light_sensors.py
[9.460s] -- Up-to-date: /home/ubuntu/ros2_ws/install/raspimouse_msgs/lib/python3.8/site-packages/raspimouse_msgs/msg/__init__.py
[9.462s] -- Up-to-date: /home/ubuntu/ros2_ws/install/raspimouse_msgs/lib/python3.8/site-packages/raspimouse_msgs/msg/_timed_motion_s.c
[9.466s] -- Up-to-date: /home/ubuntu/ros2_ws/install/raspimouse_msgs/lib/python3.8/site-packages/raspimouse_msgs/msg/_timed_motion.py
[9.471s] -- Up-to-date: /home/ubuntu/ros2_ws/install/raspimouse_msgs/lib/python3.8/site-packages/raspimouse_msgs/msg/_motor_freqs.py
[9.472s] -- Up-to-date: /home/ubuntu/ros2_ws/install/raspimouse_msgs/lib/python3.8/site-packages/raspimouse_msgs/msg/_motor_freqs_s.c
[9.474s] -- Up-to-date: /home/ubuntu/ros2_ws/install/raspimouse_msgs/lib/python3.8/site-packages/raspimouse_msgs/msg/_light_sensors_s.c
[9.476s] -- Up-to-date: /home/ubuntu/ros2_ws/install/raspimouse_msgs/lib/python3.8/site-packages/raspimouse_msgs/srv
[9.477s] -- Up-to-date: /home/ubuntu/ros2_ws/install/raspimouse_msgs/lib/python3.8/site-packages/raspimouse_msgs/srv/__init__.py
[9.493s] -- Up-to-date: /home/ubuntu/ros2_ws/install/raspimouse_msgs/lib/python3.8/site-packages/raspimouse_msgs/srv/_light_sensors_service_s.c
[9.502s] -- Up-to-date: /home/ubuntu/ros2_ws/install/raspimouse_msgs/lib/python3.8/site-packages/raspimouse_msgs/srv/_motor_freqs_service.py
[9.505s] -- Up-to-date: /home/ubuntu/ros2_ws/install/raspimouse_msgs/lib/python3.8/site-packages/raspimouse_msgs/srv/_light_sensors_service.py
[9.509s] -- Up-to-date: /home/ubuntu/ros2_ws/install/raspimouse_msgs/lib/python3.8/site-packages/raspimouse_msgs/srv/_motor_freqs_service_s.c
[9.511s] -- Up-to-date: /home/ubuntu/ros2_ws/install/raspimouse_msgs/lib/python3.8/site-packages/raspimouse_msgs/srv/_timed_motion_service_s.c
[9.513s] -- Up-to-date: /home/ubuntu/ros2_ws/install/raspimouse_msgs/lib/python3.8/site-packages/raspimouse_msgs/srv/_timed_motion_service.py
[9.514s] -- Up-to-date: /home/ubuntu/ros2_ws/install/raspimouse_msgs/lib/python3.8/site-packages/raspimouse_msgs/action
[9.516s] -- Up-to-date: /home/ubuntu/ros2_ws/install/raspimouse_msgs/lib/python3.8/site-packages/raspimouse_msgs/action/__init__.py
[9.518s] -- Up-to-date: /home/ubuntu/ros2_ws/install/raspimouse_msgs/lib/python3.8/site-packages/raspimouse_msgs/action/_music.py
[9.529s] -- Up-to-date: /home/ubuntu/ros2_ws/install/raspimouse_msgs/lib/python3.8/site-packages/raspimouse_msgs/action/_music_s.c
[9.538s] -- Up-to-date: /home/ubuntu/ros2_ws/install/raspimouse_msgs/lib/python3.8/site-packages/raspimouse_msgs/raspimouse_msgs_s__rosidl_typesupport_fastrtps_c.cpython-38-aarch64-linux-gnu.so
[9.541s] -- Up-to-date: /home/ubuntu/ros2_ws/install/raspimouse_msgs/lib/python3.8/site-packages/raspimouse_msgs/raspimouse_msgs_s__rosidl_typesupport_introspection_c.cpython-38-aarch64-linux-gnu.so
[9.553s] -- Up-to-date: /home/ubuntu/ros2_ws/install/raspimouse_msgs/lib/python3.8/site-packages/raspimouse_msgs/raspimouse_msgs_s__rosidl_typesupport_c.cpython-38-aarch64-linux-gnu.so
[9.554s] -- Up-to-date: /home/ubuntu/ros2_ws/install/raspimouse_msgs/lib/libraspimouse_msgs__python.so
[9.556s] -- Up-to-date: /home/ubuntu/ros2_ws/install/raspimouse_msgs/share/raspimouse_msgs/msg/LightSensors.idl
[9.558s] -- Up-to-date: /home/ubuntu/ros2_ws/install/raspimouse_msgs/share/raspimouse_msgs/srv/LightSensorsService.idl
[9.560s] -- Up-to-date: /home/ubuntu/ros2_ws/install/raspimouse_msgs/share/raspimouse_msgs/msg/MotorFreqs.idl
[9.561s] -- Up-to-date: /home/ubuntu/ros2_ws/install/raspimouse_msgs/share/raspimouse_msgs/srv/MotorFreqsService.idl
[9.574s] -- Up-to-date: /home/ubuntu/ros2_ws/install/raspimouse_msgs/share/raspimouse_msgs/msg/TimedMotion.idl
[9.582s] -- Up-to-date: /home/ubuntu/ros2_ws/install/raspimouse_msgs/share/raspimouse_msgs/srv/TimedMotionService.idl
[9.584s] -- Up-to-date: /home/ubuntu/ros2_ws/install/raspimouse_msgs/share/raspimouse_msgs/action/Music.idl
[9.586s] -- Up-to-date: /home/ubuntu/ros2_ws/install/raspimouse_msgs/share/raspimouse_msgs/msg/LightSensors.msg
[9.596s] -- Up-to-date: /home/ubuntu/ros2_ws/install/raspimouse_msgs/share/raspimouse_msgs/srv/LightSensorsService.srv
[9.598s] -- Up-to-date: /home/ubuntu/ros2_ws/install/raspimouse_msgs/share/raspimouse_msgs/srv/LightSensorsService_Request.msg
[9.604s] -- Up-to-date: /home/ubuntu/ros2_ws/install/raspimouse_msgs/share/raspimouse_msgs/srv/LightSensorsService_Response.msg
[9.609s] -- Up-to-date: /home/ubuntu/ros2_ws/install/raspimouse_msgs/share/raspimouse_msgs/msg/MotorFreqs.msg
[9.617s] -- Up-to-date: /home/ubuntu/ros2_ws/install/raspimouse_msgs/share/raspimouse_msgs/srv/MotorFreqsService.srv
[9.620s] -- Up-to-date: /home/ubuntu/ros2_ws/install/raspimouse_msgs/share/raspimouse_msgs/srv/MotorFreqsService_Request.msg
[9.622s] -- Up-to-date: /home/ubuntu/ros2_ws/install/raspimouse_msgs/share/raspimouse_msgs/srv/MotorFreqsService_Response.msg
[9.624s] -- Up-to-date: /home/ubuntu/ros2_ws/install/raspimouse_msgs/share/raspimouse_msgs/msg/TimedMotion.msg
[9.626s] -- Up-to-date: /home/ubuntu/ros2_ws/install/raspimouse_msgs/share/raspimouse_msgs/srv/TimedMotionService.srv
[9.628s] -- Up-to-date: /home/ubuntu/ros2_ws/install/raspimouse_msgs/share/raspimouse_msgs/srv/TimedMotionService_Request.msg
[9.641s] -- Up-to-date: /home/ubuntu/ros2_ws/install/raspimouse_msgs/share/raspimouse_msgs/srv/TimedMotionService_Response.msg
[9.643s] -- Up-to-date: /home/ubuntu/ros2_ws/install/raspimouse_msgs/share/raspimouse_msgs/action/Music.action
[9.652s] -- Up-to-date: /home/ubuntu/ros2_ws/install/raspimouse_msgs/share/ament_index/resource_index/package_run_dependencies/raspimouse_msgs
[9.654s] -- Up-to-date: /home/ubuntu/ros2_ws/install/raspimouse_msgs/share/ament_index/resource_index/parent_prefix_path/raspimouse_msgs
[9.656s] -- Up-to-date: /home/ubuntu/ros2_ws/install/raspimouse_msgs/share/raspimouse_msgs/environment/ament_prefix_path.sh
[9.658s] -- Up-to-date: /home/ubuntu/ros2_ws/install/raspimouse_msgs/share/raspimouse_msgs/environment/ament_prefix_path.dsv
[9.661s] -- Up-to-date: /home/ubuntu/ros2_ws/install/raspimouse_msgs/share/raspimouse_msgs/environment/path.sh
[9.663s] -- Up-to-date: /home/ubuntu/ros2_ws/install/raspimouse_msgs/share/raspimouse_msgs/environment/path.dsv
[9.666s] -- Up-to-date: /home/ubuntu/ros2_ws/install/raspimouse_msgs/share/raspimouse_msgs/local_setup.bash
[9.668s] -- Up-to-date: /home/ubuntu/ros2_ws/install/raspimouse_msgs/share/raspimouse_msgs/local_setup.sh
[9.672s] -- Up-to-date: /home/ubuntu/ros2_ws/install/raspimouse_msgs/share/raspimouse_msgs/local_setup.zsh
[9.674s] -- Up-to-date: /home/ubuntu/ros2_ws/install/raspimouse_msgs/share/raspimouse_msgs/local_setup.dsv
[9.676s] -- Installing: /home/ubuntu/ros2_ws/install/raspimouse_msgs/share/raspimouse_msgs/package.dsv
[9.679s] -- Up-to-date: /home/ubuntu/ros2_ws/install/raspimouse_msgs/share/ament_index/resource_index/packages/raspimouse_msgs
[9.681s] -- Up-to-date: /home/ubuntu/ros2_ws/install/raspimouse_msgs/share/raspimouse_msgs/cmake/raspimouse_msgs__rosidl_generator_cExport.cmake
[9.684s] -- Up-to-date: /home/ubuntu/ros2_ws/install/raspimouse_msgs/share/raspimouse_msgs/cmake/raspimouse_msgs__rosidl_generator_cExport-noconfig.cmake
[9.686s] -- Up-to-date: /home/ubuntu/ros2_ws/install/raspimouse_msgs/share/raspimouse_msgs/cmake/raspimouse_msgs__rosidl_typesupport_introspection_cExport.cmake
[9.688s] -- Up-to-date: /home/ubuntu/ros2_ws/install/raspimouse_msgs/share/raspimouse_msgs/cmake/raspimouse_msgs__rosidl_typesupport_introspection_cExport-noconfig.cmake
[9.691s] -- Up-to-date: /home/ubuntu/ros2_ws/install/raspimouse_msgs/share/raspimouse_msgs/cmake/raspimouse_msgs__rosidl_typesupport_cExport.cmake
[9.693s] -- Up-to-date: /home/ubuntu/ros2_ws/install/raspimouse_msgs/share/raspimouse_msgs/cmake/raspimouse_msgs__rosidl_typesupport_cExport-noconfig.cmake
[9.696s] -- Up-to-date: /home/ubuntu/ros2_ws/install/raspimouse_msgs/share/raspimouse_msgs/cmake/raspimouse_msgs__rosidl_generator_cppExport.cmake
[9.702s] -- Up-to-date: /home/ubuntu/ros2_ws/install/raspimouse_msgs/share/raspimouse_msgs/cmake/raspimouse_msgs__rosidl_typesupport_introspection_cppExport.cmake
[9.705s] -- Up-to-date: /home/ubuntu/ros2_ws/install/raspimouse_msgs/share/raspimouse_msgs/cmake/raspimouse_msgs__rosidl_typesupport_introspection_cppExport-noconfig.cmake
[9.713s] -- Up-to-date: /home/ubuntu/ros2_ws/install/raspimouse_msgs/share/raspimouse_msgs/cmake/raspimouse_msgs__rosidl_typesupport_cppExport.cmake
[9.716s] -- Up-to-date: /home/ubuntu/ros2_ws/install/raspimouse_msgs/share/raspimouse_msgs/cmake/raspimouse_msgs__rosidl_typesupport_cppExport-noconfig.cmake
[9.718s] -- Up-to-date: /home/ubuntu/ros2_ws/install/raspimouse_msgs/share/raspimouse_msgs/cmake/rosidl_cmake-extras.cmake
[9.728s] -- Up-to-date: /home/ubuntu/ros2_ws/install/raspimouse_msgs/share/raspimouse_msgs/cmake/ament_cmake_export_dependencies-extras.cmake
[9.731s] -- Up-to-date: /home/ubuntu/ros2_ws/install/raspimouse_msgs/share/raspimouse_msgs/cmake/ament_cmake_export_libraries-extras.cmake
[9.733s] -- Up-to-date: /home/ubuntu/ros2_ws/install/raspimouse_msgs/share/raspimouse_msgs/cmake/ament_cmake_export_targets-extras.cmake
[9.735s] -- Up-to-date: /home/ubuntu/ros2_ws/install/raspimouse_msgs/share/raspimouse_msgs/cmake/ament_cmake_export_include_directories-extras.cmake
[9.737s] -- Up-to-date: /home/ubuntu/ros2_ws/install/raspimouse_msgs/share/raspimouse_msgs/cmake/rosidl_cmake_export_typesupport_libraries-extras.cmake
[9.741s] -- Up-to-date: /home/ubuntu/ros2_ws/install/raspimouse_msgs/share/raspimouse_msgs/cmake/rosidl_cmake_export_typesupport_targets-extras.cmake
[9.744s] -- Up-to-date: /home/ubuntu/ros2_ws/install/raspimouse_msgs/share/raspimouse_msgs/cmake/raspimouse_msgsConfig.cmake
[9.747s] -- Up-to-date: /home/ubuntu/ros2_ws/install/raspimouse_msgs/share/raspimouse_msgs/cmake/raspimouse_msgsConfig-version.cmake
[9.750s] -- Up-to-date: /home/ubuntu/ros2_ws/install/raspimouse_msgs/share/raspimouse_msgs/package.xml
[9.799s] Invoked command in '/home/ubuntu/ros2_ws/build/raspimouse_msgs' returned '0': CMAKE_PREFIX_PATH=${CMAKE_PREFIX_PATH}:/home/ubuntu/ros2_ws/install/raspimouse_ros2:/home/ubuntu/ros2_ws/install/raspimouse:/opt/ros/foxy /usr/bin/cmake --install /home/ubuntu/ros2_ws/build/raspimouse_msgs
