[3.888s] Invoking command in '/home/ubuntu/ros2_ws/src/raspimouse': PYTHONPATH=/home/ubuntu/ros2_ws/install/raspimouse/lib/python3.8/site-packages:${PYTHONPATH} /usr/bin/python3 setup.py egg_info --egg-base ../../build/raspimouse build --build-base /home/ubuntu/ros2_ws/build/raspimouse/build install --prefix /home/ubuntu/ros2_ws/install/raspimouse --record /home/ubuntu/ros2_ws/build/raspimouse/install.log --single-version-externally-managed
[6.818s] running egg_info
[6.823s] writing ../../build/raspimouse/raspimouse.egg-info/PKG-INFO
[6.827s] writing dependency_links to ../../build/raspimouse/raspimouse.egg-info/dependency_links.txt
[6.834s] writing entry points to ../../build/raspimouse/raspimouse.egg-info/entry_points.txt
[6.838s] writing requirements to ../../build/raspimouse/raspimouse.egg-info/requires.txt
[6.840s] writing top-level names to ../../build/raspimouse/raspimouse.egg-info/top_level.txt
[7.398s] reading manifest file '../../build/raspimouse/raspimouse.egg-info/SOURCES.txt'
[7.411s] writing manifest file '../../build/raspimouse/raspimouse.egg-info/SOURCES.txt'
[7.423s] running build
[7.426s] running build_py
[7.428s] running install
[7.434s] running install_lib
[7.459s] running install_data
[7.465s] running install_egg_info
[7.487s] removing '/home/ubuntu/ros2_ws/install/raspimouse/lib/python3.8/site-packages/raspimouse-0.0.0-py3.8.egg-info' (and everything under it)
[7.503s] Copying ../../build/raspimouse/raspimouse.egg-info to /home/ubuntu/ros2_ws/install/raspimouse/lib/python3.8/site-packages/raspimouse-0.0.0-py3.8.egg-info
[7.530s] running install_scripts
[7.745s] Installing buzzer script to /home/ubuntu/ros2_ws/install/raspimouse/lib/raspimouse
[7.749s] Installing buzzer2_sub_node script to /home/ubuntu/ros2_ws/install/raspimouse/lib/raspimouse
[7.753s] Installing buzzer3_sub_node script to /home/ubuntu/ros2_ws/install/raspimouse/lib/raspimouse
[7.757s] Installing buzzer4_sub_node script to /home/ubuntu/ros2_ws/install/raspimouse/lib/raspimouse
[7.763s] Installing buzzer_pub_node script to /home/ubuntu/ros2_ws/install/raspimouse/lib/raspimouse
[7.765s] Installing lightsensors script to /home/ubuntu/ros2_ws/install/raspimouse/lib/raspimouse
[7.776s] Installing lightsensors_sub script to /home/ubuntu/ros2_ws/install/raspimouse/lib/raspimouse
[7.779s] Installing motors script to /home/ubuntu/ros2_ws/install/raspimouse/lib/raspimouse
[7.781s] Installing motors1 script to /home/ubuntu/ros2_ws/install/raspimouse/lib/raspimouse
[7.783s] Installing motors2 script to /home/ubuntu/ros2_ws/install/raspimouse/lib/raspimouse
[7.785s] Installing move script to /home/ubuntu/ros2_ws/install/raspimouse/lib/raspimouse
[7.788s] writing list of installed files to '/home/ubuntu/ros2_ws/build/raspimouse/install.log'
[8.052s] Invoked command in '/home/ubuntu/ros2_ws/src/raspimouse' returned '0': PYTHONPATH=/home/ubuntu/ros2_ws/install/raspimouse/lib/python3.8/site-packages:${PYTHONPATH} /usr/bin/python3 setup.py egg_info --egg-base ../../build/raspimouse build --build-base /home/ubuntu/ros2_ws/build/raspimouse/build install --prefix /home/ubuntu/ros2_ws/install/raspimouse --record /home/ubuntu/ros2_ws/build/raspimouse/install.log --single-version-externally-managed
