[3.639s] Invoking command in '/home/ubuntu/ros2_ws/src/raspimouse_run_corridor': AMENT_PREFIX_PATH=/home/ubuntu/ros2_ws/install/raspimouse:/home/ubuntu/ros2_ws/install/raspimouse_run_corridor:/home/ubuntu/ros2_ws/install/raspimouse_msgs:/home/ubuntu/ros2_ws/install/raspimouse_launch:/opt/ros/foxy PYTHONPATH=/home/ubuntu/ros2_ws/install/raspimouse_run_corridor/lib/python3.8/site-packages:/home/ubuntu/ros2_ws/install/raspimouse/lib/python3.8/site-packages:/home/ubuntu/ros2_ws/install/raspimouse_run_corridor/lib/python3.8/site-packages:/home/ubuntu/ros2_ws/install/raspimouse_msgs/lib/python3.8/site-packages:/opt/ros/foxy/lib/python3.8/site-packages /usr/bin/python3 setup.py egg_info --egg-base ../../build/raspimouse_run_corridor build --build-base /home/ubuntu/ros2_ws/build/raspimouse_run_corridor/build install --prefix /home/ubuntu/ros2_ws/install/raspimouse_run_corridor --record /home/ubuntu/ros2_ws/build/raspimouse_run_corridor/install.log --single-version-externally-managed
[6.656s] running egg_info
[6.663s] writing ../../build/raspimouse_run_corridor/raspimouse_run_corridor.egg-info/PKG-INFO
[6.671s] writing dependency_links to ../../build/raspimouse_run_corridor/raspimouse_run_corridor.egg-info/dependency_links.txt
[6.673s] writing entry points to ../../build/raspimouse_run_corridor/raspimouse_run_corridor.egg-info/entry_points.txt
[6.675s] writing requirements to ../../build/raspimouse_run_corridor/raspimouse_run_corridor.egg-info/requires.txt
[6.676s] writing top-level names to ../../build/raspimouse_run_corridor/raspimouse_run_corridor.egg-info/top_level.txt
[7.483s] reading manifest file '../../build/raspimouse_run_corridor/raspimouse_run_corridor.egg-info/SOURCES.txt'
[7.510s] writing manifest file '../../build/raspimouse_run_corridor/raspimouse_run_corridor.egg-info/SOURCES.txt'
[7.528s] running build
[7.529s] running build_py
[7.535s] copying raspimouse_run_corridor/wall_stop_multi_node.py -> /home/ubuntu/ros2_ws/build/raspimouse_run_corridor/build/lib/raspimouse_run_corridor
[7.563s] running install
[7.600s] running install_lib
[7.616s] copying /home/ubuntu/ros2_ws/build/raspimouse_run_corridor/build/lib/raspimouse_run_corridor/wall_stop_multi_node.py -> /home/ubuntu/ros2_ws/install/raspimouse_run_corridor/lib/python3.8/site-packages/raspimouse_run_corridor
[7.645s] byte-compiling /home/ubuntu/ros2_ws/install/raspimouse_run_corridor/lib/python3.8/site-packages/raspimouse_run_corridor/wall_stop_multi_node.py to wall_stop_multi_node.cpython-38.pyc
[7.696s] running install_data
[7.697s] running install_egg_info
[7.716s] removing '/home/ubuntu/ros2_ws/install/raspimouse_run_corridor/lib/python3.8/site-packages/raspimouse_run_corridor-0.0.1-py3.8.egg-info' (and everything under it)
[7.717s] Copying ../../build/raspimouse_run_corridor/raspimouse_run_corridor.egg-info to /home/ubuntu/ros2_ws/install/raspimouse_run_corridor/lib/python3.8/site-packages/raspimouse_run_corridor-0.0.1-py3.8.egg-info
[7.718s] running install_scripts
[9.130s] Installing _wall_stop script to /home/ubuntu/ros2_ws/install/raspimouse_run_corridor/lib/raspimouse_run_corridor
[9.134s] Installing wall_stop script to /home/ubuntu/ros2_ws/install/raspimouse_run_corridor/lib/raspimouse_run_corridor
[9.136s] Installing wall_stop_multi_node script to /home/ubuntu/ros2_ws/install/raspimouse_run_corridor/lib/raspimouse_run_corridor
[9.138s] Installing wall_stop_service script to /home/ubuntu/ros2_ws/install/raspimouse_run_corridor/lib/raspimouse_run_corridor
[9.142s] writing list of installed files to '/home/ubuntu/ros2_ws/build/raspimouse_run_corridor/install.log'
[9.453s] Invoked command in '/home/ubuntu/ros2_ws/src/raspimouse_run_corridor' returned '0': AMENT_PREFIX_PATH=/home/ubuntu/ros2_ws/install/raspimouse:/home/ubuntu/ros2_ws/install/raspimouse_run_corridor:/home/ubuntu/ros2_ws/install/raspimouse_msgs:/home/ubuntu/ros2_ws/install/raspimouse_launch:/opt/ros/foxy PYTHONPATH=/home/ubuntu/ros2_ws/install/raspimouse_run_corridor/lib/python3.8/site-packages:/home/ubuntu/ros2_ws/install/raspimouse/lib/python3.8/site-packages:/home/ubuntu/ros2_ws/install/raspimouse_run_corridor/lib/python3.8/site-packages:/home/ubuntu/ros2_ws/install/raspimouse_msgs/lib/python3.8/site-packages:/opt/ros/foxy/lib/python3.8/site-packages /usr/bin/python3 setup.py egg_info --egg-base ../../build/raspimouse_run_corridor build --build-base /home/ubuntu/ros2_ws/build/raspimouse_run_corridor/build install --prefix /home/ubuntu/ros2_ws/install/raspimouse_run_corridor --record /home/ubuntu/ros2_ws/build/raspimouse_run_corridor/install.log --single-version-externally-managed
