[2.228s] Invoking command in '/home/ubuntu/ros2_ws/src/raspimouse': PYTHONPATH=/home/ubuntu/ros2_ws/install/raspimouse/lib/python3.8/site-packages:${PYTHONPATH} /usr/bin/python3 setup.py egg_info --egg-base ../../build/raspimouse build --build-base /home/ubuntu/ros2_ws/build/raspimouse/build install --prefix /home/ubuntu/ros2_ws/install/raspimouse --record /home/ubuntu/ros2_ws/build/raspimouse/install.log --single-version-externally-managed
[4.826s] running egg_info
[4.833s] writing ../../build/raspimouse/raspimouse.egg-info/PKG-INFO
[4.841s] writing dependency_links to ../../build/raspimouse/raspimouse.egg-info/dependency_links.txt
[4.845s] writing entry points to ../../build/raspimouse/raspimouse.egg-info/entry_points.txt
[4.853s] writing requirements to ../../build/raspimouse/raspimouse.egg-info/requires.txt
[4.863s] writing top-level names to ../../build/raspimouse/raspimouse.egg-info/top_level.txt
[5.691s] reading manifest file '../../build/raspimouse/raspimouse.egg-info/SOURCES.txt'
[5.717s] writing manifest file '../../build/raspimouse/raspimouse.egg-info/SOURCES.txt'
[5.728s] running build
[5.730s] running build_py
[5.742s] running install
[5.760s] running install_lib
[5.794s] running install_data
[5.807s] running install_egg_info
[5.842s] removing '/home/ubuntu/ros2_ws/install/raspimouse/lib/python3.8/site-packages/raspimouse-0.0.0-py3.8.egg-info' (and everything under it)
[5.873s] Copying ../../build/raspimouse/raspimouse.egg-info to /home/ubuntu/ros2_ws/install/raspimouse/lib/python3.8/site-packages/raspimouse-0.0.0-py3.8.egg-info
[5.905s] running install_scripts
[6.298s] Installing buzzer script to /home/ubuntu/ros2_ws/install/raspimouse/lib/raspimouse
[6.301s] Installing buzzer2_sub_node script to /home/ubuntu/ros2_ws/install/raspimouse/lib/raspimouse
[6.314s] Installing buzzer3_sub_node script to /home/ubuntu/ros2_ws/install/raspimouse/lib/raspimouse
[6.319s] Installing buzzer4_sub_node script to /home/ubuntu/ros2_ws/install/raspimouse/lib/raspimouse
[6.327s] Installing buzzer_pub_node script to /home/ubuntu/ros2_ws/install/raspimouse/lib/raspimouse
[6.329s] Installing lightsensors script to /home/ubuntu/ros2_ws/install/raspimouse/lib/raspimouse
[6.333s] Installing lightsensors_sub script to /home/ubuntu/ros2_ws/install/raspimouse/lib/raspimouse
[6.336s] Installing motors script to /home/ubuntu/ros2_ws/install/raspimouse/lib/raspimouse
[6.346s] Installing motors1 script to /home/ubuntu/ros2_ws/install/raspimouse/lib/raspimouse
[6.354s] Installing motors2 script to /home/ubuntu/ros2_ws/install/raspimouse/lib/raspimouse
[6.355s] Installing move script to /home/ubuntu/ros2_ws/install/raspimouse/lib/raspimouse
[6.359s] writing list of installed files to '/home/ubuntu/ros2_ws/build/raspimouse/install.log'
[6.812s] Invoked command in '/home/ubuntu/ros2_ws/src/raspimouse' returned '0': PYTHONPATH=/home/ubuntu/ros2_ws/install/raspimouse/lib/python3.8/site-packages:${PYTHONPATH} /usr/bin/python3 setup.py egg_info --egg-base ../../build/raspimouse build --build-base /home/ubuntu/ros2_ws/build/raspimouse/build install --prefix /home/ubuntu/ros2_ws/install/raspimouse --record /home/ubuntu/ros2_ws/build/raspimouse/install.log --single-version-externally-managed
