[0.111s] Invoking command in '/home/ubuntu/ros2_ws/build/motor_freqs_values': CMAKE_PREFIX_PATH=${CMAKE_PREFIX_PATH}:/home/ubuntu/ros2_ws/install/raspimouse:/opt/ros/foxy /usr/bin/cmake /home/ubuntu/ros2_ws/src/motor_freqs_values -DCMAKE_INSTALL_PREFIX=/home/ubuntu/ros2_ws/install/motor_freqs_values
[1.750s] -- The C compiler identification is GNU 9.3.0
[3.225s] -- The CXX compiler identification is GNU 9.3.0
[3.266s] -- Check for working C compiler: /usr/bin/cc
[3.816s] -- Check for working C compiler: /usr/bin/cc -- works
[3.829s] -- Detecting C compiler ABI info
[4.408s] -- Detecting C compiler ABI info - done
[4.500s] -- Detecting C compile features
[4.504s] -- Detecting C compile features - done
[4.526s] -- Check for working CXX compiler: /usr/bin/c++
[5.146s] -- Check for working CXX compiler: /usr/bin/c++ -- works
[5.154s] -- Detecting CXX compiler ABI info
[5.806s] -- Detecting CXX compiler ABI info - done
[5.900s] -- Detecting CXX compile features
[5.921s] -- Detecting CXX compile features - done
[6.011s] -- Found ament_cmake: 0.9.9 (/opt/ros/foxy/share/ament_cmake/cmake)
[6.253s] -- Found PythonInterp: /usr/bin/python3 (found suitable version "3.8.10", minimum required is "3") 
[6.255s] -- Using PYTHON_EXECUTABLE: /usr/bin/python3
[8.077s] -- Found rosidl_default_generators: 1.0.1 (/opt/ros/foxy/share/rosidl_default_generators/cmake)
[8.138s] -- Using all available rosidl_typesupport_c: rosidl_typesupport_fastrtps_c;rosidl_typesupport_introspection_c
[8.250s] -- Found rosidl_adapter: 1.2.1 (/opt/ros/foxy/share/rosidl_adapter/cmake)
[9.205s] -- Found OpenSSL: /usr/lib/aarch64-linux-gnu/libcrypto.so (found version "1.1.1f")  
[9.410s] -- Found FastRTPS: /opt/ros/foxy/include  
[10.164s] -- Using all available rosidl_typesupport_cpp: rosidl_typesupport_fastrtps_cpp;rosidl_typesupport_introspection_cpp
[10.626s] -- Found PythonInterp: /usr/bin/python3 (found version "3.8.10") 
[12.270s] CMake Error at /opt/ros/foxy/share/rosidl_adapter/cmake/rosidl_adapt_interfaces.cmake:60 (message):
[12.271s]   execute_process(/usr/bin/python3 -m rosidl_adapter --package-name
[12.271s]   motor_freqs_values --arguments-file
[12.272s]   /home/ubuntu/ros2_ws/build/motor_freqs_values/rosidl_adapter__arguments__motor_freqs_values.json
[12.273s]   --output-dir
[12.273s]   /home/ubuntu/ros2_ws/build/motor_freqs_values/rosidl_adapter/motor_freqs_values
[12.274s]   --output-file
[12.275s]   /home/ubuntu/ros2_ws/build/motor_freqs_values/rosidl_adapter/motor_freqs_values.idls)
[12.275s]   returned error code 1:
[12.276s] 
[12.276s]   Traceback (most recent call last):
[12.277s] 
[12.278s]     File "/usr/lib/python3.8/runpy.py", line 194, in _run_module_as_main
[12.278s]       return _run_code(code, main_globals, None,
[12.279s]     File "/usr/lib/python3.8/runpy.py", line 87, in _run_code
[12.280s]       exec(code, run_globals)
[12.280s]     File "/opt/ros/foxy/lib/python3.8/site-packages/rosidl_adapter/__main__.py", line 19, in <module>
[12.281s]       sys.exit(main())
[12.282s]     File "/opt/ros/foxy/lib/python3.8/site-packages/rosidl_adapter/main.py", line 53, in main
[12.282s]       abs_idl_file = convert_to_idl(
[12.283s]     File "/opt/ros/foxy/lib/python3.8/site-packages/rosidl_adapter/__init__.py", line 24, in convert_to_idl
[12.283s]       return convert_srv_to_idl(
[12.284s]     File "/opt/ros/foxy/lib/python3.8/site-packages/rosidl_adapter/srv/__init__.py", line 28, in convert_srv_to_idl
[12.285s]       srv = parse_service_string(package_name, input_file.stem, content)
[12.285s]     File "/opt/ros/foxy/lib/python3.8/site-packages/rosidl_adapter/parser.py", line 843, in parse_service_string
[12.286s]       raise InvalidServiceSpecification(
[12.287s] 
[12.287s]   rosidl_adapter.parser.InvalidServiceSpecification: Could not find separator
[12.288s]   '---' between request and response
[12.288s] 
[12.289s] Call Stack (most recent call first):
[12.290s]   /opt/ros/foxy/share/rosidl_cmake/cmake/rosidl_generate_interfaces.cmake:130 (rosidl_adapt_interfaces)
[12.291s]   CMakeLists.txt:26 (rosidl_generate_interfaces)
[12.292s] 
[12.293s] 
[12.294s] -- Configuring incomplete, errors occurred!
[12.295s] See also "/home/ubuntu/ros2_ws/build/motor_freqs_values/CMakeFiles/CMakeOutput.log".
[12.322s] Invoked command in '/home/ubuntu/ros2_ws/build/motor_freqs_values' returned '1': CMAKE_PREFIX_PATH=${CMAKE_PREFIX_PATH}:/home/ubuntu/ros2_ws/install/raspimouse:/opt/ros/foxy /usr/bin/cmake /home/ubuntu/ros2_ws/src/motor_freqs_values -DCMAKE_INSTALL_PREFIX=/home/ubuntu/ros2_ws/install/motor_freqs_values
