[2.267s] Invoking command in '/home/ubuntu/ros2_ws/src/raspimouse': PYTHONPATH=/home/ubuntu/ros2_ws/install/raspimouse/lib/python3.8/site-packages:${PYTHONPATH} /usr/bin/python3 setup.py egg_info --egg-base ../../build/raspimouse build --build-base /home/ubuntu/ros2_ws/build/raspimouse/build install --prefix /home/ubuntu/ros2_ws/install/raspimouse --record /home/ubuntu/ros2_ws/build/raspimouse/install.log --single-version-externally-managed
[4.623s] running egg_info
[4.634s] writing ../../build/raspimouse/raspimouse.egg-info/PKG-INFO
[4.641s] writing dependency_links to ../../build/raspimouse/raspimouse.egg-info/dependency_links.txt
[4.649s] writing entry points to ../../build/raspimouse/raspimouse.egg-info/entry_points.txt
[4.652s] writing requirements to ../../build/raspimouse/raspimouse.egg-info/requires.txt
[4.657s] writing top-level names to ../../build/raspimouse/raspimouse.egg-info/top_level.txt
[5.292s] reading manifest file '../../build/raspimouse/raspimouse.egg-info/SOURCES.txt'
[5.309s] writing manifest file '../../build/raspimouse/raspimouse.egg-info/SOURCES.txt'
[5.311s] running build
[5.313s] running build_py
[5.324s] running install
[5.333s] running install_lib
[5.365s] running install_data
[5.374s] running install_egg_info
[5.412s] removing '/home/ubuntu/ros2_ws/install/raspimouse/lib/python3.8/site-packages/raspimouse-0.0.0-py3.8.egg-info' (and everything under it)
[5.431s] Copying ../../build/raspimouse/raspimouse.egg-info to /home/ubuntu/ros2_ws/install/raspimouse/lib/python3.8/site-packages/raspimouse-0.0.0-py3.8.egg-info
[5.452s] running install_scripts
[5.689s] Installing buzzer script to /home/ubuntu/ros2_ws/install/raspimouse/lib/raspimouse
[5.691s] Installing buzzer2_sub_node script to /home/ubuntu/ros2_ws/install/raspimouse/lib/raspimouse
[5.693s] Installing buzzer3_sub_node script to /home/ubuntu/ros2_ws/install/raspimouse/lib/raspimouse
[5.696s] Installing buzzer4_sub_node script to /home/ubuntu/ros2_ws/install/raspimouse/lib/raspimouse
[5.703s] Installing buzzer_pub_node script to /home/ubuntu/ros2_ws/install/raspimouse/lib/raspimouse
[5.705s] Installing lightsensors script to /home/ubuntu/ros2_ws/install/raspimouse/lib/raspimouse
[5.707s] Installing lightsensors_sub script to /home/ubuntu/ros2_ws/install/raspimouse/lib/raspimouse
[5.709s] Installing motors script to /home/ubuntu/ros2_ws/install/raspimouse/lib/raspimouse
[5.712s] Installing motors1 script to /home/ubuntu/ros2_ws/install/raspimouse/lib/raspimouse
[5.714s] Installing motors2 script to /home/ubuntu/ros2_ws/install/raspimouse/lib/raspimouse
[5.715s] Installing move script to /home/ubuntu/ros2_ws/install/raspimouse/lib/raspimouse
[5.732s] writing list of installed files to '/home/ubuntu/ros2_ws/build/raspimouse/install.log'
[5.967s] Invoked command in '/home/ubuntu/ros2_ws/src/raspimouse' returned '0': PYTHONPATH=/home/ubuntu/ros2_ws/install/raspimouse/lib/python3.8/site-packages:${PYTHONPATH} /usr/bin/python3 setup.py egg_info --egg-base ../../build/raspimouse build --build-base /home/ubuntu/ros2_ws/build/raspimouse/build install --prefix /home/ubuntu/ros2_ws/install/raspimouse --record /home/ubuntu/ros2_ws/build/raspimouse/install.log --single-version-externally-managed
