[2.061s] Invoking command in '/home/ubuntu/ros2_ws/src/raspimouse': PYTHONPATH=/home/ubuntu/ros2_ws/install/raspimouse/lib/python3.8/site-packages:${PYTHONPATH} /usr/bin/python3 setup.py egg_info --egg-base ../../build/raspimouse build --build-base /home/ubuntu/ros2_ws/build/raspimouse/build install --prefix /home/ubuntu/ros2_ws/install/raspimouse --record /home/ubuntu/ros2_ws/build/raspimouse/install.log --single-version-externally-managed
[4.098s] running egg_info
[4.102s] writing ../../build/raspimouse/raspimouse.egg-info/PKG-INFO
[4.104s] writing dependency_links to ../../build/raspimouse/raspimouse.egg-info/dependency_links.txt
[4.106s] writing entry points to ../../build/raspimouse/raspimouse.egg-info/entry_points.txt
[4.107s] writing requirements to ../../build/raspimouse/raspimouse.egg-info/requires.txt
[4.108s] writing top-level names to ../../build/raspimouse/raspimouse.egg-info/top_level.txt
[4.455s] reading manifest file '../../build/raspimouse/raspimouse.egg-info/SOURCES.txt'
[4.465s] writing manifest file '../../build/raspimouse/raspimouse.egg-info/SOURCES.txt'
[4.467s] running build
[4.468s] running build_py
[4.472s] copying raspimouse/motors1.py -> /home/ubuntu/ros2_ws/build/raspimouse/build/lib/raspimouse
[4.474s] running install
[4.481s] running install_lib
[4.494s] copying /home/ubuntu/ros2_ws/build/raspimouse/build/lib/raspimouse/motors1.py -> /home/ubuntu/ros2_ws/install/raspimouse/lib/python3.8/site-packages/raspimouse
[4.503s] byte-compiling /home/ubuntu/ros2_ws/install/raspimouse/lib/python3.8/site-packages/raspimouse/motors1.py to motors1.cpython-38.pyc
[4.519s] running install_data
[4.522s] running install_egg_info
[4.535s] removing '/home/ubuntu/ros2_ws/install/raspimouse/lib/python3.8/site-packages/raspimouse-0.0.0-py3.8.egg-info' (and everything under it)
[4.539s] Copying ../../build/raspimouse/raspimouse.egg-info to /home/ubuntu/ros2_ws/install/raspimouse/lib/python3.8/site-packages/raspimouse-0.0.0-py3.8.egg-info
[4.550s] running install_scripts
[4.698s] Installing buzzer2_sub_node script to /home/ubuntu/ros2_ws/install/raspimouse/lib/raspimouse
[4.700s] Installing buzzer3_sub_node script to /home/ubuntu/ros2_ws/install/raspimouse/lib/raspimouse
[4.702s] Installing buzzer_node script to /home/ubuntu/ros2_ws/install/raspimouse/lib/raspimouse
[4.704s] Installing lightsensor_sub script to /home/ubuntu/ros2_ws/install/raspimouse/lib/raspimouse
[4.705s] Installing lightsensors script to /home/ubuntu/ros2_ws/install/raspimouse/lib/raspimouse
[4.706s] Installing motors1 script to /home/ubuntu/ros2_ws/install/raspimouse/lib/raspimouse
[4.710s] writing list of installed files to '/home/ubuntu/ros2_ws/build/raspimouse/install.log'
[4.924s] Invoked command in '/home/ubuntu/ros2_ws/src/raspimouse' returned '0': PYTHONPATH=/home/ubuntu/ros2_ws/install/raspimouse/lib/python3.8/site-packages:${PYTHONPATH} /usr/bin/python3 setup.py egg_info --egg-base ../../build/raspimouse build --build-base /home/ubuntu/ros2_ws/build/raspimouse/build install --prefix /home/ubuntu/ros2_ws/install/raspimouse --record /home/ubuntu/ros2_ws/build/raspimouse/install.log --single-version-externally-managed
