[2.990s] DEBUG:colcon:Command line arguments: ['/usr/bin/colcon', 'build']
[2.991s] DEBUG:colcon:Parsed command line arguments: Namespace(ament_cmake_args=None, base_paths=['.'], build_base='build', catkin_cmake_args=None, catkin_skip_building_tests=False, cmake_args=None, cmake_clean_cache=False, cmake_clean_first=False, cmake_force_configure=False, cmake_target=None, cmake_target_skip_unavailable=False, continue_on_error=False, event_handlers=None, executor='parallel', ignore_user_meta=False, install_base='install', log_base=None, log_level=None, main=<bound method BuildVerb.main of <colcon_core.verb.build.BuildVerb object at 0xffff994fe0a0>>, merge_install=False, metas=['./colcon.meta'], packages_above=None, packages_above_and_dependencies=None, packages_above_depth=None, packages_end=None, packages_ignore=None, packages_ignore_regex=None, packages_select=None, packages_select_build_failed=False, packages_select_by_dep=None, packages_select_regex=None, packages_select_test_failures=False, packages_skip=None, packages_skip_build_finished=False, packages_skip_by_dep=None, packages_skip_regex=None, packages_skip_test_passed=False, packages_skip_up_to=None, packages_start=None, packages_up_to=None, packages_up_to_regex=None, parallel_workers=4, paths=None, symlink_install=False, test_result_base=None, verb_extension=<colcon_core.verb.build.BuildVerb object at 0xffff994fe0a0>, verb_name='build', verb_parser=<colcon_defaults.argument_parser.defaults.DefaultArgumentsDecorator object at 0xffff994fe5e0>)
[3.082s] Level 1:colcon.colcon_core.package_discovery:discover_packages(colcon_meta) check parameters
[3.084s] Level 1:colcon.colcon_core.package_discovery:discover_packages(recursive) check parameters
[3.084s] Level 1:colcon.colcon_core.package_discovery:discover_packages(ignore) check parameters
[3.085s] Level 1:colcon.colcon_core.package_discovery:discover_packages(path) check parameters
[3.085s] Level 1:colcon.colcon_core.package_discovery:discover_packages(colcon_meta) discover
[3.085s] Level 1:colcon.colcon_core.package_discovery:discover_packages(recursive) discover
[3.086s] INFO:colcon.colcon_core.package_discovery:Crawling recursively for packages in '/home/ubuntu/ros2_ws'
[3.087s] Level 1:colcon.colcon_core.package_identification:_identify(.) by extensions ['ignore', 'ignore_ament_install']
[3.088s] Level 1:colcon.colcon_core.package_identification:_identify(.) by extension 'ignore'
[3.088s] Level 1:colcon.colcon_core.package_identification:_identify(.) by extension 'ignore_ament_install'
[3.089s] Level 1:colcon.colcon_core.package_identification:_identify(.) by extensions ['colcon_pkg']
[3.089s] Level 1:colcon.colcon_core.package_identification:_identify(.) by extension 'colcon_pkg'
[3.090s] Level 1:colcon.colcon_core.package_identification:_identify(.) by extensions ['colcon_meta']
[3.090s] Level 1:colcon.colcon_core.package_identification:_identify(.) by extension 'colcon_meta'
[3.090s] Level 1:colcon.colcon_core.package_identification:_identify(.) by extensions ['ros']
[3.090s] Level 1:colcon.colcon_core.package_identification:_identify(.) by extension 'ros'
[3.257s] Level 1:colcon.colcon_core.package_identification:_identify(.) by extensions ['cmake', 'python']
[3.258s] Level 1:colcon.colcon_core.package_identification:_identify(.) by extension 'cmake'
[3.258s] Level 1:colcon.colcon_core.package_identification:_identify(.) by extension 'python'
[3.259s] Level 1:colcon.colcon_core.package_identification:_identify(.) by extensions ['python_setup_py']
[3.259s] Level 1:colcon.colcon_core.package_identification:_identify(.) by extension 'python_setup_py'
[3.260s] Level 1:colcon.colcon_core.package_identification:_identify(build) by extensions ['ignore', 'ignore_ament_install']
[3.261s] Level 1:colcon.colcon_core.package_identification:_identify(build) by extension 'ignore'
[3.261s] Level 1:colcon.colcon_core.package_identification:_identify(build) ignored
[3.262s] Level 1:colcon.colcon_core.package_identification:_identify(install) by extensions ['ignore', 'ignore_ament_install']
[3.263s] Level 1:colcon.colcon_core.package_identification:_identify(install) by extension 'ignore'
[3.264s] Level 1:colcon.colcon_core.package_identification:_identify(install) ignored
[3.265s] Level 1:colcon.colcon_core.package_identification:_identify(log) by extensions ['ignore', 'ignore_ament_install']
[3.265s] Level 1:colcon.colcon_core.package_identification:_identify(log) by extension 'ignore'
[3.266s] Level 1:colcon.colcon_core.package_identification:_identify(log) ignored
[3.267s] Level 1:colcon.colcon_core.package_identification:_identify(src) by extensions ['ignore', 'ignore_ament_install']
[3.267s] Level 1:colcon.colcon_core.package_identification:_identify(src) by extension 'ignore'
[3.268s] Level 1:colcon.colcon_core.package_identification:_identify(src) by extension 'ignore_ament_install'
[3.269s] Level 1:colcon.colcon_core.package_identification:_identify(src) by extensions ['colcon_pkg']
[3.269s] Level 1:colcon.colcon_core.package_identification:_identify(src) by extension 'colcon_pkg'
[3.269s] Level 1:colcon.colcon_core.package_identification:_identify(src) by extensions ['colcon_meta']
[3.269s] Level 1:colcon.colcon_core.package_identification:_identify(src) by extension 'colcon_meta'
[3.270s] Level 1:colcon.colcon_core.package_identification:_identify(src) by extensions ['ros']
[3.270s] Level 1:colcon.colcon_core.package_identification:_identify(src) by extension 'ros'
[3.271s] Level 1:colcon.colcon_core.package_identification:_identify(src) by extensions ['cmake', 'python']
[3.271s] Level 1:colcon.colcon_core.package_identification:_identify(src) by extension 'cmake'
[3.272s] Level 1:colcon.colcon_core.package_identification:_identify(src) by extension 'python'
[3.272s] Level 1:colcon.colcon_core.package_identification:_identify(src) by extensions ['python_setup_py']
[3.272s] Level 1:colcon.colcon_core.package_identification:_identify(src) by extension 'python_setup_py'
[3.273s] Level 1:colcon.colcon_core.package_identification:_identify(src/build) by extensions ['ignore', 'ignore_ament_install']
[3.274s] Level 1:colcon.colcon_core.package_identification:_identify(src/build) by extension 'ignore'
[3.275s] Level 1:colcon.colcon_core.package_identification:_identify(src/build) ignored
[3.276s] Level 1:colcon.colcon_core.package_identification:_identify(src/install) by extensions ['ignore', 'ignore_ament_install']
[3.276s] Level 1:colcon.colcon_core.package_identification:_identify(src/install) by extension 'ignore'
[3.277s] Level 1:colcon.colcon_core.package_identification:_identify(src/install) ignored
[3.278s] Level 1:colcon.colcon_core.package_identification:_identify(src/log) by extensions ['ignore', 'ignore_ament_install']
[3.278s] Level 1:colcon.colcon_core.package_identification:_identify(src/log) by extension 'ignore'
[3.279s] Level 1:colcon.colcon_core.package_identification:_identify(src/log) ignored
[3.280s] Level 1:colcon.colcon_core.package_identification:_identify(src/raspimouse) by extensions ['ignore', 'ignore_ament_install']
[3.281s] Level 1:colcon.colcon_core.package_identification:_identify(src/raspimouse) by extension 'ignore'
[3.281s] Level 1:colcon.colcon_core.package_identification:_identify(src/raspimouse) by extension 'ignore_ament_install'
[3.282s] Level 1:colcon.colcon_core.package_identification:_identify(src/raspimouse) by extensions ['colcon_pkg']
[3.282s] Level 1:colcon.colcon_core.package_identification:_identify(src/raspimouse) by extension 'colcon_pkg'
[3.282s] Level 1:colcon.colcon_core.package_identification:_identify(src/raspimouse) by extensions ['colcon_meta']
[3.283s] Level 1:colcon.colcon_core.package_identification:_identify(src/raspimouse) by extension 'colcon_meta'
[3.283s] Level 1:colcon.colcon_core.package_identification:_identify(src/raspimouse) by extensions ['ros']
[3.283s] Level 1:colcon.colcon_core.package_identification:_identify(src/raspimouse) by extension 'ros'
[3.312s] DEBUG:colcon.colcon_core.package_identification:Package 'src/raspimouse' with type 'ros.ament_python' and name 'raspimouse_ros2'
[3.313s] Level 1:colcon.colcon_core.package_identification:_identify(src/raspimouse_launch) by extensions ['ignore', 'ignore_ament_install']
[3.314s] Level 1:colcon.colcon_core.package_identification:_identify(src/raspimouse_launch) by extension 'ignore'
[3.314s] Level 1:colcon.colcon_core.package_identification:_identify(src/raspimouse_launch) by extension 'ignore_ament_install'
[3.315s] Level 1:colcon.colcon_core.package_identification:_identify(src/raspimouse_launch) by extensions ['colcon_pkg']
[3.315s] Level 1:colcon.colcon_core.package_identification:_identify(src/raspimouse_launch) by extension 'colcon_pkg'
[3.316s] Level 1:colcon.colcon_core.package_identification:_identify(src/raspimouse_launch) by extensions ['colcon_meta']
[3.316s] Level 1:colcon.colcon_core.package_identification:_identify(src/raspimouse_launch) by extension 'colcon_meta'
[3.317s] Level 1:colcon.colcon_core.package_identification:_identify(src/raspimouse_launch) by extensions ['ros']
[3.317s] Level 1:colcon.colcon_core.package_identification:_identify(src/raspimouse_launch) by extension 'ros'
[3.323s] DEBUG:colcon.colcon_core.package_identification:Package 'src/raspimouse_launch' with type 'ros.ament_cmake' and name 'raspimouse_launch'
[3.325s] Level 1:colcon.colcon_core.package_identification:_identify(src/raspimouse_msgs) by extensions ['ignore', 'ignore_ament_install']
[3.326s] Level 1:colcon.colcon_core.package_identification:_identify(src/raspimouse_msgs) by extension 'ignore'
[3.326s] Level 1:colcon.colcon_core.package_identification:_identify(src/raspimouse_msgs) by extension 'ignore_ament_install'
[3.327s] Level 1:colcon.colcon_core.package_identification:_identify(src/raspimouse_msgs) by extensions ['colcon_pkg']
[3.327s] Level 1:colcon.colcon_core.package_identification:_identify(src/raspimouse_msgs) by extension 'colcon_pkg'
[3.328s] Level 1:colcon.colcon_core.package_identification:_identify(src/raspimouse_msgs) by extensions ['colcon_meta']
[3.328s] Level 1:colcon.colcon_core.package_identification:_identify(src/raspimouse_msgs) by extension 'colcon_meta'
[3.329s] Level 1:colcon.colcon_core.package_identification:_identify(src/raspimouse_msgs) by extensions ['ros']
[3.329s] Level 1:colcon.colcon_core.package_identification:_identify(src/raspimouse_msgs) by extension 'ros'
[3.337s] DEBUG:colcon.colcon_core.package_identification:Package 'src/raspimouse_msgs' with type 'ros.ament_cmake' and name 'raspimouse_msgs'
[3.338s] Level 1:colcon.colcon_core.package_discovery:discover_packages(recursive) using defaults
[3.338s] Level 1:colcon.colcon_core.package_discovery:discover_packages(ignore) discover
[3.339s] Level 1:colcon.colcon_core.package_discovery:discover_packages(ignore) using defaults
[3.339s] Level 1:colcon.colcon_core.package_discovery:discover_packages(path) discover
[3.339s] Level 1:colcon.colcon_core.package_discovery:discover_packages(path) using defaults
[3.554s] Level 5:colcon.colcon_core.verb:set package 'raspimouse_launch' build argument 'cmake_args' from command line to 'None'
[3.555s] Level 5:colcon.colcon_core.verb:set package 'raspimouse_launch' build argument 'cmake_target' from command line to 'None'
[3.555s] Level 5:colcon.colcon_core.verb:set package 'raspimouse_launch' build argument 'cmake_target_skip_unavailable' from command line to 'False'
[3.555s] Level 5:colcon.colcon_core.verb:set package 'raspimouse_launch' build argument 'cmake_clean_cache' from command line to 'False'
[3.555s] Level 5:colcon.colcon_core.verb:set package 'raspimouse_launch' build argument 'cmake_clean_first' from command line to 'False'
[3.556s] Level 5:colcon.colcon_core.verb:set package 'raspimouse_launch' build argument 'cmake_force_configure' from command line to 'False'
[3.556s] Level 5:colcon.colcon_core.verb:set package 'raspimouse_launch' build argument 'ament_cmake_args' from command line to 'None'
[3.556s] Level 5:colcon.colcon_core.verb:set package 'raspimouse_launch' build argument 'catkin_cmake_args' from command line to 'None'
[3.556s] Level 5:colcon.colcon_core.verb:set package 'raspimouse_launch' build argument 'catkin_skip_building_tests' from command line to 'False'
[3.557s] DEBUG:colcon.colcon_core.verb:Building package 'raspimouse_launch' with the following arguments: {'ament_cmake_args': None, 'build_base': '/home/ubuntu/ros2_ws/build/raspimouse_launch', 'catkin_cmake_args': None, 'catkin_skip_building_tests': False, 'cmake_args': None, 'cmake_clean_cache': False, 'cmake_clean_first': False, 'cmake_force_configure': False, 'cmake_target': None, 'cmake_target_skip_unavailable': False, 'install_base': '/home/ubuntu/ros2_ws/install/raspimouse_launch', 'merge_install': False, 'path': '/home/ubuntu/ros2_ws/src/raspimouse_launch', 'symlink_install': False, 'test_result_base': None}
[3.579s] Level 5:colcon.colcon_core.verb:set package 'raspimouse_msgs' build argument 'cmake_args' from command line to 'None'
[3.580s] Level 5:colcon.colcon_core.verb:set package 'raspimouse_msgs' build argument 'cmake_target' from command line to 'None'
[3.580s] Level 5:colcon.colcon_core.verb:set package 'raspimouse_msgs' build argument 'cmake_target_skip_unavailable' from command line to 'False'
[3.580s] Level 5:colcon.colcon_core.verb:set package 'raspimouse_msgs' build argument 'cmake_clean_cache' from command line to 'False'
[3.580s] Level 5:colcon.colcon_core.verb:set package 'raspimouse_msgs' build argument 'cmake_clean_first' from command line to 'False'
[3.581s] Level 5:colcon.colcon_core.verb:set package 'raspimouse_msgs' build argument 'cmake_force_configure' from command line to 'False'
[3.581s] Level 5:colcon.colcon_core.verb:set package 'raspimouse_msgs' build argument 'ament_cmake_args' from command line to 'None'
[3.581s] Level 5:colcon.colcon_core.verb:set package 'raspimouse_msgs' build argument 'catkin_cmake_args' from command line to 'None'
[3.581s] Level 5:colcon.colcon_core.verb:set package 'raspimouse_msgs' build argument 'catkin_skip_building_tests' from command line to 'False'
[3.582s] DEBUG:colcon.colcon_core.verb:Building package 'raspimouse_msgs' with the following arguments: {'ament_cmake_args': None, 'build_base': '/home/ubuntu/ros2_ws/build/raspimouse_msgs', 'catkin_cmake_args': None, 'catkin_skip_building_tests': False, 'cmake_args': None, 'cmake_clean_cache': False, 'cmake_clean_first': False, 'cmake_force_configure': False, 'cmake_target': None, 'cmake_target_skip_unavailable': False, 'install_base': '/home/ubuntu/ros2_ws/install/raspimouse_msgs', 'merge_install': False, 'path': '/home/ubuntu/ros2_ws/src/raspimouse_msgs', 'symlink_install': False, 'test_result_base': None}
[3.603s] Level 5:colcon.colcon_core.verb:set package 'raspimouse_ros2' build argument 'cmake_args' from command line to 'None'
[3.604s] Level 5:colcon.colcon_core.verb:set package 'raspimouse_ros2' build argument 'cmake_target' from command line to 'None'
[3.604s] Level 5:colcon.colcon_core.verb:set package 'raspimouse_ros2' build argument 'cmake_target_skip_unavailable' from command line to 'False'
[3.604s] Level 5:colcon.colcon_core.verb:set package 'raspimouse_ros2' build argument 'cmake_clean_cache' from command line to 'False'
[3.604s] Level 5:colcon.colcon_core.verb:set package 'raspimouse_ros2' build argument 'cmake_clean_first' from command line to 'False'
[3.605s] Level 5:colcon.colcon_core.verb:set package 'raspimouse_ros2' build argument 'cmake_force_configure' from command line to 'False'
[3.605s] Level 5:colcon.colcon_core.verb:set package 'raspimouse_ros2' build argument 'ament_cmake_args' from command line to 'None'
[3.605s] Level 5:colcon.colcon_core.verb:set package 'raspimouse_ros2' build argument 'catkin_cmake_args' from command line to 'None'
[3.605s] Level 5:colcon.colcon_core.verb:set package 'raspimouse_ros2' build argument 'catkin_skip_building_tests' from command line to 'False'
[3.606s] DEBUG:colcon.colcon_core.verb:Building package 'raspimouse_ros2' with the following arguments: {'ament_cmake_args': None, 'build_base': '/home/ubuntu/ros2_ws/build/raspimouse_ros2', 'catkin_cmake_args': None, 'catkin_skip_building_tests': False, 'cmake_args': None, 'cmake_clean_cache': False, 'cmake_clean_first': False, 'cmake_force_configure': False, 'cmake_target': None, 'cmake_target_skip_unavailable': False, 'install_base': '/home/ubuntu/ros2_ws/install/raspimouse_ros2', 'merge_install': False, 'path': '/home/ubuntu/ros2_ws/src/raspimouse', 'symlink_install': False, 'test_result_base': None}
[3.608s] INFO:colcon.colcon_core.executor:Executing jobs using 'parallel' executor
[3.622s] DEBUG:colcon.colcon_parallel_executor.executor.parallel:run_until_complete
[3.625s] INFO:colcon.colcon_ros.task.ament_cmake.build:Building ROS package in '/home/ubuntu/ros2_ws/src/raspimouse_launch' with build type 'ament_cmake'
[3.626s] INFO:colcon.colcon_cmake.task.cmake.build:Building CMake package in '/home/ubuntu/ros2_ws/src/raspimouse_launch'
[3.676s] INFO:colcon.colcon_core.plugin_system:Skipping extension 'colcon_core.shell.bat': Not used on non-Windows systems
[3.678s] INFO:colcon.colcon_core.shell:Skip shell extension 'powershell' for command environment: Not usable outside of PowerShell
[3.679s] DEBUG:colcon.colcon_core.shell:Skip shell extension 'dsv' for command environment
[3.713s] DEBUG:colcon.colcon_core.shell:Ignoring prefix path '/opt/ros/foxy'
[3.739s] INFO:colcon.colcon_ros.task.ament_cmake.build:Building ROS package in '/home/ubuntu/ros2_ws/src/raspimouse_msgs' with build type 'ament_cmake'
[3.741s] INFO:colcon.colcon_cmake.task.cmake.build:Building CMake package in '/home/ubuntu/ros2_ws/src/raspimouse_msgs'
[3.747s] INFO:colcon.colcon_core.shell:Skip shell extension 'powershell' for command environment: Not usable outside of PowerShell
[3.748s] DEBUG:colcon.colcon_core.shell:Skip shell extension 'dsv' for command environment
[3.765s] DEBUG:colcon.colcon_core.shell:Ignoring prefix path '/opt/ros/foxy'
[3.782s] INFO:colcon.colcon_ros.task.ament_python.build:Building ROS package in '/home/ubuntu/ros2_ws/src/raspimouse' with build type 'ament_python'
[3.784s] Level 1:colcon.colcon_core.shell:create_environment_hook('raspimouse_ros2', 'ament_prefix_path')
[3.791s] INFO:colcon.colcon_core.shell:Creating environment hook '/home/ubuntu/ros2_ws/install/raspimouse_ros2/share/raspimouse_ros2/hook/ament_prefix_path.ps1'
[3.802s] INFO:colcon.colcon_core.shell:Creating environment descriptor '/home/ubuntu/ros2_ws/install/raspimouse_ros2/share/raspimouse_ros2/hook/ament_prefix_path.dsv'
[3.806s] INFO:colcon.colcon_core.shell:Creating environment hook '/home/ubuntu/ros2_ws/install/raspimouse_ros2/share/raspimouse_ros2/hook/ament_prefix_path.sh'
[3.819s] INFO:colcon.colcon_core.shell:Skip shell extension 'powershell' for command environment: Not usable outside of PowerShell
[3.819s] DEBUG:colcon.colcon_core.shell:Skip shell extension 'dsv' for command environment
[3.836s] DEBUG:colcon.colcon_core.shell:Ignoring prefix path '/opt/ros/foxy'
[3.891s] DEBUG:colcon.colcon_core.event_handler.log_command:Invoking command in '/home/ubuntu/ros2_ws/build/raspimouse_launch': CMAKE_PREFIX_PATH=${CMAKE_PREFIX_PATH}:/home/ubuntu/ros2_ws/install/raspimouse_ros2:/opt/ros/foxy /usr/bin/cmake --build /home/ubuntu/ros2_ws/build/raspimouse_launch -- -j4 -l4
[3.963s] DEBUG:colcon.colcon_core.event_handler.log_command:Invoking command in '/home/ubuntu/ros2_ws/build/raspimouse_msgs': CMAKE_PREFIX_PATH=${CMAKE_PREFIX_PATH}:/home/ubuntu/ros2_ws/install/raspimouse_ros2:/opt/ros/foxy /usr/bin/cmake --build /home/ubuntu/ros2_ws/build/raspimouse_msgs -- -j4 -l4
[6.059s] WARNING:colcon.colcon_ros.task.ament_python.build:Package 'raspimouse_ros2' doesn't explicitly install a marker in the package index (colcon-ros currently does it implicitly but that fallback will be removed in the future)
[6.062s] WARNING:colcon.colcon_ros.task.ament_python.build:Package 'raspimouse_ros2' doesn't explicitly install the 'package.xml' file (colcon-ros currently does it implicitly but that fallback will be removed in the future)
[6.066s] INFO:colcon.colcon_core.task.python.build:Building Python package in '/home/ubuntu/ros2_ws/src/raspimouse'
[6.071s] INFO:colcon.colcon_core.shell:Skip shell extension 'powershell' for command environment: Not usable outside of PowerShell
[6.072s] DEBUG:colcon.colcon_core.shell:Skip shell extension 'dsv' for command environment
[6.089s] DEBUG:colcon.colcon_core.shell:Ignoring prefix path '/opt/ros/foxy'
[6.118s] DEBUG:colcon.colcon_core.event_handler.log_command:Invoked command in '/home/ubuntu/ros2_ws/build/raspimouse_launch' returned '0': CMAKE_PREFIX_PATH=${CMAKE_PREFIX_PATH}:/home/ubuntu/ros2_ws/install/raspimouse_ros2:/opt/ros/foxy /usr/bin/cmake --build /home/ubuntu/ros2_ws/build/raspimouse_launch -- -j4 -l4
[6.169s] DEBUG:colcon.colcon_core.event_handler.log_command:Invoking command in '/home/ubuntu/ros2_ws/src/raspimouse': PYTHONPATH=/home/ubuntu/ros2_ws/install/raspimouse_ros2/lib/python3.8/site-packages:${PYTHONPATH} /usr/bin/python3 setup.py egg_info --egg-base ../../build/raspimouse_ros2 build --build-base /home/ubuntu/ros2_ws/build/raspimouse_ros2/build install --prefix /home/ubuntu/ros2_ws/install/raspimouse_ros2 --record /home/ubuntu/ros2_ws/build/raspimouse_ros2/install.log --single-version-externally-managed
[6.398s] DEBUG:colcon.colcon_core.event_handler.log_command:Invoking command in '/home/ubuntu/ros2_ws/build/raspimouse_launch': CMAKE_PREFIX_PATH=${CMAKE_PREFIX_PATH}:/home/ubuntu/ros2_ws/install/raspimouse_ros2:/opt/ros/foxy /usr/bin/cmake --install /home/ubuntu/ros2_ws/build/raspimouse_launch
[6.520s] Level 1:colcon.colcon_core.environment:create_environment_scripts_only(raspimouse_launch)
[6.534s] DEBUG:colcon.colcon_core.event_handler.log_command:Invoked command in '/home/ubuntu/ros2_ws/build/raspimouse_launch' returned '0': CMAKE_PREFIX_PATH=${CMAKE_PREFIX_PATH}:/home/ubuntu/ros2_ws/install/raspimouse_ros2:/opt/ros/foxy /usr/bin/cmake --install /home/ubuntu/ros2_ws/build/raspimouse_launch
[6.588s] Level 1:colcon.colcon_core.environment:checking '/home/ubuntu/ros2_ws/install/raspimouse_launch' for CMake module files
[6.595s] Level 1:colcon.colcon_core.environment:checking '/home/ubuntu/ros2_ws/install/raspimouse_launch' for CMake config files
[6.597s] Level 1:colcon.colcon_core.shell:create_environment_hook('raspimouse_launch', 'cmake_prefix_path')
[6.603s] INFO:colcon.colcon_core.shell:Creating environment hook '/home/ubuntu/ros2_ws/install/raspimouse_launch/share/raspimouse_launch/hook/cmake_prefix_path.ps1'
[6.608s] INFO:colcon.colcon_core.shell:Creating environment descriptor '/home/ubuntu/ros2_ws/install/raspimouse_launch/share/raspimouse_launch/hook/cmake_prefix_path.dsv'
[6.612s] INFO:colcon.colcon_core.shell:Creating environment hook '/home/ubuntu/ros2_ws/install/raspimouse_launch/share/raspimouse_launch/hook/cmake_prefix_path.sh'
[6.618s] Level 1:colcon.colcon_core.environment:checking '/home/ubuntu/ros2_ws/install/raspimouse_launch/bin'
[6.619s] Level 1:colcon.colcon_core.environment:checking '/home/ubuntu/ros2_ws/install/raspimouse_launch/lib/pkgconfig/raspimouse_launch.pc'
[6.621s] Level 1:colcon.colcon_core.environment:checking '/home/ubuntu/ros2_ws/install/raspimouse_launch/lib/python3.8/site-packages'
[6.627s] INFO:colcon.colcon_core.shell:Creating package script '/home/ubuntu/ros2_ws/install/raspimouse_launch/share/raspimouse_launch/package.ps1'
[6.636s] INFO:colcon.colcon_core.shell:Creating package descriptor '/home/ubuntu/ros2_ws/install/raspimouse_launch/share/raspimouse_launch/package.dsv'
[6.642s] INFO:colcon.colcon_core.shell:Creating package script '/home/ubuntu/ros2_ws/install/raspimouse_launch/share/raspimouse_launch/package.sh'
[6.651s] INFO:colcon.colcon_core.shell:Creating package script '/home/ubuntu/ros2_ws/install/raspimouse_launch/share/raspimouse_launch/package.bash'
[6.659s] INFO:colcon.colcon_core.shell:Creating package script '/home/ubuntu/ros2_ws/install/raspimouse_launch/share/raspimouse_launch/package.zsh'
[6.666s] Level 1:colcon.colcon_core.environment:create_file_with_runtime_dependencies(/home/ubuntu/ros2_ws/install/raspimouse_launch/share/colcon-core/packages/raspimouse_launch)
[6.876s] Level 1:colcon.colcon_core.environment:create_environment_scripts_only(raspimouse_launch)
[6.886s] Level 1:colcon.colcon_core.environment:checking '/home/ubuntu/ros2_ws/install/raspimouse_launch' for CMake module files
[6.894s] Level 1:colcon.colcon_core.environment:checking '/home/ubuntu/ros2_ws/install/raspimouse_launch' for CMake config files
[6.897s] Level 1:colcon.colcon_core.shell:create_environment_hook('raspimouse_launch', 'cmake_prefix_path')
[6.903s] INFO:colcon.colcon_core.shell:Creating environment hook '/home/ubuntu/ros2_ws/install/raspimouse_launch/share/raspimouse_launch/hook/cmake_prefix_path.ps1'
[6.908s] INFO:colcon.colcon_core.shell:Creating environment descriptor '/home/ubuntu/ros2_ws/install/raspimouse_launch/share/raspimouse_launch/hook/cmake_prefix_path.dsv'
[6.913s] INFO:colcon.colcon_core.shell:Creating environment hook '/home/ubuntu/ros2_ws/install/raspimouse_launch/share/raspimouse_launch/hook/cmake_prefix_path.sh'
[6.920s] Level 1:colcon.colcon_core.environment:checking '/home/ubuntu/ros2_ws/install/raspimouse_launch/bin'
[6.921s] Level 1:colcon.colcon_core.environment:checking '/home/ubuntu/ros2_ws/install/raspimouse_launch/lib/pkgconfig/raspimouse_launch.pc'
[6.922s] Level 1:colcon.colcon_core.environment:checking '/home/ubuntu/ros2_ws/install/raspimouse_launch/lib/python3.8/site-packages'
[6.929s] INFO:colcon.colcon_core.shell:Creating package script '/home/ubuntu/ros2_ws/install/raspimouse_launch/share/raspimouse_launch/package.ps1'
[6.934s] INFO:colcon.colcon_core.shell:Creating package descriptor '/home/ubuntu/ros2_ws/install/raspimouse_launch/share/raspimouse_launch/package.dsv'
[6.940s] INFO:colcon.colcon_core.shell:Creating package script '/home/ubuntu/ros2_ws/install/raspimouse_launch/share/raspimouse_launch/package.sh'
[6.945s] INFO:colcon.colcon_core.shell:Creating package script '/home/ubuntu/ros2_ws/install/raspimouse_launch/share/raspimouse_launch/package.bash'
[6.950s] INFO:colcon.colcon_core.shell:Creating package script '/home/ubuntu/ros2_ws/install/raspimouse_launch/share/raspimouse_launch/package.zsh'
[6.954s] Level 1:colcon.colcon_core.environment:create_file_with_runtime_dependencies(/home/ubuntu/ros2_ws/install/raspimouse_launch/share/colcon-core/packages/raspimouse_launch)
[9.094s] Level 1:colcon.colcon_core.environment:checking '/home/ubuntu/ros2_ws/install/raspimouse_ros2' for CMake module files
[9.098s] DEBUG:colcon.colcon_core.event_handler.log_command:Invoked command in '/home/ubuntu/ros2_ws/src/raspimouse' returned '0': PYTHONPATH=/home/ubuntu/ros2_ws/install/raspimouse_ros2/lib/python3.8/site-packages:${PYTHONPATH} /usr/bin/python3 setup.py egg_info --egg-base ../../build/raspimouse_ros2 build --build-base /home/ubuntu/ros2_ws/build/raspimouse_ros2/build install --prefix /home/ubuntu/ros2_ws/install/raspimouse_ros2 --record /home/ubuntu/ros2_ws/build/raspimouse_ros2/install.log --single-version-externally-managed
[9.102s] Level 1:colcon.colcon_core.environment:checking '/home/ubuntu/ros2_ws/install/raspimouse_ros2' for CMake config files
[9.108s] Level 1:colcon.colcon_core.environment:checking '/home/ubuntu/ros2_ws/install/raspimouse_ros2/lib'
[9.112s] Level 1:colcon.colcon_core.environment:checking '/home/ubuntu/ros2_ws/install/raspimouse_ros2/bin'
[9.112s] Level 1:colcon.colcon_core.environment:checking '/home/ubuntu/ros2_ws/install/raspimouse_ros2/lib/pkgconfig/raspimouse_ros2.pc'
[9.113s] Level 1:colcon.colcon_core.environment:checking '/home/ubuntu/ros2_ws/install/raspimouse_ros2/lib/python3.8/site-packages'
[9.114s] Level 1:colcon.colcon_core.shell:create_environment_hook('raspimouse_ros2', 'pythonpath')
[9.119s] INFO:colcon.colcon_core.shell:Creating environment hook '/home/ubuntu/ros2_ws/install/raspimouse_ros2/share/raspimouse_ros2/hook/pythonpath.ps1'
[9.123s] INFO:colcon.colcon_core.shell:Creating environment descriptor '/home/ubuntu/ros2_ws/install/raspimouse_ros2/share/raspimouse_ros2/hook/pythonpath.dsv'
[9.126s] INFO:colcon.colcon_core.shell:Creating environment hook '/home/ubuntu/ros2_ws/install/raspimouse_ros2/share/raspimouse_ros2/hook/pythonpath.sh'
[9.130s] Level 1:colcon.colcon_core.environment:create_environment_scripts_only(raspimouse_ros2)
[9.136s] INFO:colcon.colcon_core.shell:Creating package script '/home/ubuntu/ros2_ws/install/raspimouse_ros2/share/raspimouse_ros2/package.ps1'
[9.140s] INFO:colcon.colcon_core.shell:Creating package descriptor '/home/ubuntu/ros2_ws/install/raspimouse_ros2/share/raspimouse_ros2/package.dsv'
[9.144s] INFO:colcon.colcon_core.shell:Creating package script '/home/ubuntu/ros2_ws/install/raspimouse_ros2/share/raspimouse_ros2/package.sh'
[9.148s] INFO:colcon.colcon_core.shell:Creating package script '/home/ubuntu/ros2_ws/install/raspimouse_ros2/share/raspimouse_ros2/package.bash'
[9.151s] INFO:colcon.colcon_core.shell:Creating package script '/home/ubuntu/ros2_ws/install/raspimouse_ros2/share/raspimouse_ros2/package.zsh'
[9.155s] Level 1:colcon.colcon_core.environment:create_file_with_runtime_dependencies(/home/ubuntu/ros2_ws/install/raspimouse_ros2/share/colcon-core/packages/raspimouse_ros2)
[67.413s] DEBUG:colcon.colcon_core.event_handler.log_command:Invoked command in '/home/ubuntu/ros2_ws/build/raspimouse_msgs' returned '2': CMAKE_PREFIX_PATH=${CMAKE_PREFIX_PATH}:/home/ubuntu/ros2_ws/install/raspimouse_ros2:/opt/ros/foxy /usr/bin/cmake --build /home/ubuntu/ros2_ws/build/raspimouse_msgs -- -j4 -l4
[69.012s] Level 1:colcon.colcon_core.environment:create_environment_scripts_only(raspimouse_msgs)
[69.019s] Level 1:colcon.colcon_core.environment:checking '/home/ubuntu/ros2_ws/install/raspimouse_msgs' for CMake module files
[69.026s] Level 1:colcon.colcon_core.environment:checking '/home/ubuntu/ros2_ws/install/raspimouse_msgs' for CMake config files
[69.034s] Level 1:colcon.colcon_core.shell:create_environment_hook('raspimouse_msgs', 'cmake_prefix_path')
[69.038s] INFO:colcon.colcon_core.shell:Creating environment hook '/home/ubuntu/ros2_ws/install/raspimouse_msgs/share/raspimouse_msgs/hook/cmake_prefix_path.ps1'
[69.041s] INFO:colcon.colcon_core.shell:Creating environment descriptor '/home/ubuntu/ros2_ws/install/raspimouse_msgs/share/raspimouse_msgs/hook/cmake_prefix_path.dsv'
[69.045s] INFO:colcon.colcon_core.shell:Creating environment hook '/home/ubuntu/ros2_ws/install/raspimouse_msgs/share/raspimouse_msgs/hook/cmake_prefix_path.sh'
[69.049s] Level 1:colcon.colcon_core.environment:checking '/home/ubuntu/ros2_ws/install/raspimouse_msgs/lib'
[69.050s] Level 1:colcon.colcon_core.shell:create_environment_hook('raspimouse_msgs', 'ld_library_path_lib')
[69.054s] INFO:colcon.colcon_core.shell:Creating environment hook '/home/ubuntu/ros2_ws/install/raspimouse_msgs/share/raspimouse_msgs/hook/ld_library_path_lib.ps1'
[69.057s] INFO:colcon.colcon_core.shell:Creating environment descriptor '/home/ubuntu/ros2_ws/install/raspimouse_msgs/share/raspimouse_msgs/hook/ld_library_path_lib.dsv'
[69.060s] INFO:colcon.colcon_core.shell:Creating environment hook '/home/ubuntu/ros2_ws/install/raspimouse_msgs/share/raspimouse_msgs/hook/ld_library_path_lib.sh'
[69.063s] Level 1:colcon.colcon_core.environment:checking '/home/ubuntu/ros2_ws/install/raspimouse_msgs/bin'
[69.064s] Level 1:colcon.colcon_core.environment:checking '/home/ubuntu/ros2_ws/install/raspimouse_msgs/lib/pkgconfig/raspimouse_msgs.pc'
[69.065s] Level 1:colcon.colcon_core.environment:checking '/home/ubuntu/ros2_ws/install/raspimouse_msgs/lib/python3.8/site-packages'
[69.065s] Level 1:colcon.colcon_core.shell:create_environment_hook('raspimouse_msgs', 'pythonpath')
[69.069s] INFO:colcon.colcon_core.shell:Creating environment hook '/home/ubuntu/ros2_ws/install/raspimouse_msgs/share/raspimouse_msgs/hook/pythonpath.ps1'
[69.072s] INFO:colcon.colcon_core.shell:Creating environment descriptor '/home/ubuntu/ros2_ws/install/raspimouse_msgs/share/raspimouse_msgs/hook/pythonpath.dsv'
[69.075s] INFO:colcon.colcon_core.shell:Creating environment hook '/home/ubuntu/ros2_ws/install/raspimouse_msgs/share/raspimouse_msgs/hook/pythonpath.sh'
[69.083s] INFO:colcon.colcon_core.shell:Creating package script '/home/ubuntu/ros2_ws/install/raspimouse_msgs/share/raspimouse_msgs/package.ps1'
[69.088s] INFO:colcon.colcon_core.shell:Creating package descriptor '/home/ubuntu/ros2_ws/install/raspimouse_msgs/share/raspimouse_msgs/package.dsv'
[69.093s] INFO:colcon.colcon_core.shell:Creating package script '/home/ubuntu/ros2_ws/install/raspimouse_msgs/share/raspimouse_msgs/package.sh'
[69.098s] INFO:colcon.colcon_core.shell:Creating package script '/home/ubuntu/ros2_ws/install/raspimouse_msgs/share/raspimouse_msgs/package.bash'
[69.102s] INFO:colcon.colcon_core.shell:Creating package script '/home/ubuntu/ros2_ws/install/raspimouse_msgs/share/raspimouse_msgs/package.zsh'
[69.105s] Level 1:colcon.colcon_core.environment:create_file_with_runtime_dependencies(/home/ubuntu/ros2_ws/install/raspimouse_msgs/share/colcon-core/packages/raspimouse_msgs)
[69.118s] DEBUG:colcon.colcon_parallel_executor.executor.parallel:closing loop
[69.119s] DEBUG:colcon.colcon_parallel_executor.executor.parallel:loop closed
[69.120s] DEBUG:colcon.colcon_parallel_executor.executor.parallel:run_until_complete finished with '2'
[69.121s] DEBUG:colcon.colcon_core.event_reactor:joining thread
[69.442s] INFO:colcon.colcon_core.plugin_system:Skipping extension 'colcon_notification.desktop_notification.notify_send': Could not find 'notify-send'
[69.443s] INFO:colcon.colcon_core.plugin_system:Skipping extension 'colcon_notification.desktop_notification.terminal_notifier': Not used on non-Darwin systems
[69.444s] INFO:colcon.colcon_core.plugin_system:Skipping extension 'colcon_notification.desktop_notification.win32': Not used on non-Windows systems
[69.445s] INFO:colcon.colcon_notification.desktop_notification:Sending desktop notification using 'notify2'
[69.451s] DEBUG:colcon.colcon_notification.desktop_notification.notify2:Failed to initialize notify2: org.freedesktop.DBus.Error.ServiceUnknown: The name org.freedesktop.Notifications was not provided by any .service files
[69.452s] DEBUG:colcon.colcon_core.event_reactor:joined thread
[69.456s] INFO:colcon.colcon_core.shell:Creating prefix script '/home/ubuntu/ros2_ws/install/local_setup.ps1'
[69.467s] INFO:colcon.colcon_core.shell:Creating prefix util module '/home/ubuntu/ros2_ws/install/_local_setup_util_ps1.py'
[69.478s] INFO:colcon.colcon_core.shell:Creating prefix chain script '/home/ubuntu/ros2_ws/install/setup.ps1'
[69.500s] INFO:colcon.colcon_core.shell:Creating prefix script '/home/ubuntu/ros2_ws/install/local_setup.sh'
[69.513s] INFO:colcon.colcon_core.shell:Creating prefix util module '/home/ubuntu/ros2_ws/install/_local_setup_util_sh.py'
[69.519s] INFO:colcon.colcon_core.shell:Creating prefix chain script '/home/ubuntu/ros2_ws/install/setup.sh'
[69.541s] INFO:colcon.colcon_core.shell:Creating prefix script '/home/ubuntu/ros2_ws/install/local_setup.bash'
[69.547s] INFO:colcon.colcon_core.shell:Creating prefix chain script '/home/ubuntu/ros2_ws/install/setup.bash'
[69.570s] INFO:colcon.colcon_core.shell:Creating prefix script '/home/ubuntu/ros2_ws/install/local_setup.zsh'
[69.575s] INFO:colcon.colcon_core.shell:Creating prefix chain script '/home/ubuntu/ros2_ws/install/setup.zsh'
