[4.430s] DEBUG:colcon:Command line arguments: ['/usr/bin/colcon', 'build']
[4.431s] DEBUG:colcon:Parsed command line arguments: Namespace(ament_cmake_args=None, base_paths=['.'], build_base='build', catkin_cmake_args=None, catkin_skip_building_tests=False, cmake_args=None, cmake_clean_cache=False, cmake_clean_first=False, cmake_force_configure=False, cmake_target=None, cmake_target_skip_unavailable=False, continue_on_error=False, event_handlers=None, executor='parallel', ignore_user_meta=False, install_base='install', log_base=None, log_level=None, main=<bound method BuildVerb.main of <colcon_core.verb.build.BuildVerb object at 0xffff8a7dc610>>, merge_install=False, metas=['./colcon.meta'], packages_above=None, packages_above_and_dependencies=None, packages_above_depth=None, packages_end=None, packages_ignore=None, packages_ignore_regex=None, packages_select=None, packages_select_build_failed=False, packages_select_by_dep=None, packages_select_regex=None, packages_select_test_failures=False, packages_skip=None, packages_skip_build_finished=False, packages_skip_by_dep=None, packages_skip_regex=None, packages_skip_test_passed=False, packages_skip_up_to=None, packages_start=None, packages_up_to=None, packages_up_to_regex=None, parallel_workers=4, paths=None, symlink_install=False, test_result_base=None, verb_extension=<colcon_core.verb.build.BuildVerb object at 0xffff8a7dc610>, verb_name='build', verb_parser=<colcon_defaults.argument_parser.defaults.DefaultArgumentsDecorator object at 0xffff8a7dcb50>)
[4.528s] Level 1:colcon.colcon_core.package_discovery:discover_packages(colcon_meta) check parameters
[4.530s] Level 1:colcon.colcon_core.package_discovery:discover_packages(recursive) check parameters
[4.530s] Level 1:colcon.colcon_core.package_discovery:discover_packages(ignore) check parameters
[4.531s] Level 1:colcon.colcon_core.package_discovery:discover_packages(path) check parameters
[4.532s] Level 1:colcon.colcon_core.package_discovery:discover_packages(colcon_meta) discover
[4.533s] Level 1:colcon.colcon_core.package_discovery:discover_packages(recursive) discover
[4.533s] INFO:colcon.colcon_core.package_discovery:Crawling recursively for packages in '/home/ubuntu/ros2_ws'
[4.535s] Level 1:colcon.colcon_core.package_identification:_identify(.) by extensions ['ignore', 'ignore_ament_install']
[4.536s] Level 1:colcon.colcon_core.package_identification:_identify(.) by extension 'ignore'
[4.537s] Level 1:colcon.colcon_core.package_identification:_identify(.) by extension 'ignore_ament_install'
[4.538s] Level 1:colcon.colcon_core.package_identification:_identify(.) by extensions ['colcon_pkg']
[4.539s] Level 1:colcon.colcon_core.package_identification:_identify(.) by extension 'colcon_pkg'
[4.539s] Level 1:colcon.colcon_core.package_identification:_identify(.) by extensions ['colcon_meta']
[4.540s] Level 1:colcon.colcon_core.package_identification:_identify(.) by extension 'colcon_meta'
[4.541s] Level 1:colcon.colcon_core.package_identification:_identify(.) by extensions ['ros']
[4.541s] Level 1:colcon.colcon_core.package_identification:_identify(.) by extension 'ros'
[4.698s] Level 1:colcon.colcon_core.package_identification:_identify(.) by extensions ['cmake', 'python']
[4.699s] Level 1:colcon.colcon_core.package_identification:_identify(.) by extension 'cmake'
[4.700s] Level 1:colcon.colcon_core.package_identification:_identify(.) by extension 'python'
[4.700s] Level 1:colcon.colcon_core.package_identification:_identify(.) by extensions ['python_setup_py']
[4.701s] Level 1:colcon.colcon_core.package_identification:_identify(.) by extension 'python_setup_py'
[4.703s] Level 1:colcon.colcon_core.package_identification:_identify(build) by extensions ['ignore', 'ignore_ament_install']
[4.704s] Level 1:colcon.colcon_core.package_identification:_identify(build) by extension 'ignore'
[4.705s] Level 1:colcon.colcon_core.package_identification:_identify(build) ignored
[4.707s] Level 1:colcon.colcon_core.package_identification:_identify(install) by extensions ['ignore', 'ignore_ament_install']
[4.708s] Level 1:colcon.colcon_core.package_identification:_identify(install) by extension 'ignore'
[4.709s] Level 1:colcon.colcon_core.package_identification:_identify(install) ignored
[4.713s] Level 1:colcon.colcon_core.package_identification:_identify(log) by extensions ['ignore', 'ignore_ament_install']
[4.714s] Level 1:colcon.colcon_core.package_identification:_identify(log) by extension 'ignore'
[4.715s] Level 1:colcon.colcon_core.package_identification:_identify(log) ignored
[4.716s] Level 1:colcon.colcon_core.package_identification:_identify(src) by extensions ['ignore', 'ignore_ament_install']
[4.718s] Level 1:colcon.colcon_core.package_identification:_identify(src) by extension 'ignore'
[4.718s] Level 1:colcon.colcon_core.package_identification:_identify(src) by extension 'ignore_ament_install'
[4.720s] Level 1:colcon.colcon_core.package_identification:_identify(src) by extensions ['colcon_pkg']
[4.720s] Level 1:colcon.colcon_core.package_identification:_identify(src) by extension 'colcon_pkg'
[4.721s] Level 1:colcon.colcon_core.package_identification:_identify(src) by extensions ['colcon_meta']
[4.722s] Level 1:colcon.colcon_core.package_identification:_identify(src) by extension 'colcon_meta'
[4.722s] Level 1:colcon.colcon_core.package_identification:_identify(src) by extensions ['ros']
[4.723s] Level 1:colcon.colcon_core.package_identification:_identify(src) by extension 'ros'
[4.725s] Level 1:colcon.colcon_core.package_identification:_identify(src) by extensions ['cmake', 'python']
[4.725s] Level 1:colcon.colcon_core.package_identification:_identify(src) by extension 'cmake'
[4.726s] Level 1:colcon.colcon_core.package_identification:_identify(src) by extension 'python'
[4.727s] Level 1:colcon.colcon_core.package_identification:_identify(src) by extensions ['python_setup_py']
[4.728s] Level 1:colcon.colcon_core.package_identification:_identify(src) by extension 'python_setup_py'
[4.729s] Level 1:colcon.colcon_core.package_identification:_identify(src/light_sensor_values) by extensions ['ignore', 'ignore_ament_install']
[4.731s] Level 1:colcon.colcon_core.package_identification:_identify(src/light_sensor_values) by extension 'ignore'
[4.732s] Level 1:colcon.colcon_core.package_identification:_identify(src/light_sensor_values) by extension 'ignore_ament_install'
[4.733s] Level 1:colcon.colcon_core.package_identification:_identify(src/light_sensor_values) by extensions ['colcon_pkg']
[4.733s] Level 1:colcon.colcon_core.package_identification:_identify(src/light_sensor_values) by extension 'colcon_pkg'
[4.734s] Level 1:colcon.colcon_core.package_identification:_identify(src/light_sensor_values) by extensions ['colcon_meta']
[4.735s] Level 1:colcon.colcon_core.package_identification:_identify(src/light_sensor_values) by extension 'colcon_meta'
[4.736s] Level 1:colcon.colcon_core.package_identification:_identify(src/light_sensor_values) by extensions ['ros']
[4.736s] Level 1:colcon.colcon_core.package_identification:_identify(src/light_sensor_values) by extension 'ros'
[4.768s] DEBUG:colcon.colcon_core.package_identification:Package 'src/light_sensor_values' with type 'ros.ament_cmake' and name 'light_sensor_values'
[4.769s] Level 1:colcon.colcon_core.package_identification:_identify(src/raspimouse) by extensions ['ignore', 'ignore_ament_install']
[4.770s] Level 1:colcon.colcon_core.package_identification:_identify(src/raspimouse) by extension 'ignore'
[4.771s] Level 1:colcon.colcon_core.package_identification:_identify(src/raspimouse) by extension 'ignore_ament_install'
[4.773s] Level 1:colcon.colcon_core.package_identification:_identify(src/raspimouse) by extensions ['colcon_pkg']
[4.773s] Level 1:colcon.colcon_core.package_identification:_identify(src/raspimouse) by extension 'colcon_pkg'
[4.774s] Level 1:colcon.colcon_core.package_identification:_identify(src/raspimouse) by extensions ['colcon_meta']
[4.775s] Level 1:colcon.colcon_core.package_identification:_identify(src/raspimouse) by extension 'colcon_meta'
[4.776s] Level 1:colcon.colcon_core.package_identification:_identify(src/raspimouse) by extensions ['ros']
[4.776s] Level 1:colcon.colcon_core.package_identification:_identify(src/raspimouse) by extension 'ros'
[4.785s] DEBUG:colcon.colcon_core.package_identification:Package 'src/raspimouse' with type 'ros.ament_python' and name 'raspimouse'
[4.786s] Level 1:colcon.colcon_core.package_discovery:discover_packages(recursive) using defaults
[4.786s] Level 1:colcon.colcon_core.package_discovery:discover_packages(ignore) discover
[4.787s] Level 1:colcon.colcon_core.package_discovery:discover_packages(ignore) using defaults
[4.787s] Level 1:colcon.colcon_core.package_discovery:discover_packages(path) discover
[4.788s] Level 1:colcon.colcon_core.package_discovery:discover_packages(path) using defaults
[5.030s] Level 5:colcon.colcon_core.verb:set package 'light_sensor_values' build argument 'cmake_args' from command line to 'None'
[5.030s] Level 5:colcon.colcon_core.verb:set package 'light_sensor_values' build argument 'cmake_target' from command line to 'None'
[5.031s] Level 5:colcon.colcon_core.verb:set package 'light_sensor_values' build argument 'cmake_target_skip_unavailable' from command line to 'False'
[5.032s] Level 5:colcon.colcon_core.verb:set package 'light_sensor_values' build argument 'cmake_clean_cache' from command line to 'False'
[5.032s] Level 5:colcon.colcon_core.verb:set package 'light_sensor_values' build argument 'cmake_clean_first' from command line to 'False'
[5.033s] Level 5:colcon.colcon_core.verb:set package 'light_sensor_values' build argument 'cmake_force_configure' from command line to 'False'
[5.033s] Level 5:colcon.colcon_core.verb:set package 'light_sensor_values' build argument 'ament_cmake_args' from command line to 'None'
[5.034s] Level 5:colcon.colcon_core.verb:set package 'light_sensor_values' build argument 'catkin_cmake_args' from command line to 'None'
[5.034s] Level 5:colcon.colcon_core.verb:set package 'light_sensor_values' build argument 'catkin_skip_building_tests' from command line to 'False'
[5.035s] DEBUG:colcon.colcon_core.verb:Building package 'light_sensor_values' with the following arguments: {'ament_cmake_args': None, 'build_base': '/home/ubuntu/ros2_ws/build/light_sensor_values', 'catkin_cmake_args': None, 'catkin_skip_building_tests': False, 'cmake_args': None, 'cmake_clean_cache': False, 'cmake_clean_first': False, 'cmake_force_configure': False, 'cmake_target': None, 'cmake_target_skip_unavailable': False, 'install_base': '/home/ubuntu/ros2_ws/install/light_sensor_values', 'merge_install': False, 'path': '/home/ubuntu/ros2_ws/src/light_sensor_values', 'symlink_install': False, 'test_result_base': None}
[5.059s] Level 5:colcon.colcon_core.verb:set package 'raspimouse' build argument 'cmake_args' from command line to 'None'
[5.060s] Level 5:colcon.colcon_core.verb:set package 'raspimouse' build argument 'cmake_target' from command line to 'None'
[5.060s] Level 5:colcon.colcon_core.verb:set package 'raspimouse' build argument 'cmake_target_skip_unavailable' from command line to 'False'
[5.061s] Level 5:colcon.colcon_core.verb:set package 'raspimouse' build argument 'cmake_clean_cache' from command line to 'False'
[5.061s] Level 5:colcon.colcon_core.verb:set package 'raspimouse' build argument 'cmake_clean_first' from command line to 'False'
[5.062s] Level 5:colcon.colcon_core.verb:set package 'raspimouse' build argument 'cmake_force_configure' from command line to 'False'
[5.062s] Level 5:colcon.colcon_core.verb:set package 'raspimouse' build argument 'ament_cmake_args' from command line to 'None'
[5.062s] Level 5:colcon.colcon_core.verb:set package 'raspimouse' build argument 'catkin_cmake_args' from command line to 'None'
[5.063s] Level 5:colcon.colcon_core.verb:set package 'raspimouse' build argument 'catkin_skip_building_tests' from command line to 'False'
[5.064s] DEBUG:colcon.colcon_core.verb:Building package 'raspimouse' with the following arguments: {'ament_cmake_args': None, 'build_base': '/home/ubuntu/ros2_ws/build/raspimouse', 'catkin_cmake_args': None, 'catkin_skip_building_tests': False, 'cmake_args': None, 'cmake_clean_cache': False, 'cmake_clean_first': False, 'cmake_force_configure': False, 'cmake_target': None, 'cmake_target_skip_unavailable': False, 'install_base': '/home/ubuntu/ros2_ws/install/raspimouse', 'merge_install': False, 'path': '/home/ubuntu/ros2_ws/src/raspimouse', 'symlink_install': False, 'test_result_base': None}
[5.067s] INFO:colcon.colcon_core.executor:Executing jobs using 'parallel' executor
[5.084s] DEBUG:colcon.colcon_parallel_executor.executor.parallel:run_until_complete
[5.087s] INFO:colcon.colcon_ros.task.ament_cmake.build:Building ROS package in '/home/ubuntu/ros2_ws/src/light_sensor_values' with build type 'ament_cmake'
[5.089s] INFO:colcon.colcon_cmake.task.cmake.build:Building CMake package in '/home/ubuntu/ros2_ws/src/light_sensor_values'
[5.156s] INFO:colcon.colcon_core.plugin_system:Skipping extension 'colcon_core.shell.bat': Not used on non-Windows systems
[5.160s] INFO:colcon.colcon_core.shell:Skip shell extension 'powershell' for command environment: Not usable outside of PowerShell
[5.161s] DEBUG:colcon.colcon_core.shell:Skip shell extension 'dsv' for command environment
[5.207s] DEBUG:colcon.colcon_core.shell:Ignoring prefix path '/opt/ros/foxy'
[5.308s] DEBUG:colcon.colcon_core.event_handler.log_command:Invoking command in '/home/ubuntu/ros2_ws/build/light_sensor_values': CMAKE_PREFIX_PATH=${CMAKE_PREFIX_PATH}:/home/ubuntu/ros2_ws/install/raspimouse:/opt/ros/foxy /usr/bin/cmake --build /home/ubuntu/ros2_ws/build/light_sensor_values -- -j4 -l4
[9.117s] DEBUG:colcon.colcon_core.event_handler.log_command:Invoked command in '/home/ubuntu/ros2_ws/build/light_sensor_values' returned '0': CMAKE_PREFIX_PATH=${CMAKE_PREFIX_PATH}:/home/ubuntu/ros2_ws/install/raspimouse:/opt/ros/foxy /usr/bin/cmake --build /home/ubuntu/ros2_ws/build/light_sensor_values -- -j4 -l4
[9.740s] DEBUG:colcon.colcon_core.event_handler.log_command:Invoking command in '/home/ubuntu/ros2_ws/build/light_sensor_values': CMAKE_PREFIX_PATH=${CMAKE_PREFIX_PATH}:/home/ubuntu/ros2_ws/install/raspimouse:/opt/ros/foxy /usr/bin/cmake --install /home/ubuntu/ros2_ws/build/light_sensor_values
[10.925s] Level 1:colcon.colcon_core.environment:create_environment_scripts_only(light_sensor_values)
[10.932s] DEBUG:colcon.colcon_core.event_handler.log_command:Invoked command in '/home/ubuntu/ros2_ws/build/light_sensor_values' returned '0': CMAKE_PREFIX_PATH=${CMAKE_PREFIX_PATH}:/home/ubuntu/ros2_ws/install/raspimouse:/opt/ros/foxy /usr/bin/cmake --install /home/ubuntu/ros2_ws/build/light_sensor_values
[11.018s] Level 1:colcon.colcon_core.environment:checking '/home/ubuntu/ros2_ws/install/light_sensor_values' for CMake module files
[11.030s] Level 1:colcon.colcon_core.environment:checking '/home/ubuntu/ros2_ws/install/light_sensor_values' for CMake config files
[11.039s] Level 1:colcon.colcon_core.shell:create_environment_hook('light_sensor_values', 'cmake_prefix_path')
[11.047s] INFO:colcon.colcon_core.shell:Creating environment hook '/home/ubuntu/ros2_ws/install/light_sensor_values/share/light_sensor_values/hook/cmake_prefix_path.ps1'
[11.060s] INFO:colcon.colcon_core.shell:Creating environment descriptor '/home/ubuntu/ros2_ws/install/light_sensor_values/share/light_sensor_values/hook/cmake_prefix_path.dsv'
[11.071s] INFO:colcon.colcon_core.shell:Creating environment hook '/home/ubuntu/ros2_ws/install/light_sensor_values/share/light_sensor_values/hook/cmake_prefix_path.sh'
[11.351s] Level 1:colcon.colcon_core.environment:checking '/home/ubuntu/ros2_ws/install/light_sensor_values/lib'
[11.355s] Level 1:colcon.colcon_core.shell:create_environment_hook('light_sensor_values', 'ld_library_path_lib')
[11.361s] INFO:colcon.colcon_core.shell:Creating environment hook '/home/ubuntu/ros2_ws/install/light_sensor_values/share/light_sensor_values/hook/ld_library_path_lib.ps1'
[11.366s] INFO:colcon.colcon_core.shell:Creating environment descriptor '/home/ubuntu/ros2_ws/install/light_sensor_values/share/light_sensor_values/hook/ld_library_path_lib.dsv'
[11.371s] INFO:colcon.colcon_core.shell:Creating environment hook '/home/ubuntu/ros2_ws/install/light_sensor_values/share/light_sensor_values/hook/ld_library_path_lib.sh'
[11.376s] Level 1:colcon.colcon_core.environment:checking '/home/ubuntu/ros2_ws/install/light_sensor_values/bin'
[11.377s] Level 1:colcon.colcon_core.environment:checking '/home/ubuntu/ros2_ws/install/light_sensor_values/lib/pkgconfig/light_sensor_values.pc'
[11.378s] Level 1:colcon.colcon_core.environment:checking '/home/ubuntu/ros2_ws/install/light_sensor_values/lib/python3.8/site-packages'
[11.380s] Level 1:colcon.colcon_core.shell:create_environment_hook('light_sensor_values', 'pythonpath')
[11.386s] INFO:colcon.colcon_core.shell:Creating environment hook '/home/ubuntu/ros2_ws/install/light_sensor_values/share/light_sensor_values/hook/pythonpath.ps1'
[11.393s] INFO:colcon.colcon_core.shell:Creating environment descriptor '/home/ubuntu/ros2_ws/install/light_sensor_values/share/light_sensor_values/hook/pythonpath.dsv'
[11.398s] INFO:colcon.colcon_core.shell:Creating environment hook '/home/ubuntu/ros2_ws/install/light_sensor_values/share/light_sensor_values/hook/pythonpath.sh'
[11.409s] INFO:colcon.colcon_core.shell:Creating package script '/home/ubuntu/ros2_ws/install/light_sensor_values/share/light_sensor_values/package.ps1'
[11.424s] INFO:colcon.colcon_core.shell:Creating package descriptor '/home/ubuntu/ros2_ws/install/light_sensor_values/share/light_sensor_values/package.dsv'
[11.437s] INFO:colcon.colcon_core.shell:Creating package script '/home/ubuntu/ros2_ws/install/light_sensor_values/share/light_sensor_values/package.sh'
[11.449s] INFO:colcon.colcon_core.shell:Creating package script '/home/ubuntu/ros2_ws/install/light_sensor_values/share/light_sensor_values/package.bash'
[11.463s] INFO:colcon.colcon_core.shell:Creating package script '/home/ubuntu/ros2_ws/install/light_sensor_values/share/light_sensor_values/package.zsh'
[11.475s] Level 1:colcon.colcon_core.environment:create_file_with_runtime_dependencies(/home/ubuntu/ros2_ws/install/light_sensor_values/share/colcon-core/packages/light_sensor_values)
[12.030s] Level 1:colcon.colcon_core.environment:create_environment_scripts_only(light_sensor_values)
[12.039s] Level 1:colcon.colcon_core.environment:checking '/home/ubuntu/ros2_ws/install/light_sensor_values' for CMake module files
[12.048s] Level 1:colcon.colcon_core.environment:checking '/home/ubuntu/ros2_ws/install/light_sensor_values' for CMake config files
[12.053s] Level 1:colcon.colcon_core.shell:create_environment_hook('light_sensor_values', 'cmake_prefix_path')
[12.058s] INFO:colcon.colcon_core.shell:Creating environment hook '/home/ubuntu/ros2_ws/install/light_sensor_values/share/light_sensor_values/hook/cmake_prefix_path.ps1'
[12.069s] INFO:colcon.colcon_core.shell:Creating environment descriptor '/home/ubuntu/ros2_ws/install/light_sensor_values/share/light_sensor_values/hook/cmake_prefix_path.dsv'
[12.074s] INFO:colcon.colcon_core.shell:Creating environment hook '/home/ubuntu/ros2_ws/install/light_sensor_values/share/light_sensor_values/hook/cmake_prefix_path.sh'
[12.080s] Level 1:colcon.colcon_core.environment:checking '/home/ubuntu/ros2_ws/install/light_sensor_values/lib'
[12.082s] Level 1:colcon.colcon_core.shell:create_environment_hook('light_sensor_values', 'ld_library_path_lib')
[12.087s] INFO:colcon.colcon_core.shell:Creating environment hook '/home/ubuntu/ros2_ws/install/light_sensor_values/share/light_sensor_values/hook/ld_library_path_lib.ps1'
[12.091s] INFO:colcon.colcon_core.shell:Creating environment descriptor '/home/ubuntu/ros2_ws/install/light_sensor_values/share/light_sensor_values/hook/ld_library_path_lib.dsv'
[12.095s] INFO:colcon.colcon_core.shell:Creating environment hook '/home/ubuntu/ros2_ws/install/light_sensor_values/share/light_sensor_values/hook/ld_library_path_lib.sh'
[12.099s] Level 1:colcon.colcon_core.environment:checking '/home/ubuntu/ros2_ws/install/light_sensor_values/bin'
[12.100s] Level 1:colcon.colcon_core.environment:checking '/home/ubuntu/ros2_ws/install/light_sensor_values/lib/pkgconfig/light_sensor_values.pc'
[12.101s] Level 1:colcon.colcon_core.environment:checking '/home/ubuntu/ros2_ws/install/light_sensor_values/lib/python3.8/site-packages'
[12.102s] Level 1:colcon.colcon_core.shell:create_environment_hook('light_sensor_values', 'pythonpath')
[12.108s] INFO:colcon.colcon_core.shell:Creating environment hook '/home/ubuntu/ros2_ws/install/light_sensor_values/share/light_sensor_values/hook/pythonpath.ps1'
[12.113s] INFO:colcon.colcon_core.shell:Creating environment descriptor '/home/ubuntu/ros2_ws/install/light_sensor_values/share/light_sensor_values/hook/pythonpath.dsv'
[12.117s] INFO:colcon.colcon_core.shell:Creating environment hook '/home/ubuntu/ros2_ws/install/light_sensor_values/share/light_sensor_values/hook/pythonpath.sh'
[12.127s] INFO:colcon.colcon_core.shell:Creating package script '/home/ubuntu/ros2_ws/install/light_sensor_values/share/light_sensor_values/package.ps1'
[12.133s] INFO:colcon.colcon_core.shell:Creating package descriptor '/home/ubuntu/ros2_ws/install/light_sensor_values/share/light_sensor_values/package.dsv'
[12.139s] INFO:colcon.colcon_core.shell:Creating package script '/home/ubuntu/ros2_ws/install/light_sensor_values/share/light_sensor_values/package.sh'
[12.144s] INFO:colcon.colcon_core.shell:Creating package script '/home/ubuntu/ros2_ws/install/light_sensor_values/share/light_sensor_values/package.bash'
[12.148s] INFO:colcon.colcon_core.shell:Creating package script '/home/ubuntu/ros2_ws/install/light_sensor_values/share/light_sensor_values/package.zsh'
[12.153s] Level 1:colcon.colcon_core.environment:create_file_with_runtime_dependencies(/home/ubuntu/ros2_ws/install/light_sensor_values/share/colcon-core/packages/light_sensor_values)
[12.157s] INFO:colcon.colcon_ros.task.ament_python.build:Building ROS package in '/home/ubuntu/ros2_ws/src/raspimouse' with build type 'ament_python'
[12.158s] Level 1:colcon.colcon_core.shell:create_environment_hook('raspimouse', 'ament_prefix_path')
[12.165s] INFO:colcon.colcon_core.shell:Creating environment hook '/home/ubuntu/ros2_ws/install/raspimouse/share/raspimouse/hook/ament_prefix_path.ps1'
[12.688s] INFO:colcon.colcon_core.shell:Creating environment descriptor '/home/ubuntu/ros2_ws/install/raspimouse/share/raspimouse/hook/ament_prefix_path.dsv'
[12.694s] INFO:colcon.colcon_core.shell:Creating environment hook '/home/ubuntu/ros2_ws/install/raspimouse/share/raspimouse/hook/ament_prefix_path.sh'
[12.705s] INFO:colcon.colcon_core.shell:Skip shell extension 'powershell' for command environment: Not usable outside of PowerShell
[12.706s] DEBUG:colcon.colcon_core.shell:Skip shell extension 'dsv' for command environment
[12.732s] DEBUG:colcon.colcon_core.shell:Ignoring prefix path '/opt/ros/foxy'
[17.136s] INFO:colcon.colcon_core.task.python.build:Building Python package in '/home/ubuntu/ros2_ws/src/raspimouse'
[17.143s] INFO:colcon.colcon_core.shell:Skip shell extension 'powershell' for command environment: Not usable outside of PowerShell
[17.144s] DEBUG:colcon.colcon_core.shell:Skip shell extension 'dsv' for command environment
[18.321s] DEBUG:colcon.colcon_core.shell:Ignoring prefix path '/opt/ros/foxy'
[18.441s] DEBUG:colcon.colcon_core.event_handler.log_command:Invoking command in '/home/ubuntu/ros2_ws/src/raspimouse': CMAKE_PREFIX_PATH=/home/ubuntu/ros2_ws/install/light_sensor_values:/home/ubuntu/ros2_ws/install/tutorial_topic:/home/ubuntu/ros2_ws/install/tutorial_package:/home/ubuntu/ros2_ws/install/tutorial_interfaces LD_LIBRARY_PATH=/home/ubuntu/ros2_ws/install/light_sensor_values/lib:/home/ubuntu/ros2_ws/install/tutorial_interfaces/lib:/opt/ros/foxy/opt/yaml_cpp_vendor/lib:/opt/ros/foxy/lib/aarch64-linux-gnu:/opt/ros/foxy/lib PYTHONPATH=/home/ubuntu/ros2_ws/install/raspimouse/lib/python3.8/site-packages:/home/ubuntu/ros2_ws/install/light_sensor_values/lib/python3.8/site-packages:/home/ubuntu/ros2_ws/install/tutorial_interfaces/lib/python3.8/site-packages:/home/ubuntu/ros2_ws/install/raspimouse/lib/python3.8/site-packages:/opt/ros/foxy/lib/python3.8/site-packages /usr/bin/python3 setup.py egg_info --egg-base ../../build/raspimouse build --build-base /home/ubuntu/ros2_ws/build/raspimouse/build install --prefix /home/ubuntu/ros2_ws/install/raspimouse --record /home/ubuntu/ros2_ws/build/raspimouse/install.log --single-version-externally-managed
[24.354s] Level 1:colcon.colcon_core.environment:checking '/home/ubuntu/ros2_ws/install/raspimouse' for CMake module files
[24.359s] DEBUG:colcon.colcon_core.event_handler.log_command:Invoked command in '/home/ubuntu/ros2_ws/src/raspimouse' returned '0': CMAKE_PREFIX_PATH=/home/ubuntu/ros2_ws/install/light_sensor_values:/home/ubuntu/ros2_ws/install/tutorial_topic:/home/ubuntu/ros2_ws/install/tutorial_package:/home/ubuntu/ros2_ws/install/tutorial_interfaces LD_LIBRARY_PATH=/home/ubuntu/ros2_ws/install/light_sensor_values/lib:/home/ubuntu/ros2_ws/install/tutorial_interfaces/lib:/opt/ros/foxy/opt/yaml_cpp_vendor/lib:/opt/ros/foxy/lib/aarch64-linux-gnu:/opt/ros/foxy/lib PYTHONPATH=/home/ubuntu/ros2_ws/install/raspimouse/lib/python3.8/site-packages:/home/ubuntu/ros2_ws/install/light_sensor_values/lib/python3.8/site-packages:/home/ubuntu/ros2_ws/install/tutorial_interfaces/lib/python3.8/site-packages:/home/ubuntu/ros2_ws/install/raspimouse/lib/python3.8/site-packages:/opt/ros/foxy/lib/python3.8/site-packages /usr/bin/python3 setup.py egg_info --egg-base ../../build/raspimouse build --build-base /home/ubuntu/ros2_ws/build/raspimouse/build install --prefix /home/ubuntu/ros2_ws/install/raspimouse --record /home/ubuntu/ros2_ws/build/raspimouse/install.log --single-version-externally-managed
[24.367s] Level 1:colcon.colcon_core.environment:checking '/home/ubuntu/ros2_ws/install/raspimouse' for CMake config files
[24.378s] Level 1:colcon.colcon_core.environment:checking '/home/ubuntu/ros2_ws/install/raspimouse/lib'
[24.379s] Level 1:colcon.colcon_core.environment:checking '/home/ubuntu/ros2_ws/install/raspimouse/bin'
[24.380s] Level 1:colcon.colcon_core.environment:checking '/home/ubuntu/ros2_ws/install/raspimouse/lib/pkgconfig/raspimouse.pc'
[24.382s] Level 1:colcon.colcon_core.environment:checking '/home/ubuntu/ros2_ws/install/raspimouse/lib/python3.8/site-packages'
[24.383s] Level 1:colcon.colcon_core.shell:create_environment_hook('raspimouse', 'pythonpath')
[24.389s] INFO:colcon.colcon_core.shell:Creating environment hook '/home/ubuntu/ros2_ws/install/raspimouse/share/raspimouse/hook/pythonpath.ps1'
[24.399s] INFO:colcon.colcon_core.shell:Creating environment descriptor '/home/ubuntu/ros2_ws/install/raspimouse/share/raspimouse/hook/pythonpath.dsv'
[24.413s] INFO:colcon.colcon_core.shell:Creating environment hook '/home/ubuntu/ros2_ws/install/raspimouse/share/raspimouse/hook/pythonpath.sh'
[24.421s] Level 1:colcon.colcon_core.environment:create_environment_scripts_only(raspimouse)
[24.430s] INFO:colcon.colcon_core.shell:Creating package script '/home/ubuntu/ros2_ws/install/raspimouse/share/raspimouse/package.ps1'
[24.438s] INFO:colcon.colcon_core.shell:Creating package descriptor '/home/ubuntu/ros2_ws/install/raspimouse/share/raspimouse/package.dsv'
[24.452s] INFO:colcon.colcon_core.shell:Creating package script '/home/ubuntu/ros2_ws/install/raspimouse/share/raspimouse/package.sh'
[24.461s] INFO:colcon.colcon_core.shell:Creating package script '/home/ubuntu/ros2_ws/install/raspimouse/share/raspimouse/package.bash'
[24.472s] INFO:colcon.colcon_core.shell:Creating package script '/home/ubuntu/ros2_ws/install/raspimouse/share/raspimouse/package.zsh'
[24.482s] Level 1:colcon.colcon_core.environment:create_file_with_runtime_dependencies(/home/ubuntu/ros2_ws/install/raspimouse/share/colcon-core/packages/raspimouse)
[24.486s] DEBUG:colcon.colcon_parallel_executor.executor.parallel:closing loop
[24.493s] DEBUG:colcon.colcon_parallel_executor.executor.parallel:loop closed
[24.494s] DEBUG:colcon.colcon_parallel_executor.executor.parallel:run_until_complete finished with '0'
[24.495s] DEBUG:colcon.colcon_core.event_reactor:joining thread
[24.704s] INFO:colcon.colcon_core.plugin_system:Skipping extension 'colcon_notification.desktop_notification.notify_send': Could not find 'notify-send'
[24.706s] INFO:colcon.colcon_core.plugin_system:Skipping extension 'colcon_notification.desktop_notification.terminal_notifier': Not used on non-Darwin systems
[24.708s] INFO:colcon.colcon_core.plugin_system:Skipping extension 'colcon_notification.desktop_notification.win32': Not used on non-Windows systems
[24.709s] INFO:colcon.colcon_notification.desktop_notification:Sending desktop notification using 'notify2'
[24.808s] DEBUG:colcon.colcon_notification.desktop_notification.notify2:Failed to initialize notify2: org.freedesktop.DBus.Error.ServiceUnknown: The name org.freedesktop.Notifications was not provided by any .service files
[24.809s] DEBUG:colcon.colcon_core.event_reactor:joined thread
[24.818s] INFO:colcon.colcon_core.shell:Creating prefix script '/home/ubuntu/ros2_ws/install/local_setup.ps1'
[24.851s] INFO:colcon.colcon_core.shell:Creating prefix util module '/home/ubuntu/ros2_ws/install/_local_setup_util_ps1.py'
[24.869s] INFO:colcon.colcon_core.shell:Creating prefix chain script '/home/ubuntu/ros2_ws/install/setup.ps1'
[24.903s] INFO:colcon.colcon_core.shell:Creating prefix script '/home/ubuntu/ros2_ws/install/local_setup.sh'
[24.912s] INFO:colcon.colcon_core.shell:Creating prefix util module '/home/ubuntu/ros2_ws/install/_local_setup_util_sh.py'
[24.919s] INFO:colcon.colcon_core.shell:Creating prefix chain script '/home/ubuntu/ros2_ws/install/setup.sh'
[24.947s] INFO:colcon.colcon_core.shell:Creating prefix script '/home/ubuntu/ros2_ws/install/local_setup.bash'
[24.956s] INFO:colcon.colcon_core.shell:Creating prefix chain script '/home/ubuntu/ros2_ws/install/setup.bash'
[24.983s] INFO:colcon.colcon_core.shell:Creating prefix script '/home/ubuntu/ros2_ws/install/local_setup.zsh'
[24.992s] INFO:colcon.colcon_core.shell:Creating prefix chain script '/home/ubuntu/ros2_ws/install/setup.zsh'
