[0.199s] Invoking command in '/home/ubuntu/ros2_ws/build/light_sensor_values': CMAKE_PREFIX_PATH=${CMAKE_PREFIX_PATH}:/home/ubuntu/ros2_ws/install/raspimouse:/opt/ros/foxy /usr/bin/cmake --build /home/ubuntu/ros2_ws/build/light_sensor_values -- -j4 -l4
[2.181s] [  3%] Built target light_sensor_values__cpp
[2.188s] [ 12%] Built target light_sensor_values__rosidl_generator_c
[2.448s] [ 22%] Built target light_sensor_values__rosidl_typesupport_introspection_cpp
[2.451s] [ 32%] Built target light_sensor_values__rosidl_typesupport_cpp
[2.470s] [ 41%] Built target light_sensor_values__rosidl_typesupport_fastrtps_cpp
[2.683s] [ 51%] Built target light_sensor_values__rosidl_typesupport_c
[2.688s] [ 61%] Built target light_sensor_values__rosidl_typesupport_introspection_c
[2.729s] [ 70%] Built target light_sensor_values__rosidl_typesupport_fastrtps_c
[2.918s] [ 70%] Built target light_sensor_values
[3.120s] [ 74%] Built target light_sensor_values__py
[3.384s] [ 80%] Built target light_sensor_values__python
[3.639s] [ 87%] Built target light_sensor_values__rosidl_typesupport_introspection_c__pyext
[3.662s] [ 93%] Built target light_sensor_values__rosidl_typesupport_c__pyext
[3.675s] [100%] Built target light_sensor_values__rosidl_typesupport_fastrtps_c__pyext
[3.772s] Invoked command in '/home/ubuntu/ros2_ws/build/light_sensor_values' returned '0': CMAKE_PREFIX_PATH=${CMAKE_PREFIX_PATH}:/home/ubuntu/ros2_ws/install/raspimouse:/opt/ros/foxy /usr/bin/cmake --build /home/ubuntu/ros2_ws/build/light_sensor_values -- -j4 -l4
[4.365s] Invoking command in '/home/ubuntu/ros2_ws/build/light_sensor_values': CMAKE_PREFIX_PATH=${CMAKE_PREFIX_PATH}:/home/ubuntu/ros2_ws/install/raspimouse:/opt/ros/foxy /usr/bin/cmake --install /home/ubuntu/ros2_ws/build/light_sensor_values
[4.452s] -- Install configuration: ""
[4.456s] -- Up-to-date: /home/ubuntu/ros2_ws/install/light_sensor_values/share/ament_index/resource_index/rosidl_interfaces/light_sensor_values
[4.459s] -- Up-to-date: /home/ubuntu/ros2_ws/install/light_sensor_values/include/light_sensor_values
[4.463s] -- Up-to-date: /home/ubuntu/ros2_ws/install/light_sensor_values/include/light_sensor_values/msg
[4.465s] -- Up-to-date: /home/ubuntu/ros2_ws/install/light_sensor_values/include/light_sensor_values/msg/light_sensor_values.h
[4.467s] -- Up-to-date: /home/ubuntu/ros2_ws/install/light_sensor_values/include/light_sensor_values/msg/detail
[4.469s] -- Up-to-date: /home/ubuntu/ros2_ws/install/light_sensor_values/include/light_sensor_values/msg/detail/light_sensor_values__type_support.h
[4.472s] -- Up-to-date: /home/ubuntu/ros2_ws/install/light_sensor_values/include/light_sensor_values/msg/detail/light_sensor_values__functions.h
[4.475s] -- Up-to-date: /home/ubuntu/ros2_ws/install/light_sensor_values/include/light_sensor_values/msg/detail/light_sensor_values__functions.c
[4.478s] -- Up-to-date: /home/ubuntu/ros2_ws/install/light_sensor_values/include/light_sensor_values/msg/detail/light_sensor_values__struct.h
[4.481s] -- Up-to-date: /home/ubuntu/ros2_ws/install/light_sensor_values/include/light_sensor_values/msg/rosidl_generator_c__visibility_control.h
[4.483s] -- Up-to-date: /home/ubuntu/ros2_ws/install/light_sensor_values/include/light_sensor_values/srv
[4.485s] -- Up-to-date: /home/ubuntu/ros2_ws/install/light_sensor_values/include/light_sensor_values/srv/detail
[4.487s] -- Up-to-date: /home/ubuntu/ros2_ws/install/light_sensor_values/include/light_sensor_values/srv/detail/light_sensor_values_servide__functions.c
[4.489s] -- Up-to-date: /home/ubuntu/ros2_ws/install/light_sensor_values/include/light_sensor_values/srv/detail/light_sensor_values_service__struct.h
[4.491s] -- Up-to-date: /home/ubuntu/ros2_ws/install/light_sensor_values/include/light_sensor_values/srv/detail/light_sensor_values_servide__functions.h
[4.492s] -- Up-to-date: /home/ubuntu/ros2_ws/install/light_sensor_values/include/light_sensor_values/srv/detail/light_sensor_values_service__functions.c
[4.495s] -- Up-to-date: /home/ubuntu/ros2_ws/install/light_sensor_values/include/light_sensor_values/srv/detail/light_sensor_values_service__functions.h
[4.496s] -- Up-to-date: /home/ubuntu/ros2_ws/install/light_sensor_values/include/light_sensor_values/srv/detail/light_sensor_values_servide__struct.h
[4.498s] -- Up-to-date: /home/ubuntu/ros2_ws/install/light_sensor_values/include/light_sensor_values/srv/detail/light_sensor_values_servide__type_support.h
[4.500s] -- Up-to-date: /home/ubuntu/ros2_ws/install/light_sensor_values/include/light_sensor_values/srv/detail/light_sensor_values_service__type_support.h
[4.503s] -- Up-to-date: /home/ubuntu/ros2_ws/install/light_sensor_values/include/light_sensor_values/srv/light_sensor_values_service.h
[4.506s] -- Up-to-date: /home/ubuntu/ros2_ws/install/light_sensor_values/include/light_sensor_values/srv/light_sensor_values_servide.h
[4.508s] -- Up-to-date: /home/ubuntu/ros2_ws/install/light_sensor_values/share/light_sensor_values/environment/library_path.sh
[4.509s] -- Up-to-date: /home/ubuntu/ros2_ws/install/light_sensor_values/share/light_sensor_values/environment/library_path.dsv
[4.512s] -- Up-to-date: /home/ubuntu/ros2_ws/install/light_sensor_values/lib/liblight_sensor_values__rosidl_generator_c.so
[4.514s] -- Up-to-date: /home/ubuntu/ros2_ws/install/light_sensor_values/include/light_sensor_values
[4.515s] -- Up-to-date: /home/ubuntu/ros2_ws/install/light_sensor_values/include/light_sensor_values/msg
[4.516s] -- Up-to-date: /home/ubuntu/ros2_ws/install/light_sensor_values/include/light_sensor_values/msg/detail
[4.518s] -- Up-to-date: /home/ubuntu/ros2_ws/install/light_sensor_values/include/light_sensor_values/msg/detail/light_sensor_values__rosidl_typesupport_fastrtps_c.h
[4.520s] -- Up-to-date: /home/ubuntu/ros2_ws/install/light_sensor_values/include/light_sensor_values/msg/rosidl_typesupport_fastrtps_c__visibility_control.h
[4.522s] -- Up-to-date: /home/ubuntu/ros2_ws/install/light_sensor_values/include/light_sensor_values/srv
[4.524s] -- Up-to-date: /home/ubuntu/ros2_ws/install/light_sensor_values/include/light_sensor_values/srv/detail
[4.527s] -- Up-to-date: /home/ubuntu/ros2_ws/install/light_sensor_values/include/light_sensor_values/srv/detail/light_sensor_values_servide__rosidl_typesupport_fastrtps_c.h
[4.529s] -- Up-to-date: /home/ubuntu/ros2_ws/install/light_sensor_values/include/light_sensor_values/srv/detail/light_sensor_values_service__rosidl_typesupport_fastrtps_c.h
[4.531s] -- Up-to-date: /home/ubuntu/ros2_ws/install/light_sensor_values/lib/liblight_sensor_values__rosidl_typesupport_fastrtps_c.so
[4.533s] -- Up-to-date: /home/ubuntu/ros2_ws/install/light_sensor_values/include/light_sensor_values
[4.535s] -- Up-to-date: /home/ubuntu/ros2_ws/install/light_sensor_values/include/light_sensor_values/msg
[4.537s] -- Up-to-date: /home/ubuntu/ros2_ws/install/light_sensor_values/include/light_sensor_values/msg/detail
[4.538s] -- Up-to-date: /home/ubuntu/ros2_ws/install/light_sensor_values/include/light_sensor_values/msg/detail/dds_fastrtps
[4.540s] -- Up-to-date: /home/ubuntu/ros2_ws/install/light_sensor_values/include/light_sensor_values/msg/detail/light_sensor_values__rosidl_typesupport_fastrtps_cpp.hpp
[4.542s] -- Up-to-date: /home/ubuntu/ros2_ws/install/light_sensor_values/include/light_sensor_values/msg/rosidl_typesupport_fastrtps_cpp__visibility_control.h
[4.544s] -- Up-to-date: /home/ubuntu/ros2_ws/install/light_sensor_values/include/light_sensor_values/srv
[4.546s] -- Up-to-date: /home/ubuntu/ros2_ws/install/light_sensor_values/include/light_sensor_values/srv/detail
[4.550s] -- Up-to-date: /home/ubuntu/ros2_ws/install/light_sensor_values/include/light_sensor_values/srv/detail/light_sensor_values_servide__rosidl_typesupport_fastrtps_cpp.hpp
[4.552s] -- Up-to-date: /home/ubuntu/ros2_ws/install/light_sensor_values/include/light_sensor_values/srv/detail/dds_fastrtps
[4.554s] -- Up-to-date: /home/ubuntu/ros2_ws/install/light_sensor_values/include/light_sensor_values/srv/detail/light_sensor_values_service__rosidl_typesupport_fastrtps_cpp.hpp
[4.556s] -- Up-to-date: /home/ubuntu/ros2_ws/install/light_sensor_values/lib/liblight_sensor_values__rosidl_typesupport_fastrtps_cpp.so
[4.558s] -- Up-to-date: /home/ubuntu/ros2_ws/install/light_sensor_values/include/light_sensor_values
[4.560s] -- Up-to-date: /home/ubuntu/ros2_ws/install/light_sensor_values/include/light_sensor_values/msg
[4.562s] -- Up-to-date: /home/ubuntu/ros2_ws/install/light_sensor_values/include/light_sensor_values/msg/detail
[4.564s] -- Up-to-date: /home/ubuntu/ros2_ws/install/light_sensor_values/include/light_sensor_values/msg/detail/light_sensor_values__rosidl_typesupport_introspection_c.h
[4.566s] -- Up-to-date: /home/ubuntu/ros2_ws/install/light_sensor_values/include/light_sensor_values/msg/detail/light_sensor_values__type_support.c
[4.567s] -- Up-to-date: /home/ubuntu/ros2_ws/install/light_sensor_values/include/light_sensor_values/msg/rosidl_typesupport_introspection_c__visibility_control.h
[4.568s] -- Up-to-date: /home/ubuntu/ros2_ws/install/light_sensor_values/include/light_sensor_values/srv
[4.570s] -- Up-to-date: /home/ubuntu/ros2_ws/install/light_sensor_values/include/light_sensor_values/srv/detail
[4.572s] -- Up-to-date: /home/ubuntu/ros2_ws/install/light_sensor_values/include/light_sensor_values/srv/detail/light_sensor_values_servide__rosidl_typesupport_introspection_c.h
[4.573s] -- Up-to-date: /home/ubuntu/ros2_ws/install/light_sensor_values/include/light_sensor_values/srv/detail/light_sensor_values_service__rosidl_typesupport_introspection_c.h
[4.576s] -- Up-to-date: /home/ubuntu/ros2_ws/install/light_sensor_values/include/light_sensor_values/srv/detail/light_sensor_values_service__type_support.c
[4.578s] -- Up-to-date: /home/ubuntu/ros2_ws/install/light_sensor_values/include/light_sensor_values/srv/detail/light_sensor_values_servide__type_support.c
[4.580s] -- Up-to-date: /home/ubuntu/ros2_ws/install/light_sensor_values/lib/liblight_sensor_values__rosidl_typesupport_introspection_c.so
[4.582s] -- Up-to-date: /home/ubuntu/ros2_ws/install/light_sensor_values/lib/liblight_sensor_values__rosidl_typesupport_c.so
[4.586s] -- Up-to-date: /home/ubuntu/ros2_ws/install/light_sensor_values/include/light_sensor_values
[4.588s] -- Up-to-date: /home/ubuntu/ros2_ws/install/light_sensor_values/include/light_sensor_values/msg
[4.591s] -- Up-to-date: /home/ubuntu/ros2_ws/install/light_sensor_values/include/light_sensor_values/msg/light_sensor_values.hpp
[4.593s] -- Up-to-date: /home/ubuntu/ros2_ws/install/light_sensor_values/include/light_sensor_values/msg/detail
[4.597s] -- Up-to-date: /home/ubuntu/ros2_ws/install/light_sensor_values/include/light_sensor_values/msg/detail/light_sensor_values__struct.hpp
[4.600s] -- Up-to-date: /home/ubuntu/ros2_ws/install/light_sensor_values/include/light_sensor_values/msg/detail/light_sensor_values__builder.hpp
[4.604s] -- Up-to-date: /home/ubuntu/ros2_ws/install/light_sensor_values/include/light_sensor_values/msg/detail/light_sensor_values__traits.hpp
[4.605s] -- Up-to-date: /home/ubuntu/ros2_ws/install/light_sensor_values/include/light_sensor_values/srv
[4.607s] -- Up-to-date: /home/ubuntu/ros2_ws/install/light_sensor_values/include/light_sensor_values/srv/detail
[4.609s] -- Up-to-date: /home/ubuntu/ros2_ws/install/light_sensor_values/include/light_sensor_values/srv/detail/light_sensor_values_servide__struct.hpp
[4.611s] -- Up-to-date: /home/ubuntu/ros2_ws/install/light_sensor_values/include/light_sensor_values/srv/detail/light_sensor_values_servide__builder.hpp
[4.613s] -- Up-to-date: /home/ubuntu/ros2_ws/install/light_sensor_values/include/light_sensor_values/srv/detail/light_sensor_values_servide__traits.hpp
[4.614s] -- Up-to-date: /home/ubuntu/ros2_ws/install/light_sensor_values/include/light_sensor_values/srv/detail/light_sensor_values_service__struct.hpp
[4.616s] -- Up-to-date: /home/ubuntu/ros2_ws/install/light_sensor_values/include/light_sensor_values/srv/detail/light_sensor_values_service__traits.hpp
[4.618s] -- Up-to-date: /home/ubuntu/ros2_ws/install/light_sensor_values/include/light_sensor_values/srv/detail/light_sensor_values_service__builder.hpp
[4.619s] -- Up-to-date: /home/ubuntu/ros2_ws/install/light_sensor_values/include/light_sensor_values/srv/light_sensor_values_service.hpp
[4.621s] -- Up-to-date: /home/ubuntu/ros2_ws/install/light_sensor_values/include/light_sensor_values/srv/light_sensor_values_servide.hpp
[4.624s] -- Up-to-date: /home/ubuntu/ros2_ws/install/light_sensor_values/include/light_sensor_values
[4.626s] -- Up-to-date: /home/ubuntu/ros2_ws/install/light_sensor_values/include/light_sensor_values/msg
[4.627s] -- Up-to-date: /home/ubuntu/ros2_ws/install/light_sensor_values/include/light_sensor_values/msg/detail
[4.628s] -- Up-to-date: /home/ubuntu/ros2_ws/install/light_sensor_values/include/light_sensor_values/msg/detail/light_sensor_values__rosidl_typesupport_introspection_cpp.hpp
[4.630s] -- Up-to-date: /home/ubuntu/ros2_ws/install/light_sensor_values/include/light_sensor_values/msg/detail/light_sensor_values__type_support.cpp
[4.631s] -- Up-to-date: /home/ubuntu/ros2_ws/install/light_sensor_values/include/light_sensor_values/srv
[4.633s] -- Up-to-date: /home/ubuntu/ros2_ws/install/light_sensor_values/include/light_sensor_values/srv/detail
[4.634s] -- Up-to-date: /home/ubuntu/ros2_ws/install/light_sensor_values/include/light_sensor_values/srv/detail/light_sensor_values_servide__type_support.cpp
[4.636s] -- Up-to-date: /home/ubuntu/ros2_ws/install/light_sensor_values/include/light_sensor_values/srv/detail/light_sensor_values_service__rosidl_typesupport_introspection_cpp.hpp
[4.638s] -- Up-to-date: /home/ubuntu/ros2_ws/install/light_sensor_values/include/light_sensor_values/srv/detail/light_sensor_values_service__type_support.cpp
[4.639s] -- Up-to-date: /home/ubuntu/ros2_ws/install/light_sensor_values/include/light_sensor_values/srv/detail/light_sensor_values_servide__rosidl_typesupport_introspection_cpp.hpp
[4.641s] -- Up-to-date: /home/ubuntu/ros2_ws/install/light_sensor_values/lib/liblight_sensor_values__rosidl_typesupport_introspection_cpp.so
[4.643s] -- Up-to-date: /home/ubuntu/ros2_ws/install/light_sensor_values/lib/liblight_sensor_values__rosidl_typesupport_cpp.so
[4.645s] -- Up-to-date: /home/ubuntu/ros2_ws/install/light_sensor_values/share/light_sensor_values/environment/pythonpath.sh
[4.647s] -- Up-to-date: /home/ubuntu/ros2_ws/install/light_sensor_values/share/light_sensor_values/environment/pythonpath.dsv
[4.650s] -- Up-to-date: /home/ubuntu/ros2_ws/install/light_sensor_values/lib/python3.8/site-packages/light_sensor_values/__init__.py
[5.085s] -- Up-to-date: /home/ubuntu/ros2_ws/install/light_sensor_values/lib/python3.8/site-packages/light_sensor_values/msg
[5.088s] -- Up-to-date: /home/ubuntu/ros2_ws/install/light_sensor_values/lib/python3.8/site-packages/light_sensor_values/msg/_light_sensor_values_s.c
[5.089s] -- Up-to-date: /home/ubuntu/ros2_ws/install/light_sensor_values/lib/python3.8/site-packages/light_sensor_values/msg/__init__.py
[5.091s] -- Up-to-date: /home/ubuntu/ros2_ws/install/light_sensor_values/lib/python3.8/site-packages/light_sensor_values/msg/_light_sensor_values.py
[5.102s] -- Up-to-date: /home/ubuntu/ros2_ws/install/light_sensor_values/lib/python3.8/site-packages/light_sensor_values/light_sensor_values_s__rosidl_typesupport_fastrtps_c.cpython-38-aarch64-linux-gnu.so
[5.107s] -- Up-to-date: /home/ubuntu/ros2_ws/install/light_sensor_values/lib/python3.8/site-packages/light_sensor_values/light_sensor_values_s__rosidl_typesupport_introspection_c.cpython-38-aarch64-linux-gnu.so
[5.119s] -- Up-to-date: /home/ubuntu/ros2_ws/install/light_sensor_values/lib/python3.8/site-packages/light_sensor_values/light_sensor_values_s__rosidl_typesupport_c.cpython-38-aarch64-linux-gnu.so
[5.127s] -- Up-to-date: /home/ubuntu/ros2_ws/install/light_sensor_values/lib/liblight_sensor_values__python.so
[5.132s] -- Up-to-date: /home/ubuntu/ros2_ws/install/light_sensor_values/share/light_sensor_values/msg/LightSensorValues.idl
[5.134s] -- Up-to-date: /home/ubuntu/ros2_ws/install/light_sensor_values/share/light_sensor_values/msg/LightSensorValues.msg
[5.136s] -- Up-to-date: /home/ubuntu/ros2_ws/install/light_sensor_values/share/ament_index/resource_index/package_run_dependencies/light_sensor_values
[5.140s] -- Up-to-date: /home/ubuntu/ros2_ws/install/light_sensor_values/share/ament_index/resource_index/parent_prefix_path/light_sensor_values
[5.142s] -- Up-to-date: /home/ubuntu/ros2_ws/install/light_sensor_values/share/light_sensor_values/environment/ament_prefix_path.sh
[5.145s] -- Up-to-date: /home/ubuntu/ros2_ws/install/light_sensor_values/share/light_sensor_values/environment/ament_prefix_path.dsv
[5.148s] -- Up-to-date: /home/ubuntu/ros2_ws/install/light_sensor_values/share/light_sensor_values/environment/path.sh
[5.151s] -- Up-to-date: /home/ubuntu/ros2_ws/install/light_sensor_values/share/light_sensor_values/environment/path.dsv
[5.153s] -- Up-to-date: /home/ubuntu/ros2_ws/install/light_sensor_values/share/light_sensor_values/local_setup.bash
[5.156s] -- Up-to-date: /home/ubuntu/ros2_ws/install/light_sensor_values/share/light_sensor_values/local_setup.sh
[5.159s] -- Up-to-date: /home/ubuntu/ros2_ws/install/light_sensor_values/share/light_sensor_values/local_setup.zsh
[5.160s] -- Up-to-date: /home/ubuntu/ros2_ws/install/light_sensor_values/share/light_sensor_values/local_setup.dsv
[5.166s] -- Installing: /home/ubuntu/ros2_ws/install/light_sensor_values/share/light_sensor_values/package.dsv
[5.174s] -- Up-to-date: /home/ubuntu/ros2_ws/install/light_sensor_values/share/ament_index/resource_index/packages/light_sensor_values
[5.185s] -- Up-to-date: /home/ubuntu/ros2_ws/install/light_sensor_values/share/light_sensor_values/cmake/light_sensor_values__rosidl_generator_cExport.cmake
[5.188s] -- Up-to-date: /home/ubuntu/ros2_ws/install/light_sensor_values/share/light_sensor_values/cmake/light_sensor_values__rosidl_generator_cExport-noconfig.cmake
[5.194s] -- Up-to-date: /home/ubuntu/ros2_ws/install/light_sensor_values/share/light_sensor_values/cmake/light_sensor_values__rosidl_typesupport_introspection_cExport.cmake
[5.198s] -- Up-to-date: /home/ubuntu/ros2_ws/install/light_sensor_values/share/light_sensor_values/cmake/light_sensor_values__rosidl_typesupport_introspection_cExport-noconfig.cmake
[5.203s] -- Up-to-date: /home/ubuntu/ros2_ws/install/light_sensor_values/share/light_sensor_values/cmake/light_sensor_values__rosidl_typesupport_cExport.cmake
[5.205s] -- Up-to-date: /home/ubuntu/ros2_ws/install/light_sensor_values/share/light_sensor_values/cmake/light_sensor_values__rosidl_typesupport_cExport-noconfig.cmake
[5.210s] -- Up-to-date: /home/ubuntu/ros2_ws/install/light_sensor_values/share/light_sensor_values/cmake/light_sensor_values__rosidl_generator_cppExport.cmake
[5.216s] -- Up-to-date: /home/ubuntu/ros2_ws/install/light_sensor_values/share/light_sensor_values/cmake/light_sensor_values__rosidl_typesupport_introspection_cppExport.cmake
[5.218s] -- Up-to-date: /home/ubuntu/ros2_ws/install/light_sensor_values/share/light_sensor_values/cmake/light_sensor_values__rosidl_typesupport_introspection_cppExport-noconfig.cmake
[5.222s] -- Up-to-date: /home/ubuntu/ros2_ws/install/light_sensor_values/share/light_sensor_values/cmake/light_sensor_values__rosidl_typesupport_cppExport.cmake
[5.226s] -- Up-to-date: /home/ubuntu/ros2_ws/install/light_sensor_values/share/light_sensor_values/cmake/light_sensor_values__rosidl_typesupport_cppExport-noconfig.cmake
[5.228s] -- Up-to-date: /home/ubuntu/ros2_ws/install/light_sensor_values/share/light_sensor_values/cmake/rosidl_cmake-extras.cmake
[5.230s] -- Up-to-date: /home/ubuntu/ros2_ws/install/light_sensor_values/share/light_sensor_values/cmake/ament_cmake_export_dependencies-extras.cmake
[5.233s] -- Up-to-date: /home/ubuntu/ros2_ws/install/light_sensor_values/share/light_sensor_values/cmake/ament_cmake_export_libraries-extras.cmake
[5.236s] -- Up-to-date: /home/ubuntu/ros2_ws/install/light_sensor_values/share/light_sensor_values/cmake/ament_cmake_export_targets-extras.cmake
[5.238s] -- Up-to-date: /home/ubuntu/ros2_ws/install/light_sensor_values/share/light_sensor_values/cmake/ament_cmake_export_include_directories-extras.cmake
[5.240s] -- Up-to-date: /home/ubuntu/ros2_ws/install/light_sensor_values/share/light_sensor_values/cmake/rosidl_cmake_export_typesupport_libraries-extras.cmake
[5.242s] -- Up-to-date: /home/ubuntu/ros2_ws/install/light_sensor_values/share/light_sensor_values/cmake/rosidl_cmake_export_typesupport_targets-extras.cmake
[5.244s] -- Up-to-date: /home/ubuntu/ros2_ws/install/light_sensor_values/share/light_sensor_values/cmake/light_sensor_valuesConfig.cmake
[5.245s] -- Up-to-date: /home/ubuntu/ros2_ws/install/light_sensor_values/share/light_sensor_values/cmake/light_sensor_valuesConfig-version.cmake
[5.246s] -- Up-to-date: /home/ubuntu/ros2_ws/install/light_sensor_values/share/light_sensor_values/package.xml
[5.261s] Invoked command in '/home/ubuntu/ros2_ws/build/light_sensor_values' returned '0': CMAKE_PREFIX_PATH=${CMAKE_PREFIX_PATH}:/home/ubuntu/ros2_ws/install/raspimouse:/opt/ros/foxy /usr/bin/cmake --install /home/ubuntu/ros2_ws/build/light_sensor_values
