[3.126s] Invoking command in '/home/ubuntu/ros2_ws/src/raspimouse': PYTHONPATH=/home/ubuntu/ros2_ws/install/raspimouse_ros2/lib/python3.8/site-packages:${PYTHONPATH} /usr/bin/python3 setup.py egg_info --egg-base ../../build/raspimouse_ros2 build --build-base /home/ubuntu/ros2_ws/build/raspimouse_ros2/build install --prefix /home/ubuntu/ros2_ws/install/raspimouse_ros2 --record /home/ubuntu/ros2_ws/build/raspimouse_ros2/install.log --single-version-externally-managed
[6.920s] running egg_info
[6.927s] writing ../../build/raspimouse_ros2/raspimouse.egg-info/PKG-INFO
[6.930s] writing dependency_links to ../../build/raspimouse_ros2/raspimouse.egg-info/dependency_links.txt
[6.934s] writing entry points to ../../build/raspimouse_ros2/raspimouse.egg-info/entry_points.txt
[6.941s] writing requirements to ../../build/raspimouse_ros2/raspimouse.egg-info/requires.txt
[6.943s] writing top-level names to ../../build/raspimouse_ros2/raspimouse.egg-info/top_level.txt
[7.672s] reading manifest file '../../build/raspimouse_ros2/raspimouse.egg-info/SOURCES.txt'
[7.696s] writing manifest file '../../build/raspimouse_ros2/raspimouse.egg-info/SOURCES.txt'
[7.703s] running build
[7.717s] running build_py
[7.740s] running install
[7.755s] running install_lib
[7.788s] running install_data
[7.800s] running install_egg_info
[7.827s] removing '/home/ubuntu/ros2_ws/install/raspimouse_ros2/lib/python3.8/site-packages/raspimouse-0.0.0-py3.8.egg-info' (and everything under it)
[7.836s] Copying ../../build/raspimouse_ros2/raspimouse.egg-info to /home/ubuntu/ros2_ws/install/raspimouse_ros2/lib/python3.8/site-packages/raspimouse-0.0.0-py3.8.egg-info
[7.860s] running install_scripts
[8.179s] Installing buzzer script to /home/ubuntu/ros2_ws/install/raspimouse_ros2/lib/raspimouse
[8.205s] Installing buzzer2_sub_node script to /home/ubuntu/ros2_ws/install/raspimouse_ros2/lib/raspimouse
[8.211s] Installing buzzer3_sub_node script to /home/ubuntu/ros2_ws/install/raspimouse_ros2/lib/raspimouse
[8.219s] Installing buzzer4_sub_node script to /home/ubuntu/ros2_ws/install/raspimouse_ros2/lib/raspimouse
[8.225s] Installing buzzer_pub_node script to /home/ubuntu/ros2_ws/install/raspimouse_ros2/lib/raspimouse
[8.230s] Installing lightsensors script to /home/ubuntu/ros2_ws/install/raspimouse_ros2/lib/raspimouse
[8.259s] Installing lightsensors_sub script to /home/ubuntu/ros2_ws/install/raspimouse_ros2/lib/raspimouse
[8.267s] Installing motors script to /home/ubuntu/ros2_ws/install/raspimouse_ros2/lib/raspimouse
[8.272s] Installing motors1 script to /home/ubuntu/ros2_ws/install/raspimouse_ros2/lib/raspimouse
[8.279s] Installing motors2 script to /home/ubuntu/ros2_ws/install/raspimouse_ros2/lib/raspimouse
[8.284s] Installing move script to /home/ubuntu/ros2_ws/install/raspimouse_ros2/lib/raspimouse
[8.295s] writing list of installed files to '/home/ubuntu/ros2_ws/build/raspimouse_ros2/install.log'
[8.616s] Invoked command in '/home/ubuntu/ros2_ws/src/raspimouse' returned '0': PYTHONPATH=/home/ubuntu/ros2_ws/install/raspimouse_ros2/lib/python3.8/site-packages:${PYTHONPATH} /usr/bin/python3 setup.py egg_info --egg-base ../../build/raspimouse_ros2 build --build-base /home/ubuntu/ros2_ws/build/raspimouse_ros2/build install --prefix /home/ubuntu/ros2_ws/install/raspimouse_ros2 --record /home/ubuntu/ros2_ws/build/raspimouse_ros2/install.log --single-version-externally-managed
