[2.453s] Invoking command in '/home/ubuntu/ros2_ws/src/raspimouse': PYTHONPATH=/home/ubuntu/ros2_ws/install/raspimouse/lib/python3.8/site-packages:${PYTHONPATH} /usr/bin/python3 setup.py egg_info --egg-base ../../build/raspimouse build --build-base /home/ubuntu/ros2_ws/build/raspimouse/build install --prefix /home/ubuntu/ros2_ws/install/raspimouse --record /home/ubuntu/ros2_ws/build/raspimouse/install.log --single-version-externally-managed
[4.536s] running egg_info
[4.541s] writing ../../build/raspimouse/raspimouse.egg-info/PKG-INFO
[4.545s] writing dependency_links to ../../build/raspimouse/raspimouse.egg-info/dependency_links.txt
[4.547s] writing entry points to ../../build/raspimouse/raspimouse.egg-info/entry_points.txt
[4.549s] writing requirements to ../../build/raspimouse/raspimouse.egg-info/requires.txt
[4.551s] writing top-level names to ../../build/raspimouse/raspimouse.egg-info/top_level.txt
[5.685s] reading manifest file '../../build/raspimouse/raspimouse.egg-info/SOURCES.txt'
[5.697s] writing manifest file '../../build/raspimouse/raspimouse.egg-info/SOURCES.txt'
[5.698s] running build
[5.699s] running build_py
[5.876s] copying raspimouse/motors2.py -> /home/ubuntu/ros2_ws/build/raspimouse/build/lib/raspimouse
[5.891s] running install
[5.901s] running install_lib
[5.927s] copying /home/ubuntu/ros2_ws/build/raspimouse/build/lib/raspimouse/motors2.py -> /home/ubuntu/ros2_ws/install/raspimouse/lib/python3.8/site-packages/raspimouse
[5.941s] byte-compiling /home/ubuntu/ros2_ws/install/raspimouse/lib/python3.8/site-packages/raspimouse/motors2.py to motors2.cpython-38.pyc
[5.958s] running install_data
[6.264s] running install_egg_info
[6.288s] removing '/home/ubuntu/ros2_ws/install/raspimouse/lib/python3.8/site-packages/raspimouse-0.0.0-py3.8.egg-info' (and everything under it)
[6.302s] Copying ../../build/raspimouse/raspimouse.egg-info to /home/ubuntu/ros2_ws/install/raspimouse/lib/python3.8/site-packages/raspimouse-0.0.0-py3.8.egg-info
[6.318s] running install_scripts
[6.536s] Installing buzzer2_sub_node script to /home/ubuntu/ros2_ws/install/raspimouse/lib/raspimouse
[6.537s] Installing buzzer3_sub_node script to /home/ubuntu/ros2_ws/install/raspimouse/lib/raspimouse
[6.539s] Installing buzzer_node script to /home/ubuntu/ros2_ws/install/raspimouse/lib/raspimouse
[6.541s] Installing lightsensor_sub script to /home/ubuntu/ros2_ws/install/raspimouse/lib/raspimouse
[6.552s] Installing lightsensors script to /home/ubuntu/ros2_ws/install/raspimouse/lib/raspimouse
[6.554s] Installing motors1 script to /home/ubuntu/ros2_ws/install/raspimouse/lib/raspimouse
[6.555s] Installing motors2 script to /home/ubuntu/ros2_ws/install/raspimouse/lib/raspimouse
[6.560s] writing list of installed files to '/home/ubuntu/ros2_ws/build/raspimouse/install.log'
[6.776s] Invoked command in '/home/ubuntu/ros2_ws/src/raspimouse' returned '0': PYTHONPATH=/home/ubuntu/ros2_ws/install/raspimouse/lib/python3.8/site-packages:${PYTHONPATH} /usr/bin/python3 setup.py egg_info --egg-base ../../build/raspimouse build --build-base /home/ubuntu/ros2_ws/build/raspimouse/build install --prefix /home/ubuntu/ros2_ws/install/raspimouse --record /home/ubuntu/ros2_ws/build/raspimouse/install.log --single-version-externally-managed
