[3.651s] Invoking command in '/home/ubuntu/ros2_ws/src/raspimouse': PYTHONPATH=/home/ubuntu/ros2_ws/install/raspimouse_ros2/lib/python3.8/site-packages:${PYTHONPATH} /usr/bin/python3 setup.py egg_info --egg-base ../../build/raspimouse_ros2 build --build-base /home/ubuntu/ros2_ws/build/raspimouse_ros2/build install --prefix /home/ubuntu/ros2_ws/install/raspimouse_ros2 --record /home/ubuntu/ros2_ws/build/raspimouse_ros2/install.log --single-version-externally-managed
[5.927s] running egg_info
[5.936s] writing ../../build/raspimouse_ros2/raspimouse.egg-info/PKG-INFO
[5.942s] writing dependency_links to ../../build/raspimouse_ros2/raspimouse.egg-info/dependency_links.txt
[5.953s] writing entry points to ../../build/raspimouse_ros2/raspimouse.egg-info/entry_points.txt
[5.968s] writing requirements to ../../build/raspimouse_ros2/raspimouse.egg-info/requires.txt
[5.974s] writing top-level names to ../../build/raspimouse_ros2/raspimouse.egg-info/top_level.txt
[6.880s] reading manifest file '../../build/raspimouse_ros2/raspimouse.egg-info/SOURCES.txt'
[6.909s] writing manifest file '../../build/raspimouse_ros2/raspimouse.egg-info/SOURCES.txt'
[6.916s] running build
[6.921s] running build_py
[6.931s] copying raspimouse/buzzer4_sub_node.py -> /home/ubuntu/ros2_ws/build/raspimouse_ros2/build/lib/raspimouse
[6.955s] running install
[7.235s] running install_lib
[7.300s] copying /home/ubuntu/ros2_ws/build/raspimouse_ros2/build/lib/raspimouse/buzzer4_sub_node.py -> /home/ubuntu/ros2_ws/install/raspimouse_ros2/lib/python3.8/site-packages/raspimouse
[7.351s] byte-compiling /home/ubuntu/ros2_ws/install/raspimouse_ros2/lib/python3.8/site-packages/raspimouse/buzzer4_sub_node.py to buzzer4_sub_node.cpython-38.pyc
[7.400s]   File "/home/ubuntu/ros2_ws/install/raspimouse_ros2/lib/python3.8/site-packages/raspimouse/buzzer4_sub_node.py", line 60
[7.402s]     else goal_handle.request.durations[i]):
[7.403s]          ^
[7.405s] SyntaxError: invalid syntax
[7.406s] 
[7.408s] running install_data
[7.428s] running install_egg_info
[7.496s] removing '/home/ubuntu/ros2_ws/install/raspimouse_ros2/lib/python3.8/site-packages/raspimouse-0.0.0-py3.8.egg-info' (and everything under it)
[7.515s] Copying ../../build/raspimouse_ros2/raspimouse.egg-info to /home/ubuntu/ros2_ws/install/raspimouse_ros2/lib/python3.8/site-packages/raspimouse-0.0.0-py3.8.egg-info
[7.559s] running install_scripts
[8.184s] Installing buzzer2_sub_node script to /home/ubuntu/ros2_ws/install/raspimouse_ros2/lib/raspimouse
[8.190s] Installing buzzer3_sub_node script to /home/ubuntu/ros2_ws/install/raspimouse_ros2/lib/raspimouse
[8.196s] Installing buzzer4_sub_node script to /home/ubuntu/ros2_ws/install/raspimouse_ros2/lib/raspimouse
[8.206s] Installing buzzer_node script to /home/ubuntu/ros2_ws/install/raspimouse_ros2/lib/raspimouse
[8.215s] Installing lightsensors script to /home/ubuntu/ros2_ws/install/raspimouse_ros2/lib/raspimouse
[8.220s] Installing lightsensors_sub script to /home/ubuntu/ros2_ws/install/raspimouse_ros2/lib/raspimouse
[8.227s] Installing motors script to /home/ubuntu/ros2_ws/install/raspimouse_ros2/lib/raspimouse
[8.235s] Installing motors1 script to /home/ubuntu/ros2_ws/install/raspimouse_ros2/lib/raspimouse
[8.243s] Installing motors2 script to /home/ubuntu/ros2_ws/install/raspimouse_ros2/lib/raspimouse
[8.258s] writing list of installed files to '/home/ubuntu/ros2_ws/build/raspimouse_ros2/install.log'
[8.775s] Invoked command in '/home/ubuntu/ros2_ws/src/raspimouse' returned '0': PYTHONPATH=/home/ubuntu/ros2_ws/install/raspimouse_ros2/lib/python3.8/site-packages:${PYTHONPATH} /usr/bin/python3 setup.py egg_info --egg-base ../../build/raspimouse_ros2 build --build-base /home/ubuntu/ros2_ws/build/raspimouse_ros2/build install --prefix /home/ubuntu/ros2_ws/install/raspimouse_ros2 --record /home/ubuntu/ros2_ws/build/raspimouse_ros2/install.log --single-version-externally-managed
