[0.258s] Invoking command in '/home/ubuntu/ros2_ws/build/light_sensor_values': CMAKE_PREFIX_PATH=${CMAKE_PREFIX_PATH}:/home/ubuntu/ros2_ws/install/raspimouse:/opt/ros/foxy /usr/bin/cmake --build /home/ubuntu/ros2_ws/build/light_sensor_values -- -j4 -l4
[2.672s] [  9%] Built target light_sensor_values__rosidl_generator_c
[2.684s] [ 12%] Built target light_sensor_values__cpp
[2.951s] [ 22%] Built target light_sensor_values__rosidl_typesupport_c
[2.958s] [ 32%] Built target light_sensor_values__rosidl_typesupport_introspection_c
[2.986s] [ 41%] Built target light_sensor_values__rosidl_typesupport_cpp
[3.065s] [ 51%] Built target light_sensor_values__rosidl_typesupport_fastrtps_cpp
[3.461s] [ 61%] Built target light_sensor_values__rosidl_typesupport_introspection_cpp
[3.561s] [ 70%] Built target light_sensor_values__rosidl_typesupport_fastrtps_c
[3.746s] [ 70%] Built target light_sensor_values
[3.941s] [ 74%] Built target light_sensor_values__py
[4.281s] [ 80%] Built target light_sensor_values__python
[4.561s] [100%] Built target light_sensor_values__rosidl_typesupport_fastrtps_c__pyext
[4.563s] [100%] Built target light_sensor_values__rosidl_typesupport_c__pyext
[4.565s] [100%] Built target light_sensor_values__rosidl_typesupport_introspection_c__pyext
[4.703s] Invoked command in '/home/ubuntu/ros2_ws/build/light_sensor_values' returned '0': CMAKE_PREFIX_PATH=${CMAKE_PREFIX_PATH}:/home/ubuntu/ros2_ws/install/raspimouse:/opt/ros/foxy /usr/bin/cmake --build /home/ubuntu/ros2_ws/build/light_sensor_values -- -j4 -l4
[5.343s] Invoking command in '/home/ubuntu/ros2_ws/build/light_sensor_values': CMAKE_PREFIX_PATH=${CMAKE_PREFIX_PATH}:/home/ubuntu/ros2_ws/install/raspimouse:/opt/ros/foxy /usr/bin/cmake --install /home/ubuntu/ros2_ws/build/light_sensor_values
[5.442s] -- Install configuration: ""
[5.452s] -- Up-to-date: /home/ubuntu/ros2_ws/install/light_sensor_values/share/ament_index/resource_index/rosidl_interfaces/light_sensor_values
[5.457s] -- Up-to-date: /home/ubuntu/ros2_ws/install/light_sensor_values/include/light_sensor_values
[5.459s] -- Up-to-date: /home/ubuntu/ros2_ws/install/light_sensor_values/include/light_sensor_values/msg
[5.463s] -- Up-to-date: /home/ubuntu/ros2_ws/install/light_sensor_values/include/light_sensor_values/msg/light_sensor_values.h
[5.464s] -- Up-to-date: /home/ubuntu/ros2_ws/install/light_sensor_values/include/light_sensor_values/msg/detail
[5.467s] -- Up-to-date: /home/ubuntu/ros2_ws/install/light_sensor_values/include/light_sensor_values/msg/detail/light_sensor_values__type_support.h
[5.469s] -- Up-to-date: /home/ubuntu/ros2_ws/install/light_sensor_values/include/light_sensor_values/msg/detail/light_sensor_values__functions.h
[5.471s] -- Up-to-date: /home/ubuntu/ros2_ws/install/light_sensor_values/include/light_sensor_values/msg/detail/light_sensor_values__functions.c
[5.474s] -- Up-to-date: /home/ubuntu/ros2_ws/install/light_sensor_values/include/light_sensor_values/msg/detail/light_sensor_values__struct.h
[5.476s] -- Up-to-date: /home/ubuntu/ros2_ws/install/light_sensor_values/include/light_sensor_values/msg/rosidl_generator_c__visibility_control.h
[5.480s] -- Up-to-date: /home/ubuntu/ros2_ws/install/light_sensor_values/include/light_sensor_values/srv
[5.482s] -- Up-to-date: /home/ubuntu/ros2_ws/install/light_sensor_values/include/light_sensor_values/srv/detail
[5.484s] -- Up-to-date: /home/ubuntu/ros2_ws/install/light_sensor_values/include/light_sensor_values/srv/detail/light_sensor_values_servide__functions.c
[5.487s] -- Up-to-date: /home/ubuntu/ros2_ws/install/light_sensor_values/include/light_sensor_values/srv/detail/light_sensor_values_service__struct.h
[5.488s] -- Up-to-date: /home/ubuntu/ros2_ws/install/light_sensor_values/include/light_sensor_values/srv/detail/light_sensor_values_servide__functions.h
[5.490s] -- Up-to-date: /home/ubuntu/ros2_ws/install/light_sensor_values/include/light_sensor_values/srv/detail/light_sensor_values_service__functions.c
[5.492s] -- Up-to-date: /home/ubuntu/ros2_ws/install/light_sensor_values/include/light_sensor_values/srv/detail/light_sensor_values_service__functions.h
[5.495s] -- Up-to-date: /home/ubuntu/ros2_ws/install/light_sensor_values/include/light_sensor_values/srv/detail/light_sensor_values_servide__struct.h
[5.496s] -- Up-to-date: /home/ubuntu/ros2_ws/install/light_sensor_values/include/light_sensor_values/srv/detail/light_sensor_values_servide__type_support.h
[5.498s] -- Up-to-date: /home/ubuntu/ros2_ws/install/light_sensor_values/include/light_sensor_values/srv/detail/light_sensor_values_service__type_support.h
[5.502s] -- Up-to-date: /home/ubuntu/ros2_ws/install/light_sensor_values/include/light_sensor_values/srv/light_sensor_values_service.h
[5.504s] -- Up-to-date: /home/ubuntu/ros2_ws/install/light_sensor_values/include/light_sensor_values/srv/light_sensor_values_servide.h
[5.505s] -- Up-to-date: /home/ubuntu/ros2_ws/install/light_sensor_values/share/light_sensor_values/environment/library_path.sh
[5.508s] -- Up-to-date: /home/ubuntu/ros2_ws/install/light_sensor_values/share/light_sensor_values/environment/library_path.dsv
[5.510s] -- Up-to-date: /home/ubuntu/ros2_ws/install/light_sensor_values/lib/liblight_sensor_values__rosidl_generator_c.so
[5.513s] -- Up-to-date: /home/ubuntu/ros2_ws/install/light_sensor_values/include/light_sensor_values
[5.515s] -- Up-to-date: /home/ubuntu/ros2_ws/install/light_sensor_values/include/light_sensor_values/msg
[5.516s] -- Up-to-date: /home/ubuntu/ros2_ws/install/light_sensor_values/include/light_sensor_values/msg/detail
[5.517s] -- Up-to-date: /home/ubuntu/ros2_ws/install/light_sensor_values/include/light_sensor_values/msg/detail/light_sensor_values__rosidl_typesupport_fastrtps_c.h
[5.519s] -- Up-to-date: /home/ubuntu/ros2_ws/install/light_sensor_values/include/light_sensor_values/msg/rosidl_typesupport_fastrtps_c__visibility_control.h
[5.520s] -- Up-to-date: /home/ubuntu/ros2_ws/install/light_sensor_values/include/light_sensor_values/srv
[5.522s] -- Up-to-date: /home/ubuntu/ros2_ws/install/light_sensor_values/include/light_sensor_values/srv/detail
[5.525s] -- Up-to-date: /home/ubuntu/ros2_ws/install/light_sensor_values/include/light_sensor_values/srv/detail/light_sensor_values_servide__rosidl_typesupport_fastrtps_c.h
[5.527s] -- Up-to-date: /home/ubuntu/ros2_ws/install/light_sensor_values/include/light_sensor_values/srv/detail/light_sensor_values_service__rosidl_typesupport_fastrtps_c.h
[5.532s] -- Up-to-date: /home/ubuntu/ros2_ws/install/light_sensor_values/lib/liblight_sensor_values__rosidl_typesupport_fastrtps_c.so
[5.535s] -- Up-to-date: /home/ubuntu/ros2_ws/install/light_sensor_values/include/light_sensor_values
[5.538s] -- Up-to-date: /home/ubuntu/ros2_ws/install/light_sensor_values/include/light_sensor_values/msg
[5.540s] -- Up-to-date: /home/ubuntu/ros2_ws/install/light_sensor_values/include/light_sensor_values/msg/detail
[5.545s] -- Up-to-date: /home/ubuntu/ros2_ws/install/light_sensor_values/include/light_sensor_values/msg/detail/dds_fastrtps
[5.547s] -- Up-to-date: /home/ubuntu/ros2_ws/install/light_sensor_values/include/light_sensor_values/msg/detail/light_sensor_values__rosidl_typesupport_fastrtps_cpp.hpp
[5.549s] -- Up-to-date: /home/ubuntu/ros2_ws/install/light_sensor_values/include/light_sensor_values/msg/rosidl_typesupport_fastrtps_cpp__visibility_control.h
[5.551s] -- Up-to-date: /home/ubuntu/ros2_ws/install/light_sensor_values/include/light_sensor_values/srv
[5.554s] -- Up-to-date: /home/ubuntu/ros2_ws/install/light_sensor_values/include/light_sensor_values/srv/detail
[5.555s] -- Up-to-date: /home/ubuntu/ros2_ws/install/light_sensor_values/include/light_sensor_values/srv/detail/light_sensor_values_servide__rosidl_typesupport_fastrtps_cpp.hpp
[5.557s] -- Up-to-date: /home/ubuntu/ros2_ws/install/light_sensor_values/include/light_sensor_values/srv/detail/dds_fastrtps
[5.559s] -- Up-to-date: /home/ubuntu/ros2_ws/install/light_sensor_values/include/light_sensor_values/srv/detail/light_sensor_values_service__rosidl_typesupport_fastrtps_cpp.hpp
[5.561s] -- Up-to-date: /home/ubuntu/ros2_ws/install/light_sensor_values/lib/liblight_sensor_values__rosidl_typesupport_fastrtps_cpp.so
[5.564s] -- Up-to-date: /home/ubuntu/ros2_ws/install/light_sensor_values/include/light_sensor_values
[5.566s] -- Up-to-date: /home/ubuntu/ros2_ws/install/light_sensor_values/include/light_sensor_values/msg
[5.568s] -- Up-to-date: /home/ubuntu/ros2_ws/install/light_sensor_values/include/light_sensor_values/msg/detail
[5.571s] -- Up-to-date: /home/ubuntu/ros2_ws/install/light_sensor_values/include/light_sensor_values/msg/detail/light_sensor_values__rosidl_typesupport_introspection_c.h
[5.573s] -- Up-to-date: /home/ubuntu/ros2_ws/install/light_sensor_values/include/light_sensor_values/msg/detail/light_sensor_values__type_support.c
[5.575s] -- Up-to-date: /home/ubuntu/ros2_ws/install/light_sensor_values/include/light_sensor_values/msg/rosidl_typesupport_introspection_c__visibility_control.h
[5.576s] -- Up-to-date: /home/ubuntu/ros2_ws/install/light_sensor_values/include/light_sensor_values/srv
[5.579s] -- Up-to-date: /home/ubuntu/ros2_ws/install/light_sensor_values/include/light_sensor_values/srv/detail
[5.580s] -- Up-to-date: /home/ubuntu/ros2_ws/install/light_sensor_values/include/light_sensor_values/srv/detail/light_sensor_values_servide__rosidl_typesupport_introspection_c.h
[5.582s] -- Up-to-date: /home/ubuntu/ros2_ws/install/light_sensor_values/include/light_sensor_values/srv/detail/light_sensor_values_service__rosidl_typesupport_introspection_c.h
[5.584s] -- Up-to-date: /home/ubuntu/ros2_ws/install/light_sensor_values/include/light_sensor_values/srv/detail/light_sensor_values_service__type_support.c
[5.586s] -- Up-to-date: /home/ubuntu/ros2_ws/install/light_sensor_values/include/light_sensor_values/srv/detail/light_sensor_values_servide__type_support.c
[5.588s] -- Up-to-date: /home/ubuntu/ros2_ws/install/light_sensor_values/lib/liblight_sensor_values__rosidl_typesupport_introspection_c.so
[5.590s] -- Up-to-date: /home/ubuntu/ros2_ws/install/light_sensor_values/lib/liblight_sensor_values__rosidl_typesupport_c.so
[5.594s] -- Up-to-date: /home/ubuntu/ros2_ws/install/light_sensor_values/include/light_sensor_values
[5.596s] -- Up-to-date: /home/ubuntu/ros2_ws/install/light_sensor_values/include/light_sensor_values/msg
[5.599s] -- Up-to-date: /home/ubuntu/ros2_ws/install/light_sensor_values/include/light_sensor_values/msg/light_sensor_values.hpp
[5.603s] -- Up-to-date: /home/ubuntu/ros2_ws/install/light_sensor_values/include/light_sensor_values/msg/detail
[5.607s] -- Up-to-date: /home/ubuntu/ros2_ws/install/light_sensor_values/include/light_sensor_values/msg/detail/light_sensor_values__struct.hpp
[5.612s] -- Up-to-date: /home/ubuntu/ros2_ws/install/light_sensor_values/include/light_sensor_values/msg/detail/light_sensor_values__builder.hpp
[5.614s] -- Up-to-date: /home/ubuntu/ros2_ws/install/light_sensor_values/include/light_sensor_values/msg/detail/light_sensor_values__traits.hpp
[5.616s] -- Up-to-date: /home/ubuntu/ros2_ws/install/light_sensor_values/include/light_sensor_values/srv
[5.619s] -- Up-to-date: /home/ubuntu/ros2_ws/install/light_sensor_values/include/light_sensor_values/srv/detail
[5.620s] -- Up-to-date: /home/ubuntu/ros2_ws/install/light_sensor_values/include/light_sensor_values/srv/detail/light_sensor_values_servide__struct.hpp
[5.622s] -- Up-to-date: /home/ubuntu/ros2_ws/install/light_sensor_values/include/light_sensor_values/srv/detail/light_sensor_values_servide__builder.hpp
[5.624s] -- Up-to-date: /home/ubuntu/ros2_ws/install/light_sensor_values/include/light_sensor_values/srv/detail/light_sensor_values_servide__traits.hpp
[5.626s] -- Up-to-date: /home/ubuntu/ros2_ws/install/light_sensor_values/include/light_sensor_values/srv/detail/light_sensor_values_service__struct.hpp
[5.627s] -- Up-to-date: /home/ubuntu/ros2_ws/install/light_sensor_values/include/light_sensor_values/srv/detail/light_sensor_values_service__traits.hpp
[5.629s] -- Up-to-date: /home/ubuntu/ros2_ws/install/light_sensor_values/include/light_sensor_values/srv/detail/light_sensor_values_service__builder.hpp
[5.630s] -- Up-to-date: /home/ubuntu/ros2_ws/install/light_sensor_values/include/light_sensor_values/srv/light_sensor_values_service.hpp
[5.632s] -- Up-to-date: /home/ubuntu/ros2_ws/install/light_sensor_values/include/light_sensor_values/srv/light_sensor_values_servide.hpp
[5.634s] -- Up-to-date: /home/ubuntu/ros2_ws/install/light_sensor_values/include/light_sensor_values
[5.635s] -- Up-to-date: /home/ubuntu/ros2_ws/install/light_sensor_values/include/light_sensor_values/msg
[5.638s] -- Up-to-date: /home/ubuntu/ros2_ws/install/light_sensor_values/include/light_sensor_values/msg/detail
[5.639s] -- Up-to-date: /home/ubuntu/ros2_ws/install/light_sensor_values/include/light_sensor_values/msg/detail/light_sensor_values__rosidl_typesupport_introspection_cpp.hpp
[5.641s] -- Up-to-date: /home/ubuntu/ros2_ws/install/light_sensor_values/include/light_sensor_values/msg/detail/light_sensor_values__type_support.cpp
[5.643s] -- Up-to-date: /home/ubuntu/ros2_ws/install/light_sensor_values/include/light_sensor_values/srv
[5.645s] -- Up-to-date: /home/ubuntu/ros2_ws/install/light_sensor_values/include/light_sensor_values/srv/detail
[5.646s] -- Up-to-date: /home/ubuntu/ros2_ws/install/light_sensor_values/include/light_sensor_values/srv/detail/light_sensor_values_servide__type_support.cpp
[5.648s] -- Up-to-date: /home/ubuntu/ros2_ws/install/light_sensor_values/include/light_sensor_values/srv/detail/light_sensor_values_service__rosidl_typesupport_introspection_cpp.hpp
[5.649s] -- Up-to-date: /home/ubuntu/ros2_ws/install/light_sensor_values/include/light_sensor_values/srv/detail/light_sensor_values_service__type_support.cpp
[5.651s] -- Up-to-date: /home/ubuntu/ros2_ws/install/light_sensor_values/include/light_sensor_values/srv/detail/light_sensor_values_servide__rosidl_typesupport_introspection_cpp.hpp
[5.652s] -- Up-to-date: /home/ubuntu/ros2_ws/install/light_sensor_values/lib/liblight_sensor_values__rosidl_typesupport_introspection_cpp.so
[5.653s] -- Up-to-date: /home/ubuntu/ros2_ws/install/light_sensor_values/lib/liblight_sensor_values__rosidl_typesupport_cpp.so
[5.655s] -- Up-to-date: /home/ubuntu/ros2_ws/install/light_sensor_values/share/light_sensor_values/environment/pythonpath.sh
[5.656s] -- Up-to-date: /home/ubuntu/ros2_ws/install/light_sensor_values/share/light_sensor_values/environment/pythonpath.dsv
[5.657s] -- Up-to-date: /home/ubuntu/ros2_ws/install/light_sensor_values/lib/python3.8/site-packages/light_sensor_values/__init__.py
[6.907s] -- Up-to-date: /home/ubuntu/ros2_ws/install/light_sensor_values/lib/python3.8/site-packages/light_sensor_values/msg
[6.922s] -- Up-to-date: /home/ubuntu/ros2_ws/install/light_sensor_values/lib/python3.8/site-packages/light_sensor_values/msg/_light_sensor_values_s.c
[6.926s] -- Up-to-date: /home/ubuntu/ros2_ws/install/light_sensor_values/lib/python3.8/site-packages/light_sensor_values/msg/__init__.py
[6.929s] -- Up-to-date: /home/ubuntu/ros2_ws/install/light_sensor_values/lib/python3.8/site-packages/light_sensor_values/msg/_light_sensor_values.py
[6.934s] -- Up-to-date: /home/ubuntu/ros2_ws/install/light_sensor_values/lib/python3.8/site-packages/light_sensor_values/light_sensor_values_s__rosidl_typesupport_fastrtps_c.cpython-38-aarch64-linux-gnu.so
[6.944s] -- Up-to-date: /home/ubuntu/ros2_ws/install/light_sensor_values/lib/python3.8/site-packages/light_sensor_values/light_sensor_values_s__rosidl_typesupport_introspection_c.cpython-38-aarch64-linux-gnu.so
[6.956s] -- Up-to-date: /home/ubuntu/ros2_ws/install/light_sensor_values/lib/python3.8/site-packages/light_sensor_values/light_sensor_values_s__rosidl_typesupport_c.cpython-38-aarch64-linux-gnu.so
[6.965s] -- Up-to-date: /home/ubuntu/ros2_ws/install/light_sensor_values/lib/liblight_sensor_values__python.so
[6.971s] -- Up-to-date: /home/ubuntu/ros2_ws/install/light_sensor_values/share/light_sensor_values/msg/LightSensorValues.idl
[6.973s] -- Up-to-date: /home/ubuntu/ros2_ws/install/light_sensor_values/share/light_sensor_values/msg/LightSensorValues.msg
[6.977s] -- Up-to-date: /home/ubuntu/ros2_ws/install/light_sensor_values/share/ament_index/resource_index/package_run_dependencies/light_sensor_values
[6.980s] -- Up-to-date: /home/ubuntu/ros2_ws/install/light_sensor_values/share/ament_index/resource_index/parent_prefix_path/light_sensor_values
[7.004s] -- Up-to-date: /home/ubuntu/ros2_ws/install/light_sensor_values/share/light_sensor_values/environment/ament_prefix_path.sh
[7.009s] -- Up-to-date: /home/ubuntu/ros2_ws/install/light_sensor_values/share/light_sensor_values/environment/ament_prefix_path.dsv
[7.011s] -- Up-to-date: /home/ubuntu/ros2_ws/install/light_sensor_values/share/light_sensor_values/environment/path.sh
[7.013s] -- Up-to-date: /home/ubuntu/ros2_ws/install/light_sensor_values/share/light_sensor_values/environment/path.dsv
[7.014s] -- Up-to-date: /home/ubuntu/ros2_ws/install/light_sensor_values/share/light_sensor_values/local_setup.bash
[7.016s] -- Up-to-date: /home/ubuntu/ros2_ws/install/light_sensor_values/share/light_sensor_values/local_setup.sh
[7.017s] -- Up-to-date: /home/ubuntu/ros2_ws/install/light_sensor_values/share/light_sensor_values/local_setup.zsh
[7.018s] -- Up-to-date: /home/ubuntu/ros2_ws/install/light_sensor_values/share/light_sensor_values/local_setup.dsv
[7.023s] -- Installing: /home/ubuntu/ros2_ws/install/light_sensor_values/share/light_sensor_values/package.dsv
[7.032s] -- Up-to-date: /home/ubuntu/ros2_ws/install/light_sensor_values/share/ament_index/resource_index/packages/light_sensor_values
[7.044s] -- Up-to-date: /home/ubuntu/ros2_ws/install/light_sensor_values/share/light_sensor_values/cmake/light_sensor_values__rosidl_generator_cExport.cmake
[7.046s] -- Up-to-date: /home/ubuntu/ros2_ws/install/light_sensor_values/share/light_sensor_values/cmake/light_sensor_values__rosidl_generator_cExport-noconfig.cmake
[7.053s] -- Up-to-date: /home/ubuntu/ros2_ws/install/light_sensor_values/share/light_sensor_values/cmake/light_sensor_values__rosidl_typesupport_introspection_cExport.cmake
[7.055s] -- Up-to-date: /home/ubuntu/ros2_ws/install/light_sensor_values/share/light_sensor_values/cmake/light_sensor_values__rosidl_typesupport_introspection_cExport-noconfig.cmake
[7.061s] -- Up-to-date: /home/ubuntu/ros2_ws/install/light_sensor_values/share/light_sensor_values/cmake/light_sensor_values__rosidl_typesupport_cExport.cmake
[7.063s] -- Up-to-date: /home/ubuntu/ros2_ws/install/light_sensor_values/share/light_sensor_values/cmake/light_sensor_values__rosidl_typesupport_cExport-noconfig.cmake
[7.069s] -- Up-to-date: /home/ubuntu/ros2_ws/install/light_sensor_values/share/light_sensor_values/cmake/light_sensor_values__rosidl_generator_cppExport.cmake
[7.074s] -- Up-to-date: /home/ubuntu/ros2_ws/install/light_sensor_values/share/light_sensor_values/cmake/light_sensor_values__rosidl_typesupport_introspection_cppExport.cmake
[7.076s] -- Up-to-date: /home/ubuntu/ros2_ws/install/light_sensor_values/share/light_sensor_values/cmake/light_sensor_values__rosidl_typesupport_introspection_cppExport-noconfig.cmake
[7.081s] -- Up-to-date: /home/ubuntu/ros2_ws/install/light_sensor_values/share/light_sensor_values/cmake/light_sensor_values__rosidl_typesupport_cppExport.cmake
[7.084s] -- Up-to-date: /home/ubuntu/ros2_ws/install/light_sensor_values/share/light_sensor_values/cmake/light_sensor_values__rosidl_typesupport_cppExport-noconfig.cmake
[7.086s] -- Up-to-date: /home/ubuntu/ros2_ws/install/light_sensor_values/share/light_sensor_values/cmake/rosidl_cmake-extras.cmake
[7.088s] -- Up-to-date: /home/ubuntu/ros2_ws/install/light_sensor_values/share/light_sensor_values/cmake/ament_cmake_export_dependencies-extras.cmake
[7.090s] -- Up-to-date: /home/ubuntu/ros2_ws/install/light_sensor_values/share/light_sensor_values/cmake/ament_cmake_export_libraries-extras.cmake
[7.092s] -- Up-to-date: /home/ubuntu/ros2_ws/install/light_sensor_values/share/light_sensor_values/cmake/ament_cmake_export_targets-extras.cmake
[7.095s] -- Up-to-date: /home/ubuntu/ros2_ws/install/light_sensor_values/share/light_sensor_values/cmake/ament_cmake_export_include_directories-extras.cmake
[7.097s] -- Up-to-date: /home/ubuntu/ros2_ws/install/light_sensor_values/share/light_sensor_values/cmake/rosidl_cmake_export_typesupport_libraries-extras.cmake
[7.099s] -- Up-to-date: /home/ubuntu/ros2_ws/install/light_sensor_values/share/light_sensor_values/cmake/rosidl_cmake_export_typesupport_targets-extras.cmake
[7.101s] -- Up-to-date: /home/ubuntu/ros2_ws/install/light_sensor_values/share/light_sensor_values/cmake/light_sensor_valuesConfig.cmake
[7.105s] -- Up-to-date: /home/ubuntu/ros2_ws/install/light_sensor_values/share/light_sensor_values/cmake/light_sensor_valuesConfig-version.cmake
[7.106s] -- Up-to-date: /home/ubuntu/ros2_ws/install/light_sensor_values/share/light_sensor_values/package.xml
[7.552s] Invoked command in '/home/ubuntu/ros2_ws/build/light_sensor_values' returned '0': CMAKE_PREFIX_PATH=${CMAKE_PREFIX_PATH}:/home/ubuntu/ros2_ws/install/raspimouse:/opt/ros/foxy /usr/bin/cmake --install /home/ubuntu/ros2_ws/build/light_sensor_values
