[2.986s] DEBUG:colcon:Command line arguments: ['/usr/bin/colcon', 'build']
[2.987s] DEBUG:colcon:Parsed command line arguments: Namespace(ament_cmake_args=None, base_paths=['.'], build_base='build', catkin_cmake_args=None, catkin_skip_building_tests=False, cmake_args=None, cmake_clean_cache=False, cmake_clean_first=False, cmake_force_configure=False, cmake_target=None, cmake_target_skip_unavailable=False, continue_on_error=False, event_handlers=None, executor='parallel', ignore_user_meta=False, install_base='install', log_base=None, log_level=None, main=<bound method BuildVerb.main of <colcon_core.verb.build.BuildVerb object at 0xffffbab67730>>, merge_install=False, metas=['./colcon.meta'], packages_above=None, packages_above_and_dependencies=None, packages_above_depth=None, packages_end=None, packages_ignore=None, packages_ignore_regex=None, packages_select=None, packages_select_build_failed=False, packages_select_by_dep=None, packages_select_regex=None, packages_select_test_failures=False, packages_skip=None, packages_skip_build_finished=False, packages_skip_by_dep=None, packages_skip_regex=None, packages_skip_test_passed=False, packages_skip_up_to=None, packages_start=None, packages_up_to=None, packages_up_to_regex=None, parallel_workers=4, paths=None, symlink_install=False, test_result_base=None, verb_extension=<colcon_core.verb.build.BuildVerb object at 0xffffbab67730>, verb_name='build', verb_parser=<colcon_defaults.argument_parser.defaults.DefaultArgumentsDecorator object at 0xffffbab67c70>)
[3.056s] Level 1:colcon.colcon_core.package_discovery:discover_packages(colcon_meta) check parameters
[3.057s] Level 1:colcon.colcon_core.package_discovery:discover_packages(recursive) check parameters
[3.058s] Level 1:colcon.colcon_core.package_discovery:discover_packages(ignore) check parameters
[3.058s] Level 1:colcon.colcon_core.package_discovery:discover_packages(path) check parameters
[3.058s] Level 1:colcon.colcon_core.package_discovery:discover_packages(colcon_meta) discover
[3.059s] Level 1:colcon.colcon_core.package_discovery:discover_packages(recursive) discover
[3.059s] INFO:colcon.colcon_core.package_discovery:Crawling recursively for packages in '/home/ubuntu/ros2_ws'
[3.060s] Level 1:colcon.colcon_core.package_identification:_identify(.) by extensions ['ignore', 'ignore_ament_install']
[3.061s] Level 1:colcon.colcon_core.package_identification:_identify(.) by extension 'ignore'
[3.062s] Level 1:colcon.colcon_core.package_identification:_identify(.) by extension 'ignore_ament_install'
[3.063s] Level 1:colcon.colcon_core.package_identification:_identify(.) by extensions ['colcon_pkg']
[3.063s] Level 1:colcon.colcon_core.package_identification:_identify(.) by extension 'colcon_pkg'
[3.064s] Level 1:colcon.colcon_core.package_identification:_identify(.) by extensions ['colcon_meta']
[3.064s] Level 1:colcon.colcon_core.package_identification:_identify(.) by extension 'colcon_meta'
[3.064s] Level 1:colcon.colcon_core.package_identification:_identify(.) by extensions ['ros']
[3.065s] Level 1:colcon.colcon_core.package_identification:_identify(.) by extension 'ros'
[3.197s] Level 1:colcon.colcon_core.package_identification:_identify(.) by extensions ['cmake', 'python']
[3.198s] Level 1:colcon.colcon_core.package_identification:_identify(.) by extension 'cmake'
[3.198s] Level 1:colcon.colcon_core.package_identification:_identify(.) by extension 'python'
[3.199s] Level 1:colcon.colcon_core.package_identification:_identify(.) by extensions ['python_setup_py']
[3.199s] Level 1:colcon.colcon_core.package_identification:_identify(.) by extension 'python_setup_py'
[3.200s] Level 1:colcon.colcon_core.package_identification:_identify(build) by extensions ['ignore', 'ignore_ament_install']
[3.201s] Level 1:colcon.colcon_core.package_identification:_identify(build) by extension 'ignore'
[3.201s] Level 1:colcon.colcon_core.package_identification:_identify(build) ignored
[3.203s] Level 1:colcon.colcon_core.package_identification:_identify(install) by extensions ['ignore', 'ignore_ament_install']
[3.203s] Level 1:colcon.colcon_core.package_identification:_identify(install) by extension 'ignore'
[3.204s] Level 1:colcon.colcon_core.package_identification:_identify(install) ignored
[3.209s] Level 1:colcon.colcon_core.package_identification:_identify(log) by extensions ['ignore', 'ignore_ament_install']
[3.210s] Level 1:colcon.colcon_core.package_identification:_identify(log) by extension 'ignore'
[3.210s] Level 1:colcon.colcon_core.package_identification:_identify(log) ignored
[3.211s] Level 1:colcon.colcon_core.package_identification:_identify(src) by extensions ['ignore', 'ignore_ament_install']
[3.212s] Level 1:colcon.colcon_core.package_identification:_identify(src) by extension 'ignore'
[3.213s] Level 1:colcon.colcon_core.package_identification:_identify(src) by extension 'ignore_ament_install'
[3.213s] Level 1:colcon.colcon_core.package_identification:_identify(src) by extensions ['colcon_pkg']
[3.213s] Level 1:colcon.colcon_core.package_identification:_identify(src) by extension 'colcon_pkg'
[3.214s] Level 1:colcon.colcon_core.package_identification:_identify(src) by extensions ['colcon_meta']
[3.214s] Level 1:colcon.colcon_core.package_identification:_identify(src) by extension 'colcon_meta'
[3.214s] Level 1:colcon.colcon_core.package_identification:_identify(src) by extensions ['ros']
[3.215s] Level 1:colcon.colcon_core.package_identification:_identify(src) by extension 'ros'
[3.216s] Level 1:colcon.colcon_core.package_identification:_identify(src) by extensions ['cmake', 'python']
[3.216s] Level 1:colcon.colcon_core.package_identification:_identify(src) by extension 'cmake'
[3.216s] Level 1:colcon.colcon_core.package_identification:_identify(src) by extension 'python'
[3.217s] Level 1:colcon.colcon_core.package_identification:_identify(src) by extensions ['python_setup_py']
[3.217s] Level 1:colcon.colcon_core.package_identification:_identify(src) by extension 'python_setup_py'
[3.223s] Level 1:colcon.colcon_core.package_identification:_identify(src/build) by extensions ['ignore', 'ignore_ament_install']
[3.224s] Level 1:colcon.colcon_core.package_identification:_identify(src/build) by extension 'ignore'
[3.232s] Level 1:colcon.colcon_core.package_identification:_identify(src/build) ignored
[3.234s] Level 1:colcon.colcon_core.package_identification:_identify(src/install) by extensions ['ignore', 'ignore_ament_install']
[3.235s] Level 1:colcon.colcon_core.package_identification:_identify(src/install) by extension 'ignore'
[3.236s] Level 1:colcon.colcon_core.package_identification:_identify(src/install) ignored
[3.237s] Level 1:colcon.colcon_core.package_identification:_identify(src/log) by extensions ['ignore', 'ignore_ament_install']
[3.239s] Level 1:colcon.colcon_core.package_identification:_identify(src/log) by extension 'ignore'
[3.239s] Level 1:colcon.colcon_core.package_identification:_identify(src/log) ignored
[3.240s] Level 1:colcon.colcon_core.package_identification:_identify(src/raspimouse) by extensions ['ignore', 'ignore_ament_install']
[3.241s] Level 1:colcon.colcon_core.package_identification:_identify(src/raspimouse) by extension 'ignore'
[3.242s] Level 1:colcon.colcon_core.package_identification:_identify(src/raspimouse) by extension 'ignore_ament_install'
[3.243s] Level 1:colcon.colcon_core.package_identification:_identify(src/raspimouse) by extensions ['colcon_pkg']
[3.243s] Level 1:colcon.colcon_core.package_identification:_identify(src/raspimouse) by extension 'colcon_pkg'
[3.244s] Level 1:colcon.colcon_core.package_identification:_identify(src/raspimouse) by extensions ['colcon_meta']
[3.244s] Level 1:colcon.colcon_core.package_identification:_identify(src/raspimouse) by extension 'colcon_meta'
[3.245s] Level 1:colcon.colcon_core.package_identification:_identify(src/raspimouse) by extensions ['ros']
[3.245s] Level 1:colcon.colcon_core.package_identification:_identify(src/raspimouse) by extension 'ros'
[3.273s] DEBUG:colcon.colcon_core.package_identification:Package 'src/raspimouse' with type 'ros.ament_python' and name 'raspimouse'
[3.274s] Level 1:colcon.colcon_core.package_identification:_identify(src/raspimouse_msgs) by extensions ['ignore', 'ignore_ament_install']
[3.275s] Level 1:colcon.colcon_core.package_identification:_identify(src/raspimouse_msgs) by extension 'ignore'
[3.276s] Level 1:colcon.colcon_core.package_identification:_identify(src/raspimouse_msgs) by extension 'ignore_ament_install'
[3.276s] Level 1:colcon.colcon_core.package_identification:_identify(src/raspimouse_msgs) by extensions ['colcon_pkg']
[3.276s] Level 1:colcon.colcon_core.package_identification:_identify(src/raspimouse_msgs) by extension 'colcon_pkg'
[3.277s] Level 1:colcon.colcon_core.package_identification:_identify(src/raspimouse_msgs) by extensions ['colcon_meta']
[3.277s] Level 1:colcon.colcon_core.package_identification:_identify(src/raspimouse_msgs) by extension 'colcon_meta'
[3.278s] Level 1:colcon.colcon_core.package_identification:_identify(src/raspimouse_msgs) by extensions ['ros']
[3.278s] Level 1:colcon.colcon_core.package_identification:_identify(src/raspimouse_msgs) by extension 'ros'
[3.284s] DEBUG:colcon.colcon_core.package_identification:Package 'src/raspimouse_msgs' with type 'ros.ament_cmake' and name 'raspimouse_msgs'
[3.284s] Level 1:colcon.colcon_core.package_discovery:discover_packages(recursive) using defaults
[3.285s] Level 1:colcon.colcon_core.package_discovery:discover_packages(ignore) discover
[3.285s] Level 1:colcon.colcon_core.package_discovery:discover_packages(ignore) using defaults
[3.285s] Level 1:colcon.colcon_core.package_discovery:discover_packages(path) discover
[3.285s] Level 1:colcon.colcon_core.package_discovery:discover_packages(path) using defaults
[3.488s] Level 5:colcon.colcon_core.verb:set package 'raspimouse' build argument 'cmake_args' from command line to 'None'
[3.489s] Level 5:colcon.colcon_core.verb:set package 'raspimouse' build argument 'cmake_target' from command line to 'None'
[3.489s] Level 5:colcon.colcon_core.verb:set package 'raspimouse' build argument 'cmake_target_skip_unavailable' from command line to 'False'
[3.489s] Level 5:colcon.colcon_core.verb:set package 'raspimouse' build argument 'cmake_clean_cache' from command line to 'False'
[3.489s] Level 5:colcon.colcon_core.verb:set package 'raspimouse' build argument 'cmake_clean_first' from command line to 'False'
[3.490s] Level 5:colcon.colcon_core.verb:set package 'raspimouse' build argument 'cmake_force_configure' from command line to 'False'
[3.490s] Level 5:colcon.colcon_core.verb:set package 'raspimouse' build argument 'ament_cmake_args' from command line to 'None'
[3.490s] Level 5:colcon.colcon_core.verb:set package 'raspimouse' build argument 'catkin_cmake_args' from command line to 'None'
[3.490s] Level 5:colcon.colcon_core.verb:set package 'raspimouse' build argument 'catkin_skip_building_tests' from command line to 'False'
[3.491s] DEBUG:colcon.colcon_core.verb:Building package 'raspimouse' with the following arguments: {'ament_cmake_args': None, 'build_base': '/home/ubuntu/ros2_ws/build/raspimouse', 'catkin_cmake_args': None, 'catkin_skip_building_tests': False, 'cmake_args': None, 'cmake_clean_cache': False, 'cmake_clean_first': False, 'cmake_force_configure': False, 'cmake_target': None, 'cmake_target_skip_unavailable': False, 'install_base': '/home/ubuntu/ros2_ws/install/raspimouse', 'merge_install': False, 'path': '/home/ubuntu/ros2_ws/src/raspimouse', 'symlink_install': False, 'test_result_base': None}
[3.513s] Level 5:colcon.colcon_core.verb:set package 'raspimouse_msgs' build argument 'cmake_args' from command line to 'None'
[3.513s] Level 5:colcon.colcon_core.verb:set package 'raspimouse_msgs' build argument 'cmake_target' from command line to 'None'
[3.514s] Level 5:colcon.colcon_core.verb:set package 'raspimouse_msgs' build argument 'cmake_target_skip_unavailable' from command line to 'False'
[3.514s] Level 5:colcon.colcon_core.verb:set package 'raspimouse_msgs' build argument 'cmake_clean_cache' from command line to 'False'
[3.514s] Level 5:colcon.colcon_core.verb:set package 'raspimouse_msgs' build argument 'cmake_clean_first' from command line to 'False'
[3.514s] Level 5:colcon.colcon_core.verb:set package 'raspimouse_msgs' build argument 'cmake_force_configure' from command line to 'False'
[3.515s] Level 5:colcon.colcon_core.verb:set package 'raspimouse_msgs' build argument 'ament_cmake_args' from command line to 'None'
[3.515s] Level 5:colcon.colcon_core.verb:set package 'raspimouse_msgs' build argument 'catkin_cmake_args' from command line to 'None'
[3.515s] Level 5:colcon.colcon_core.verb:set package 'raspimouse_msgs' build argument 'catkin_skip_building_tests' from command line to 'False'
[3.515s] DEBUG:colcon.colcon_core.verb:Building package 'raspimouse_msgs' with the following arguments: {'ament_cmake_args': None, 'build_base': '/home/ubuntu/ros2_ws/build/raspimouse_msgs', 'catkin_cmake_args': None, 'catkin_skip_building_tests': False, 'cmake_args': None, 'cmake_clean_cache': False, 'cmake_clean_first': False, 'cmake_force_configure': False, 'cmake_target': None, 'cmake_target_skip_unavailable': False, 'install_base': '/home/ubuntu/ros2_ws/install/raspimouse_msgs', 'merge_install': False, 'path': '/home/ubuntu/ros2_ws/src/raspimouse_msgs', 'symlink_install': False, 'test_result_base': None}
[3.518s] INFO:colcon.colcon_core.executor:Executing jobs using 'parallel' executor
[3.532s] DEBUG:colcon.colcon_parallel_executor.executor.parallel:run_until_complete
[3.535s] INFO:colcon.colcon_ros.task.ament_python.build:Building ROS package in '/home/ubuntu/ros2_ws/src/raspimouse' with build type 'ament_python'
[3.536s] Level 1:colcon.colcon_core.shell:create_environment_hook('raspimouse', 'ament_prefix_path')
[3.584s] INFO:colcon.colcon_core.plugin_system:Skipping extension 'colcon_core.shell.bat': Not used on non-Windows systems
[3.585s] INFO:colcon.colcon_core.shell:Creating environment hook '/home/ubuntu/ros2_ws/install/raspimouse/share/raspimouse/hook/ament_prefix_path.ps1'
[3.591s] INFO:colcon.colcon_core.shell:Creating environment descriptor '/home/ubuntu/ros2_ws/install/raspimouse/share/raspimouse/hook/ament_prefix_path.dsv'
[3.595s] INFO:colcon.colcon_core.shell:Creating environment hook '/home/ubuntu/ros2_ws/install/raspimouse/share/raspimouse/hook/ament_prefix_path.sh'
[3.604s] INFO:colcon.colcon_core.shell:Skip shell extension 'powershell' for command environment: Not usable outside of PowerShell
[3.605s] DEBUG:colcon.colcon_core.shell:Skip shell extension 'dsv' for command environment
[3.654s] DEBUG:colcon.colcon_core.shell:Ignoring prefix path '/opt/ros/foxy'
[3.677s] INFO:colcon.colcon_ros.task.ament_cmake.build:Building ROS package in '/home/ubuntu/ros2_ws/src/raspimouse_msgs' with build type 'ament_cmake'
[3.678s] INFO:colcon.colcon_cmake.task.cmake.build:Building CMake package in '/home/ubuntu/ros2_ws/src/raspimouse_msgs'
[3.685s] INFO:colcon.colcon_core.shell:Skip shell extension 'powershell' for command environment: Not usable outside of PowerShell
[3.687s] DEBUG:colcon.colcon_core.shell:Skip shell extension 'dsv' for command environment
[3.707s] DEBUG:colcon.colcon_core.shell:Ignoring prefix path '/opt/ros/foxy'
[5.560s] INFO:colcon.colcon_core.task.python.build:Building Python package in '/home/ubuntu/ros2_ws/src/raspimouse'
[5.565s] INFO:colcon.colcon_core.shell:Skip shell extension 'powershell' for command environment: Not usable outside of PowerShell
[5.566s] DEBUG:colcon.colcon_core.shell:Skip shell extension 'dsv' for command environment
[5.587s] DEBUG:colcon.colcon_core.shell:Ignoring prefix path '/opt/ros/foxy'
[5.652s] DEBUG:colcon.colcon_core.event_handler.log_command:Invoking command in '/home/ubuntu/ros2_ws/build/raspimouse_msgs': CMAKE_PREFIX_PATH=${CMAKE_PREFIX_PATH}:/home/ubuntu/ros2_ws/install/raspimouse:/opt/ros/foxy /usr/bin/cmake --build /home/ubuntu/ros2_ws/build/raspimouse_msgs -- -j4 -l4
[5.744s] DEBUG:colcon.colcon_core.event_handler.log_command:Invoking command in '/home/ubuntu/ros2_ws/src/raspimouse': PYTHONPATH=/home/ubuntu/ros2_ws/install/raspimouse/lib/python3.8/site-packages:${PYTHONPATH} /usr/bin/python3 setup.py egg_info --egg-base ../../build/raspimouse build --build-base /home/ubuntu/ros2_ws/build/raspimouse/build install --prefix /home/ubuntu/ros2_ws/install/raspimouse --record /home/ubuntu/ros2_ws/build/raspimouse/install.log --single-version-externally-managed
[8.959s] DEBUG:colcon.colcon_core.event_handler.log_command:Invoked command in '/home/ubuntu/ros2_ws/src/raspimouse' returned '0': PYTHONPATH=/home/ubuntu/ros2_ws/install/raspimouse/lib/python3.8/site-packages:${PYTHONPATH} /usr/bin/python3 setup.py egg_info --egg-base ../../build/raspimouse build --build-base /home/ubuntu/ros2_ws/build/raspimouse/build install --prefix /home/ubuntu/ros2_ws/install/raspimouse --record /home/ubuntu/ros2_ws/build/raspimouse/install.log --single-version-externally-managed
[9.035s] Level 1:colcon.colcon_core.environment:checking '/home/ubuntu/ros2_ws/install/raspimouse' for CMake module files
[9.042s] Level 1:colcon.colcon_core.environment:checking '/home/ubuntu/ros2_ws/install/raspimouse' for CMake config files
[9.052s] Level 1:colcon.colcon_core.environment:checking '/home/ubuntu/ros2_ws/install/raspimouse/lib'
[9.054s] Level 1:colcon.colcon_core.environment:checking '/home/ubuntu/ros2_ws/install/raspimouse/bin'
[9.055s] Level 1:colcon.colcon_core.environment:checking '/home/ubuntu/ros2_ws/install/raspimouse/lib/pkgconfig/raspimouse.pc'
[9.056s] Level 1:colcon.colcon_core.environment:checking '/home/ubuntu/ros2_ws/install/raspimouse/lib/python3.8/site-packages'
[9.057s] Level 1:colcon.colcon_core.shell:create_environment_hook('raspimouse', 'pythonpath')
[9.061s] INFO:colcon.colcon_core.shell:Creating environment hook '/home/ubuntu/ros2_ws/install/raspimouse/share/raspimouse/hook/pythonpath.ps1'
[9.067s] INFO:colcon.colcon_core.shell:Creating environment descriptor '/home/ubuntu/ros2_ws/install/raspimouse/share/raspimouse/hook/pythonpath.dsv'
[9.074s] INFO:colcon.colcon_core.shell:Creating environment hook '/home/ubuntu/ros2_ws/install/raspimouse/share/raspimouse/hook/pythonpath.sh'
[9.079s] Level 1:colcon.colcon_core.environment:create_environment_scripts_only(raspimouse)
[9.086s] INFO:colcon.colcon_core.shell:Creating package script '/home/ubuntu/ros2_ws/install/raspimouse/share/raspimouse/package.ps1'
[9.096s] INFO:colcon.colcon_core.shell:Creating package descriptor '/home/ubuntu/ros2_ws/install/raspimouse/share/raspimouse/package.dsv'
[9.105s] INFO:colcon.colcon_core.shell:Creating package script '/home/ubuntu/ros2_ws/install/raspimouse/share/raspimouse/package.sh'
[9.120s] INFO:colcon.colcon_core.shell:Creating package script '/home/ubuntu/ros2_ws/install/raspimouse/share/raspimouse/package.bash'
[9.131s] INFO:colcon.colcon_core.shell:Creating package script '/home/ubuntu/ros2_ws/install/raspimouse/share/raspimouse/package.zsh'
[9.151s] Level 1:colcon.colcon_core.environment:create_file_with_runtime_dependencies(/home/ubuntu/ros2_ws/install/raspimouse/share/colcon-core/packages/raspimouse)
[9.433s] DEBUG:colcon.colcon_core.event_handler.log_command:Invoked command in '/home/ubuntu/ros2_ws/build/raspimouse_msgs' returned '0': CMAKE_PREFIX_PATH=${CMAKE_PREFIX_PATH}:/home/ubuntu/ros2_ws/install/raspimouse:/opt/ros/foxy /usr/bin/cmake --build /home/ubuntu/ros2_ws/build/raspimouse_msgs -- -j4 -l4
[10.592s] DEBUG:colcon.colcon_core.event_handler.log_command:Invoking command in '/home/ubuntu/ros2_ws/build/raspimouse_msgs': CMAKE_PREFIX_PATH=${CMAKE_PREFIX_PATH}:/home/ubuntu/ros2_ws/install/raspimouse:/opt/ros/foxy /usr/bin/cmake --install /home/ubuntu/ros2_ws/build/raspimouse_msgs
[11.291s] Level 1:colcon.colcon_core.environment:create_environment_scripts_only(raspimouse_msgs)
[11.301s] Level 1:colcon.colcon_core.environment:checking '/home/ubuntu/ros2_ws/install/raspimouse_msgs' for CMake module files
[11.304s] DEBUG:colcon.colcon_core.event_handler.log_command:Invoked command in '/home/ubuntu/ros2_ws/build/raspimouse_msgs' returned '0': CMAKE_PREFIX_PATH=${CMAKE_PREFIX_PATH}:/home/ubuntu/ros2_ws/install/raspimouse:/opt/ros/foxy /usr/bin/cmake --install /home/ubuntu/ros2_ws/build/raspimouse_msgs
[11.311s] Level 1:colcon.colcon_core.environment:checking '/home/ubuntu/ros2_ws/install/raspimouse_msgs' for CMake config files
[11.544s] Level 1:colcon.colcon_core.shell:create_environment_hook('raspimouse_msgs', 'cmake_prefix_path')
[11.550s] INFO:colcon.colcon_core.shell:Creating environment hook '/home/ubuntu/ros2_ws/install/raspimouse_msgs/share/raspimouse_msgs/hook/cmake_prefix_path.ps1'
[11.555s] INFO:colcon.colcon_core.shell:Creating environment descriptor '/home/ubuntu/ros2_ws/install/raspimouse_msgs/share/raspimouse_msgs/hook/cmake_prefix_path.dsv'
[11.558s] INFO:colcon.colcon_core.shell:Creating environment hook '/home/ubuntu/ros2_ws/install/raspimouse_msgs/share/raspimouse_msgs/hook/cmake_prefix_path.sh'
[11.563s] Level 1:colcon.colcon_core.environment:checking '/home/ubuntu/ros2_ws/install/raspimouse_msgs/lib'
[11.564s] Level 1:colcon.colcon_core.shell:create_environment_hook('raspimouse_msgs', 'ld_library_path_lib')
[11.568s] INFO:colcon.colcon_core.shell:Creating environment hook '/home/ubuntu/ros2_ws/install/raspimouse_msgs/share/raspimouse_msgs/hook/ld_library_path_lib.ps1'
[11.572s] INFO:colcon.colcon_core.shell:Creating environment descriptor '/home/ubuntu/ros2_ws/install/raspimouse_msgs/share/raspimouse_msgs/hook/ld_library_path_lib.dsv'
[11.575s] INFO:colcon.colcon_core.shell:Creating environment hook '/home/ubuntu/ros2_ws/install/raspimouse_msgs/share/raspimouse_msgs/hook/ld_library_path_lib.sh'
[11.578s] Level 1:colcon.colcon_core.environment:checking '/home/ubuntu/ros2_ws/install/raspimouse_msgs/bin'
[11.579s] Level 1:colcon.colcon_core.environment:checking '/home/ubuntu/ros2_ws/install/raspimouse_msgs/lib/pkgconfig/raspimouse_msgs.pc'
[11.580s] Level 1:colcon.colcon_core.environment:checking '/home/ubuntu/ros2_ws/install/raspimouse_msgs/lib/python3.8/site-packages'
[11.580s] Level 1:colcon.colcon_core.shell:create_environment_hook('raspimouse_msgs', 'pythonpath')
[11.584s] INFO:colcon.colcon_core.shell:Creating environment hook '/home/ubuntu/ros2_ws/install/raspimouse_msgs/share/raspimouse_msgs/hook/pythonpath.ps1'
[11.588s] INFO:colcon.colcon_core.shell:Creating environment descriptor '/home/ubuntu/ros2_ws/install/raspimouse_msgs/share/raspimouse_msgs/hook/pythonpath.dsv'
[11.591s] INFO:colcon.colcon_core.shell:Creating environment hook '/home/ubuntu/ros2_ws/install/raspimouse_msgs/share/raspimouse_msgs/hook/pythonpath.sh'
[11.599s] INFO:colcon.colcon_core.shell:Creating package script '/home/ubuntu/ros2_ws/install/raspimouse_msgs/share/raspimouse_msgs/package.ps1'
[11.604s] INFO:colcon.colcon_core.shell:Creating package descriptor '/home/ubuntu/ros2_ws/install/raspimouse_msgs/share/raspimouse_msgs/package.dsv'
[11.608s] INFO:colcon.colcon_core.shell:Creating package script '/home/ubuntu/ros2_ws/install/raspimouse_msgs/share/raspimouse_msgs/package.sh'
[11.613s] INFO:colcon.colcon_core.shell:Creating package script '/home/ubuntu/ros2_ws/install/raspimouse_msgs/share/raspimouse_msgs/package.bash'
[11.616s] INFO:colcon.colcon_core.shell:Creating package script '/home/ubuntu/ros2_ws/install/raspimouse_msgs/share/raspimouse_msgs/package.zsh'
[11.620s] Level 1:colcon.colcon_core.environment:create_file_with_runtime_dependencies(/home/ubuntu/ros2_ws/install/raspimouse_msgs/share/colcon-core/packages/raspimouse_msgs)
[12.694s] Level 1:colcon.colcon_core.environment:create_environment_scripts_only(raspimouse_msgs)
[12.701s] Level 1:colcon.colcon_core.environment:checking '/home/ubuntu/ros2_ws/install/raspimouse_msgs' for CMake module files
[12.708s] Level 1:colcon.colcon_core.environment:checking '/home/ubuntu/ros2_ws/install/raspimouse_msgs' for CMake config files
[12.714s] Level 1:colcon.colcon_core.shell:create_environment_hook('raspimouse_msgs', 'cmake_prefix_path')
[12.719s] INFO:colcon.colcon_core.shell:Creating environment hook '/home/ubuntu/ros2_ws/install/raspimouse_msgs/share/raspimouse_msgs/hook/cmake_prefix_path.ps1'
[12.722s] INFO:colcon.colcon_core.shell:Creating environment descriptor '/home/ubuntu/ros2_ws/install/raspimouse_msgs/share/raspimouse_msgs/hook/cmake_prefix_path.dsv'
[12.726s] INFO:colcon.colcon_core.shell:Creating environment hook '/home/ubuntu/ros2_ws/install/raspimouse_msgs/share/raspimouse_msgs/hook/cmake_prefix_path.sh'
[12.731s] Level 1:colcon.colcon_core.environment:checking '/home/ubuntu/ros2_ws/install/raspimouse_msgs/lib'
[12.732s] Level 1:colcon.colcon_core.shell:create_environment_hook('raspimouse_msgs', 'ld_library_path_lib')
[12.736s] INFO:colcon.colcon_core.shell:Creating environment hook '/home/ubuntu/ros2_ws/install/raspimouse_msgs/share/raspimouse_msgs/hook/ld_library_path_lib.ps1'
[12.739s] INFO:colcon.colcon_core.shell:Creating environment descriptor '/home/ubuntu/ros2_ws/install/raspimouse_msgs/share/raspimouse_msgs/hook/ld_library_path_lib.dsv'
[12.743s] INFO:colcon.colcon_core.shell:Creating environment hook '/home/ubuntu/ros2_ws/install/raspimouse_msgs/share/raspimouse_msgs/hook/ld_library_path_lib.sh'
[12.746s] Level 1:colcon.colcon_core.environment:checking '/home/ubuntu/ros2_ws/install/raspimouse_msgs/bin'
[12.747s] Level 1:colcon.colcon_core.environment:checking '/home/ubuntu/ros2_ws/install/raspimouse_msgs/lib/pkgconfig/raspimouse_msgs.pc'
[12.748s] Level 1:colcon.colcon_core.environment:checking '/home/ubuntu/ros2_ws/install/raspimouse_msgs/lib/python3.8/site-packages'
[12.749s] Level 1:colcon.colcon_core.shell:create_environment_hook('raspimouse_msgs', 'pythonpath')
[12.753s] INFO:colcon.colcon_core.shell:Creating environment hook '/home/ubuntu/ros2_ws/install/raspimouse_msgs/share/raspimouse_msgs/hook/pythonpath.ps1'
[12.756s] INFO:colcon.colcon_core.shell:Creating environment descriptor '/home/ubuntu/ros2_ws/install/raspimouse_msgs/share/raspimouse_msgs/hook/pythonpath.dsv'
[12.760s] INFO:colcon.colcon_core.shell:Creating environment hook '/home/ubuntu/ros2_ws/install/raspimouse_msgs/share/raspimouse_msgs/hook/pythonpath.sh'
[12.768s] INFO:colcon.colcon_core.shell:Creating package script '/home/ubuntu/ros2_ws/install/raspimouse_msgs/share/raspimouse_msgs/package.ps1'
[12.773s] INFO:colcon.colcon_core.shell:Creating package descriptor '/home/ubuntu/ros2_ws/install/raspimouse_msgs/share/raspimouse_msgs/package.dsv'
[12.778s] INFO:colcon.colcon_core.shell:Creating package script '/home/ubuntu/ros2_ws/install/raspimouse_msgs/share/raspimouse_msgs/package.sh'
[12.782s] INFO:colcon.colcon_core.shell:Creating package script '/home/ubuntu/ros2_ws/install/raspimouse_msgs/share/raspimouse_msgs/package.bash'
[12.786s] INFO:colcon.colcon_core.shell:Creating package script '/home/ubuntu/ros2_ws/install/raspimouse_msgs/share/raspimouse_msgs/package.zsh'
[12.790s] Level 1:colcon.colcon_core.environment:create_file_with_runtime_dependencies(/home/ubuntu/ros2_ws/install/raspimouse_msgs/share/colcon-core/packages/raspimouse_msgs)
[12.793s] DEBUG:colcon.colcon_parallel_executor.executor.parallel:closing loop
[12.795s] DEBUG:colcon.colcon_parallel_executor.executor.parallel:loop closed
[12.796s] DEBUG:colcon.colcon_parallel_executor.executor.parallel:run_until_complete finished with '0'
[12.797s] DEBUG:colcon.colcon_core.event_reactor:joining thread
[13.231s] INFO:colcon.colcon_core.plugin_system:Skipping extension 'colcon_notification.desktop_notification.notify_send': Could not find 'notify-send'
[13.232s] INFO:colcon.colcon_core.plugin_system:Skipping extension 'colcon_notification.desktop_notification.terminal_notifier': Not used on non-Darwin systems
[13.233s] INFO:colcon.colcon_core.plugin_system:Skipping extension 'colcon_notification.desktop_notification.win32': Not used on non-Windows systems
[13.233s] INFO:colcon.colcon_notification.desktop_notification:Sending desktop notification using 'notify2'
[13.292s] DEBUG:colcon.colcon_notification.desktop_notification.notify2:Failed to initialize notify2: org.freedesktop.DBus.Error.ServiceUnknown: The name org.freedesktop.Notifications was not provided by any .service files
[13.293s] DEBUG:colcon.colcon_core.event_reactor:joined thread
[13.300s] INFO:colcon.colcon_core.shell:Creating prefix script '/home/ubuntu/ros2_ws/install/local_setup.ps1'
[13.310s] INFO:colcon.colcon_core.shell:Creating prefix util module '/home/ubuntu/ros2_ws/install/_local_setup_util_ps1.py'
[13.325s] INFO:colcon.colcon_core.shell:Creating prefix chain script '/home/ubuntu/ros2_ws/install/setup.ps1'
[13.348s] INFO:colcon.colcon_core.shell:Creating prefix script '/home/ubuntu/ros2_ws/install/local_setup.sh'
[13.355s] INFO:colcon.colcon_core.shell:Creating prefix util module '/home/ubuntu/ros2_ws/install/_local_setup_util_sh.py'
[13.375s] INFO:colcon.colcon_core.shell:Creating prefix chain script '/home/ubuntu/ros2_ws/install/setup.sh'
[13.677s] INFO:colcon.colcon_core.shell:Creating prefix script '/home/ubuntu/ros2_ws/install/local_setup.bash'
[13.997s] INFO:colcon.colcon_core.shell:Creating prefix chain script '/home/ubuntu/ros2_ws/install/setup.bash'
[14.022s] INFO:colcon.colcon_core.shell:Creating prefix script '/home/ubuntu/ros2_ws/install/local_setup.zsh'
[14.028s] INFO:colcon.colcon_core.shell:Creating prefix chain script '/home/ubuntu/ros2_ws/install/setup.zsh'
